<?xml version="1.0" encoding="UTF-8"?>
<testng-results skipped="0" failed="1" ignored="0" total="5" passed="4">
  <reporter-output>
  </reporter-output>
  <suite name="Search" duration-ms="14681" started-at="2020-07-12T18:15:58Z" finished-at="2020-07-12T18:16:12Z">
    <groups>
      <group name="Search_validation">
        <method signature="TestSearch.validate_AvailableSection(int, java.util.Map)[pri:0, instance:test.TestSearch@5f80fa43]" name="validate_AvailableSection" class="test.TestSearch"/>
        <method signature="TestSearch.validate_Category(int, java.util.Map)[pri:0, instance:test.TestSearch@5f80fa43]" name="validate_Category" class="test.TestSearch"/>
      </group> <!-- Search_validation -->
      <group name="Schema_Validation">
        <method signature="TestSearch.validate_AvailableSection_Schema()[pri:0, instance:test.TestSearch@5f80fa43]" name="validate_AvailableSection_Schema" class="test.TestSearch"/>
        <method signature="TestSearch.validate_Category_Schema()[pri:0, instance:test.TestSearch@5f80fa43]" name="validate_Category_Schema" class="test.TestSearch"/>
      </group> <!-- Schema_Validation -->
      <group name="Regression">
        <method signature="TestSearch.validate_AvailableSection(int, java.util.Map)[pri:0, instance:test.TestSearch@5f80fa43]" name="validate_AvailableSection" class="test.TestSearch"/>
        <method signature="TestSearch.validate_AvailableSection_Schema()[pri:0, instance:test.TestSearch@5f80fa43]" name="validate_AvailableSection_Schema" class="test.TestSearch"/>
        <method signature="TestSearch.validate_Category(int, java.util.Map)[pri:0, instance:test.TestSearch@5f80fa43]" name="validate_Category" class="test.TestSearch"/>
        <method signature="TestSearch.validate_Category_Schema()[pri:0, instance:test.TestSearch@5f80fa43]" name="validate_Category_Schema" class="test.TestSearch"/>
      </group> <!-- Regression -->
    </groups>
    <test name="DemoTest" duration-ms="14681" started-at="2020-07-12T18:15:58Z" finished-at="2020-07-12T18:16:12Z">
      <class name="test.TestSearch">
        <test-method status="PASS" signature="BeforeSuite()[pri:0, instance:test.TestSearch@5f80fa43]" name="BeforeSuite" is-config="true" duration-ms="6452" started-at="2020-07-12T23:45:51Z" finished-at="2020-07-12T23:45:58Z">
          <reporter-output>
          </reporter-output>
        </test-method> <!-- BeforeSuite -->
        <test-method status="PASS" signature="validate_AvailableSection_Schema()[pri:0, instance:test.TestSearch@5f80fa43]" name="validate_AvailableSection_Schema" duration-ms="5890" started-at="2020-07-12T23:45:58Z" finished-at="2020-07-12T23:46:04Z">
          <reporter-output>
          </reporter-output>
        </test-method> <!-- validate_AvailableSection_Schema -->
        <test-method status="FAIL" signature="validate_Category_Schema()[pri:0, instance:test.TestSearch@5f80fa43]" name="validate_Category_Schema" duration-ms="14599" started-at="2020-07-12T23:45:58Z" finished-at="2020-07-12T23:46:12Z">
          <exception class="io.restassured.module.jsv.JsonSchemaValidationException">
            <message>
              <![CDATA[com.github.fge.jsonschema.core.exceptions.InvalidSchemaException: fatal: invalid JSON Schema, cannot continue
Syntax errors:
[ {
  "level" : "warning",
  "schema" : {
    "loadingURI" : "file:/C:/Users/ADMIN/Documents/repos/rest_assured-testng/target/classes/search_category.json#",
    "pointer" : ""
  },
  "domain" : "syntax",
  "message" : "the following keywords are unknown and will be ignored: [examples]",
  "ignored" : [ "examples" ]
}, {
  "level" : "warning",
  "schema" : {
    "loadingURI" : "file:/C:/Users/ADMIN/Documents/repos/rest_assured-testng/target/classes/search_category.json#",
    "pointer" : "/properties/autoSpellCheck"
  },
  "domain" : "syntax",
  "message" : "the following keywords are unknown and will be ignored: [examples]",
  "ignored" : [ "examples" ]
}, {
  "level" : "warning",
  "schema" : {
    "loadingURI" : "file:/C:/Users/ADMIN/Documents/repos/rest_assured-testng/target/classes/search_category.json#",
    "pointer" : "/properties/category"
  },
  "domain" : "syntax",
  "message" : "the following keywords are unknown and will be ignored: [examples]",
  "ignored" : [ "examples" ]
}, {
  "level" : "warning",
  "schema" : {
    "loadingURI" : "file:/C:/Users/ADMIN/Documents/repos/rest_assured-testng/target/classes/search_category.json#",
    "pointer" : "/properties/category/properties/code"
  },
  "domain" : "syntax",
  "message" : "the following keywords are unknown and will be ignored: [examples]",
  "ignored" : [ "examples" ]
}, {
  "level" : "warning",
  "schema" : {
    "loadingURI" : "file:/C:/Users/ADMIN/Documents/repos/rest_assured-testng/target/classes/search_category.json#",
    "pointer" : "/properties/category/properties/name"
  },
  "domain" : "syntax",
  "message" : "the following keywords are unknown and will be ignored: [examples]",
  "ignored" : [ "examples" ]
}, {
  "level" : "warning",
  "schema" : {
    "loadingURI" : "file:/C:/Users/ADMIN/Documents/repos/rest_assured-testng/target/classes/search_category.json#",
    "pointer" : "/properties/categoryCode"
  },
  "domain" : "syntax",
  "message" : "the following keywords are unknown and will be ignored: [examples]",
  "ignored" : [ "examples" ]
}, {
  "level" : "warning",
  "schema" : {
    "loadingURI" : "file:/C:/Users/ADMIN/Documents/repos/rest_assured-testng/target/classes/search_category.json#",
    "pointer" : "/properties/currentQuery"
  },
  "domain" : "syntax",
  "message" : "the following keywords are unknown and will be ignored: [examples]",
  "ignored" : [ "examples" ]
}, {
  "level" : "warning",
  "schema" : {
    "loadingURI" : "file:/C:/Users/ADMIN/Documents/repos/rest_assured-testng/target/classes/search_category.json#",
    "pointer" : "/properties/currentQuery/properties/query"
  },
  "domain" : "syntax",
  "message" : "the following keywords are unknown and will be ignored: [examples]",
  "ignored" : [ "examples" ]
}, {
  "level" : "warning",
  "schema" : {
    "loadingURI" : "file:/C:/Users/ADMIN/Documents/repos/rest_assured-testng/target/classes/search_category.json#",
    "pointer" : "/properties/currentQuery/properties/query/properties/value"
  },
  "domain" : "syntax",
  "message" : "the following keywords are unknown and will be ignored: [examples]",
  "ignored" : [ "examples" ]
}, {
  "level" : "warning",
  "schema" : {
    "loadingURI" : "file:/C:/Users/ADMIN/Documents/repos/rest_assured-testng/target/classes/search_category.json#",
    "pointer" : "/properties/currentQuery/properties/url"
  },
  "domain" : "syntax",
  "message" : "the following keywords are unknown and will be ignored: [examples]",
  "ignored" : [ "examples" ]
}, {
  "level" : "warning",
  "schema" : {
    "loadingURI" : "file:/C:/Users/ADMIN/Documents/repos/rest_assured-testng/target/classes/search_category.json#",
    "pointer" : "/properties/didYouMean"
  },
  "domain" : "syntax",
  "message" : "the following keywords are unknown and will be ignored: [examples]",
  "ignored" : [ "examples" ]
}, {
  "level" : "warning",
  "schema" : {
    "loadingURI" : "file:/C:/Users/ADMIN/Documents/repos/rest_assured-testng/target/classes/search_category.json#",
    "pointer" : "/properties/freeTextSearch"
  },
  "domain" : "syntax",
  "message" : "the following keywords are unknown and will be ignored: [examples]",
  "ignored" : [ "examples" ]
}, {
  "level" : "warning",
  "schema" : {
    "loadingURI" : "file:/C:/Users/ADMIN/Documents/repos/rest_assured-testng/target/classes/search_category.json#",
    "pointer" : "/properties/pagination"
  },
  "domain" : "syntax",
  "message" : "the following keywords are unknown and will be ignored: [examples]",
  "ignored" : [ "examples" ]
}, {
  "level" : "warning",
  "schema" : {
    "loadingURI" : "file:/C:/Users/ADMIN/Documents/repos/rest_assured-testng/target/classes/search_category.json#",
    "pointer" : "/properties/pagination/properties/currentPage"
  },
  "domain" : "syntax",
  "message" : "the following keywords are unknown and will be ignored: [examples]",
  "ignored" : [ "examples" ]
}, {
  "level" : "warning",
  "schema" : {
    "loadingURI" : "file:/C:/Users/ADMIN/Documents/repos/rest_assured-testng/target/classes/search_category.json#",
    "pointer" : "/properties/pagination/properties/pageSize"
  },
  "domain" : "syntax",
  "message" : "the following keywords are unknown and will be ignored: [examples]",
  "ignored" : [ "examples" ]
}, {
  "level" : "warning",
  "schema" : {
    "loadingURI" : "file:/C:/Users/ADMIN/Documents/repos/rest_assured-testng/target/classes/search_category.json#",
    "pointer" : "/properties/pagination/properties/sort"
  },
  "domain" : "syntax",
  "message" : "the following keywords are unknown and will be ignored: [examples]",
  "ignored" : [ "examples" ]
}, {
  "level" : "warning",
  "schema" : {
    "loadingURI" : "file:/C:/Users/ADMIN/Documents/repos/rest_assured-testng/target/classes/search_category.json#",
    "pointer" : "/properties/pagination/properties/totalPages"
  },
  "domain" : "syntax",
  "message" : "the following keywords are unknown and will be ignored: [examples]",
  "ignored" : [ "examples" ]
}, {
  "level" : "warning",
  "schema" : {
    "loadingURI" : "file:/C:/Users/ADMIN/Documents/repos/rest_assured-testng/target/classes/search_category.json#",
    "pointer" : "/properties/pagination/properties/totalResults"
  },
  "domain" : "syntax",
  "message" : "the following keywords are unknown and will be ignored: [examples]",
  "ignored" : [ "examples" ]
}, {
  "level" : "warning",
  "schema" : {
    "loadingURI" : "file:/C:/Users/ADMIN/Documents/repos/rest_assured-testng/target/classes/search_category.json#",
    "pointer" : "/properties/products"
  },
  "domain" : "syntax",
  "message" : "the following keywords are unknown and will be ignored: [examples]",
  "ignored" : [ "examples" ]
}, {
  "level" : "warning",
  "schema" : {
    "loadingURI" : "file:/C:/Users/ADMIN/Documents/repos/rest_assured-testng/target/classes/search_category.json#",
    "pointer" : "/properties/products/items/anyOf/0"
  },
  "domain" : "syntax",
  "message" : "the following keywords are unknown and will be ignored: [examples]",
  "ignored" : [ "examples" ]
}, {
  "level" : "warning",
  "schema" : {
    "loadingURI" : "file:/C:/Users/ADMIN/Documents/repos/rest_assured-testng/target/classes/search_category.json#",
    "pointer" : "/properties/products/items/anyOf/0/properties/addToCartFromPLPCategories"
  },
  "domain" : "syntax",
  "message" : "the following keywords are unknown and will be ignored: [examples]",
  "ignored" : [ "examples" ]
}, {
  "level" : "warning",
  "schema" : {
    "loadingURI" : "file:/C:/Users/ADMIN/Documents/repos/rest_assured-testng/target/classes/search_category.json#",
    "pointer" : "/properties/products/items/anyOf/0/properties/addToCartFromPLPCategories/items/anyOf/0"
  },
  "domain" : "syntax",
  "message" : "the following keywords are unknown and will be ignored: [examples]",
  "ignored" : [ "examples" ]
}, {
  "level" : "warning",
  "schema" : {
    "loadingURI" : "file:/C:/Users/ADMIN/Documents/repos/rest_assured-testng/target/classes/search_category.json#",
    "pointer" : "/properties/products/items/anyOf/0/properties/addToCartFromPLPCategories/items/anyOf/0/properties/key"
  },
  "domain" : "syntax",
  "message" : "the following keywords are unknown and will be ignored: [examples]",
  "ignored" : [ "examples" ]
}, {
  "level" : "warning",
  "schema" : {
    "loadingURI" : "file:/C:/Users/ADMIN/Documents/repos/rest_assured-testng/target/classes/search_category.json#",
    "pointer" : "/properties/products/items/anyOf/0/properties/addToCartFromPLPCategories/items/anyOf/0/properties/value"
  },
  "domain" : "syntax",
  "message" : "the following keywords are unknown and will be ignored: [examples]",
  "ignored" : [ "examples" ]
}, {
  "level" : "warning",
  "schema" : {
    "loadingURI" : "file:/C:/Users/ADMIN/Documents/repos/rest_assured-testng/target/classes/search_category.json#",
    "pointer" : "/properties/products/items/anyOf/0/properties/addableToCartFromListingPage"
  },
  "domain" : "syntax",
  "message" : "the following keywords are unknown and will be ignored: [examples]",
  "ignored" : [ "examples" ]
}, {
  "level" : "warning",
  "schema" : {
    "loadingURI" : "file:/C:/Users/ADMIN/Documents/repos/rest_assured-testng/target/classes/search_category.json#",
    "pointer" : "/properties/products/items/anyOf/0/properties/availableForPreorder"
  },
  "domain" : "syntax",
  "message" : "the following keywords are unknown and will be ignored: [examples]",
  "ignored" : [ "examples" ]
}, {
  "level" : "warning",
  "schema" : {
    "loadingURI" : "file:/C:/Users/ADMIN/Documents/repos/rest_assured-testng/target/classes/search_category.json#",
    "pointer" : "/properties/products/items/anyOf/0/properties/basePrice"
  },
  "domain" : "syntax",
  "message" : "the following keywords are unknown and will be ignored: [examples]",
  "ignored" : [ "examples" ]
}, {
  "level" : "warning",
  "schema" : {
    "loadingURI" : "file:/C:/Users/ADMIN/Documents/repos/rest_assured-testng/target/classes/search_category.json#",
    "pointer" : "/properties/products/items/anyOf/0/properties/basePrice/properties/currencyIso"
  },
  "domain" : "syntax",
  "message" : "the following keywords are unknown and will be ignored: [examples]",
  "ignored" : [ "examples" ]
}, {
  "level" : "warning",
  "schema" : {
    "loadingURI" : "file:/C:/Users/ADMIN/Documents/repos/rest_assured-testng/target/classes/search_category.json#",
    "pointer" : "/properties/products/items/anyOf/0/properties/basePrice/properties/formattedValue"
  },
  "domain" : "syntax",
  "message" : "the following keywords are unknown and will be ignored: [examples]",
  "ignored" : [ "examples" ]
}, {
  "level" : "warning",
  "schema" : {
    "loadingURI" : "file:/C:/Users/ADMIN/Documents/repos/rest_assured-testng/target/classes/search_category.json#",
    "pointer" : "/properties/products/items/anyOf/0/properties/basePrice/properties/priceType"
  },
  "domain" : "syntax",
  "message" : "the following keywords are unknown and will be ignored: [examples]",
  "ignored" : [ "examples" ]
}, {
  "level" : "warning",
  "schema" : {
    "loadingURI" : "file:/C:/Users/ADMIN/Documents/repos/rest_assured-testng/target/classes/search_category.json#",
    "pointer" : "/properties/products/items/anyOf/0/properties/basePrice/properties/value"
  },
  "domain" : "syntax",
  "message" : "the following keywords are unknown and will be ignored: [examples]",
  "ignored" : [ "examples" ]
}, {
  "level" : "warning",
  "schema" : {
    "loadingURI" : "file:/C:/Users/ADMIN/Documents/repos/rest_assured-testng/target/classes/search_category.json#",
    "pointer" : "/properties/products/items/anyOf/0/properties/businessDelivery"
  },
  "domain" : "syntax",
  "message" : "the following keywords are unknown and will be ignored: [examples]",
  "ignored" : [ "examples" ]
}, {
  "level" : "warning",
  "schema" : {
    "loadingURI" : "file:/C:/Users/ADMIN/Documents/repos/rest_assured-testng/target/classes/search_category.json#",
    "pointer" : "/properties/products/items/anyOf/0/properties/code"
  },
  "domain" : "syntax",
  "message" : "the following keywords are unknown and will be ignored: [examples]",
  "ignored" : [ "examples" ]
}, {
  "level" : "warning",
  "schema" : {
    "loadingURI" : "file:/C:/Users/ADMIN/Documents/repos/rest_assured-testng/target/classes/search_category.json#",
    "pointer" : "/properties/products/items/anyOf/0/properties/decalData"
  },
  "domain" : "syntax",
  "message" : "the following keywords are unknown and will be ignored: [examples]",
  "ignored" : [ "examples" ]
}, {
  "level" : "warning",
  "schema" : {
    "loadingURI" : "file:/C:/Users/ADMIN/Documents/repos/rest_assured-testng/target/classes/search_category.json#",
    "pointer" : "/properties/products/items/anyOf/0/properties/decalData/items/anyOf/0"
  },
  "domain" : "syntax",
  "message" : "the following keywords are unknown and will be ignored: [examples]",
  "ignored" : [ "examples" ]
}, {
  "level" : "warning",
  "schema" : {
    "loadingURI" : "file:/C:/Users/ADMIN/Documents/repos/rest_assured-testng/target/classes/search_category.json#",
    "pointer" : "/properties/products/items/anyOf/0/properties/decalData/items/anyOf/0/properties/key"
  },
  "domain" : "syntax",
  "message" : "the following keywords are unknown and will be ignored: [examples]",
  "ignored" : [ "examples" ]
}, {
  "level" : "warning",
  "schema" : {
    "loadingURI" : "file:/C:/Users/ADMIN/Documents/repos/rest_assured-testng/target/classes/search_category.json#",
    "pointer" : "/properties/products/items/anyOf/0/properties/decalData/items/anyOf/0/properties/value"
  },
  "domain" : "syntax",
  "message" : "the following keywords are unknown and will be ignored: [examples]",
  "ignored" : [ "examples" ]
}, {
  "level" : "warning",
  "schema" : {
    "loadingURI" : "file:/C:/Users/ADMIN/Documents/repos/rest_assured-testng/target/classes/search_category.json#",
    "pointer" : "/properties/products/items/anyOf/0/properties/decalData/items/anyOf/0/properties/value/properties/altText"
  },
  "domain" : "syntax",
  "message" : "the following keywords are unknown and will be ignored: [examples]",
  "ignored" : [ "examples" ]
}, {
  "level" : "warning",
  "schema" : {
    "loadingURI" : "file:/C:/Users/ADMIN/Documents/repos/rest_assured-testng/target/classes/search_category.json#",
    "pointer" : "/properties/products/items/anyOf/0/properties/decalData/items/anyOf/0/properties/value/properties/position"
  },
  "domain" : "syntax",
  "message" : "the following keywords are unknown and will be ignored: [examples]",
  "ignored" : [ "examples" ]
}, {
  "level" : "warning",
  "schema" : {
    "loadingURI" : "file:/C:/Users/ADMIN/Documents/repos/rest_assured-testng/target/classes/search_category.json#",
    "pointer" : "/properties/products/items/anyOf/0/properties/decalData/items/anyOf/0/properties/value/properties/url"
  },
  "domain" : "syntax",
  "message" : "the following keywords are unknown and will be ignored: [examples]",
  "ignored" : [ "examples" ]
}, {
  "level" : "warning",
  "schema" : {
    "loadingURI" : "file:/C:/Users/ADMIN/Documents/repos/rest_assured-testng/target/classes/search_category.json#",
    "pointer" : "/properties/products/items/anyOf/0/properties/description"
  },
  "domain" : "syntax",
  "message" : "the following keywords are unknown and will be ignored: [examples]",
  "ignored" : [ "examples" ]
}, {
  "level" : "warning",
  "schema" : {
    "loadingURI" : "file:/C:/Users/ADMIN/Documents/repos/rest_assured-testng/target/classes/search_category.json#",
    "pointer" : "/properties/products/items/anyOf/0/properties/englishName"
  },
  "domain" : "syntax",
  "message" : "the following keywords are unknown and will be ignored: [examples]",
  "ignored" : [ "examples" ]
}, {
  "level" : "warning",
  "schema" : {
    "loadingURI" : "file:/C:/Users/ADMIN/Documents/repos/rest_assured-testng/target/classes/search_category.json#",
    "pointer" : "/properties/products/items/anyOf/0/properties/expeditedDelivery"
  },
  "domain" : "syntax",
  "message" : "the following keywords are unknown and will be ignored: [examples]",
  "ignored" : [ "examples" ]
}, {
  "level" : "warning",
  "schema" : {
    "loadingURI" : "file:/C:/Users/ADMIN/Documents/repos/rest_assured-testng/target/classes/search_category.json#",
    "pointer" : "/properties/products/items/anyOf/0/properties/hasPricePerUnit"
  },
  "domain" : "syntax",
  "message" : "the following keywords are unknown and will be ignored: [examples]",
  "ignored" : [ "examples" ]
}, {
  "level" : "warning",
  "schema" : {
    "loadingURI" : "file:/C:/Users/ADMIN/Documents/repos/rest_assured-testng/target/classes/search_category.json#",
    "pointer" : "/properties/products/items/anyOf/0/properties/hidePriceValue"
  },
  "domain" : "syntax",
  "message" : "the following keywords are unknown and will be ignored: [examples]",
  "ignored" : [ "examples" ]
}, {
  "level" : "warning",
  "schema" : {
    "loadingURI" : "file:/C:/Users/ADMIN/Documents/repos/rest_assured-testng/target/classes/search_category.json#",
    "pointer" : "/properties/products/items/anyOf/0/properties/images"
  },
  "domain" : "syntax",
  "message" : "the following keywords are unknown and will be ignored: [examples]",
  "ignored" : [ "examples" ]
}, {
  "level" : "warning",
  "schema" : {
    "loadingURI" : "file:/C:/Users/ADMIN/Documents/repos/rest_assured-testng/target/classes/search_category.json#",
    "pointer" : "/properties/products/items/anyOf/0/properties/images/items/anyOf/0"
  },
  "domain" : "syntax",
  "message" : "the following keywords are unknown and will be ignored: [examples]",
  "ignored" : [ "examples" ]
}, {
  "level" : "warning",
  "schema" : {
    "loadingURI" : "file:/C:/Users/ADMIN/Documents/repos/rest_assured-testng/target/classes/search_category.json#",
    "pointer" : "/properties/products/items/anyOf/0/properties/images/items/anyOf/0/properties/format"
  },
  "domain" : "syntax",
  "message" : "the following keywords are unknown and will be ignored: [examples]",
  "ignored" : [ "examples" ]
}, {
  "level" : "warning",
  "schema" : {
    "loadingURI" : "file:/C:/Users/ADMIN/Documents/repos/rest_assured-testng/target/classes/search_category.json#",
    "pointer" : "/properties/products/items/anyOf/0/properties/images/items/anyOf/0/properties/imageType"
  },
  "domain" : "syntax",
  "message" : "the following keywords are unknown and will be ignored: [examples]",
  "ignored" : [ "examples" ]
}, {
  "level" : "warning",
  "schema" : {
    "loadingURI" : "file:/C:/Users/ADMIN/Documents/repos/rest_assured-testng/target/classes/search_category.json#",
    "pointer" : "/properties/products/items/anyOf/0/properties/images/items/anyOf/0/properties/url"
  },
  "domain" : "syntax",
  "message" : "the following keywords are unknown and will be ignored: [examples]",
  "ignored" : [ "examples" ]
}, {
  "level" : "warning",
  "schema" : {
    "loadingURI" : "file:/C:/Users/ADMIN/Documents/repos/rest_assured-testng/target/classes/search_category.json#",
    "pointer" : "/properties/products/items/anyOf/0/properties/isBaseProduct"
  },
  "domain" : "syntax",
  "message" : "the following keywords are unknown and will be ignored: [examples]",
  "ignored" : [ "examples" ]
}, {
  "level" : "warning",
  "schema" : {
    "loadingURI" : "file:/C:/Users/ADMIN/Documents/repos/rest_assured-testng/target/classes/search_category.json#",
    "pointer" : "/properties/products/items/anyOf/0/properties/isExternalVendorProduct"
  },
  "domain" : "syntax",
  "message" : "the following keywords are unknown and will be ignored: [examples]",
  "ignored" : [ "examples" ]
}, {
  "level" : "warning",
  "schema" : {
    "loadingURI" : "file:/C:/Users/ADMIN/Documents/repos/rest_assured-testng/target/classes/search_category.json#",
    "pointer" : "/properties/products/items/anyOf/0/properties/isExternalVendorVariantProduct"
  },
  "domain" : "syntax",
  "message" : "the following keywords are unknown and will be ignored: [examples]",
  "ignored" : [ "examples" ]
}, {
  "level" : "warning",
  "schema" : {
    "loadingURI" : "file:/C:/Users/ADMIN/Documents/repos/rest_assured-testng/target/classes/search_category.json#",
    "pointer" : "/properties/products/items/anyOf/0/properties/minOrderQuantity"
  },
  "domain" : "syntax",
  "message" : "the following keywords are unknown and will be ignored: [examples]",
  "ignored" : [ "examples" ]
}, {
  "level" : "warning",
  "schema" : {
    "loadingURI" : "file:/C:/Users/ADMIN/Documents/repos/rest_assured-testng/target/classes/search_category.json#",
    "pointer" : "/properties/products/items/anyOf/0/properties/modulusItemQuantity"
  },
  "domain" : "syntax",
  "message" : "the following keywords are unknown and will be ignored: [examples]",
  "ignored" : [ "examples" ]
}, {
  "level" : "warning",
  "schema" : {
    "loadingURI" : "file:/C:/Users/ADMIN/Documents/repos/rest_assured-testng/target/classes/search_category.json#",
    "pointer" : "/properties/products/items/anyOf/0/properties/name"
  },
  "domain" : "syntax",
  "message" : "the following keywords are unknown and will be ignored: [examples]",
  "ignored" : [ "examples" ]
}, {
  "level" : "warning",
  "schema" : {
    "loadingURI" : "file:/C:/Users/ADMIN/Documents/repos/rest_assured-testng/target/classes/search_category.json#",
    "pointer" : "/properties/products/items/anyOf/0/properties/price"
  },
  "domain" : "syntax",
  "message" : "the following keywords are unknown and will be ignored: [examples]",
  "ignored" : [ "examples" ]
}, {
  "level" : "warning",
  "schema" : {
    "loadingURI" : "file:/C:/Users/ADMIN/Documents/repos/rest_assured-testng/target/classes/search_category.json#",
    "pointer" : "/properties/products/items/anyOf/0/properties/price/properties/currencyIso"
  },
  "domain" : "syntax",
  "message" : "the following keywords are unknown and will be ignored: [examples]",
  "ignored" : [ "examples" ]
}, {
  "level" : "warning",
  "schema" : {
    "loadingURI" : "file:/C:/Users/ADMIN/Documents/repos/rest_assured-testng/target/classes/search_category.json#",
    "pointer" : "/properties/products/items/anyOf/0/properties/price/properties/formattedValue"
  },
  "domain" : "syntax",
  "message" : "the following keywords are unknown and will be ignored: [examples]",
  "ignored" : [ "examples" ]
}, {
  "level" : "warning",
  "schema" : {
    "loadingURI" : "file:/C:/Users/ADMIN/Documents/repos/rest_assured-testng/target/classes/search_category.json#",
    "pointer" : "/properties/products/items/anyOf/0/properties/price/properties/priceType"
  },
  "domain" : "syntax",
  "message" : "the following keywords are unknown and will be ignored: [examples]",
  "ignored" : [ "examples" ]
}, {
  "level" : "warning",
  "schema" : {
    "loadingURI" : "file:/C:/Users/ADMIN/Documents/repos/rest_assured-testng/target/classes/search_category.json#",
    "pointer" : "/properties/products/items/anyOf/0/properties/price/properties/value"
  },
  "domain" : "syntax",
  "message" : "the following keywords are unknown and will be ignored: [examples]",
  "ignored" : [ "examples" ]
}, {
  "level" : "warning",
  "schema" : {
    "loadingURI" : "file:/C:/Users/ADMIN/Documents/repos/rest_assured-testng/target/classes/search_category.json#",
    "pointer" : "/properties/products/items/anyOf/0/properties/purchasable"
  },
  "domain" : "syntax",
  "message" : "the following keywords are unknown and will be ignored: [examples]",
  "ignored" : [ "examples" ]
}, {
  "level" : "warning",
  "schema" : {
    "loadingURI" : "file:/C:/Users/ADMIN/Documents/repos/rest_assured-testng/target/classes/search_category.json#",
    "pointer" : "/properties/products/items/anyOf/0/properties/randomWeight"
  },
  "domain" : "syntax",
  "message" : "the following keywords are unknown and will be ignored: [examples]",
  "ignored" : [ "examples" ]
}, {
  "level" : "warning",
  "schema" : {
    "loadingURI" : "file:/C:/Users/ADMIN/Documents/repos/rest_assured-testng/target/classes/search_category.json#",
    "pointer" : "/properties/products/items/anyOf/0/properties/shippingIncluded"
  },
  "domain" : "syntax",
  "message" : "the following keywords are unknown and will be ignored: [examples]",
  "ignored" : [ "examples" ]
}, {
  "level" : "warning",
  "schema" : {
    "loadingURI" : "file:/C:/Users/ADMIN/Documents/repos/rest_assured-testng/target/classes/search_category.json#",
    "pointer" : "/properties/products/items/anyOf/0/properties/stock"
  },
  "domain" : "syntax",
  "message" : "the following keywords are unknown and will be ignored: [examples]",
  "ignored" : [ "examples" ]
}, {
  "level" : "warning",
  "schema" : {
    "loadingURI" : "file:/C:/Users/ADMIN/Documents/repos/rest_assured-testng/target/classes/search_category.json#",
    "pointer" : "/properties/products/items/anyOf/0/properties/stock/properties/contactDay"
  },
  "domain" : "syntax",
  "message" : "the following keywords are unknown and will be ignored: [examples]",
  "ignored" : [ "examples" ]
}, {
  "level" : "warning",
  "schema" : {
    "loadingURI" : "file:/C:/Users/ADMIN/Documents/repos/rest_assured-testng/target/classes/search_category.json#",
    "pointer" : "/properties/products/items/anyOf/0/properties/stock/properties/deliveryLeadTime"
  },
  "domain" : "syntax",
  "message" : "the following keywords are unknown and will be ignored: [examples]",
  "ignored" : [ "examples" ]
}, {
  "level" : "warning",
  "schema" : {
    "loadingURI" : "file:/C:/Users/ADMIN/Documents/repos/rest_assured-testng/target/classes/search_category.json#",
    "pointer" : "/properties/products/items/anyOf/0/properties/stock/properties/stockLevelStatus"
  },
  "domain" : "syntax",
  "message" : "the following keywords are unknown and will be ignored: [examples]",
  "ignored" : [ "examples" ]
}, {
  "level" : "warning",
  "schema" : {
    "loadingURI" : "file:/C:/Users/ADMIN/Documents/repos/rest_assured-testng/target/classes/search_category.json#",
    "pointer" : "/properties/products/items/anyOf/0/properties/summary"
  },
  "domain" : "syntax",
  "message" : "the following keywords are unknown and will be ignored: [examples]",
  "ignored" : [ "examples" ]
}, {
  "level" : "warning",
  "schema" : {
    "loadingURI" : "file:/C:/Users/ADMIN/Documents/repos/rest_assured-testng/target/classes/search_category.json#",
    "pointer" : "/properties/products/items/anyOf/0/properties/url"
  },
  "domain" : "syntax",
  "message" : "the following keywords are unknown and will be ignored: [examples]",
  "ignored" : [ "examples" ]
}, {
  "level" : "warning",
  "schema" : {
    "loadingURI" : "file:/C:/Users/ADMIN/Documents/repos/rest_assured-testng/target/classes/search_category.json#",
    "pointer" : "/properties/products/items/anyOf/0/properties/warehouseHidePriceValue"
  },
  "domain" : "syntax",
  "message" : "the following keywords are unknown and will be ignored: [examples]",
  "ignored" : [ "examples" ]
}, {
  "level" : "warning",
  "schema" : {
    "loadingURI" : "file:/C:/Users/ADMIN/Documents/repos/rest_assured-testng/target/classes/search_category.json#",
    "pointer" : "/properties/products/items/anyOf/1"
  },
  "domain" : "syntax",
  "message" : "the following keywords are unknown and will be ignored: [examples]",
  "ignored" : [ "examples" ]
}, {
  "level" : "warning",
  "schema" : {
    "loadingURI" : "file:/C:/Users/ADMIN/Documents/repos/rest_assured-testng/target/classes/search_category.json#",
    "pointer" : "/properties/products/items/anyOf/1/properties/addToCartFromPLPCategories"
  },
  "domain" : "syntax",
  "message" : "the following keywords are unknown and will be ignored: [examples]",
  "ignored" : [ "examples" ]
}, {
  "level" : "warning",
  "schema" : {
    "loadingURI" : "file:/C:/Users/ADMIN/Documents/repos/rest_assured-testng/target/classes/search_category.json#",
    "pointer" : "/properties/products/items/anyOf/1/properties/addToCartFromPLPCategories/items/anyOf/0"
  },
  "domain" : "syntax",
  "message" : "the following keywords are unknown and will be ignored: [examples]",
  "ignored" : [ "examples" ]
}, {
  "level" : "warning",
  "schema" : {
    "loadingURI" : "file:/C:/Users/ADMIN/Documents/repos/rest_assured-testng/target/classes/search_category.json#",
    "pointer" : "/properties/products/items/anyOf/1/properties/addToCartFromPLPCategories/items/anyOf/0/properties/key"
  },
  "domain" : "syntax",
  "message" : "the following keywords are unknown and will be ignored: [examples]",
  "ignored" : [ "examples" ]
}, {
  "level" : "warning",
  "schema" : {
    "loadingURI" : "file:/C:/Users/ADMIN/Documents/repos/rest_assured-testng/target/classes/search_category.json#",
    "pointer" : "/properties/products/items/anyOf/1/properties/addToCartFromPLPCategories/items/anyOf/0/properties/value"
  },
  "domain" : "syntax",
  "message" : "the following keywords are unknown and will be ignored: [examples]",
  "ignored" : [ "examples" ]
}, {
  "level" : "warning",
  "schema" : {
    "loadingURI" : "file:/C:/Users/ADMIN/Documents/repos/rest_assured-testng/target/classes/search_category.json#",
    "pointer" : "/properties/products/items/anyOf/1/properties/addableToCartFromListingPage"
  },
  "domain" : "syntax",
  "message" : "the following keywords are unknown and will be ignored: [examples]",
  "ignored" : [ "examples" ]
}, {
  "level" : "warning",
  "schema" : {
    "loadingURI" : "file:/C:/Users/ADMIN/Documents/repos/rest_assured-testng/target/classes/search_category.json#",
    "pointer" : "/properties/products/items/anyOf/1/properties/availableForPreorder"
  },
  "domain" : "syntax",
  "message" : "the following keywords are unknown and will be ignored: [examples]",
  "ignored" : [ "examples" ]
}, {
  "level" : "warning",
  "schema" : {
    "loadingURI" : "file:/C:/Users/ADMIN/Documents/repos/rest_assured-testng/target/classes/search_category.json#",
    "pointer" : "/properties/products/items/anyOf/1/properties/basePrice"
  },
  "domain" : "syntax",
  "message" : "the following keywords are unknown and will be ignored: [examples]",
  "ignored" : [ "examples" ]
}, {
  "level" : "warning",
  "schema" : {
    "loadingURI" : "file:/C:/Users/ADMIN/Documents/repos/rest_assured-testng/target/classes/search_category.json#",
    "pointer" : "/properties/products/items/anyOf/1/properties/basePrice/properties/currencyIso"
  },
  "domain" : "syntax",
  "message" : "the following keywords are unknown and will be ignored: [examples]",
  "ignored" : [ "examples" ]
}, {
  "level" : "warning",
  "schema" : {
    "loadingURI" : "file:/C:/Users/ADMIN/Documents/repos/rest_assured-testng/target/classes/search_category.json#",
    "pointer" : "/properties/products/items/anyOf/1/properties/basePrice/properties/formattedValue"
  },
  "domain" : "syntax",
  "message" : "the following keywords are unknown and will be ignored: [examples]",
  "ignored" : [ "examples" ]
}, {
  "level" : "warning",
  "schema" : {
    "loadingURI" : "file:/C:/Users/ADMIN/Documents/repos/rest_assured-testng/target/classes/search_category.json#",
    "pointer" : "/properties/products/items/anyOf/1/properties/basePrice/properties/priceType"
  },
  "domain" : "syntax",
  "message" : "the following keywords are unknown and will be ignored: [examples]",
  "ignored" : [ "examples" ]
}, {
  "level" : "warning",
  "schema" : {
    "loadingURI" : "file:/C:/Users/ADMIN/Documents/repos/rest_assured-testng/target/classes/search_category.json#",
    "pointer" : "/properties/products/items/anyOf/1/properties/basePrice/properties/value"
  },
  "domain" : "syntax",
  "message" : "the following keywords are unknown and will be ignored: [examples]",
  "ignored" : [ "examples" ]
}, {
  "level" : "warning",
  "schema" : {
    "loadingURI" : "file:/C:/Users/ADMIN/Documents/repos/rest_assured-testng/target/classes/search_category.json#",
    "pointer" : "/properties/products/items/anyOf/1/properties/businessDelivery"
  },
  "domain" : "syntax",
  "message" : "the following keywords are unknown and will be ignored: [examples]",
  "ignored" : [ "examples" ]
}, {
  "level" : "warning",
  "schema" : {
    "loadingURI" : "file:/C:/Users/ADMIN/Documents/repos/rest_assured-testng/target/classes/search_category.json#",
    "pointer" : "/properties/products/items/anyOf/1/properties/code"
  },
  "domain" : "syntax",
  "message" : "the following keywords are unknown and will be ignored: [examples]",
  "ignored" : [ "examples" ]
}, {
  "level" : "warning",
  "schema" : {
    "loadingURI" : "file:/C:/Users/ADMIN/Documents/repos/rest_assured-testng/target/classes/search_category.json#",
    "pointer" : "/properties/products/items/anyOf/1/properties/description"
  },
  "domain" : "syntax",
  "message" : "the following keywords are unknown and will be ignored: [examples]",
  "ignored" : [ "examples" ]
}, {
  "level" : "warning",
  "schema" : {
    "loadingURI" : "file:/C:/Users/ADMIN/Documents/repos/rest_assured-testng/target/classes/search_category.json#",
    "pointer" : "/properties/products/items/anyOf/1/properties/englishName"
  },
  "domain" : "syntax",
  "message" : "the following keywords are unknown and will be ignored: [examples]",
  "ignored" : [ "examples" ]
}, {
  "level" : "warning",
  "schema" : {
    "loadingURI" : "file:/C:/Users/ADMIN/Documents/repos/rest_assured-testng/target/classes/search_category.json#",
    "pointer" : "/properties/products/items/anyOf/1/properties/expeditedDelivery"
  },
  "domain" : "syntax",
  "message" : "the following keywords are unknown and will be ignored: [examples]",
  "ignored" : [ "examples" ]
}, {
  "level" : "warning",
  "schema" : {
    "loadingURI" : "file:/C:/Users/ADMIN/Documents/repos/rest_assured-testng/target/classes/search_category.json#",
    "pointer" : "/properties/products/items/anyOf/1/properties/hasPricePerUnit"
  },
  "domain" : "syntax",
  "message" : "the following keywords are unknown and will be ignored: [examples]",
  "ignored" : [ "examples" ]
}, {
  "level" : "warning",
  "schema" : {
    "loadingURI" : "file:/C:/Users/ADMIN/Documents/repos/rest_assured-testng/target/classes/search_category.json#",
    "pointer" : "/properties/products/items/anyOf/1/properties/hidePriceValue"
  },
  "domain" : "syntax",
  "message" : "the following keywords are unknown and will be ignored: [examples]",
  "ignored" : [ "examples" ]
}, {
  "level" : "warning",
  "schema" : {
    "loadingURI" : "file:/C:/Users/ADMIN/Documents/repos/rest_assured-testng/target/classes/search_category.json#",
    "pointer" : "/properties/products/items/anyOf/1/properties/images"
  },
  "domain" : "syntax",
  "message" : "the following keywords are unknown and will be ignored: [examples]",
  "ignored" : [ "examples" ]
}, {
  "level" : "warning",
  "schema" : {
    "loadingURI" : "file:/C:/Users/ADMIN/Documents/repos/rest_assured-testng/target/classes/search_category.json#",
    "pointer" : "/properties/products/items/anyOf/1/properties/images/items/anyOf/0"
  },
  "domain" : "syntax",
  "message" : "the following keywords are unknown and will be ignored: [examples]",
  "ignored" : [ "examples" ]
}, {
  "level" : "warning",
  "schema" : {
    "loadingURI" : "file:/C:/Users/ADMIN/Documents/repos/rest_assured-testng/target/classes/search_category.json#",
    "pointer" : "/properties/products/items/anyOf/1/properties/images/items/anyOf/0/properties/format"
  },
  "domain" : "syntax",
  "message" : "the following keywords are unknown and will be ignored: [examples]",
  "ignored" : [ "examples" ]
}, {
  "level" : "warning",
  "schema" : {
    "loadingURI" : "file:/C:/Users/ADMIN/Documents/repos/rest_assured-testng/target/classes/search_category.json#",
    "pointer" : "/properties/products/items/anyOf/1/properties/images/items/anyOf/0/properties/imageType"
  },
  "domain" : "syntax",
  "message" : "the following keywords are unknown and will be ignored: [examples]",
  "ignored" : [ "examples" ]
}, {
  "level" : "warning",
  "schema" : {
    "loadingURI" : "file:/C:/Users/ADMIN/Documents/repos/rest_assured-testng/target/classes/search_category.json#",
    "pointer" : "/properties/products/items/anyOf/1/properties/images/items/anyOf/0/properties/url"
  },
  "domain" : "syntax",
  "message" : "the following keywords are unknown and will be ignored: [examples]",
  "ignored" : [ "examples" ]
}, {
  "level" : "warning",
  "schema" : {
    "loadingURI" : "file:/C:/Users/ADMIN/Documents/repos/rest_assured-testng/target/classes/search_category.json#",
    "pointer" : "/properties/products/items/anyOf/1/properties/isBaseProduct"
  },
  "domain" : "syntax",
  "message" : "the following keywords are unknown and will be ignored: [examples]",
  "ignored" : [ "examples" ]
}, {
  "level" : "warning",
  "schema" : {
    "loadingURI" : "file:/C:/Users/ADMIN/Documents/repos/rest_assured-testng/target/classes/search_category.json#",
    "pointer" : "/properties/products/items/anyOf/1/properties/isExternalVendorProduct"
  },
  "domain" : "syntax",
  "message" : "the following keywords are unknown and will be ignored: [examples]",
  "ignored" : [ "examples" ]
}, {
  "level" : "warning",
  "schema" : {
    "loadingURI" : "file:/C:/Users/ADMIN/Documents/repos/rest_assured-testng/target/classes/search_category.json#",
    "pointer" : "/properties/products/items/anyOf/1/properties/isExternalVendorVariantProduct"
  },
  "domain" : "syntax",
  "message" : "the following keywords are unknown and will be ignored: [examples]",
  "ignored" : [ "examples" ]
}, {
  "level" : "warning",
  "schema" : {
    "loadingURI" : "file:/C:/Users/ADMIN/Documents/repos/rest_assured-testng/target/classes/search_category.json#",
    "pointer" : "/properties/products/items/anyOf/1/properties/minOrderQuantity"
  },
  "domain" : "syntax",
  "message" : "the following keywords are unknown and will be ignored: [examples]",
  "ignored" : [ "examples" ]
}, {
  "level" : "warning",
  "schema" : {
    "loadingURI" : "file:/C:/Users/ADMIN/Documents/repos/rest_assured-testng/target/classes/search_category.json#",
    "pointer" : "/properties/products/items/anyOf/1/properties/modulusItemQuantity"
  },
  "domain" : "syntax",
  "message" : "the following keywords are unknown and will be ignored: [examples]",
  "ignored" : [ "examples" ]
}, {
  "level" : "warning",
  "schema" : {
    "loadingURI" : "file:/C:/Users/ADMIN/Documents/repos/rest_assured-testng/target/classes/search_category.json#",
    "pointer" : "/properties/products/items/anyOf/1/properties/name"
  },
  "domain" : "syntax",
  "message" : "the following keywords are unknown and will be ignored: [examples]",
  "ignored" : [ "examples" ]
}, {
  "level" : "warning",
  "schema" : {
    "loadingURI" : "file:/C:/Users/ADMIN/Documents/repos/rest_assured-testng/target/classes/search_category.json#",
    "pointer" : "/properties/products/items/anyOf/1/properties/price"
  },
  "domain" : "syntax",
  "message" : "the following keywords are unknown and will be ignored: [examples]",
  "ignored" : [ "examples" ]
}, {
  "level" : "warning",
  "schema" : {
    "loadingURI" : "file:/C:/Users/ADMIN/Documents/repos/rest_assured-testng/target/classes/search_category.json#",
    "pointer" : "/properties/products/items/anyOf/1/properties/price/properties/currencyIso"
  },
  "domain" : "syntax",
  "message" : "the following keywords are unknown and will be ignored: [examples]",
  "ignored" : [ "examples" ]
}, {
  "level" : "warning",
  "schema" : {
    "loadingURI" : "file:/C:/Users/ADMIN/Documents/repos/rest_assured-testng/target/classes/search_category.json#",
    "pointer" : "/properties/products/items/anyOf/1/properties/price/properties/formattedValue"
  },
  "domain" : "syntax",
  "message" : "the following keywords are unknown and will be ignored: [examples]",
  "ignored" : [ "examples" ]
}, {
  "level" : "warning",
  "schema" : {
    "loadingURI" : "file:/C:/Users/ADMIN/Documents/repos/rest_assured-testng/target/classes/search_category.json#",
    "pointer" : "/properties/products/items/anyOf/1/properties/price/properties/priceType"
  },
  "domain" : "syntax",
  "message" : "the following keywords are unknown and will be ignored: [examples]",
  "ignored" : [ "examples" ]
}, {
  "level" : "warning",
  "schema" : {
    "loadingURI" : "file:/C:/Users/ADMIN/Documents/repos/rest_assured-testng/target/classes/search_category.json#",
    "pointer" : "/properties/products/items/anyOf/1/properties/price/properties/value"
  },
  "domain" : "syntax",
  "message" : "the following keywords are unknown and will be ignored: [examples]",
  "ignored" : [ "examples" ]
}, {
  "level" : "warning",
  "schema" : {
    "loadingURI" : "file:/C:/Users/ADMIN/Documents/repos/rest_assured-testng/target/classes/search_category.json#",
    "pointer" : "/properties/products/items/anyOf/1/properties/purchasable"
  },
  "domain" : "syntax",
  "message" : "the following keywords are unknown and will be ignored: [examples]",
  "ignored" : [ "examples" ]
}, {
  "level" : "warning",
  "schema" : {
    "loadingURI" : "file:/C:/Users/ADMIN/Documents/repos/rest_assured-testng/target/classes/search_category.json#",
    "pointer" : "/properties/products/items/anyOf/1/properties/randomWeight"
  },
  "domain" : "syntax",
  "message" : "the following keywords are unknown and will be ignored: [examples]",
  "ignored" : [ "examples" ]
}, {
  "level" : "warning",
  "schema" : {
    "loadingURI" : "file:/C:/Users/ADMIN/Documents/repos/rest_assured-testng/target/classes/search_category.json#",
    "pointer" : "/properties/products/items/anyOf/1/properties/shippingIncluded"
  },
  "domain" : "syntax",
  "message" : "the following keywords are unknown and will be ignored: [examples]",
  "ignored" : [ "examples" ]
}, {
  "level" : "warning",
  "schema" : {
    "loadingURI" : "file:/C:/Users/ADMIN/Documents/repos/rest_assured-testng/target/classes/search_category.json#",
    "pointer" : "/properties/products/items/anyOf/1/properties/stock"
  },
  "domain" : "syntax",
  "message" : "the following keywords are unknown and will be ignored: [examples]",
  "ignored" : [ "examples" ]
}, {
  "level" : "warning",
  "schema" : {
    "loadingURI" : "file:/C:/Users/ADMIN/Documents/repos/rest_assured-testng/target/classes/search_category.json#",
    "pointer" : "/properties/products/items/anyOf/1/properties/stock/properties/contactDay"
  },
  "domain" : "syntax",
  "message" : "the following keywords are unknown and will be ignored: [examples]",
  "ignored" : [ "examples" ]
}, {
  "level" : "warning",
  "schema" : {
    "loadingURI" : "file:/C:/Users/ADMIN/Documents/repos/rest_assured-testng/target/classes/search_category.json#",
    "pointer" : "/properties/products/items/anyOf/1/properties/stock/properties/deliveryLeadTime"
  },
  "domain" : "syntax",
  "message" : "the following keywords are unknown and will be ignored: [examples]",
  "ignored" : [ "examples" ]
}, {
  "level" : "warning",
  "schema" : {
    "loadingURI" : "file:/C:/Users/ADMIN/Documents/repos/rest_assured-testng/target/classes/search_category.json#",
    "pointer" : "/properties/products/items/anyOf/1/properties/stock/properties/stockLevelStatus"
  },
  "domain" : "syntax",
  "message" : "the following keywords are unknown and will be ignored: [examples]",
  "ignored" : [ "examples" ]
}, {
  "level" : "warning",
  "schema" : {
    "loadingURI" : "file:/C:/Users/ADMIN/Documents/repos/rest_assured-testng/target/classes/search_category.json#",
    "pointer" : "/properties/products/items/anyOf/1/properties/summary"
  },
  "domain" : "syntax",
  "message" : "the following keywords are unknown and will be ignored: [examples]",
  "ignored" : [ "examples" ]
}, {
  "level" : "warning",
  "schema" : {
    "loadingURI" : "file:/C:/Users/ADMIN/Documents/repos/rest_assured-testng/target/classes/search_category.json#",
    "pointer" : "/properties/products/items/anyOf/1/properties/url"
  },
  "domain" : "syntax",
  "message" : "the following keywords are unknown and will be ignored: [examples]",
  "ignored" : [ "examples" ]
}, {
  "level" : "warning",
  "schema" : {
    "loadingURI" : "file:/C:/Users/ADMIN/Documents/repos/rest_assured-testng/target/classes/search_category.json#",
    "pointer" : "/properties/products/items/anyOf/1/properties/warehouseHidePriceValue"
  },
  "domain" : "syntax",
  "message" : "the following keywords are unknown and will be ignored: [examples]",
  "ignored" : [ "examples" ]
}, {
  "level" : "warning",
  "schema" : {
    "loadingURI" : "file:/C:/Users/ADMIN/Documents/repos/rest_assured-testng/target/classes/search_category.json#",
    "pointer" : "/properties/products/items/anyOf/2"
  },
  "domain" : "syntax",
  "message" : "the following keywords are unknown and will be ignored: [examples]",
  "ignored" : [ "examples" ]
}, {
  "level" : "warning",
  "schema" : {
    "loadingURI" : "file:/C:/Users/ADMIN/Documents/repos/rest_assured-testng/target/classes/search_category.json#",
    "pointer" : "/properties/products/items/anyOf/2/properties/addToCartFromPLPCategories"
  },
  "domain" : "syntax",
  "message" : "the following keywords are unknown and will be ignored: [examples]",
  "ignored" : [ "examples" ]
}, {
  "level" : "warning",
  "schema" : {
    "loadingURI" : "file:/C:/Users/ADMIN/Documents/repos/rest_assured-testng/target/classes/search_category.json#",
    "pointer" : "/properties/products/items/anyOf/2/properties/addToCartFromPLPCategories/items/anyOf/0"
  },
  "domain" : "syntax",
  "message" : "the following keywords are unknown and will be ignored: [examples]",
  "ignored" : [ "examples" ]
}, {
  "level" : "warning",
  "schema" : {
    "loadingURI" : "file:/C:/Users/ADMIN/Documents/repos/rest_assured-testng/target/classes/search_category.json#",
    "pointer" : "/properties/products/items/anyOf/2/properties/addToCartFromPLPCategories/items/anyOf/0/properties/key"
  },
  "domain" : "syntax",
  "message" : "the following keywords are unknown and will be ignored: [examples]",
  "ignored" : [ "examples" ]
}, {
  "level" : "warning",
  "schema" : {
    "loadingURI" : "file:/C:/Users/ADMIN/Documents/repos/rest_assured-testng/target/classes/search_category.json#",
    "pointer" : "/properties/products/items/anyOf/2/properties/addToCartFromPLPCategories/items/anyOf/0/properties/value"
  },
  "domain" : "syntax",
  "message" : "the following keywords are unknown and will be ignored: [examples]",
  "ignored" : [ "examples" ]
}, {
  "level" : "warning",
  "schema" : {
    "loadingURI" : "file:/C:/Users/ADMIN/Documents/repos/rest_assured-testng/target/classes/search_category.json#",
    "pointer" : "/properties/products/items/anyOf/2/properties/addableToCartFromListingPage"
  },
  "domain" : "syntax",
  "message" : "the following keywords are unknown and will be ignored: [examples]",
  "ignored" : [ "examples" ]
}, {
  "level" : "warning",
  "schema" : {
    "loadingURI" : "file:/C:/Users/ADMIN/Documents/repos/rest_assured-testng/target/classes/search_category.json#",
    "pointer" : "/properties/products/items/anyOf/2/properties/availableForPreorder"
  },
  "domain" : "syntax",
  "message" : "the following keywords are unknown and will be ignored: [examples]",
  "ignored" : [ "examples" ]
}, {
  "level" : "warning",
  "schema" : {
    "loadingURI" : "file:/C:/Users/ADMIN/Documents/repos/rest_assured-testng/target/classes/search_category.json#",
    "pointer" : "/properties/products/items/anyOf/2/properties/basePrice"
  },
  "domain" : "syntax",
  "message" : "the following keywords are unknown and will be ignored: [examples]",
  "ignored" : [ "examples" ]
}, {
  "level" : "warning",
  "schema" : {
    "loadingURI" : "file:/C:/Users/ADMIN/Documents/repos/rest_assured-testng/target/classes/search_category.json#",
    "pointer" : "/properties/products/items/anyOf/2/properties/basePrice/properties/currencyIso"
  },
  "domain" : "syntax",
  "message" : "the following keywords are unknown and will be ignored: [examples]",
  "ignored" : [ "examples" ]
}, {
  "level" : "warning",
  "schema" : {
    "loadingURI" : "file:/C:/Users/ADMIN/Documents/repos/rest_assured-testng/target/classes/search_category.json#",
    "pointer" : "/properties/products/items/anyOf/2/properties/basePrice/properties/formattedValue"
  },
  "domain" : "syntax",
  "message" : "the following keywords are unknown and will be ignored: [examples]",
  "ignored" : [ "examples" ]
}, {
  "level" : "warning",
  "schema" : {
    "loadingURI" : "file:/C:/Users/ADMIN/Documents/repos/rest_assured-testng/target/classes/search_category.json#",
    "pointer" : "/properties/products/items/anyOf/2/properties/basePrice/properties/priceType"
  },
  "domain" : "syntax",
  "message" : "the following keywords are unknown and will be ignored: [examples]",
  "ignored" : [ "examples" ]
}, {
  "level" : "warning",
  "schema" : {
    "loadingURI" : "file:/C:/Users/ADMIN/Documents/repos/rest_assured-testng/target/classes/search_category.json#",
    "pointer" : "/properties/products/items/anyOf/2/properties/basePrice/properties/value"
  },
  "domain" : "syntax",
  "message" : "the following keywords are unknown and will be ignored: [examples]",
  "ignored" : [ "examples" ]
}, {
  "level" : "warning",
  "schema" : {
    "loadingURI" : "file:/C:/Users/ADMIN/Documents/repos/rest_assured-testng/target/classes/search_category.json#",
    "pointer" : "/properties/products/items/anyOf/2/properties/businessDelivery"
  },
  "domain" : "syntax",
  "message" : "the following keywords are unknown and will be ignored: [examples]",
  "ignored" : [ "examples" ]
}, {
  "level" : "warning",
  "schema" : {
    "loadingURI" : "file:/C:/Users/ADMIN/Documents/repos/rest_assured-testng/target/classes/search_category.json#",
    "pointer" : "/properties/products/items/anyOf/2/properties/classifications"
  },
  "domain" : "syntax",
  "message" : "the following keywords are unknown and will be ignored: [examples]",
  "ignored" : [ "examples" ]
}, {
  "level" : "warning",
  "schema" : {
    "loadingURI" : "file:/C:/Users/ADMIN/Documents/repos/rest_assured-testng/target/classes/search_category.json#",
    "pointer" : "/properties/products/items/anyOf/2/properties/classifications/items/anyOf/0"
  },
  "domain" : "syntax",
  "message" : "the following keywords are unknown and will be ignored: [examples]",
  "ignored" : [ "examples" ]
}, {
  "level" : "warning",
  "schema" : {
    "loadingURI" : "file:/C:/Users/ADMIN/Documents/repos/rest_assured-testng/target/classes/search_category.json#",
    "pointer" : "/properties/products/items/anyOf/2/properties/classifications/items/anyOf/0/properties/code"
  },
  "domain" : "syntax",
  "message" : "the following keywords are unknown and will be ignored: [examples]",
  "ignored" : [ "examples" ]
}, {
  "level" : "warning",
  "schema" : {
    "loadingURI" : "file:/C:/Users/ADMIN/Documents/repos/rest_assured-testng/target/classes/search_category.json#",
    "pointer" : "/properties/products/items/anyOf/2/properties/classifications/items/anyOf/0/properties/features"
  },
  "domain" : "syntax",
  "message" : "the following keywords are unknown and will be ignored: [examples]",
  "ignored" : [ "examples" ]
}, {
  "level" : "warning",
  "schema" : {
    "loadingURI" : "file:/C:/Users/ADMIN/Documents/repos/rest_assured-testng/target/classes/search_category.json#",
    "pointer" : "/properties/products/items/anyOf/2/properties/classifications/items/anyOf/0/properties/features/items/anyOf/0"
  },
  "domain" : "syntax",
  "message" : "the following keywords are unknown and will be ignored: [examples]",
  "ignored" : [ "examples" ]
}, {
  "level" : "warning",
  "schema" : {
    "loadingURI" : "file:/C:/Users/ADMIN/Documents/repos/rest_assured-testng/target/classes/search_category.json#",
    "pointer" : "/properties/products/items/anyOf/2/properties/classifications/items/anyOf/0/properties/features/items/anyOf/0/properties/code"
  },
  "domain" : "syntax",
  "message" : "the following keywords are unknown and will be ignored: [examples]",
  "ignored" : [ "examples" ]
}, {
  "level" : "warning",
  "schema" : {
    "loadingURI" : "file:/C:/Users/ADMIN/Documents/repos/rest_assured-testng/target/classes/search_category.json#",
    "pointer" : "/properties/products/items/anyOf/2/properties/classifications/items/anyOf/0/properties/features/items/anyOf/0/properties/comparable"
  },
  "domain" : "syntax",
  "message" : "the following keywords are unknown and will be ignored: [examples]",
  "ignored" : [ "examples" ]
}, {
  "level" : "warning",
  "schema" : {
    "loadingURI" : "file:/C:/Users/ADMIN/Documents/repos/rest_assured-testng/target/classes/search_category.json#",
    "pointer" : "/properties/products/items/anyOf/2/properties/classifications/items/anyOf/0/properties/features/items/anyOf/0/properties/featureValues"
  },
  "domain" : "syntax",
  "message" : "the following keywords are unknown and will be ignored: [examples]",
  "ignored" : [ "examples" ]
}, {
  "level" : "warning",
  "schema" : {
    "loadingURI" : "file:/C:/Users/ADMIN/Documents/repos/rest_assured-testng/target/classes/search_category.json#",
    "pointer" : "/properties/products/items/anyOf/2/properties/classifications/items/anyOf/0/properties/features/items/anyOf/0/properties/featureValues/items/anyOf/0"
  },
  "domain" : "syntax",
  "message" : "the following keywords are unknown and will be ignored: [examples]",
  "ignored" : [ "examples" ]
}, {
  "level" : "warning",
  "schema" : {
    "loadingURI" : "file:/C:/Users/ADMIN/Documents/repos/rest_assured-testng/target/classes/search_category.json#",
    "pointer" : "/properties/products/items/anyOf/2/properties/classifications/items/anyOf/0/properties/features/items/anyOf/0/properties/featureValues/items/anyOf/0/properties/value"
  },
  "domain" : "syntax",
  "message" : "the following keywords are unknown and will be ignored: [examples]",
  "ignored" : [ "examples" ]
}, {
  "level" : "warning",
  "schema" : {
    "loadingURI" : "file:/C:/Users/ADMIN/Documents/repos/rest_assured-testng/target/classes/search_category.json#",
    "pointer" : "/properties/products/items/anyOf/2/properties/classifications/items/anyOf/0/properties/features/items/anyOf/0/properties/name"
  },
  "domain" : "syntax",
  "message" : "the following keywords are unknown and will be ignored: [examples]",
  "ignored" : [ "examples" ]
}, {
  "level" : "warning",
  "schema" : {
    "loadingURI" : "file:/C:/Users/ADMIN/Documents/repos/rest_assured-testng/target/classes/search_category.json#",
    "pointer" : "/properties/products/items/anyOf/2/properties/classifications/items/anyOf/0/properties/features/items/anyOf/0/properties/range"
  },
  "domain" : "syntax",
  "message" : "the following keywords are unknown and will be ignored: [examples]",
  "ignored" : [ "examples" ]
}, {
  "level" : "warning",
  "schema" : {
    "loadingURI" : "file:/C:/Users/ADMIN/Documents/repos/rest_assured-testng/target/classes/search_category.json#",
    "pointer" : "/properties/products/items/anyOf/2/properties/code"
  },
  "domain" : "syntax",
  "message" : "the following keywords are unknown and will be ignored: [examples]",
  "ignored" : [ "examples" ]
}, {
  "level" : "warning",
  "schema" : {
    "loadingURI" : "file:/C:/Users/ADMIN/Documents/repos/rest_assured-testng/target/classes/search_category.json#",
    "pointer" : "/properties/products/items/anyOf/2/properties/decalData"
  },
  "domain" : "syntax",
  "message" : "the following keywords are unknown and will be ignored: [examples]",
  "ignored" : [ "examples" ]
}, {
  "level" : "warning",
  "schema" : {
    "loadingURI" : "file:/C:/Users/ADMIN/Documents/repos/rest_assured-testng/target/classes/search_category.json#",
    "pointer" : "/properties/products/items/anyOf/2/properties/decalData/items/anyOf/0"
  },
  "domain" : "syntax",
  "message" : "the following keywords are unknown and will be ignored: [examples]",
  "ignored" : [ "examples" ]
}, {
  "level" : "warning",
  "schema" : {
    "loadingURI" : "file:/C:/Users/ADMIN/Documents/repos/rest_assured-testng/target/classes/search_category.json#",
    "pointer" : "/properties/products/items/anyOf/2/properties/decalData/items/anyOf/0/properties/key"
  },
  "domain" : "syntax",
  "message" : "the following keywords are unknown and will be ignored: [examples]",
  "ignored" : [ "examples" ]
}, {
  "level" : "warning",
  "schema" : {
    "loadingURI" : "file:/C:/Users/ADMIN/Documents/repos/rest_assured-testng/target/classes/search_category.json#",
    "pointer" : "/properties/products/items/anyOf/2/properties/decalData/items/anyOf/0/properties/value"
  },
  "domain" : "syntax",
  "message" : "the following keywords are unknown and will be ignored: [examples]",
  "ignored" : [ "examples" ]
}, {
  "level" : "warning",
  "schema" : {
    "loadingURI" : "file:/C:/Users/ADMIN/Documents/repos/rest_assured-testng/target/classes/search_category.json#",
    "pointer" : "/properties/products/items/anyOf/2/properties/decalData/items/anyOf/0/properties/value/properties/altText"
  },
  "domain" : "syntax",
  "message" : "the following keywords are unknown and will be ignored: [examples]",
  "ignored" : [ "examples" ]
}, {
  "level" : "warning",
  "schema" : {
    "loadingURI" : "file:/C:/Users/ADMIN/Documents/repos/rest_assured-testng/target/classes/search_category.json#",
    "pointer" : "/properties/products/items/anyOf/2/properties/decalData/items/anyOf/0/properties/value/properties/position"
  },
  "domain" : "syntax",
  "message" : "the following keywords are unknown and will be ignored: [examples]",
  "ignored" : [ "examples" ]
}, {
  "level" : "warning",
  "schema" : {
    "loadingURI" : "file:/C:/Users/ADMIN/Documents/repos/rest_assured-testng/target/classes/search_category.json#",
    "pointer" : "/properties/products/items/anyOf/2/properties/decalData/items/anyOf/0/properties/value/properties/url"
  },
  "domain" : "syntax",
  "message" : "the following keywords are unknown and will be ignored: [examples]",
  "ignored" : [ "examples" ]
}, {
  "level" : "warning",
  "schema" : {
    "loadingURI" : "file:/C:/Users/ADMIN/Documents/repos/rest_assured-testng/target/classes/search_category.json#",
    "pointer" : "/properties/products/items/anyOf/2/properties/description"
  },
  "domain" : "syntax",
  "message" : "the following keywords are unknown and will be ignored: [examples]",
  "ignored" : [ "examples" ]
}, {
  "level" : "warning",
  "schema" : {
    "loadingURI" : "file:/C:/Users/ADMIN/Documents/repos/rest_assured-testng/target/classes/search_category.json#",
    "pointer" : "/properties/products/items/anyOf/2/properties/englishName"
  },
  "domain" : "syntax",
  "message" : "the following keywords are unknown and will be ignored: [examples]",
  "ignored" : [ "examples" ]
}, {
  "level" : "warning",
  "schema" : {
    "loadingURI" : "file:/C:/Users/ADMIN/Documents/repos/rest_assured-testng/target/classes/search_category.json#",
    "pointer" : "/properties/products/items/anyOf/2/properties/expeditedDelivery"
  },
  "domain" : "syntax",
  "message" : "the following keywords are unknown and will be ignored: [examples]",
  "ignored" : [ "examples" ]
}, {
  "level" : "warning",
  "schema" : {
    "loadingURI" : "file:/C:/Users/ADMIN/Documents/repos/rest_assured-testng/target/classes/search_category.json#",
    "pointer" : "/properties/products/items/anyOf/2/properties/hasPricePerUnit"
  },
  "domain" : "syntax",
  "message" : "the following keywords are unknown and will be ignored: [examples]",
  "ignored" : [ "examples" ]
}, {
  "level" : "warning",
  "schema" : {
    "loadingURI" : "file:/C:/Users/ADMIN/Documents/repos/rest_assured-testng/target/classes/search_category.json#",
    "pointer" : "/properties/products/items/anyOf/2/properties/hidePriceValue"
  },
  "domain" : "syntax",
  "message" : "the following keywords are unknown and will be ignored: [examples]",
  "ignored" : [ "examples" ]
}, {
  "level" : "warning",
  "schema" : {
    "loadingURI" : "file:/C:/Users/ADMIN/Documents/repos/rest_assured-testng/target/classes/search_category.json#",
    "pointer" : "/properties/products/items/anyOf/2/properties/images"
  },
  "domain" : "syntax",
  "message" : "the following keywords are unknown and will be ignored: [examples]",
  "ignored" : [ "examples" ]
}, {
  "level" : "warning",
  "schema" : {
    "loadingURI" : "file:/C:/Users/ADMIN/Documents/repos/rest_assured-testng/target/classes/search_category.json#",
    "pointer" : "/properties/products/items/anyOf/2/properties/images/items/anyOf/0"
  },
  "domain" : "syntax",
  "message" : "the following keywords are unknown and will be ignored: [examples]",
  "ignored" : [ "examples" ]
}, {
  "level" : "warning",
  "schema" : {
    "loadingURI" : "file:/C:/Users/ADMIN/Documents/repos/rest_assured-testng/target/classes/search_category.json#",
    "pointer" : "/properties/products/items/anyOf/2/properties/images/items/anyOf/0/properties/format"
  },
  "domain" : "syntax",
  "message" : "the following keywords are unknown and will be ignored: [examples]",
  "ignored" : [ "examples" ]
}, {
  "level" : "warning",
  "schema" : {
    "loadingURI" : "file:/C:/Users/ADMIN/Documents/repos/rest_assured-testng/target/classes/search_category.json#",
    "pointer" : "/properties/products/items/anyOf/2/properties/images/items/anyOf/0/properties/imageType"
  },
  "domain" : "syntax",
  "message" : "the following keywords are unknown and will be ignored: [examples]",
  "ignored" : [ "examples" ]
}, {
  "level" : "warning",
  "schema" : {
    "loadingURI" : "file:/C:/Users/ADMIN/Documents/repos/rest_assured-testng/target/classes/search_category.json#",
    "pointer" : "/properties/products/items/anyOf/2/properties/images/items/anyOf/0/properties/url"
  },
  "domain" : "syntax",
  "message" : "the following keywords are unknown and will be ignored: [examples]",
  "ignored" : [ "examples" ]
}, {
  "level" : "warning",
  "schema" : {
    "loadingURI" : "file:/C:/Users/ADMIN/Documents/repos/rest_assured-testng/target/classes/search_category.json#",
    "pointer" : "/properties/products/items/anyOf/2/properties/isBaseProduct"
  },
  "domain" : "syntax",
  "message" : "the following keywords are unknown and will be ignored: [examples]",
  "ignored" : [ "examples" ]
}, {
  "level" : "warning",
  "schema" : {
    "loadingURI" : "file:/C:/Users/ADMIN/Documents/repos/rest_assured-testng/target/classes/search_category.json#",
    "pointer" : "/properties/products/items/anyOf/2/properties/isExternalVendorProduct"
  },
  "domain" : "syntax",
  "message" : "the following keywords are unknown and will be ignored: [examples]",
  "ignored" : [ "examples" ]
}, {
  "level" : "warning",
  "schema" : {
    "loadingURI" : "file:/C:/Users/ADMIN/Documents/repos/rest_assured-testng/target/classes/search_category.json#",
    "pointer" : "/properties/products/items/anyOf/2/properties/isExternalVendorVariantProduct"
  },
  "domain" : "syntax",
  "message" : "the following keywords are unknown and will be ignored: [examples]",
  "ignored" : [ "examples" ]
}, {
  "level" : "warning",
  "schema" : {
    "loadingURI" : "file:/C:/Users/ADMIN/Documents/repos/rest_assured-testng/target/classes/search_category.json#",
    "pointer" : "/properties/products/items/anyOf/2/properties/minOrderQuantity"
  },
  "domain" : "syntax",
  "message" : "the following keywords are unknown and will be ignored: [examples]",
  "ignored" : [ "examples" ]
}, {
  "level" : "warning",
  "schema" : {
    "loadingURI" : "file:/C:/Users/ADMIN/Documents/repos/rest_assured-testng/target/classes/search_category.json#",
    "pointer" : "/properties/products/items/anyOf/2/properties/modulusItemQuantity"
  },
  "domain" : "syntax",
  "message" : "the following keywords are unknown and will be ignored: [examples]",
  "ignored" : [ "examples" ]
}, {
  "level" : "warning",
  "schema" : {
    "loadingURI" : "file:/C:/Users/ADMIN/Documents/repos/rest_assured-testng/target/classes/search_category.json#",
    "pointer" : "/properties/products/items/anyOf/2/properties/name"
  },
  "domain" : "syntax",
  "message" : "the following keywords are unknown and will be ignored: [examples]",
  "ignored" : [ "examples" ]
}, {
  "level" : "warning",
  "schema" : {
    "loadingURI" : "file:/C:/Users/ADMIN/Documents/repos/rest_assured-testng/target/classes/search_category.json#",
    "pointer" : "/properties/products/items/anyOf/2/properties/price"
  },
  "domain" : "syntax",
  "message" : "the following keywords are unknown and will be ignored: [examples]",
  "ignored" : [ "examples" ]
}, {
  "level" : "warning",
  "schema" : {
    "loadingURI" : "file:/C:/Users/ADMIN/Documents/repos/rest_assured-testng/target/classes/search_category.json#",
    "pointer" : "/properties/products/items/anyOf/2/properties/price/properties/currencyIso"
  },
  "domain" : "syntax",
  "message" : "the following keywords are unknown and will be ignored: [examples]",
  "ignored" : [ "examples" ]
}, {
  "level" : "warning",
  "schema" : {
    "loadingURI" : "file:/C:/Users/ADMIN/Documents/repos/rest_assured-testng/target/classes/search_category.json#",
    "pointer" : "/properties/products/items/anyOf/2/properties/price/properties/formattedValue"
  },
  "domain" : "syntax",
  "message" : "the following keywords are unknown and will be ignored: [examples]",
  "ignored" : [ "examples" ]
}, {
  "level" : "warning",
  "schema" : {
    "loadingURI" : "file:/C:/Users/ADMIN/Documents/repos/rest_assured-testng/target/classes/search_category.json#",
    "pointer" : "/properties/products/items/anyOf/2/properties/price/properties/priceType"
  },
  "domain" : "syntax",
  "message" : "the following keywords are unknown and will be ignored: [examples]",
  "ignored" : [ "examples" ]
}, {
  "level" : "warning",
  "schema" : {
    "loadingURI" : "file:/C:/Users/ADMIN/Documents/repos/rest_assured-testng/target/classes/search_category.json#",
    "pointer" : "/properties/products/items/anyOf/2/properties/price/properties/value"
  },
  "domain" : "syntax",
  "message" : "the following keywords are unknown and will be ignored: [examples]",
  "ignored" : [ "examples" ]
}, {
  "level" : "warning",
  "schema" : {
    "loadingURI" : "file:/C:/Users/ADMIN/Documents/repos/rest_assured-testng/target/classes/search_category.json#",
    "pointer" : "/properties/products/items/anyOf/2/properties/purchasable"
  },
  "domain" : "syntax",
  "message" : "the following keywords are unknown and will be ignored: [examples]",
  "ignored" : [ "examples" ]
}, {
  "level" : "warning",
  "schema" : {
    "loadingURI" : "file:/C:/Users/ADMIN/Documents/repos/rest_assured-testng/target/classes/search_category.json#",
    "pointer" : "/properties/products/items/anyOf/2/properties/randomWeight"
  },
  "domain" : "syntax",
  "message" : "the following keywords are unknown and will be ignored: [examples]",
  "ignored" : [ "examples" ]
}, {
  "level" : "warning",
  "schema" : {
    "loadingURI" : "file:/C:/Users/ADMIN/Documents/repos/rest_assured-testng/target/classes/search_category.json#",
    "pointer" : "/properties/products/items/anyOf/2/properties/shippingIncluded"
  },
  "domain" : "syntax",
  "message" : "the following keywords are unknown and will be ignored: [examples]",
  "ignored" : [ "examples" ]
}, {
  "level" : "warning",
  "schema" : {
    "loadingURI" : "file:/C:/Users/ADMIN/Documents/repos/rest_assured-testng/target/classes/search_category.json#",
    "pointer" : "/properties/products/items/anyOf/2/properties/stock"
  },
  "domain" : "syntax",
  "message" : "the following keywords are unknown and will be ignored: [examples]",
  "ignored" : [ "examples" ]
}, {
  "level" : "warning",
  "schema" : {
    "loadingURI" : "file:/C:/Users/ADMIN/Documents/repos/rest_assured-testng/target/classes/search_category.json#",
    "pointer" : "/properties/products/items/anyOf/2/properties/stock/properties/contactDay"
  },
  "domain" : "syntax",
  "message" : "the following keywords are unknown and will be ignored: [examples]",
  "ignored" : [ "examples" ]
}, {
  "level" : "warning",
  "schema" : {
    "loadingURI" : "file:/C:/Users/ADMIN/Documents/repos/rest_assured-testng/target/classes/search_category.json#",
    "pointer" : "/properties/products/items/anyOf/2/properties/stock/properties/deliveryLeadTime"
  },
  "domain" : "syntax",
  "message" : "the following keywords are unknown and will be ignored: [examples]",
  "ignored" : [ "examples" ]
}, {
  "level" : "warning",
  "schema" : {
    "loadingURI" : "file:/C:/Users/ADMIN/Documents/repos/rest_assured-testng/target/classes/search_category.json#",
    "pointer" : "/properties/products/items/anyOf/2/properties/stock/properties/stockLevelStatus"
  },
  "domain" : "syntax",
  "message" : "the following keywords are unknown and will be ignored: [examples]",
  "ignored" : [ "examples" ]
}, {
  "level" : "warning",
  "schema" : {
    "loadingURI" : "file:/C:/Users/ADMIN/Documents/repos/rest_assured-testng/target/classes/search_category.json#",
    "pointer" : "/properties/products/items/anyOf/2/properties/summary"
  },
  "domain" : "syntax",
  "message" : "the following keywords are unknown and will be ignored: [examples]",
  "ignored" : [ "examples" ]
}, {
  "level" : "warning",
  "schema" : {
    "loadingURI" : "file:/C:/Users/ADMIN/Documents/repos/rest_assured-testng/target/classes/search_category.json#",
    "pointer" : "/properties/products/items/anyOf/2/properties/url"
  },
  "domain" : "syntax",
  "message" : "the following keywords are unknown and will be ignored: [examples]",
  "ignored" : [ "examples" ]
}, {
  "level" : "warning",
  "schema" : {
    "loadingURI" : "file:/C:/Users/ADMIN/Documents/repos/rest_assured-testng/target/classes/search_category.json#",
    "pointer" : "/properties/products/items/anyOf/2/properties/warehouseHidePriceValue"
  },
  "domain" : "syntax",
  "message" : "the following keywords are unknown and will be ignored: [examples]",
  "ignored" : [ "examples" ]
}, {
  "level" : "warning",
  "schema" : {
    "loadingURI" : "file:/C:/Users/ADMIN/Documents/repos/rest_assured-testng/target/classes/search_category.json#",
    "pointer" : "/properties/products/items/anyOf/3"
  },
  "domain" : "syntax",
  "message" : "the following keywords are unknown and will be ignored: [examples]",
  "ignored" : [ "examples" ]
}, {
  "level" : "warning",
  "schema" : {
    "loadingURI" : "file:/C:/Users/ADMIN/Documents/repos/rest_assured-testng/target/classes/search_category.json#",
    "pointer" : "/properties/products/items/anyOf/3/properties/addToCartFromPLPCategories"
  },
  "domain" : "syntax",
  "message" : "the following keywords are unknown and will be ignored: [examples]",
  "ignored" : [ "examples" ]
}, {
  "level" : "warning",
  "schema" : {
    "loadingURI" : "file:/C:/Users/ADMIN/Documents/repos/rest_assured-testng/target/classes/search_category.json#",
    "pointer" : "/properties/products/items/anyOf/3/properties/addToCartFromPLPCategories/items/anyOf/0"
  },
  "domain" : "syntax",
  "message" : "the following keywords are unknown and will be ignored: [examples]",
  "ignored" : [ "examples" ]
}, {
  "level" : "warning",
  "schema" : {
    "loadingURI" : "file:/C:/Users/ADMIN/Documents/repos/rest_assured-testng/target/classes/search_category.json#",
    "pointer" : "/properties/products/items/anyOf/3/properties/addToCartFromPLPCategories/items/anyOf/0/properties/key"
  },
  "domain" : "syntax",
  "message" : "the following keywords are unknown and will be ignored: [examples]",
  "ignored" : [ "examples" ]
}, {
  "level" : "warning",
  "schema" : {
    "loadingURI" : "file:/C:/Users/ADMIN/Documents/repos/rest_assured-testng/target/classes/search_category.json#",
    "pointer" : "/properties/products/items/anyOf/3/properties/addToCartFromPLPCategories/items/anyOf/0/properties/value"
  },
  "domain" : "syntax",
  "message" : "the following keywords are unknown and will be ignored: [examples]",
  "ignored" : [ "examples" ]
}, {
  "level" : "warning",
  "schema" : {
    "loadingURI" : "file:/C:/Users/ADMIN/Documents/repos/rest_assured-testng/target/classes/search_category.json#",
    "pointer" : "/properties/products/items/anyOf/3/properties/addableToCartFromListingPage"
  },
  "domain" : "syntax",
  "message" : "the following keywords are unknown and will be ignored: [examples]",
  "ignored" : [ "examples" ]
}, {
  "level" : "warning",
  "schema" : {
    "loadingURI" : "file:/C:/Users/ADMIN/Documents/repos/rest_assured-testng/target/classes/search_category.json#",
    "pointer" : "/properties/products/items/anyOf/3/properties/availableForPreorder"
  },
  "domain" : "syntax",
  "message" : "the following keywords are unknown and will be ignored: [examples]",
  "ignored" : [ "examples" ]
}, {
  "level" : "warning",
  "schema" : {
    "loadingURI" : "file:/C:/Users/ADMIN/Documents/repos/rest_assured-testng/target/classes/search_category.json#",
    "pointer" : "/properties/products/items/anyOf/3/properties/basePrice"
  },
  "domain" : "syntax",
  "message" : "the following keywords are unknown and will be ignored: [examples]",
  "ignored" : [ "examples" ]
}, {
  "level" : "warning",
  "schema" : {
    "loadingURI" : "file:/C:/Users/ADMIN/Documents/repos/rest_assured-testng/target/classes/search_category.json#",
    "pointer" : "/properties/products/items/anyOf/3/properties/basePrice/properties/currencyIso"
  },
  "domain" : "syntax",
  "message" : "the following keywords are unknown and will be ignored: [examples]",
  "ignored" : [ "examples" ]
}, {
  "level" : "warning",
  "schema" : {
    "loadingURI" : "file:/C:/Users/ADMIN/Documents/repos/rest_assured-testng/target/classes/search_category.json#",
    "pointer" : "/properties/products/items/anyOf/3/properties/basePrice/properties/formattedValue"
  },
  "domain" : "syntax",
  "message" : "the following keywords are unknown and will be ignored: [examples]",
  "ignored" : [ "examples" ]
}, {
  "level" : "warning",
  "schema" : {
    "loadingURI" : "file:/C:/Users/ADMIN/Documents/repos/rest_assured-testng/target/classes/search_category.json#",
    "pointer" : "/properties/products/items/anyOf/3/properties/basePrice/properties/priceType"
  },
  "domain" : "syntax",
  "message" : "the following keywords are unknown and will be ignored: [examples]",
  "ignored" : [ "examples" ]
}, {
  "level" : "warning",
  "schema" : {
    "loadingURI" : "file:/C:/Users/ADMIN/Documents/repos/rest_assured-testng/target/classes/search_category.json#",
    "pointer" : "/properties/products/items/anyOf/3/properties/basePrice/properties/value"
  },
  "domain" : "syntax",
  "message" : "the following keywords are unknown and will be ignored: [examples]",
  "ignored" : [ "examples" ]
}, {
  "level" : "warning",
  "schema" : {
    "loadingURI" : "file:/C:/Users/ADMIN/Documents/repos/rest_assured-testng/target/classes/search_category.json#",
    "pointer" : "/properties/products/items/anyOf/3/properties/businessDelivery"
  },
  "domain" : "syntax",
  "message" : "the following keywords are unknown and will be ignored: [examples]",
  "ignored" : [ "examples" ]
}, {
  "level" : "warning",
  "schema" : {
    "loadingURI" : "file:/C:/Users/ADMIN/Documents/repos/rest_assured-testng/target/classes/search_category.json#",
    "pointer" : "/properties/products/items/anyOf/3/properties/code"
  },
  "domain" : "syntax",
  "message" : "the following keywords are unknown and will be ignored: [examples]",
  "ignored" : [ "examples" ]
}, {
  "level" : "warning",
  "schema" : {
    "loadingURI" : "file:/C:/Users/ADMIN/Documents/repos/rest_assured-testng/target/classes/search_category.json#",
    "pointer" : "/properties/products/items/anyOf/3/properties/description"
  },
  "domain" : "syntax",
  "message" : "the following keywords are unknown and will be ignored: [examples]",
  "ignored" : [ "examples" ]
}, {
  "level" : "warning",
  "schema" : {
    "loadingURI" : "file:/C:/Users/ADMIN/Documents/repos/rest_assured-testng/target/classes/search_category.json#",
    "pointer" : "/properties/products/items/anyOf/3/properties/englishName"
  },
  "domain" : "syntax",
  "message" : "the following keywords are unknown and will be ignored: [examples]",
  "ignored" : [ "examples" ]
}, {
  "level" : "warning",
  "schema" : {
    "loadingURI" : "file:/C:/Users/ADMIN/Documents/repos/rest_assured-testng/target/classes/search_category.json#",
    "pointer" : "/properties/products/items/anyOf/3/properties/expeditedDelivery"
  },
  "domain" : "syntax",
  "message" : "the following keywords are unknown and will be ignored: [examples]",
  "ignored" : [ "examples" ]
}, {
  "level" : "warning",
  "schema" : {
    "loadingURI" : "file:/C:/Users/ADMIN/Documents/repos/rest_assured-testng/target/classes/search_category.json#",
    "pointer" : "/properties/products/items/anyOf/3/properties/hasPricePerUnit"
  },
  "domain" : "syntax",
  "message" : "the following keywords are unknown and will be ignored: [examples]",
  "ignored" : [ "examples" ]
}, {
[...]
}, {
  "level" : "warning",
  "schema" : {
    "loadingURI" : "file:/C:/Users/ADMIN/Documents/repos/rest_assured-testng/target/classes/search_category.json#",
    "pointer" : "/properties/products/items/anyOf/4/properties/basePrice/properties/currencyIso"
  },
  "domain" : "syntax",
  "message" : "the following keywords are unknown and will be ignored: [examples]",
  "ignored" : [ "examples" ]
}, {
  "level" : "warning",
  "schema" : {
    "loadingURI" : "file:/C:/Users/ADMIN/Documents/repos/rest_assured-testng/target/classes/search_category.json#",
    "pointer" : "/properties/products/items/anyOf/4/properties/basePrice/properties/formattedValue"
  },
  "domain" : "syntax",
  "message" : "the following keywords are unknown and will be ignored: [examples]",
  "ignored" : [ "examples" ]
}, {
  "level" : "warning",
  "schema" : {
    "loadingURI" : "file:/C:/Users/ADMIN/Documents/repos/rest_assured-testng/target/classes/search_category.json#",
    "pointer" : "/properties/products/items/anyOf/4/properties/basePrice/properties/priceType"
  },
  "domain" : "syntax",
  "message" : "the following keywords are unknown and will be ignored: [examples]",
  "ignored" : [ "examples" ]
}, {
  "level" : "warning",
  "schema" : {
    "loadingURI" : "file:/C:/Users/ADMIN/Documents/repos/rest_assured-testng/target/classes/search_category.json#",
    "pointer" : "/properties/products/items/anyOf/4/properties/basePrice/properties/value"
  },
  "domain" : "syntax",
  "message" : "the following keywords are unknown and will be ignored: [examples]",
  "ignored" : [ "examples" ]
}, {
  "level" : "warning",
  "schema" : {
    "loadingURI" : "file:/C:/Users/ADMIN/Documents/repos/rest_assured-testng/target/classes/search_category.json#",
    "pointer" : "/properties/products/items/anyOf/4/properties/businessDelivery"
  },
  "domain" : "syntax",
  "message" : "the following keywords are unknown and will be ignored: [examples]",
  "ignored" : [ "examples" ]
}, {
  "level" : "warning",
  "schema" : {
    "loadingURI" : "file:/C:/Users/ADMIN/Documents/repos/rest_assured-testng/target/classes/search_category.json#",
    "pointer" : "/properties/products/items/anyOf/4/properties/code"
  },
  "domain" : "syntax",
  "message" : "the following keywords are unknown and will be ignored: [examples]",
  "ignored" : [ "examples" ]
}, {
  "level" : "warning",
  "schema" : {
    "loadingURI" : "file:/C:/Users/ADMIN/Documents/repos/rest_assured-testng/target/classes/search_category.json#",
    "pointer" : "/properties/products/items/anyOf/4/properties/description"
  },
  "domain" : "syntax",
  "message" : "the following keywords are unknown and will be ignored: [examples]",
  "ignored" : [ "examples" ]
}, {
  "level" : "warning",
  "schema" : {
    "loadingURI" : "file:/C:/Users/ADMIN/Documents/repos/rest_assured-testng/target/classes/search_category.json#",
    "pointer" : "/properties/products/items/anyOf/4/properties/englishName"
  },
  "domain" : "syntax",
  "message" : "the following keywords are unknown and will be ignored: [examples]",
  "ignored" : [ "examples" ]
}, {
  "level" : "warning",
  "schema" : {
    "loadingURI" : "file:/C:/Users/ADMIN/Documents/repos/rest_assured-testng/target/classes/search_category.json#",
    "pointer" : "/properties/products/items/anyOf/4/properties/expeditedDelivery"
  },
  "domain" : "syntax",
  "message" : "the following keywords are unknown and will be ignored: [examples]",
  "ignored" : [ "examples" ]
}, {
  "level" : "warning",
  "schema" : {
    "loadingURI" : "file:/C:/Users/ADMIN/Documents/repos/rest_assured-testng/target/classes/search_category.json#",
    "pointer" : "/properties/products/items/anyOf/4/properties/hasPricePerUnit"
  },
  "domain" : "syntax",
  "message" : "the following keywords are unknown and will be ignored: [examples]",
  "ignored" : [ "examples" ]
}, {
  "level" : "warning",
  "schema" : {
    "loadingURI" : "file:/C:/Users/ADMIN/Documents/repos/rest_assured-testng/target/classes/search_category.json#",
    "pointer" : "/properties/products/items/anyOf/4/properties/hidePriceValue"
  },
  "domain" : "syntax",
  "message" : "the following keywords are unknown and will be ignored: [examples]",
  "ignored" : [ "examples" ]
}, {
  "level" : "warning",
  "schema" : {
    "loadingURI" : "file:/C:/Users/ADMIN/Documents/repos/rest_assured-testng/target/classes/search_category.json#",
    "pointer" : "/properties/products/items/anyOf/4/properties/images"
  },
  "domain" : "syntax",
  "message" : "the following keywords are unknown and will be ignored: [examples]",
  "ignored" : [ "examples" ]
}, {
  "level" : "warning",
  "schema" : {
    "loadingURI" : "file:/C:/Users/ADMIN/Documents/repos/rest_assured-testng/target/classes/search_category.json#",
    "pointer" : "/properties/products/items/anyOf/4/properties/images/items/anyOf/0"
  },
  "domain" : "syntax",
  "message" : "the following keywords are unknown and will be ignored: [examples]",
  "ignored" : [ "examples" ]
}, {
  "level" : "warning",
  "schema" : {
    "loadingURI" : "file:/C:/Users/ADMIN/Documents/repos/rest_assured-testng/target/classes/search_category.json#",
    "pointer" : "/properties/products/items/anyOf/4/properties/images/items/anyOf/0/properties/format"
  },
  "domain" : "syntax",
  "message" : "the following keywords are unknown and will be ignored: [examples]",
  "ignored" : [ "examples" ]
}, {
  "level" : "warning",
  "schema" : {
    "loadingURI" : "file:/C:/Users/ADMIN/Documents/repos/rest_assured-testng/target/classes/search_category.json#",
    "pointer" : "/properties/products/items/anyOf/4/properties/images/items/anyOf/0/properties/imageType"
  },
  "domain" : "syntax",
  "message" : "the following keywords are unknown and will be ignored: [examples]",
  "ignored" : [ "examples" ]
}, {
  "level" : "warning",
  "schema" : {
    "loadingURI" : "file:/C:/Users/ADMIN/Documents/repos/rest_assured-testng/target/classes/search_category.json#",
    "pointer" : "/properties/products/items/anyOf/4/properties/images/items/anyOf/0/properties/url"
  },
  "domain" : "syntax",
  "message" : "the following keywords are unknown and will be ignored: [examples]",
  "ignored" : [ "examples" ]
}, {
  "level" : "warning",
  "schema" : {
    "loadingURI" : "file:/C:/Users/ADMIN/Documents/repos/rest_assured-testng/target/classes/search_category.json#",
    "pointer" : "/properties/products/items/anyOf/4/properties/isBaseProduct"
  },
  "domain" : "syntax",
  "message" : "the following keywords are unknown and will be ignored: [examples]",
  "ignored" : [ "examples" ]
}, {
  "level" : "warning",
  "schema" : {
    "loadingURI" : "file:/C:/Users/ADMIN/Documents/repos/rest_assured-testng/target/classes/search_category.json#",
    "pointer" : "/properties/products/items/anyOf/4/properties/isExternalVendorProduct"
  },
  "domain" : "syntax",
  "message" : "the following keywords are unknown and will be ignored: [examples]",
  "ignored" : [ "examples" ]
}, {
  "level" : "warning",
  "schema" : {
    "loadingURI" : "file:/C:/Users/ADMIN/Documents/repos/rest_assured-testng/target/classes/search_category.json#",
    "pointer" : "/properties/products/items/anyOf/4/properties/isExternalVendorVariantProduct"
  },
  "domain" : "syntax",
  "message" : "the following keywords are unknown and will be ignored: [examples]",
  "ignored" : [ "examples" ]
}, {
  "level" : "warning",
  "schema" : {
    "loadingURI" : "file:/C:/Users/ADMIN/Documents/repos/rest_assured-testng/target/classes/search_category.json#",
    "pointer" : "/properties/products/items/anyOf/4/properties/minOrderQuantity"
  },
  "domain" : "syntax",
  "message" : "the following keywords are unknown and will be ignored: [examples]",
  "ignored" : [ "examples" ]
}, {
  "level" : "warning",
  "schema" : {
    "loadingURI" : "file:/C:/Users/ADMIN/Documents/repos/rest_assured-testng/target/classes/search_category.json#",
    "pointer" : "/properties/products/items/anyOf/4/properties/modulusItemQuantity"
  },
  "domain" : "syntax",
  "message" : "the following keywords are unknown and will be ignored: [examples]",
  "ignored" : [ "examples" ]
}, {
  "level" : "warning",
  "schema" : {
    "loadingURI" : "file:/C:/Users/ADMIN/Documents/repos/rest_assured-testng/target/classes/search_category.json#",
    "pointer" : "/properties/products/items/anyOf/4/properties/name"
  },
  "domain" : "syntax",
  "message" : "the following keywords are unknown and will be ignored: [examples]",
  "ignored" : [ "examples" ]
}, {
  "level" : "warning",
  "schema" : {
    "loadingURI" : "file:/C:/Users/ADMIN/Documents/repos/rest_assured-testng/target/classes/search_category.json#",
    "pointer" : "/properties/products/items/anyOf/4/properties/price"
  },
  "domain" : "syntax",
  "message" : "the following keywords are unknown and will be ignored: [examples]",
  "ignored" : [ "examples" ]
}, {
  "level" : "warning",
  "schema" : {
    "loadingURI" : "file:/C:/Users/ADMIN/Documents/repos/rest_assured-testng/target/classes/search_category.json#",
    "pointer" : "/properties/products/items/anyOf/4/properties/price/properties/currencyIso"
  },
  "domain" : "syntax",
  "message" : "the following keywords are unknown and will be ignored: [examples]",
  "ignored" : [ "examples" ]
}, {
  "level" : "warning",
  "schema" : {
    "loadingURI" : "file:/C:/Users/ADMIN/Documents/repos/rest_assured-testng/target/classes/search_category.json#",
    "pointer" : "/properties/products/items/anyOf/4/properties/price/properties/formattedValue"
  },
  "domain" : "syntax",
  "message" : "the following keywords are unknown and will be ignored: [examples]",
  "ignored" : [ "examples" ]
}, {
  "level" : "warning",
  "schema" : {
    "loadingURI" : "file:/C:/Users/ADMIN/Documents/repos/rest_assured-testng/target/classes/search_category.json#",
    "pointer" : "/properties/products/items/anyOf/4/properties/price/properties/priceType"
  },
  "domain" : "syntax",
  "message" : "the following keywords are unknown and will be ignored: [examples]",
  "ignored" : [ "examples" ]
}, {
  "level" : "warning",
  "schema" : {
    "loadingURI" : "file:/C:/Users/ADMIN/Documents/repos/rest_assured-testng/target/classes/search_category.json#",
    "pointer" : "/properties/products/items/anyOf/4/properties/price/properties/value"
  },
  "domain" : "syntax",
  "message" : "the following keywords are unknown and will be ignored: [examples]",
  "ignored" : [ "examples" ]
}, {
  "level" : "warning",
  "schema" : {
    "loadingURI" : "file:/C:/Users/ADMIN/Documents/repos/rest_assured-testng/target/classes/search_category.json#",
    "pointer" : "/properties/products/items/anyOf/4/properties/purchasable"
  },
  "domain" : "syntax",
  "message" : "the following keywords are unknown and will be ignored: [examples]",
  "ignored" : [ "examples" ]
}, {
  "level" : "warning",
  "schema" : {
    "loadingURI" : "file:/C:/Users/ADMIN/Documents/repos/rest_assured-testng/target/classes/search_category.json#",
    "pointer" : "/properties/products/items/anyOf/4/properties/randomWeight"
  },
  "domain" : "syntax",
  "message" : "the following keywords are unknown and will be ignored: [examples]",
  "ignored" : [ "examples" ]
}, {
  "level" : "warning",
  "schema" : {
    "loadingURI" : "file:/C:/Users/ADMIN/Documents/repos/rest_assured-testng/target/classes/search_category.json#",
    "pointer" : "/properties/products/items/anyOf/4/properties/shippingIncluded"
  },
  "domain" : "syntax",
  "message" : "the following keywords are unknown and will be ignored: [examples]",
  "ignored" : [ "examples" ]
}, {
  "level" : "warning",
  "schema" : {
    "loadingURI" : "file:/C:/Users/ADMIN/Documents/repos/rest_assured-testng/target/classes/search_category.json#",
    "pointer" : "/properties/products/items/anyOf/4/properties/stock"
  },
  "domain" : "syntax",
  "message" : "the following keywords are unknown and will be ignored: [examples]",
  "ignored" : [ "examples" ]
}, {
  "level" : "warning",
  "schema" : {
    "loadingURI" : "file:/C:/Users/ADMIN/Documents/repos/rest_assured-testng/target/classes/search_category.json#",
    "pointer" : "/properties/products/items/anyOf/4/properties/stock/properties/contactDay"
  },
  "domain" : "syntax",
  "message" : "the following keywords are unknown and will be ignored: [examples]",
  "ignored" : [ "examples" ]
}, {
  "level" : "warning",
  "schema" : {
    "loadingURI" : "file:/C:/Users/ADMIN/Documents/repos/rest_assured-testng/target/classes/search_category.json#",
    "pointer" : "/properties/products/items/anyOf/4/properties/stock/properties/deliveryLeadTime"
  },
  "domain" : "syntax",
  "message" : "the following keywords are unknown and will be ignored: [examples]",
  "ignored" : [ "examples" ]
}, {
  "level" : "warning",
  "schema" : {
    "loadingURI" : "file:/C:/Users/ADMIN/Documents/repos/rest_assured-testng/target/classes/search_category.json#",
    "pointer" : "/properties/products/items/anyOf/4/properties/stock/properties/stockLevelStatus"
  },
  "domain" : "syntax",
  "message" : "the following keywords are unknown and will be ignored: [examples]",
  "ignored" : [ "examples" ]
}, {
  "level" : "warning",
  "schema" : {
    "loadingURI" : "file:/C:/Users/ADMIN/Documents/repos/rest_assured-testng/target/classes/search_category.json#",
    "pointer" : "/properties/products/items/anyOf/4/properties/url"
  },
  "domain" : "syntax",
  "message" : "the following keywords are unknown and will be ignored: [examples]",
  "ignored" : [ "examples" ]
}, {
  "level" : "warning",
  "schema" : {
    "loadingURI" : "file:/C:/Users/ADMIN/Documents/repos/rest_assured-testng/target/classes/search_category.json#",
    "pointer" : "/properties/products/items/anyOf/4/properties/warehouseHidePriceValue"
  },
  "domain" : "syntax",
  "message" : "the following keywords are unknown and will be ignored: [examples]",
  "ignored" : [ "examples" ]
}, {
  "level" : "warning",
  "schema" : {
    "loadingURI" : "file:/C:/Users/ADMIN/Documents/repos/rest_assured-testng/target/classes/search_category.json#",
    "pointer" : "/properties/sorts"
  },
  "domain" : "syntax",
  "message" : "the following keywords are unknown and will be ignored: [examples]",
  "ignored" : [ "examples" ]
}, {
  "level" : "warning",
  "schema" : {
    "loadingURI" : "file:/C:/Users/ADMIN/Documents/repos/rest_assured-testng/target/classes/search_category.json#",
    "pointer" : "/properties/sorts/items/anyOf/0"
  },
  "domain" : "syntax",
  "message" : "the following keywords are unknown and will be ignored: [examples]",
  "ignored" : [ "examples" ]
}, {
  "level" : "warning",
  "schema" : {
    "loadingURI" : "file:/C:/Users/ADMIN/Documents/repos/rest_assured-testng/target/classes/search_category.json#",
    "pointer" : "/properties/sorts/items/anyOf/0/properties/code"
  },
  "domain" : "syntax",
  "message" : "the following keywords are unknown and will be ignored: [examples]",
  "ignored" : [ "examples" ]
}, {
  "level" : "warning",
  "schema" : {
    "loadingURI" : "file:/C:/Users/ADMIN/Documents/repos/rest_assured-testng/target/classes/search_category.json#",
    "pointer" : "/properties/sorts/items/anyOf/0/properties/name"
  },
  "domain" : "syntax",
  "message" : "the following keywords are unknown and will be ignored: [examples]",
  "ignored" : [ "examples" ]
}, {
  "level" : "warning",
  "schema" : {
    "loadingURI" : "file:/C:/Users/ADMIN/Documents/repos/rest_assured-testng/target/classes/search_category.json#",
    "pointer" : "/properties/sorts/items/anyOf/0/properties/selected"
  },
  "domain" : "syntax",
  "message" : "the following keywords are unknown and will be ignored: [examples]",
  "ignored" : [ "examples" ]
}, {
  "level" : "warning",
  "schema" : {
    "loadingURI" : "file:/C:/Users/ADMIN/Documents/repos/rest_assured-testng/target/classes/search_category.json#",
    "pointer" : "/properties/subCategories"
  },
  "domain" : "syntax",
  "message" : "the following keywords are unknown and will be ignored: [examples]",
  "ignored" : [ "examples" ]
}, {
  "level" : "error",
  "message" : "array must have at least one element",
  "domain" : "syntax",
  "schema" : {
    "loadingURI" : "file:/C:/Users/ADMIN/Documents/repos/rest_assured-testng/target/classes/search_category.json#",
    "pointer" : "/properties/subCategories/items"
  },
  "keyword" : "anyOf"
}, {
  "level" : "warning",
  "schema" : {
    "loadingURI" : "file:/C:/Users/ADMIN/Documents/repos/rest_assured-testng/target/classes/search_category.json#",
    "pointer" : "/properties/type"
  },
  "domain" : "syntax",
  "message" : "the following keywords are unknown and will be ignored: [examples]",
  "ignored" : [ "examples" ]
} ]
    level: "fatal"

	at com.github.fge.jsonschema.processors.validation.InstanceValidator.process(InstanceValidator.java:114)
	at com.github.fge.jsonschema.processors.validation.ValidationProcessor.process(ValidationProcessor.java:56)
	at com.github.fge.jsonschema.processors.validation.ValidationProcessor.process(ValidationProcessor.java:34)
	at com.github.fge.jsonschema.core.processing.ProcessingResult.of(ProcessingResult.java:79)
	at com.github.fge.jsonschema.main.JsonSchemaImpl.doValidate(JsonSchemaImpl.java:77)
	at com.github.fge.jsonschema.main.JsonSchemaImpl.validate(JsonSchemaImpl.java:100)
	at com.github.fge.jsonschema.main.JsonSchemaImpl.validate(JsonSchemaImpl.java:110)
	at io.restassured.module.jsv.JsonSchemaValidator.matchesSafely(JsonSchemaValidator.java:227)
	... 53 more
]]>
            </full-stacktrace>
          </exception> <!-- io.restassured.module.jsv.JsonSchemaValidationException -->
          <reporter-output>
          </reporter-output>
        </test-method> <!-- validate_Category_Schema -->
        <test-method status="PASS" signature="validate_Category(int, java.util.Map)[pri:0, instance:test.TestSearch@5f80fa43]" name="validate_Category" duration-ms="70" started-at="2020-07-12T23:45:58Z" data-provider="dataproviderForTestCase" finished-at="2020-07-12T23:45:58Z">
          <params>
            <param index="0">
              <value>
                <![CDATA[0]]>
              </value>
            </param>
            <param index="1">
              <value>
                <![CDATA[{CategoryId=category, CategoryName=MVM7-Hotbuy}]]>
              </value>
            </param>
          </params>
          <reporter-output>
          </reporter-output>
        </test-method> <!-- validate_Category -->
        <test-method status="PASS" signature="validate_AvailableSection(int, java.util.Map)[pri:0, instance:test.TestSearch@5f80fa43]" name="validate_AvailableSection" duration-ms="333" started-at="2020-07-12T23:45:58Z" data-provider="dataproviderForTestCase" finished-at="2020-07-12T23:45:58Z">
          <params>
            <param index="0">
              <value>
                <![CDATA[0]]>
              </value>
            </param>
            <param index="1">
              <value>
                <![CDATA[{CategoryId=term, CategoryName=Owen}]]>
              </value>
            </param>
          </params>
          <reporter-output>
          </reporter-output>
        </test-method> <!-- validate_AvailableSection -->
        <test-method status="PASS" signature="validate_AvailableSection(int, java.util.Map)[pri:0, instance:test.TestSearch@5f80fa43]" name="validate_AvailableSection" duration-ms="50" started-at="2020-07-12T23:45:58Z" data-provider="dataproviderForTestCase" finished-at="2020-07-12T23:45:58Z">
          <params>
            <param index="0">
              <value>
                <![CDATA[1]]>
              </value>
            </param>
            <param index="1">
              <value>
                <![CDATA[{CategoryId=term, CategoryName=mac}]]>
              </value>
            </param>
          </params>
          <reporter-output>
          </reporter-output>
        </test-method> <!-- validate_AvailableSection -->
      </class> <!-- test.TestSearch -->
    </test> <!-- DemoTest -->
  </suite> <!-- Search -->
</testng-results>
