<?xml version="1.0" encoding="UTF-8"?>
<testsuite name="TestSuite" time="20.255" tests="5" errors="0" skipped="0" failures="1">
  <properties>
[...]
</properties>
  <testcase name="validate_Category" classname="test.TestSearch" time="0.102"/>
  <testcase name="validate_AvailableSection" classname="test.TestSearch" time="0.345"/>
  <testcase name="validate_AvailableSection" classname="test.TestSearch" time="0.05"/>
  <testcase name="validate_AvailableSection_Schema" classname="test.TestSearch" time="5.522"/>
  <testcase name="validate_Category_Schema" classname="test.TestSearch" time="14.236">
    <failure message="com.github.fge.jsonschema.core.exceptions.InvalidSchemaException: fatal: invalid JSON Schema, cannot continue&#10;Syntax errors:&#10;[ {&#10;  &quot;level&quot; : &quot;warning&quot;,&#10;  &quot;schema&quot; : {&#10;    &quot;loadingURI&quot; : &quot;file:/C:/Users/ADMIN/Documents/repos/rest_assured-testng/target/classes/search_category.json#&quot;,&#10;    &quot;pointer&quot; : &quot;&quot;&#10;  },&#10;  &quot;domain&quot; : &quot;syntax&quot;,&#10;  &quot;message&quot; : &quot;the following keywords are unknown and will be ignored: [examples]&quot;,&#10;  &quot;ignored&quot; : [ &quot;examples&quot; ]&#10;}, {&#10;  &quot;level&quot; : &quot;warning&quot;,&#10;  &quot;schema&quot; : {&#10;    &quot;loadingURI&quot; : &quot;file:/C:/Users/ADMIN/Documents/repos/rest_assured-testng/target/classes/search_category.json#&quot;,&#10;    &quot;pointer&quot; : &quot;/properties/autoSpellCheck&quot;&#10;  },&#10;  &quot;domain&quot; : &quot;syntax&quot;,&#10;  &quot;message&quot; : &quot;the following keywords are unknown and will be ignored: [examples]&quot;,&#10;  &quot;ignored&quot; : [ &quot;examples&quot; ]&#10;}, {&#10;  &quot;level&quot; : &quot;warning&quot;,&#10;  &quot;schema&quot; : {&#10;    &quot;loadingURI&quot; : &quot;file:/C:/Users/ADMIN/Documents/repos/rest_assured-testng/target/classes/search_category.json#&quot;,&#10;    &quot;pointer&quot; : &quot;/properties/category&quot;&#10;  },&#10;  &quot;domain&quot; : &quot;syntax&quot;,&#10;  &quot;message&quot; : &quot;the following keywords are unknown and will be ignored: [examples]&quot;,&#10;  &quot;ignored&quot; : [ &quot;examples&quot; ]&#10;}, {&#10;  &quot;level&quot; : &quot;warning&quot;,&#10;  &quot;schema&quot; : {&#10;    &quot;loadingURI&quot; : &quot;file:/C:/Users/ADMIN/Documents/repos/rest_assured-testng/target/classes/search_category.json#&quot;,&#10;    &quot;pointer&quot; : &quot;/properties/category/properties/code&quot;&#10;  },&#10;  &quot;domain&quot; : &quot;syntax&quot;,&#10;  &quot;message&quot; : &quot;the following keywords are unknown and will be ignored: [examples]&quot;,&#10;  &quot;ignored&quot; : [ &quot;examples&quot; ]&#10;}, {&#10;  &quot;level&quot; : &quot;warning&quot;,&#10;  &quot;schema&quot; : {&#10;    &quot;loadingURI&quot; : &quot;file:/C:/Users/ADMIN/Documents/repos/rest_assured-testng/target/classes/search_category.json#&quot;,&#10;    &quot;pointer&quot; : &quot;/properties/category/properties/name&quot;&#10;  },&#10;  &quot;domain&quot; : &quot;syntax&quot;,&#10;  &quot;message&quot; : &quot;the following keywords are unknown and will be ignored: [examples]&quot;,&#10;  &quot;ignored&quot; : [ &quot;examples&quot; ]&#10;}, {&#10;  &quot;level&quot; : &quot;warning&quot;,&#10;  &quot;schema&quot; : {&#10;    &quot;loadingURI&quot; : &quot;file:/C:/Users/ADMIN/Documents/repos/rest_assured-testng/target/classes/search_category.json#&quot;,&#10;    &quot;pointer&quot; : &quot;/properties/categoryCode&quot;&#10;  },&#10;  &quot;domain&quot; : &quot;syntax&quot;,&#10;  &quot;message&quot; : &quot;the following keywords are unknown and will be ignored: [examples]&quot;,&#10;  &quot;ignored&quot; : [ &quot;examples&quot; ]&#10;}, {&#10;  &quot;level&quot; : &quot;warning&quot;,&#10;  &quot;schema&quot; : {&#10;    &quot;loadingURI&quot; : &quot;file:/C:/Users/ADMIN/Documents/repos/rest_assured-testng/target/classes/search_category.json#&quot;,&#10;    &quot;pointer&quot; : &quot;/properties/currentQuery&quot;&#10;  },&#10;  &quot;domain&quot; : &quot;syntax&quot;,&#10;  &quot;message&quot; : &quot;the following keywords are unknown and will be ignored: [examples]&quot;,&#10;  &quot;ignored&quot; : [ &quot;examples&quot; ]&#10;}, {&#10;  &quot;level&quot; : &quot;warning&quot;,&#10;  &quot;schema&quot; : {&#10;    &quot;loadingURI&quot; : &quot;file:/C:/Users/ADMIN/Documents/repos/rest_assured-testng/target/classes/search_category.json#&quot;,&#10;    &quot;pointer&quot; : &quot;/properties/currentQuery/properties/query&quot;&#10;  },&#10;  &quot;domain&quot; : &quot;syntax&quot;,&#10;  &quot;message&quot; : &quot;the following keywords are unknown and will be ignored: [examples]&quot;,&#10;  &quot;ignored&quot; : [ &quot;examples&quot; ]&#10;}, {&#10;  &quot;level&quot; : &quot;warning&quot;,&#10;  &quot;schema&quot; : {&#10;    &quot;loadingURI&quot; : &quot;file:/C:/Users/ADMIN/Documents/repos/rest_assured-testng/target/classes/search_category.json#&quot;,&#10;    &quot;pointer&quot; : &quot;/properties/currentQuery/properties/query/properties/value&quot;&#10;  },&#10;  &quot;domain&quot; : &quot;syntax&quot;,&#10;  &quot;message&quot; : &quot;the following keywords are unknown and will be ignored: [examples]&quot;,&#10;  &quot;ignored&quot; : [ &quot;examples&quot; ]&#10;}, {&#10;  &quot;level&quot; : &quot;warning&quot;,&#10;  &quot;schema&quot; : {&#10;    &quot;loadingURI&quot; : &quot;file:/C:/Users/ADMIN/Documents/repos/rest_assured-testng/target/classes/search_category.json#&quot;,&#10;    &quot;pointer&quot; : &quot;/properties/currentQuery/properties/url&quot;&#10;  },&#10;  &quot;domain&quot; : &quot;syntax&quot;,&#10;  &quot;message&quot; : &quot;the following keywords are unknown and will be ignored: [examples]&quot;,&#10;  &quot;ignored&quot; : [ &quot;examples&quot; ]&#10;}, {&#10;  &quot;level&quot; : &quot;warning&quot;,&#10;  &quot;schema&quot; : {&#10;    &quot;loadingURI&quot; : &quot;file:/C:/Users/ADMIN/Documents/repos/rest_assured-testng/target/classes/search_category.json#&quot;,&#10;    &quot;pointer&quot; : &quot;/properties/didYouMean&quot;&#10;  },&#10;  &quot;domain&quot; : &quot;syntax&quot;,&#10;  &quot;message&quot; : &quot;the following keywords are unknown and will be ignored: [examples]&quot;,&#10;  &quot;ignored&quot; : [ &quot;examples&quot; ]&#10;}, {&#10;  &quot;level&quot; : &quot;warning&quot;,&#10;  &quot;schema&quot; : {&#10;    &quot;loadingURI&quot; : &quot;file:/C:/Users/ADMIN/Documents/repos/rest_assured-testng/target/classes/search_category.json#&quot;,&#10;    &quot;pointer&quot; : &quot;/properties/freeTextSearch&quot;&#10;  },&#10;  &quot;domain&quot; : &quot;syntax&quot;,&#10;  &quot;message&quot; : &quot;the following keywords are unknown and will be ignored: [examples]&quot;,&#10;  &quot;ignored&quot; : [ &quot;examples&quot; ]&#10;}, {&#10;  &quot;level&quot; : &quot;warning&quot;,&#10;  &quot;schema&quot; : {&#10;    &quot;loadingURI&quot; : &quot;file:/C:/Users/ADMIN/Documents/repos/rest_assured-testng/target/classes/search_category.json#&quot;,&#10;    &quot;pointer&quot; : &quot;/properties/pagination&quot;&#10;  },&#10;  &quot;domain&quot; : &quot;syntax&quot;,&#10;  &quot;message&quot; : &quot;the following keywords are unknown and will be ignored: [examples]&quot;,&#10;  &quot;ignored&quot; : [ &quot;examples&quot; ]&#10;}, {&#10;  &quot;level&quot; : &quot;warning&quot;,&#10;  &quot;schema&quot; : {&#10;    &quot;loadingURI&quot; : &quot;file:/C:/Users/ADMIN/Documents/repos/rest_assured-testng/target/classes/search_category.json#&quot;,&#10;    &quot;pointer&quot; : &quot;/properties/pagination/properties/currentPage&quot;&#10;  },&#10;  &quot;domain&quot; : &quot;syntax&quot;,&#10;  &quot;message&quot; : &quot;the following keywords are unknown and will be ignored: [examples]&quot;,&#10;  &quot;ignored&quot; : [ &quot;examples&quot; ]&#10;}, {&#10;  &quot;level&quot; : &quot;warning&quot;,&#10;  &quot;schema&quot; : {&#10;    &quot;loadingURI&quot; : &quot;file:/C:/Users/ADMIN/Documents/repos/rest_assured-testng/target/classes/search_category.json#&quot;,&#10;    &quot;pointer&quot; : &quot;/properties/pagination/properties/pageSize&quot;&#10;  },&#10;  &quot;domain&quot; : &quot;syntax&quot;,&#10;  &quot;message&quot; : &quot;the following keywords are unknown and will be ignored: [examples]&quot;,&#10;  &quot;ignored&quot; : [ &quot;examples&quot; ]&#10;}, {&#10;  &quot;level&quot; : &quot;warning&quot;,&#10;  &quot;schema&quot; : {&#10;    &quot;loadingURI&quot; : &quot;file:/C:/Users/ADMIN/Documents/repos/rest_assured-testng/target/classes/search_category.json#&quot;,&#10;    &quot;pointer&quot; : &quot;/properties/pagination/properties/sort&quot;&#10;  },&#10;  &quot;domain&quot; : &quot;syntax&quot;,&#10;  &quot;message&quot; : &quot;the following keywords are unknown and will be ignored: [examples]&quot;,&#10;  &quot;ignored&quot; : [ &quot;examples&quot; ]&#10;}, {&#10;  &quot;level&quot; : &quot;warning&quot;,&#10;  &quot;schema&quot; : {&#10;    &quot;loadingURI&quot; : &quot;file:/C:/Users/ADMIN/Documents/repos/rest_assured-testng/target/classes/search_category.json#&quot;,&#10;    &quot;pointer&quot; : &quot;/properties/pagination/properties/totalPages&quot;&#10;  },&#10;  &quot;domain&quot; : &quot;syntax&quot;,&#10;  &quot;message&quot; : &quot;the following keywords are unknown and will be ignored: [examples]&quot;,&#10;  &quot;ignored&quot; : [ &quot;examples&quot; ]&#10;}, {&#10;  &quot;level&quot; : &quot;warning&quot;,&#10;  &quot;schema&quot; : {&#10;    &quot;loadingURI&quot; : &quot;file:/C:/Users/ADMIN/Documents/repos/rest_assured-testng/target/classes/search_category.json#&quot;,&#10;    &quot;pointer&quot; : &quot;/properties/pagination/properties/totalResults&quot;&#10;  },&#10;  &quot;domain&quot; : &quot;syntax&quot;,&#10;  &quot;message&quot; : &quot;the following keywords are unknown and will be ignored: [examples]&quot;,&#10;  &quot;ignored&quot; : [ &quot;examples&quot; ]&#10;}, {&#10;  &quot;level&quot; : &quot;warning&quot;,&#10;  &quot;schema&quot; : {&#10;    &quot;loadingURI&quot; : &quot;file:/C:/Users/ADMIN/Documents/repos/rest_assured-testng/target/classes/search_category.json#&quot;,&#10;    &quot;pointer&quot; : &quot;/properties/products&quot;&#10;  },&#10;  &quot;domain&quot; : &quot;syntax&quot;,&#10;  &quot;message&quot; : &quot;the following keywords are unknown and will be ignored: [examples]&quot;,&#10;  &quot;ignored&quot; : [ &quot;examples&quot; ]&#10;}, {&#10;  &quot;level&quot; : &quot;warning&quot;,&#10;  &quot;schema&quot; : {&#10;    &quot;loadingURI&quot; : &quot;file:/C:/Users/ADMIN/Documents/repos/rest_assured-testng/target/classes/search_category.json#&quot;,&#10;    &quot;pointer&quot; : &quot;/properties/products/items/anyOf/0&quot;&#10;  },&#10;  &quot;domain&quot; : &quot;syntax&quot;,&#10;  &quot;message&quot; : &quot;the following keywords are unknown and will be ignored: [examples]&quot;,&#10;  &quot;ignored&quot; : [ &quot;examples&quot; ]&#10;}, {&#10;  &quot;level&quot; : &quot;warning&quot;,&#10;  &quot;schema&quot; : {&#10;    &quot;loadingURI&quot; : &quot;file:/C:/Users/ADMIN/Documents/repos/rest_assured-testng/target/classes/search_category.json#&quot;,&#10;    &quot;pointer&quot; : &quot;/properties/products/items/anyOf/0/properties/addToCartFromPLPCategories&quot;&#10;  },&#10;  &quot;domain&quot; : &quot;syntax&quot;,&#10;  &quot;message&quot; : &quot;the following keywords are unknown and will be ignored: [examples]&quot;,&#10;  &quot;ignored&quot; : [ &quot;examples&quot; ]&#10;}, {&#10;  &quot;level&quot; : &quot;warning&quot;,&#10;  &quot;schema&quot; : {&#10;    &quot;loadingURI&quot; : &quot;file:/C:/Users/ADMIN/Documents/repos/rest_assured-testng/target/classes/search_category.json#&quot;,&#10;    &quot;pointer&quot; : &quot;/properties/products/items/anyOf/0/properties/addToCartFromPLPCategories/items/anyOf/0&quot;&#10;  },&#10;  &quot;domain&quot; : &quot;syntax&quot;,&#10;  &quot;message&quot; : &quot;the following keywords are unknown and will be ignored: [examples]&quot;,&#10;  &quot;ignored&quot; : [ &quot;examples&quot; ]&#10;}, {&#10;  &quot;level&quot; : &quot;warning&quot;,&#10;  &quot;schema&quot; : {&#10;    &quot;loadingURI&quot; : &quot;file:/C:/Users/ADMIN/Documents/repos/rest_assured-testng/target/classes/search_category.json#&quot;,&#10;    &quot;pointer&quot; : &quot;/properties/products/items/anyOf/0/properties/addToCartFromPLPCategories/items/anyOf/0/properties/key&quot;&#10;  },&#10;  &quot;domain&quot; : &quot;syntax&quot;,&#10;  &quot;message&quot; : &quot;the following keywords are unknown and will be ignored: [examples]&quot;,&#10;  &quot;ignored&quot; : [ &quot;examples&quot; ]&#10;}, {&#10;  &quot;level&quot; : &quot;warning&quot;,&#10;  &quot;schema&quot; : {&#10;    &quot;loadingURI&quot; : &quot;file:/C:/Users/ADMIN/Documents/repos/rest_assured-testng/target/classes/search_category.json#&quot;,&#10;    &quot;pointer&quot; : &quot;/properties/products/items/anyOf/0/properties/addToCartFromPLPCategories/items/anyOf/0/properties/value&quot;&#10;  },&#10;  &quot;domain&quot; : &quot;syntax&quot;,&#10;  &quot;message&quot; : &quot;the following keywords are unknown and will be ignored: [examples]&quot;,&#10;  &quot;ignored&quot; : [ &quot;examples&quot; ]&#10;}, {&#10;  &quot;level&quot; : &quot;warning&quot;,&#10;  &quot;schema&quot; : {&#10;    &quot;loadingURI&quot; : &quot;file:/C:/Users/ADMIN/Documents/repos/rest_assured-testng/target/classes/search_category.json#&quot;,&#10;    &quot;pointer&quot; : &quot;/properties/products/items/anyOf/0/properties/addableToCartFromListingPage&quot;&#10;  },&#10;  &quot;domain&quot; : &quot;syntax&quot;,&#10;  &quot;message&quot; : &quot;the following keywords are unknown and will be ignored: [examples]&quot;,&#10;  &quot;ignored&quot; : [ &quot;examples&quot; ]&#10;}, {&#10;  &quot;level&quot; : &quot;warning&quot;,&#10;  &quot;schema&quot; : {&#10;    &quot;loadingURI&quot; : &quot;file:/C:/Users/ADMIN/Documents/repos/rest_assured-testng/target/classes/search_category.json#&quot;,&#10;    &quot;pointer&quot; : &quot;/properties/products/items/anyOf/0/properties/availableForPreorder&quot;&#10;  },&#10;  &quot;domain&quot; : &quot;syntax&quot;,&#10;  &quot;message&quot; : &quot;the following keywords are unknown and will be ignored: [examples]&quot;,&#10;  &quot;ignored&quot; : [ &quot;examples&quot; ]&#10;}, {&#10;  &quot;level&quot; : &quot;warning&quot;,&#10;  &quot;schema&quot; : {&#10;    &quot;loadingURI&quot; : &quot;file:/C:/Users/ADMIN/Documents/repos/rest_assured-testng/target/classes/search_category.json#&quot;,&#10;    &quot;pointer&quot; : &quot;/properties/products/items/anyOf/0/properties/basePrice&quot;&#10;  },&#10;  &quot;domain&quot; : &quot;syntax&quot;,&#10;  &quot;message&quot; : &quot;the following keywords are unknown and will be ignored: [examples]&quot;,&#10;  &quot;ignored&quot; : [ &quot;examples&quot; ]&#10;}, {&#10;  &quot;level&quot; : &quot;warning&quot;,&#10;  &quot;schema&quot; : {&#10;    &quot;loadingURI&quot; : &quot;file:/C:/Users/ADMIN/Documents/repos/rest_assured-testng/target/classes/search_category.json#&quot;,&#10;    &quot;pointer&quot; : &quot;/properties/products/items/anyOf/0/properties/basePrice/properties/currencyIso&quot;&#10;  },&#10;  &quot;domain&quot; : &quot;syntax&quot;,&#10;  &quot;message&quot; : &quot;the following keywords are unknown and will be ignored: [examples]&quot;,&#10;  &quot;ignored&quot; : [ &quot;examples&quot; ]&#10;}, {&#10;  &quot;level&quot; : &quot;warning&quot;,&#10;  &quot;schema&quot; : {&#10;    &quot;loadingURI&quot; : &quot;file:/C:/Users/ADMIN/Documents/repos/rest_assured-testng/target/classes/search_category.json#&quot;,&#10;    &quot;pointer&quot; : &quot;/properties/products/items/anyOf/0/properties/basePrice/properties/formattedValue&quot;&#10;  },&#10;  &quot;domain&quot; : &quot;syntax&quot;,&#10;  &quot;message&quot; : &quot;the following keywords are unknown and will be ignored: [examples]&quot;,&#10;  &quot;ignored&quot; : [ &quot;examples&quot; ]&#10;}, {&#10;  &quot;level&quot; : &quot;warning&quot;,&#10;  &quot;schema&quot; : {&#10;    &quot;loadingURI&quot; : &quot;file:/C:/Users/ADMIN/Documents/repos/rest_assured-testng/target/classes/search_category.json#&quot;,&#10;    &quot;pointer&quot; : &quot;/properties/products/items/anyOf/0/properties/basePrice/properties/priceType&quot;&#10;  },&#10;  &quot;domain&quot; : &quot;syntax&quot;,&#10;  &quot;message&quot; : &quot;the following keywords are unknown and will be ignored: [examples]&quot;,&#10;  &quot;ignored&quot; : [ &quot;examples&quot; ]&#10;}, {&#10;  &quot;level&quot; : &quot;warning&quot;,&#10;  &quot;schema&quot; : {&#10;    &quot;loadingURI&quot; : &quot;file:/C:/Users/ADMIN/Documents/repos/rest_assured-testng/target/classes/search_category.json#&quot;,&#10;    &quot;pointer&quot; : &quot;/properties/products/items/anyOf/0/properties/basePrice/properties/value&quot;&#10;  },&#10;  &quot;domain&quot; : &quot;syntax&quot;,&#10;  &quot;message&quot; : &quot;the following keywords are unknown and will be ignored: [examples]&quot;,&#10;  &quot;ignored&quot; : [ &quot;examples&quot; ]&#10;}, {&#10;  &quot;level&quot; : &quot;warning&quot;,&#10;  &quot;schema&quot; : {&#10;    &quot;loadingURI&quot; : &quot;file:/C:/Users/ADMIN/Documents/repos/rest_assured-testng/target/classes/search_category.json#&quot;,&#10;    &quot;pointer&quot; : &quot;/properties/products/items/anyOf/0/properties/businessDelivery&quot;&#10;  },&#10;  &quot;domain&quot; : &quot;syntax&quot;,&#10;  &quot;message&quot; : &quot;the following keywords are unknown and will be ignored: [examples]&quot;,&#10;  &quot;ignored&quot; : [ &quot;examples&quot; ]&#10;}, {&#10;  &quot;level&quot; : &quot;warning&quot;,&#10;  &quot;schema&quot; : {&#10;    &quot;loadingURI&quot; : &quot;file:/C:/Users/ADMIN/Documents/repos/rest_assured-testng/target/classes/search_category.json#&quot;,&#10;    &quot;pointer&quot; : &quot;/properties/products/items/anyOf/0/properties/code&quot;&#10;  },&#10;  &quot;domain&quot; : &quot;syntax&quot;,&#10;  &quot;message&quot; : &quot;the following keywords are unknown and will be ignored: [examples]&quot;,&#10;  &quot;ignored&quot; : [ &quot;examples&quot; ]&#10;}, {&#10;  &quot;level&quot; : &quot;warning&quot;,&#10;  &quot;schema&quot; : {&#10;    &quot;loadingURI&quot; : &quot;file:/C:/Users/ADMIN/Documents/repos/rest_assured-testng/target/classes/search_category.json#&quot;,&#10;    &quot;pointer&quot; : &quot;/properties/products/items/anyOf/0/properties/decalData&quot;&#10;  },&#10;  &quot;domain&quot; : &quot;syntax&quot;,&#10;  &quot;message&quot; : &quot;the following keywords are unknown and will be ignored: [examples]&quot;,&#10;  &quot;ignored&quot; : [ &quot;examples&quot; ]&#10;}, {&#10;  &quot;level&quot; : &quot;warning&quot;,&#10;  &quot;schema&quot; : {&#10;    &quot;loadingURI&quot; : &quot;file:/C:/Users/ADMIN/Documents/repos/rest_assured-testng/target/classes/search_category.json#&quot;,&#10;    &quot;pointer&quot; : &quot;/properties/products/items/anyOf/0/properties/decalData/items/anyOf/0&quot;&#10;  },&#10;  &quot;domain&quot; : &quot;syntax&quot;,&#10;  &quot;message&quot; : &quot;the following keywords are unknown and will be ignored: [examples]&quot;,&#10;  &quot;ignored&quot; : [ &quot;examples&quot; ]&#10;}, {&#10;  &quot;level&quot; : &quot;warning&quot;,&#10;  &quot;schema&quot; : {&#10;    &quot;loadingURI&quot; : &quot;file:/C:/Users/ADMIN/Documents/repos/rest_assured-testng/target/classes/search_category.json#&quot;,&#10;    &quot;pointer&quot; : &quot;/properties/products/items/anyOf/0/properties/decalData/items/anyOf/0/properties/key&quot;&#10;  },&#10;  &quot;domain&quot; : &quot;syntax&quot;,&#10;  &quot;message&quot; : &quot;the following keywords are unknown and will be ignored: [examples]&quot;,&#10;  &quot;ignored&quot; : [ &quot;examples&quot; ]&#10;}, {&#10;  &quot;level&quot; : &quot;warning&quot;,&#10;  &quot;schema&quot; : {&#10;    &quot;loadingURI&quot; : &quot;file:/C:/Users/ADMIN/Documents/repos/rest_assured-testng/target/classes/search_category.json#&quot;,&#10;    &quot;pointer&quot; : &quot;/properties/products/items/anyOf/0/properties/decalData/items/anyOf/0/properties/value&quot;&#10;  },&#10;  &quot;domain&quot; : &quot;syntax&quot;,&#10;  &quot;message&quot; : &quot;the following keywords are unknown and will be ignored: [examples]&quot;,&#10;  &quot;ignored&quot; : [ &quot;examples&quot; ]&#10;}, {&#10;  &quot;level&quot; : &quot;warning&quot;,&#10;  &quot;schema&quot; : {&#10;    &quot;loadingURI&quot; : &quot;file:/C:/Users/ADMIN/Documents/repos/rest_assured-testng/target/classes/search_category.json#&quot;,&#10;    &quot;pointer&quot; : &quot;/properties/products/items/anyOf/0/properties/decalData/items/anyOf/0/properties/value/properties/altText&quot;&#10;  },&#10;  &quot;domain&quot; : &quot;syntax&quot;,&#10;  &quot;message&quot; : &quot;the following keywords are unknown and will be ignored: [examples]&quot;,&#10;  &quot;ignored&quot; : [ &quot;examples&quot; ]&#10;}, {&#10;  &quot;level&quot; : &quot;warning&quot;,&#10;  &quot;schema&quot; : {&#10;    &quot;loadingURI&quot; : &quot;file:/C:/Users/ADMIN/Documents/repos/rest_assured-testng/target/classes/search_category.json#&quot;,&#10;    &quot;pointer&quot; : &quot;/properties/products/items/anyOf/0/properties/decalData/items/anyOf/0/properties/value/properties/position&quot;&#10;  },&#10;  &quot;domain&quot; : &quot;syntax&quot;,&#10;  &quot;message&quot; : &quot;the following keywords are unknown and will be ignored: [examples]&quot;,&#10;  &quot;ignored&quot; : [ &quot;examples&quot; ]&#10;}, {&#10;  &quot;level&quot; : &quot;warning&quot;,&#10;  &quot;schema&quot; : {&#10;    &quot;loadingURI&quot; : &quot;file:/C:/Users/ADMIN/Documents/repos/rest_assured-testng/target/classes/search_category.json#&quot;,&#10;    &quot;pointer&quot; : &quot;/properties/products/items/anyOf/0/properties/decalData/items/anyOf/0/properties/value/properties/url&quot;&#10;  },&#10;  &quot;domain&quot; : &quot;syntax&quot;,&#10;  &quot;message&quot; : &quot;the following keywords are unknown and will be ignored: [examples]&quot;,&#10;  &quot;ignored&quot; : [ &quot;examples&quot; ]&#10;}, {&#10;  &quot;level&quot; : &quot;warning&quot;,&#10;  &quot;schema&quot; : {&#10;    &quot;loadingURI&quot; : &quot;file:/C:/Users/ADMIN/Documents/repos/rest_assured-testng/target/classes/search_category.json#&quot;,&#10;    &quot;pointer&quot; : &quot;/properties/products/items/anyOf/0/properties/description&quot;&#10;  },&#10;  &quot;domain&quot; : &quot;syntax&quot;,&#10;  &quot;message&quot; : &quot;the following keywords are unknown and will be ignored: [examples]&quot;,&#10;  &quot;ignored&quot; : [ &quot;examples&quot; ]&#10;}, {&#10;  &quot;level&quot; : &quot;warning&quot;,&#10;  &quot;schema&quot; : {&#10;    &quot;loadingURI&quot; : &quot;file:/C:/Users/ADMIN/Documents/repos/rest_assured-testng/target/classes/search_category.json#&quot;,&#10;    &quot;pointer&quot; : &quot;/properties/products/items/anyOf/0/properties/englishName&quot;&#10;  },&#10;  &quot;domain&quot; : &quot;syntax&quot;,&#10;  &quot;message&quot; : &quot;the following keywords are unknown and will be ignored: [examples]&quot;,&#10;  &quot;ignored&quot; : [ &quot;examples&quot; ]&#10;}, {&#10;  &quot;level&quot; : &quot;warning&quot;,&#10;  &quot;schema&quot; : {&#10;    &quot;loadingURI&quot; : &quot;file:/C:/Users/ADMIN/Documents/repos/rest_assured-testng/target/classes/search_category.json#&quot;,&#10;    &quot;pointer&quot; : &quot;/properties/products/items/anyOf/0/properties/expeditedDelivery&quot;&#10;  },&#10;  &quot;domain&quot; : &quot;syntax&quot;,&#10;  &quot;message&quot; : &quot;the following keywords are unknown and will be ignored: [examples]&quot;,&#10;  &quot;ignored&quot; : [ &quot;examples&quot; ]&#10;}, {&#10;  &quot;level&quot; : &quot;warning&quot;,&#10;  &quot;schema&quot; : {&#10;    &quot;loadingURI&quot; : &quot;file:/C:/Users/ADMIN/Documents/repos/rest_assured-testng/target/classes/search_category.json#&quot;,&#10;    &quot;pointer&quot; : &quot;/properties/products/items/anyOf/0/properties/hasPricePerUnit&quot;&#10;  },&#10;  &quot;domain&quot; : &quot;syntax&quot;,&#10;  &quot;message&quot; : &quot;the following keywords are unknown and will be ignored: [examples]&quot;,&#10;  &quot;ignored&quot; : [ &quot;examples&quot; ]&#10;}, {&#10;  &quot;level&quot; : &quot;warning&quot;,&#10;  &quot;schema&quot; : {&#10;    &quot;loadingURI&quot; : &quot;file:/C:/Users/ADMIN/Documents/repos/rest_assured-testng/target/classes/search_category.json#&quot;,&#10;    &quot;pointer&quot; : &quot;/properties/products/items/anyOf/0/properties/hidePriceValue&quot;&#10;  },&#10;  &quot;domain&quot; : &quot;syntax&quot;,&#10;  &quot;message&quot; : &quot;the following keywords are unknown and will be ignored: [examples]&quot;,&#10;  &quot;ignored&quot; : [ &quot;examples&quot; ]&#10;}, {&#10;  &quot;level&quot; : &quot;warning&quot;,&#10;  &quot;schema&quot; : {&#10;    &quot;loadingURI&quot; : &quot;file:/C:/Users/ADMIN/Documents/repos/rest_assured-testng/target/classes/search_category.json#&quot;,&#10;    &quot;pointer&quot; : &quot;/properties/products/items/anyOf/0/properties/images&quot;&#10;  },&#10;  &quot;domain&quot; : &quot;syntax&quot;,&#10;  &quot;message&quot; : &quot;the following keywords are unknown and will be ignored: [examples]&quot;,&#10;  &quot;ignored&quot; : [ &quot;examples&quot; ]&#10;}, {&#10;  &quot;level&quot; : &quot;warning&quot;,&#10;  &quot;schema&quot; : {&#10;    &quot;loadingURI&quot; : &quot;file:/C:/Users/ADMIN/Documents/repos/rest_assured-testng/target/classes/search_category.json#&quot;,&#10;    &quot;pointer&quot; : &quot;/properties/products/items/anyOf/0/properties/images/items/anyOf/0&quot;&#10;  },&#10;  &quot;domain&quot; : &quot;syntax&quot;,&#10;  &quot;message&quot; : &quot;the following keywords are unknown and will be ignored: [examples]&quot;,&#10;  &quot;ignored&quot; : [ &quot;examples&quot; ]&#10;}, {&#10;  &quot;level&quot; : &quot;warning&quot;,&#10;  &quot;schema&quot; : {&#10;    &quot;loadingURI&quot; : &quot;file:/C:/Users/ADMIN/Documents/repos/rest_assured-testng/target/classes/search_category.json#&quot;,&#10;    &quot;pointer&quot; : &quot;/properties/products/items/anyOf/0/properties/images/items/anyOf/0/properties/format&quot;&#10;  },&#10;  &quot;domain&quot; : &quot;syntax&quot;,&#10;  &quot;message&quot; : &quot;the following keywords are unknown and will be ignored: [examples]&quot;,&#10;  &quot;ignored&quot; : [ &quot;examples&quot; ]&#10;}, {&#10;  &quot;level&quot; : &quot;warning&quot;,&#10;  &quot;schema&quot; : {&#10;    &quot;loadingURI&quot; : &quot;file:/C:/Users/ADMIN/Documents/repos/rest_assured-testng/target/classes/search_category.json#&quot;,&#10;    &quot;pointer&quot; : &quot;/properties/products/items/anyOf/0/properties/images/items/anyOf/0/properties/imageType&quot;&#10;  },&#10;  &quot;domain&quot; : &quot;syntax&quot;,&#10;  &quot;message&quot; : &quot;the following keywords are unknown and will be ignored: [examples]&quot;,&#10;  &quot;ignored&quot; : [ &quot;examples&quot; ]&#10;}, {&#10;  &quot;level&quot; : &quot;warning&quot;,&#10;  &quot;schema&quot; : {&#10;    &quot;loadingURI&quot; : &quot;file:/C:/Users/ADMIN/Documents/repos/rest_assured-testng/target/classes/search_category.json#&quot;,&#10;    &quot;pointer&quot; : &quot;/properties/products/items/anyOf/0/properties/images/items/anyOf/0/properties/url&quot;&#10;  },&#10;  &quot;domain&quot; : &quot;syntax&quot;,&#10;  &quot;message&quot; : &quot;the following keywords are unknown and will be ignored: [examples]&quot;,&#10;  &quot;ignored&quot; : [ &quot;examples&quot; ]&#10;}, {&#10;  &quot;level&quot; : &quot;warning&quot;,&#10;  &quot;schema&quot; : {&#10;    &quot;loadingURI&quot; : &quot;file:/C:/Users/ADMIN/Documents/repos/rest_assured-testng/target/classes/search_category.json#&quot;,&#10;    &quot;pointer&quot; : &quot;/properties/products/items/anyOf/0/properties/isBaseProduct&quot;&#10;  },&#10;  &quot;domain&quot; : &quot;syntax&quot;,&#10;  &quot;message&quot; : &quot;the following keywords are unknown and will be ignored: [examples]&quot;,&#10;  &quot;ignored&quot; : [ &quot;examples&quot; ]&#10;}, {&#10;  &quot;level&quot; : &quot;warning&quot;,&#10;  &quot;schema&quot; : {&#10;    &quot;loadingURI&quot; : &quot;file:/C:/Users/ADMIN/Documents/repos/rest_assured-testng/target/classes/search_category.json#&quot;,&#10;    &quot;pointer&quot; : &quot;/properties/products/items/anyOf/0/properties/isExternalVendorProduct&quot;&#10;  },&#10;  &quot;domain&quot; : &quot;syntax&quot;,&#10;  &quot;message&quot; : &quot;the following keywords are unknown and will be ignored: [examples]&quot;,&#10;  &quot;ignored&quot; : [ &quot;examples&quot; ]&#10;}, {&#10;  &quot;level&quot; : &quot;warning&quot;,&#10;  &quot;schema&quot; : {&#10;    &quot;loadingURI&quot; : &quot;file:/C:/Users/ADMIN/Documents/repos/rest_assured-testng/target/classes/search_category.json#&quot;,&#10;    &quot;pointer&quot; : &quot;/properties/products/items/anyOf/0/properties/isExternalVendorVariantProduct&quot;&#10;  },&#10;  &quot;domain&quot; : &quot;syntax&quot;,&#10;  &quot;message&quot; : &quot;the following keywords are unknown and will be ignored: [examples]&quot;,&#10;  &quot;ignored&quot; : [ &quot;examples&quot; ]&#10;}, {&#10;  &quot;level&quot; : &quot;warning&quot;,&#10;  &quot;schema&quot; : {&#10;    &quot;loadingURI&quot; : &quot;file:/C:/Users/ADMIN/Documents/repos/rest_assured-testng/target/classes/search_category.json#&quot;,&#10;    &quot;pointer&quot; : &quot;/properties/products/items/anyOf/0/properties/minOrderQuantity&quot;&#10;  },&#10;  &quot;domain&quot; : &quot;syntax&quot;,&#10;  &quot;message&quot; : &quot;the following keywords are unknown and will be ignored: [examples]&quot;,&#10;  &quot;ignored&quot; : [ &quot;examples&quot; ]&#10;}, {&#10;  &quot;level&quot; : &quot;warning&quot;,&#10;  &quot;schema&quot; : {&#10;    &quot;loadingURI&quot; : &quot;file:/C:/Users/ADMIN/Documents/repos/rest_assured-testng/target/classes/search_category.json#&quot;,&#10;    &quot;pointer&quot; : &quot;/properties/products/items/anyOf/0/properties/modulusItemQuantity&quot;&#10;  },&#10;  &quot;domain&quot; : &quot;syntax&quot;,&#10;  &quot;message&quot; : &quot;the following keywords are unknown and will be ignored: [examples]&quot;,&#10;  &quot;ignored&quot; : [ &quot;examples&quot; ]&#10;}, {&#10;  &quot;level&quot; : &quot;warning&quot;,&#10;  &quot;schema&quot; : {&#10;    &quot;loadingURI&quot; : &quot;file:/C:/Users/ADMIN/Documents/repos/rest_assured-testng/target/classes/search_category.json#&quot;,&#10;    &quot;pointer&quot; : &quot;/properties/products/items/anyOf/0/properties/name&quot;&#10;  },&#10;  &quot;domain&quot; : &quot;syntax&quot;,&#10;  &quot;message&quot; : &quot;the following keywords are unknown and will be ignored: [examples]&quot;,&#10;  &quot;ignored&quot; : [ &quot;examples&quot; ]&#10;}, {&#10;  &quot;level&quot; : &quot;warning&quot;,&#10;  &quot;schema&quot; : {&#10;    &quot;loadingURI&quot; : &quot;file:/C:/Users/ADMIN/Documents/repos/rest_assured-testng/target/classes/search_category.json#&quot;,&#10;    &quot;pointer&quot; : &quot;/properties/products/items/anyOf/0/properties/price&quot;&#10;  },&#10;  &quot;domain&quot; : &quot;syntax&quot;,&#10;  &quot;message&quot; : &quot;the following keywords are unknown and will be ignored: [examples]&quot;,&#10;  &quot;ignored&quot; : [ &quot;examples&quot; ]&#10;}, {&#10;  &quot;level&quot; : &quot;warning&quot;,&#10;  &quot;schema&quot; : {&#10;    &quot;loadingURI&quot; : &quot;file:/C:/Users/ADMIN/Documents/repos/rest_assured-testng/target/classes/search_category.json#&quot;,&#10;    &quot;pointer&quot; : &quot;/properties/products/items/anyOf/0/properties/price/properties/currencyIso&quot;&#10;  },&#10;  &quot;domain&quot; : &quot;syntax&quot;,&#10;  &quot;message&quot; : &quot;the following keywords are unknown and will be ignored: [examples]&quot;,&#10;  &quot;ignored&quot; : [ &quot;examples&quot; ]&#10;}, {&#10;  &quot;level&quot; : &quot;warning&quot;,&#10;  &quot;schema&quot; : {&#10;    &quot;loadingURI&quot; : &quot;file:/C:/Users/ADMIN/Documents/repos/rest_assured-testng/target/classes/search_category.json#&quot;,&#10;    &quot;pointer&quot; : &quot;/properties/products/items/anyOf/0/properties/price/properties/formattedValue&quot;&#10;  },&#10;  &quot;domain&quot; : &quot;syntax&quot;,&#10;  &quot;message&quot; : &quot;the following keywords are unknown and will be ignored: [examples]&quot;,&#10;  &quot;ignored&quot; : [ &quot;examples&quot; ]&#10;}, {&#10;  &quot;level&quot; : &quot;warning&quot;,&#10;  &quot;schema&quot; : {&#10;    &quot;loadingURI&quot; : &quot;file:/C:/Users/ADMIN/Documents/repos/rest_assured-testng/target/classes/search_category.json#&quot;,&#10;    &quot;pointer&quot; : &quot;/properties/products/items/anyOf/0/properties/price/properties/priceType&quot;&#10;  },&#10;  &quot;domain&quot; : &quot;syntax&quot;,&#10;  &quot;message&quot; : &quot;the following keywords are unknown and will be ignored: [examples]&quot;,&#10;  &quot;ignored&quot; : [ &quot;examples&quot; ]&#10;}, {&#10;  &quot;level&quot; : &quot;warning&quot;,&#10;  &quot;schema&quot; : {&#10;    &quot;loadingURI&quot; : &quot;file:/C:/Users/ADMIN/Documents/repos/rest_assured-testng/target/classes/search_category.json#&quot;,&#10;    &quot;pointer&quot; : &quot;/properties/products/items/anyOf/0/properties/price/properties/value&quot;&#10;  },&#10;  &quot;domain&quot; : &quot;syntax&quot;,&#10;  &quot;message&quot; : &quot;the following keywords are unknown and will be ignored: [examples]&quot;,&#10;  &quot;ignored&quot; : [ &quot;examples&quot; ]&#10;}, {&#10;  &quot;level&quot; : &quot;warning&quot;,&#10;  &quot;schema&quot; : {&#10;    &quot;loadingURI&quot; : &quot;file:/C:/Users/ADMIN/Documents/repos/rest_assured-testng/target/classes/search_category.json#&quot;,&#10;    &quot;pointer&quot; : &quot;/properties/products/items/anyOf/0/properties/purchasable&quot;&#10;  },&#10;  &quot;domain&quot; : &quot;syntax&quot;,&#10;  &quot;message&quot; : &quot;the following keywords are unknown and will be ignored: [examples]&quot;,&#10;  &quot;ignored&quot; : [ &quot;examples&quot; ]&#10;}, {&#10;  &quot;level&quot; : &quot;warning&quot;,&#10;  &quot;schema&quot; : {&#10;    &quot;loadingURI&quot; : &quot;file:/C:/Users/ADMIN/Documents/repos/rest_assured-testng/target/classes/search_category.json#&quot;,&#10;    &quot;pointer&quot; : &quot;/properties/products/items/anyOf/0/properties/randomWeight&quot;&#10;  },&#10;  &quot;domain&quot; : &quot;syntax&quot;,&#10;  &quot;message&quot; : &quot;the following keywords are unknown and will be ignored: [examples]&quot;,&#10;  &quot;ignored&quot; : [ &quot;examples&quot; ]&#10;}, {&#10;  &quot;level&quot; : &quot;warning&quot;,&#10;  &quot;schema&quot; : {&#10;    &quot;loadingURI&quot; : &quot;file:/C:/Users/ADMIN/Documents/repos/rest_assured-testng/target/classes/search_category.json#&quot;,&#10;    &quot;pointer&quot; : &quot;/properties/products/items/anyOf/0/properties/shippingIncluded&quot;&#10;  },&#10;  &quot;domain&quot; : &quot;syntax&quot;,&#10;  &quot;message&quot; : &quot;the following keywords are unknown and will be ignored: [examples]&quot;,&#10;  &quot;ignored&quot; : [ &quot;examples&quot; ]&#10;}, {&#10;  &quot;level&quot; : &quot;warning&quot;,&#10;  &quot;schema&quot; : {&#10;    &quot;loadingURI&quot; : &quot;file:/C:/Users/ADMIN/Documents/repos/rest_assured-testng/target/classes/search_category.json#&quot;,&#10;    &quot;pointer&quot; : &quot;/properties/products/items/anyOf/0/properties/stock&quot;&#10;  },&#10;  &quot;domain&quot; : &quot;syntax&quot;,&#10;  &quot;message&quot; : &quot;the following keywords are unknown and will be ignored: [examples]&quot;,&#10;  &quot;ignored&quot; : [ &quot;examples&quot; ]&#10;}, {&#10;  &quot;level&quot; : &quot;warning&quot;,&#10;  &quot;schema&quot; : {&#10;    &quot;loadingURI&quot; : &quot;file:/C:/Users/ADMIN/Documents/repos/rest_assured-testng/target/classes/search_category.json#&quot;,&#10;    &quot;pointer&quot; : &quot;/properties/products/items/anyOf/0/properties/stock/properties/contactDay&quot;&#10;  },&#10;  &quot;domain&quot; : &quot;syntax&quot;,&#10;  &quot;message&quot; : &quot;the following keywords are unknown and will be ignored: [examples]&quot;,&#10;  &quot;ignored&quot; : [ &quot;examples&quot; ]&#10;}, {&#10;  &quot;level&quot; : &quot;warning&quot;,&#10;  &quot;schema&quot; : {&#10;    &quot;loadingURI&quot; : &quot;file:/C:/Users/ADMIN/Documents/repos/rest_assured-testng/target/classes/search_category.json#&quot;,&#10;    &quot;pointer&quot; : &quot;/properties/products/items/anyOf/0/properties/stock/properties/deliveryLeadTime&quot;&#10;  },&#10;  &quot;domain&quot; : &quot;syntax&quot;,&#10;  &quot;message&quot; : &quot;the following keywords are unknown and will be ignored: [examples]&quot;,&#10;  &quot;ignored&quot; : [ &quot;examples&quot; ]&#10;}, {&#10;  &quot;level&quot; : &quot;warning&quot;,&#10;  &quot;schema&quot; : {&#10;    &quot;loadingURI&quot; : &quot;file:/C:/Users/ADMIN/Documents/repos/rest_assured-testng/target/classes/search_category.json#&quot;,&#10;    &quot;pointer&quot; : &quot;/properties/products/items/anyOf/0/properties/stock/properties/stockLevelStatus&quot;&#10;  },&#10;  &quot;domain&quot; : &quot;syntax&quot;,&#10;  &quot;message&quot; : &quot;the following keywords are unknown and will be ignored: [examples]&quot;,&#10;  &quot;ignored&quot; : [ &quot;examples&quot; ]&#10;}, {&#10;  &quot;level&quot; : &quot;warning&quot;,&#10;  &quot;schema&quot; : {&#10;    &quot;loadingURI&quot; : &quot;file:/C:/Users/ADMIN/Documents/repos/rest_assured-testng/target/classes/search_category.json#&quot;,&#10;    &quot;pointer&quot; : &quot;/properties/products/items/anyOf/0/properties/summary&quot;&#10;  },&#10;  &quot;domain&quot; : &quot;syntax&quot;,&#10;  &quot;message&quot; : &quot;the following keywords are unknown and will be ignored: [examples]&quot;,&#10;  &quot;ignored&quot; : [ &quot;examples&quot; ]&#10;}, {&#10;  &quot;level&quot; : &quot;warning&quot;,&#10;  &quot;schema&quot; : {&#10;    &quot;loadingURI&quot; : &quot;file:/C:/Users/ADMIN/Documents/repos/rest_assured-testng/target/classes/search_category.json#&quot;,&#10;    &quot;pointer&quot; : &quot;/properties/products/items/anyOf/0/properties/url&quot;&#10;  },&#10;  &quot;domain&quot; : &quot;syntax&quot;,&#10;  &quot;message&quot; : &quot;the following keywords are unknown and will be ignored: [examples]&quot;,&#10;  &quot;ignored&quot; : [ &quot;examples&quot; ]&#10;}, {&#10;  &quot;level&quot; : &quot;warning&quot;,&#10;  &quot;schema&quot; : {&#10;    &quot;loadingURI&quot; : &quot;file:/C:/Users/ADMIN/Documents/repos/rest_assured-testng/target/classes/search_category.json#&quot;,&#10;    &quot;pointer&quot; : &quot;/properties/products/items/anyOf/0/properties/warehouseHidePriceValue&quot;&#10;  },&#10;  &quot;domain&quot; : &quot;syntax&quot;,&#10;  &quot;message&quot; : &quot;the following keywords are unknown and will be ignored: [examples]&quot;,&#10;  &quot;ignored&quot; : [ &quot;examples&quot; ]&#10;}, {&#10;  &quot;level&quot; : &quot;warning&quot;,&#10;  &quot;schema&quot; : {&#10;    &quot;loadingURI&quot; : &quot;file:/C:/Users/ADMIN/Documents/repos/rest_assured-testng/target/classes/search_category.json#&quot;,&#10;    &quot;pointer&quot; : &quot;/properties/products/items/anyOf/1&quot;&#10;  },&#10;  &quot;domain&quot; : &quot;syntax&quot;,&#10;  &quot;message&quot; : &quot;the following keywords are unknown and will be ignored: [examples]&quot;,&#10;  &quot;ignored&quot; : [ &quot;examples&quot; ]&#10;}, {&#10;  &quot;level&quot; : &quot;warning&quot;,&#10;  &quot;schema&quot; : {&#10;    &quot;loadingURI&quot; : &quot;file:/C:/Users/ADMIN/Documents/repos/rest_assured-testng/target/classes/search_category.json#&quot;,&#10;    &quot;pointer&quot; : &quot;/properties/products/items/anyOf/1/properties/addToCartFromPLPCategories&quot;&#10;  },&#10;  &quot;domain&quot; : &quot;syntax&quot;,&#10;  &quot;message&quot; : &quot;the following keywords are unknown and will be ignored: [examples]&quot;,&#10;  &quot;ignored&quot; : [ &quot;examples&quot; ]&#10;}, {&#10;  &quot;level&quot; : &quot;warning&quot;,&#10;  &quot;schema&quot; : {&#10;    &quot;loadingURI&quot; : &quot;file:/C:/Users/ADMIN/Documents/repos/rest_assured-testng/target/classes/search_category.json#&quot;,&#10;    &quot;pointer&quot; : &quot;/properties/products/items/anyOf/1/properties/addToCartFromPLPCategories/items/anyOf/0&quot;&#10;  },&#10;  &quot;domain&quot; : &quot;syntax&quot;,&#10;  &quot;message&quot; : &quot;the following keywords are unknown and will be ignored: [examples]&quot;,&#10;  &quot;ignored&quot; : [ &quot;examples&quot; ]&#10;}, {&#10;  &quot;level&quot; : &quot;warning&quot;,&#10;  &quot;schema&quot; : {&#10;    &quot;loadingURI&quot; : &quot;file:/C:/Users/ADMIN/Documents/repos/rest_assured-testng/target/classes/search_category.json#&quot;,&#10;    &quot;pointer&quot; : &quot;/properties/products/items/anyOf/1/properties/addToCartFromPLPCategories/items/anyOf/0/properties/key&quot;&#10;  },&#10;  &quot;domain&quot; : &quot;syntax&quot;,&#10;  &quot;message&quot; : &quot;the following keywords are unknown and will be ignored: [examples]&quot;,&#10;  &quot;ignored&quot; : [ &quot;examples&quot; ]&#10;}, {&#10;  &quot;level&quot; : &quot;warning&quot;,&#10;  &quot;schema&quot; : {&#10;    &quot;loadingURI&quot; : &quot;file:/C:/Users/ADMIN/Documents/repos/rest_assured-testng/target/classes/search_category.json#&quot;,&#10;    &quot;pointer&quot; : &quot;/properties/products/items/anyOf/1/properties/addToCartFromPLPCategories/items/anyOf/0/properties/value&quot;&#10;  },&#10;  &quot;domain&quot; : &quot;syntax&quot;,&#10;  &quot;message&quot; : &quot;the following keywords are unknown and will be ignored: [examples]&quot;,&#10;  &quot;ignored&quot; : [ &quot;examples&quot; ]&#10;}, {&#10;  &quot;level&quot; : &quot;warning&quot;,&#10;  &quot;schema&quot; : {&#10;    &quot;loadingURI&quot; : &quot;file:/C:/Users/ADMIN/Documents/repos/rest_assured-testng/target/classes/search_category.json#&quot;,&#10;    &quot;pointer&quot; : &quot;/properties/products/items/anyOf/1/properties/addableToCartFromListingPage&quot;&#10;  },&#10;  &quot;domain&quot; : &quot;syntax&quot;,&#10;  &quot;message&quot; : &quot;the following keywords are unknown and will be ignored: [examples]&quot;,&#10;  &quot;ignored&quot; : [ &quot;examples&quot; ]&#10;}, {&#10;  &quot;level&quot; : &quot;warning&quot;,&#10;  &quot;schema&quot; : {&#10;    &quot;loadingURI&quot; : &quot;file:/C:/Users/ADMIN/Documents/repos/rest_assured-testng/target/classes/search_category.json#&quot;,&#10;    &quot;pointer&quot; : &quot;/properties/products/items/anyOf/1/properties/availableForPreorder&quot;&#10;  },&#10;  &quot;domain&quot; : &quot;syntax&quot;,&#10;  &quot;message&quot; : &quot;the following keywords are unknown and will be ignored: [examples]&quot;,&#10;  &quot;ignored&quot; : [ &quot;examples&quot; ]&#10;}, {&#10;  &quot;level&quot; : &quot;warning&quot;,&#10;  &quot;schema&quot; : {&#10;    &quot;loadingURI&quot; : &quot;file:/C:/Users/ADMIN/Documents/repos/rest_assured-testng/target/classes/search_category.json#&quot;,&#10;    &quot;pointer&quot; : &quot;/properties/products/items/anyOf/1/properties/basePrice&quot;&#10;  },&#10;  &quot;domain&quot; : &quot;syntax&quot;,&#10;  &quot;message&quot; : &quot;the following keywords are unknown and will be ignored: [examples]&quot;,&#10;  &quot;ignored&quot; : [ &quot;examples&quot; ]&#10;}, {&#10;  &quot;level&quot; : &quot;warning&quot;,&#10;  &quot;schema&quot; : {&#10;    &quot;loadingURI&quot; : &quot;file:/C:/Users/ADMIN/Documents/repos/rest_assured-testng/target/classes/search_category.json#&quot;,&#10;    &quot;pointer&quot; : &quot;/properties/products/items/anyOf/1/properties/basePrice/properties/currencyIso&quot;&#10;  },&#10;  &quot;domain&quot; : &quot;syntax&quot;,&#10;  &quot;message&quot; : &quot;the following keywords are unknown and will be ignored: [examples]&quot;,&#10;  &quot;ignored&quot; : [ &quot;examples&quot; ]&#10;}, {&#10;  &quot;level&quot; : &quot;warning&quot;,&#10;  &quot;schema&quot; : {&#10;    &quot;loadingURI&quot; : &quot;file:/C:/Users/ADMIN/Documents/repos/rest_assured-testng/target/classes/search_category.json#&quot;,&#10;    &quot;pointer&quot; : &quot;/properties/products/items/anyOf/1/properties/basePrice/properties/formattedValue&quot;&#10;  },&#10;  &quot;domain&quot; : &quot;syntax&quot;,&#10;  &quot;message&quot; : &quot;the following keywords are unknown and will be ignored: [examples]&quot;,&#10;  &quot;ignored&quot; : [ &quot;examples&quot; ]&#10;}, {&#10;  &quot;level&quot; : &quot;warning&quot;,&#10;  &quot;schema&quot; : {&#10;    &quot;loadingURI&quot; : &quot;file:/C:/Users/ADMIN/Documents/repos/rest_assured-testng/target/classes/search_category.json#&quot;,&#10;    &quot;pointer&quot; : &quot;/properties/products/items/anyOf/1/properties/basePrice/properties/priceType&quot;&#10;  },&#10;  &quot;domain&quot; : &quot;syntax&quot;,&#10;  &quot;message&quot; : &quot;the following keywords are unknown and will be ignored: [examples]&quot;,&#10;  &quot;ignored&quot; : [ &quot;examples&quot; ]&#10;}, {&#10;  &quot;level&quot; : &quot;warning&quot;,&#10;  &quot;schema&quot; : {&#10;    &quot;loadingURI&quot; : &quot;file:/C:/Users/ADMIN/Documents/repos/rest_assured-testng/target/classes/search_category.json#&quot;,&#10;    &quot;pointer&quot; : &quot;/properties/products/items/anyOf/1/properties/basePrice/properties/value&quot;&#10;  },&#10;  &quot;domain&quot; : &quot;syntax&quot;,&#10;  &quot;message&quot; : &quot;the following keywords are unknown and will be ignored: [examples]&quot;,&#10;  &quot;ignored&quot; : [ &quot;examples&quot; ]&#10;}, {&#10;  &quot;level&quot; : &quot;warning&quot;,&#10;  &quot;schema&quot; : {&#10;    &quot;loadingURI&quot; : &quot;file:/C:/Users/ADMIN/Documents/repos/rest_assured-testng/target/classes/search_category.json#&quot;,&#10;    &quot;pointer&quot; : &quot;/properties/products/items/anyOf/1/properties/businessDelivery&quot;&#10;  },&#10;  &quot;domain&quot; : &quot;syntax&quot;,&#10;  &quot;message&quot; : &quot;the following keywords are unknown and will be ignored: [examples]&quot;,&#10;  &quot;ignored&quot; : [ &quot;examples&quot; ]&#10;}, {&#10;  &quot;level&quot; : &quot;warning&quot;,&#10;  &quot;schema&quot; : {&#10;    &quot;loadingURI&quot; : &quot;file:/C:/Users/ADMIN/Documents/repos/rest_assured-testng/target/classes/search_category.json#&quot;,&#10;    &quot;pointer&quot; : &quot;/properties/products/items/anyOf/1/properties/code&quot;&#10;  },&#10;  &quot;domain&quot; : &quot;syntax&quot;,&#10;  &quot;message&quot; : &quot;the following keywords are unknown and will be ignored: [examples]&quot;,&#10;  &quot;ignored&quot; : [ &quot;examples&quot; ]&#10;}, {&#10;  &quot;level&quot; : &quot;warning&quot;,&#10;  &quot;schema&quot; : {&#10;    &quot;loadingURI&quot; : &quot;file:/C:/Users/ADMIN/Documents/repos/rest_assured-testng/target/classes/search_category.json#&quot;,&#10;    &quot;pointer&quot; : &quot;/properties/products/items/anyOf/1/properties/description&quot;&#10;  },&#10;  &quot;domain&quot; : &quot;syntax&quot;,&#10;  &quot;message&quot; : &quot;the following keywords are unknown and will be ignored: [examples]&quot;,&#10;  &quot;ignored&quot; : [ &quot;examples&quot; ]&#10;}, {&#10;  &quot;level&quot; : &quot;warning&quot;,&#10;  &quot;schema&quot; : {&#10;    &quot;loadingURI&quot; : &quot;file:/C:/Users/ADMIN/Documents/repos/rest_assured-testng/target/classes/search_category.json#&quot;,&#10;    &quot;pointer&quot; : &quot;/properties/products/items/anyOf/1/properties/englishName&quot;&#10;  },&#10;  &quot;domain&quot; : &quot;syntax&quot;,&#10;  &quot;message&quot; : &quot;the following keywords are unknown and will be ignored: [examples]&quot;,&#10;  &quot;ignored&quot; : [ &quot;examples&quot; ]&#10;}, {&#10;  &quot;level&quot; : &quot;warning&quot;,&#10;  &quot;schema&quot; : {&#10;    &quot;loadingURI&quot; : &quot;file:/C:/Users/ADMIN/Documents/repos/rest_assured-testng/target/classes/search_category.json#&quot;,&#10;    &quot;pointer&quot; : &quot;/properties/products/items/anyOf/1/properties/expeditedDelivery&quot;&#10;  },&#10;  &quot;domain&quot; : &quot;syntax&quot;,&#10;  &quot;message&quot; : &quot;the following keywords are unknown and will be ignored: [examples]&quot;,&#10;  &quot;ignored&quot; : [ &quot;examples&quot; ]&#10;}, {&#10;  &quot;level&quot; : &quot;warning&quot;,&#10;  &quot;schema&quot; : {&#10;    &quot;loadingURI&quot; : &quot;file:/C:/Users/ADMIN/Documents/repos/rest_assured-testng/target/classes/search_category.json#&quot;,&#10;    &quot;pointer&quot; : &quot;/properties/products/items/anyOf/1/properties/hasPricePerUnit&quot;&#10;  },&#10;  &quot;domain&quot; : &quot;syntax&quot;,&#10;  &quot;message&quot; : &quot;the following keywords are unknown and will be ignored: [examples]&quot;,&#10;  &quot;ignored&quot; : [ &quot;examples&quot; ]&#10;}, {&#10;  &quot;level&quot; : &quot;warning&quot;,&#10;  &quot;schema&quot; : {&#10;    &quot;loadingURI&quot; : &quot;file:/C:/Users/ADMIN/Documents/repos/rest_assured-testng/target/classes/search_category.json#&quot;,&#10;    &quot;pointer&quot; : &quot;/properties/products/items/anyOf/1/properties/hidePriceValue&quot;&#10;  },&#10;  &quot;domain&quot; : &quot;syntax&quot;,&#10;  &quot;message&quot; : &quot;the following keywords are unknown and will be ignored: [examples]&quot;,&#10;  &quot;ignored&quot; : [ &quot;examples&quot; ]&#10;}, {&#10;  &quot;level&quot; : &quot;warning&quot;,&#10;  &quot;schema&quot; : {&#10;    &quot;loadingURI&quot; : &quot;file:/C:/Users/ADMIN/Documents/repos/rest_assured-testng/target/classes/search_category.json#&quot;,&#10;    &quot;pointer&quot; : &quot;/properties/products/items/anyOf/1/properties/images&quot;&#10;  },&#10;  &quot;domain&quot; : &quot;syntax&quot;,&#10;  &quot;message&quot; : &quot;the following keywords are unknown and will be ignored: [examples]&quot;,&#10;  &quot;ignored&quot; : [ &quot;examples&quot; ]&#10;}, {&#10;  &quot;level&quot; : &quot;warning&quot;,&#10;  &quot;schema&quot; : {&#10;    &quot;loadingURI&quot; : &quot;file:/C:/Users/ADMIN/Documents/repos/rest_assured-testng/target/classes/search_category.json#&quot;,&#10;    &quot;pointer&quot; : &quot;/properties/products/items/anyOf/1/properties/images/items/anyOf/0&quot;&#10;  },&#10;  &quot;domain&quot; : &quot;syntax&quot;,&#10;  &quot;message&quot; : &quot;the following keywords are unknown and will be ignored: [examples]&quot;,&#10;  &quot;ignored&quot; : [ &quot;examples&quot; ]&#10;}, {&#10;  &quot;level&quot; : &quot;warning&quot;,&#10;  &quot;schema&quot; : {&#10;    &quot;loadingURI&quot; : &quot;file:/C:/Users/ADMIN/Documents/repos/rest_assured-testng/target/classes/search_category.json#&quot;,&#10;    &quot;pointer&quot; : &quot;/properties/products/items/anyOf/1/properties/images/items/anyOf/0/properties/format&quot;&#10;  },&#10;  &quot;domain&quot; : &quot;syntax&quot;,&#10;  &quot;message&quot; : &quot;the following keywords are unknown and will be ignored: [examples]&quot;,&#10;  &quot;ignored&quot; : [ &quot;examples&quot; ]&#10;}, {&#10;  &quot;level&quot; : &quot;warning&quot;,&#10;  &quot;schema&quot; : {&#10;    &quot;loadingURI&quot; : &quot;file:/C:/Users/ADMIN/Documents/repos/rest_assured-testng/target/classes/search_category.json#&quot;,&#10;    &quot;pointer&quot; : &quot;/properties/products/items/anyOf/1/properties/images/items/anyOf/0/properties/imageType&quot;&#10;  },&#10;  &quot;domain&quot; : &quot;syntax&quot;,&#10;  &quot;message&quot; : &quot;the following keywords are unknown and will be ignored: [examples]&quot;,&#10;  &quot;ignored&quot; : [ &quot;examples&quot; ]&#10;}, {&#10;  &quot;level&quot; : &quot;warning&quot;,&#10;  &quot;schema&quot; : {&#10;    &quot;loadingURI&quot; : &quot;file:/C:/Users/ADMIN/Documents/repos/rest_assured-testng/target/classes/search_category.json#&quot;,&#10;    &quot;pointer&quot; : &quot;/properties/products/items/anyOf/1/properties/images/items/anyOf/0/properties/url&quot;&#10;  },&#10;  &quot;domain&quot; : &quot;syntax&quot;,&#10;  &quot;message&quot; : &quot;the following keywords are unknown and will be ignored: [examples]&quot;,&#10;  &quot;ignored&quot; : [ &quot;examples&quot; ]&#10;}, {&#10;  &quot;level&quot; : &quot;warning&quot;,&#10;  &quot;schema&quot; : {&#10;    &quot;loadingURI&quot; : &quot;file:/C:/Users/ADMIN/Documents/repos/rest_assured-testng/target/classes/search_category.json#&quot;,&#10;    &quot;pointer&quot; : &quot;/properties/products/items/anyOf/1/properties/isBaseProduct&quot;&#10;  },&#10;  &quot;domain&quot; : &quot;syntax&quot;,&#10;  &quot;message&quot; : &quot;the following keywords are unknown and will be ignored: [examples]&quot;,&#10;  &quot;ignored&quot; : [ &quot;examples&quot; ]&#10;}, {&#10;  &quot;level&quot; : &quot;warning&quot;,&#10;  &quot;schema&quot; : {&#10;    &quot;loadingURI&quot; : &quot;file:/C:/Users/ADMIN/Documents/repos/rest_assured-testng/target/classes/search_category.json#&quot;,&#10;    &quot;pointer&quot; : &quot;/properties/products/items/anyOf/1/properties/isExternalVendorProduct&quot;&#10;  },&#10;  &quot;domain&quot; : &quot;syntax&quot;,&#10;  &quot;message&quot; : &quot;the following keywords are unknown and will be ignored: [examples]&quot;,&#10;  &quot;ignored&quot; : [ &quot;examples&quot; ]&#10;}, {&#10;  &quot;level&quot; : &quot;warning&quot;,&#10;  &quot;schema&quot; : {&#10;    &quot;loadingURI&quot; : &quot;file:/C:/Users/ADMIN/Documents/repos/rest_assured-testng/target/classes/search_category.json#&quot;,&#10;    &quot;pointer&quot; : &quot;/properties/products/items/anyOf/1/properties/isExternalVendorVariantProduct&quot;&#10;  },&#10;  &quot;domain&quot; : &quot;syntax&quot;,&#10;  &quot;message&quot; : &quot;the following keywords are unknown and will be ignored: [examples]&quot;,&#10;  &quot;ignored&quot; : [ &quot;examples&quot; ]&#10;}, {&#10;  &quot;level&quot; : &quot;warning&quot;,&#10;  &quot;schema&quot; : {&#10;    &quot;loadingURI&quot; : &quot;file:/C:/Users/ADMIN/Documents/repos/rest_assured-testng/target/classes/search_category.json#&quot;,&#10;    &quot;pointer&quot; : &quot;/properties/products/items/anyOf/1/properties/minOrderQuantity&quot;&#10;  },&#10;  &quot;domain&quot; : &quot;syntax&quot;,&#10;  &quot;message&quot; : &quot;the following keywords are unknown and will be ignored: [examples]&quot;,&#10;  &quot;ignored&quot; : [ &quot;examples&quot; ]&#10;}, {&#10;  &quot;level&quot; : &quot;warning&quot;,&#10;  &quot;schema&quot; : {&#10;    &quot;loadingURI&quot; : &quot;file:/C:/Users/ADMIN/Documents/repos/rest_assured-testng/target/classes/search_category.json#&quot;,&#10;    &quot;pointer&quot; : &quot;/properties/products/items/anyOf/1/properties/modulusItemQuantity&quot;&#10;  },&#10;  &quot;domain&quot; : &quot;syntax&quot;,&#10;  &quot;message&quot; : &quot;the following keywords are unknown and will be ignored: [examples]&quot;,&#10;  &quot;ignored&quot; : [ &quot;examples&quot; ]&#10;}, {&#10;  &quot;level&quot; : &quot;warning&quot;,&#10;  &quot;schema&quot; : {&#10;    &quot;loadingURI&quot; : &quot;file:/C:/Users/ADMIN/Documents/repos/rest_assured-testng/target/classes/search_category.json#&quot;,&#10;    &quot;pointer&quot; : &quot;/properties/products/items/anyOf/1/properties/name&quot;&#10;  },&#10;  &quot;domain&quot; : &quot;syntax&quot;,&#10;  &quot;message&quot; : &quot;the following keywords are unknown and will be ignored: [examples]&quot;,&#10;  &quot;ignored&quot; : [ &quot;examples&quot; ]&#10;}, {&#10;  &quot;level&quot; : &quot;warning&quot;,&#10;  &quot;schema&quot; : {&#10;    &quot;loadingURI&quot; : &quot;file:/C:/Users/ADMIN/Documents/repos/rest_assured-testng/target/classes/search_category.json#&quot;,&#10;    &quot;pointer&quot; : &quot;/properties/products/items/anyOf/1/properties/price&quot;&#10;  },&#10;  &quot;domain&quot; : &quot;syntax&quot;,&#10;  &quot;message&quot; : &quot;the following keywords are unknown and will be ignored: [examples]&quot;,&#10;  &quot;ignored&quot; : [ &quot;examples&quot; ]&#10;}, {&#10;  &quot;level&quot; : &quot;warning&quot;,&#10;  &quot;schema&quot; : {&#10;    &quot;loadingURI&quot; : &quot;file:/C:/Users/ADMIN/Documents/repos/rest_assured-testng/target/classes/search_category.json#&quot;,&#10;    &quot;pointer&quot; : &quot;/properties/products/items/anyOf/1/properties/price/properties/currencyIso&quot;&#10;  },&#10;  &quot;domain&quot; : &quot;syntax&quot;,&#10;  &quot;message&quot; : &quot;the following keywords are unknown and will be ignored: [examples]&quot;,&#10;  &quot;ignored&quot; : [ &quot;examples&quot; ]&#10;}, {&#10;  &quot;level&quot; : &quot;warning&quot;,&#10;  &quot;schema&quot; : {&#10;    &quot;loadingURI&quot; : &quot;file:/C:/Users/ADMIN/Documents/repos/rest_assured-testng/target/classes/search_category.json#&quot;,&#10;    &quot;pointer&quot; : &quot;/properties/products/items/anyOf/1/properties/price/properties/formattedValue&quot;&#10;  },&#10;  &quot;domain&quot; : &quot;syntax&quot;,&#10;  &quot;message&quot; : &quot;the following keywords are unknown and will be ignored: [examples]&quot;,&#10;  &quot;ignored&quot; : [ &quot;examples&quot; ]&#10;}, {&#10;  &quot;level&quot; : &quot;warning&quot;,&#10;  &quot;schema&quot; : {&#10;    &quot;loadingURI&quot; : &quot;file:/C:/Users/ADMIN/Documents/repos/rest_assured-testng/target/classes/search_category.json#&quot;,&#10;    &quot;pointer&quot; : &quot;/properties/products/items/anyOf/1/properties/price/properties/priceType&quot;&#10;  },&#10;  &quot;domain&quot; : &quot;syntax&quot;,&#10;  &quot;message&quot; : &quot;the following keywords are unknown and will be ignored: [examples]&quot;,&#10;  &quot;ignored&quot; : [ &quot;examples&quot; ]&#10;}, {&#10;  &quot;level&quot; : &quot;warning&quot;,&#10;  &quot;schema&quot; : {&#10;    &quot;loadingURI&quot; : &quot;file:/C:/Users/ADMIN/Documents/repos/rest_assured-testng/target/classes/search_category.json#&quot;,&#10;    &quot;pointer&quot; : &quot;/properties/products/items/anyOf/1/properties/price/properties/value&quot;&#10;  },&#10;  &quot;domain&quot; : &quot;syntax&quot;,&#10;  &quot;message&quot; : &quot;the following keywords are unknown and will be ignored: [examples]&quot;,&#10;  &quot;ignored&quot; : [ &quot;examples&quot; ]&#10;}, {&#10;  &quot;level&quot; : &quot;warning&quot;,&#10;  &quot;schema&quot; : {&#10;    &quot;loadingURI&quot; : &quot;file:/C:/Users/ADMIN/Documents/repos/rest_assured-testng/target/classes/search_category.json#&quot;,&#10;    &quot;pointer&quot; : &quot;/properties/products/items/anyOf/1/properties/purchasable&quot;&#10;  },&#10;  &quot;domain&quot; : &quot;syntax&quot;,&#10;  &quot;message&quot; : &quot;the following keywords are unknown and will be ignored: [examples]&quot;,&#10;  &quot;ignored&quot; : [ &quot;examples&quot; ]&#10;}, {&#10;  &quot;level&quot; : &quot;warning&quot;,&#10;  &quot;schema&quot; : {&#10;    &quot;loadingURI&quot; : &quot;file:/C:/Users/ADMIN/Documents/repos/rest_assured-testng/target/classes/search_category.json#&quot;,&#10;    &quot;pointer&quot; : &quot;/properties/products/items/anyOf/1/properties/randomWeight&quot;&#10;  },&#10;  &quot;domain&quot; : &quot;syntax&quot;,&#10;  &quot;message&quot; : &quot;the following keywords are unknown and will be ignored: [examples]&quot;,&#10;  &quot;ignored&quot; : [ &quot;examples&quot; ]&#10;}, {&#10;  &quot;level&quot; : &quot;warning&quot;,&#10;  &quot;schema&quot; : {&#10;    &quot;loadingURI&quot; : &quot;file:/C:/Users/ADMIN/Documents/repos/rest_assured-testng/target/classes/search_category.json#&quot;,&#10;    &quot;pointer&quot; : &quot;/properties/products/items/anyOf/1/properties/shippingIncluded&quot;&#10;  },&#10;  &quot;domain&quot; : &quot;syntax&quot;,&#10;  &quot;message&quot; : &quot;the following keywords are unknown and will be ignored: [examples]&quot;,&#10;  &quot;ignored&quot; : [ &quot;examples&quot; ]&#10;}, {&#10;  &quot;level&quot; : &quot;warning&quot;,&#10;  &quot;schema&quot; : {&#10;    &quot;loadingURI&quot; : &quot;file:/C:/Users/ADMIN/Documents/repos/rest_assured-testng/target/classes/search_category.json#&quot;,&#10;    &quot;pointer&quot; : &quot;/properties/products/items/anyOf/1/properties/stock&quot;&#10;  },&#10;  &quot;domain&quot; : &quot;syntax&quot;,&#10;  &quot;message&quot; : &quot;the following keywords are unknown and will be ignored: [examples]&quot;,&#10;  &quot;ignored&quot; : [ &quot;examples&quot; ]&#10;}, {&#10;  &quot;level&quot; : &quot;warning&quot;,&#10;  &quot;schema&quot; : {&#10;    &quot;loadingURI&quot; : &quot;file:/C:/Users/ADMIN/Documents/repos/rest_assured-testng/target/classes/search_category.json#&quot;,&#10;    &quot;pointer&quot; : &quot;/properties/products/items/anyOf/1/properties/stock/properties/contactDay&quot;&#10;  },&#10;  &quot;domain&quot; : &quot;syntax&quot;,&#10;  &quot;message&quot; : &quot;the following keywords are unknown and will be ignored: [examples]&quot;,&#10;  &quot;ignored&quot; : [ &quot;examples&quot; ]&#10;}, {&#10;  &quot;level&quot; : &quot;warning&quot;,&#10;  &quot;schema&quot; : {&#10;    &quot;loadingURI&quot; : &quot;file:/C:/Users/ADMIN/Documents/repos/rest_assured-testng/target/classes/search_category.json#&quot;,&#10;    &quot;pointer&quot; : &quot;/properties/products/items/anyOf/1/properties/stock/properties/deliveryLeadTime&quot;&#10;  },&#10;  &quot;domain&quot; : &quot;syntax&quot;,&#10;  &quot;message&quot; : &quot;the following keywords are unknown and will be ignored: [examples]&quot;,&#10;  &quot;ignored&quot; : [ &quot;examples&quot; ]&#10;}, {&#10;  &quot;level&quot; : &quot;warning&quot;,&#10;  &quot;schema&quot; : {&#10;    &quot;loadingURI&quot; : &quot;file:/C:/Users/ADMIN/Documents/repos/rest_assured-testng/target/classes/search_category.json#&quot;,&#10;    &quot;pointer&quot; : &quot;/properties/products/items/anyOf/1/properties/stock/properties/stockLevelStatus&quot;&#10;  },&#10;  &quot;domain&quot; : &quot;syntax&quot;,&#10;  &quot;message&quot; : &quot;the following keywords are unknown and will be ignored: [examples]&quot;,&#10;  &quot;ignored&quot; : [ &quot;examples&quot; ]&#10;}, {&#10;  &quot;level&quot; : &quot;warning&quot;,&#10;  &quot;schema&quot; : {&#10;    &quot;loadingURI&quot; : &quot;file:/C:/Users/ADMIN/Documents/repos/rest_assured-testng/target/classes/search_category.json#&quot;,&#10;    &quot;pointer&quot; : &quot;/properties/products/items/anyOf/1/properties/summary&quot;&#10;  },&#10;  &quot;domain&quot; : &quot;syntax&quot;,&#10;  &quot;message&quot; : &quot;the following keywords are unknown and will be ignored: [examples]&quot;,&#10;  &quot;ignored&quot; : [ &quot;examples&quot; ]&#10;}, {&#10;  &quot;level&quot; : &quot;warning&quot;,&#10;  &quot;schema&quot; : {&#10;    &quot;loadingURI&quot; : &quot;file:/C:/Users/ADMIN/Documents/repos/rest_assured-testng/target/classes/search_category.json#&quot;,&#10;    &quot;pointer&quot; : &quot;/properties/products/items/anyOf/1/properties/url&quot;&#10;  },&#10;  &quot;domain&quot; : &quot;syntax&quot;,&#10;  &quot;message&quot; : &quot;the following keywords are unknown and will be ignored: [examples]&quot;,&#10;  &quot;ignored&quot; : [ &quot;examples&quot; ]&#10;}, {&#10;  &quot;level&quot; : &quot;warning&quot;,&#10;  &quot;schema&quot; : {&#10;    &quot;loadingURI&quot; : &quot;file:/C:/Users/ADMIN/Documents/repos/rest_assured-testng/target/classes/search_category.json#&quot;,&#10;    &quot;pointer&quot; : &quot;/properties/products/items/anyOf/1/properties/warehouseHidePriceValue&quot;&#10;  },&#10;  &quot;domain&quot; : &quot;syntax&quot;,&#10;  &quot;message&quot; : &quot;the following keywords are unknown and will be ignored: [examples]&quot;,&#10;  &quot;ignored&quot; : [ &quot;examples&quot; ]&#10;}, {&#10;  &quot;level&quot; : &quot;warning&quot;,&#10;  &quot;schema&quot; : {&#10;    &quot;loadingURI&quot; : &quot;file:/C:/Users/ADMIN/Documents/repos/rest_assured-testng/target/classes/search_category.json#&quot;,&#10;    &quot;pointer&quot; : &quot;/properties/products/items/anyOf/2&quot;&#10;  },&#10;  &quot;domain&quot; : &quot;syntax&quot;,&#10;  &quot;message&quot; : &quot;the following keywords are unknown and will be ignored: [examples]&quot;,&#10;  &quot;ignored&quot; : [ &quot;examples&quot; ]&#10;}, {&#10;  &quot;level&quot; : &quot;warning&quot;,&#10;  &quot;schema&quot; : {&#10;    &quot;loadingURI&quot; : &quot;file:/C:/Users/ADMIN/Documents/repos/rest_assured-testng/target/classes/search_category.json#&quot;,&#10;    &quot;pointer&quot; : &quot;/properties/products/items/anyOf/2/properties/addToCartFromPLPCategories&quot;&#10;  },&#10;  &quot;domain&quot; : &quot;syntax&quot;,&#10;  &quot;message&quot; : &quot;the following keywords are unknown and will be ignored: [examples]&quot;,&#10;  &quot;ignored&quot; : [ &quot;examples&quot; ]&#10;}, {&#10;  &quot;level&quot; : &quot;warning&quot;,&#10;  &quot;schema&quot; : {&#10;    &quot;loadingURI&quot; : &quot;file:/C:/Users/ADMIN/Documents/repos/rest_assured-testng/target/classes/search_category.json#&quot;,&#10;    &quot;pointer&quot; : &quot;/properties/products/items/anyOf/2/properties/addToCartFromPLPCategories/items/anyOf/0&quot;&#10;  },&#10;  &quot;domain&quot; : &quot;syntax&quot;,&#10;  &quot;message&quot; : &quot;the following keywords are unknown and will be ignored: [examples]&quot;,&#10;  &quot;ignored&quot; : [ &quot;examples&quot; ]&#10;}, {&#10;  &quot;level&quot; : &quot;warning&quot;,&#10;  &quot;schema&quot; : {&#10;    &quot;loadingURI&quot; : &quot;file:/C:/Users/ADMIN/Documents/repos/rest_assured-testng/target/classes/search_category.json#&quot;,&#10;    &quot;pointer&quot; : &quot;/properties/products/items/anyOf/2/properties/addToCartFromPLPCategories/items/anyOf/0/properties/key&quot;&#10;  },&#10;  &quot;domain&quot; : &quot;syntax&quot;,&#10;  &quot;message&quot; : &quot;the following keywords are unknown and will be ignored: [examples]&quot;,&#10;  &quot;ignored&quot; : [ &quot;examples&quot; ]&#10;}, {&#10;  &quot;level&quot; : &quot;warning&quot;,&#10;  &quot;schema&quot; : {&#10;    &quot;loadingURI&quot; : &quot;file:/C:/Users/ADMIN/Documents/repos/rest_assured-testng/target/classes/search_category.json#&quot;,&#10;    &quot;pointer&quot; : &quot;/properties/products/items/anyOf/2/properties/addToCartFromPLPCategories/items/anyOf/0/properties/value&quot;&#10;  },&#10;  &quot;domain&quot; : &quot;syntax&quot;,&#10;  &quot;message&quot; : &quot;the following keywords are unknown and will be ignored: [examples]&quot;,&#10;  &quot;ignored&quot; : [ &quot;examples&quot; ]&#10;}, {&#10;  &quot;level&quot; : &quot;warning&quot;,&#10;  &quot;schema&quot; : {&#10;    &quot;loadingURI&quot; : &quot;file:/C:/Users/ADMIN/Documents/repos/rest_assured-testng/target/classes/search_category.json#&quot;,&#10;    &quot;pointer&quot; : &quot;/properties/products/items/anyOf/2/properties/addableToCartFromListingPage&quot;&#10;  },&#10;  &quot;domain&quot; : &quot;syntax&quot;,&#10;  &quot;message&quot; : &quot;the following keywords are unknown and will be ignored: [examples]&quot;,&#10;  &quot;ignored&quot; : [ &quot;examples&quot; ]&#10;}, {&#10;  &quot;level&quot; : &quot;warning&quot;,&#10;  &quot;schema&quot; : {&#10;    &quot;loadingURI&quot; : &quot;file:/C:/Users/ADMIN/Documents/repos/rest_assured-testng/target/classes/search_category.json#&quot;,&#10;    &quot;pointer&quot; : &quot;/properties/products/items/anyOf/2/properties/availableForPreorder&quot;&#10;  },&#10;  &quot;domain&quot; : &quot;syntax&quot;,&#10;  &quot;message&quot; : &quot;the following keywords are unknown and will be ignored: [examples]&quot;,&#10;  &quot;ignored&quot; : [ &quot;examples&quot; ]&#10;}, {&#10;  &quot;level&quot; : &quot;warning&quot;,&#10;  &quot;schema&quot; : {&#10;    &quot;loadingURI&quot; : &quot;file:/C:/Users/ADMIN/Documents/repos/rest_assured-testng/target/classes/search_category.json#&quot;,&#10;    &quot;pointer&quot; : &quot;/properties/products/items/anyOf/2/properties/basePrice&quot;&#10;  },&#10;  &quot;domain&quot; : &quot;syntax&quot;,&#10;  &quot;message&quot; : &quot;the following keywords are unknown and will be ignored: [examples]&quot;,&#10;  &quot;ignored&quot; : [ &quot;examples&quot; ]&#10;}, {&#10;  &quot;level&quot; : &quot;warning&quot;,&#10;  &quot;schema&quot; : {&#10;    &quot;loadingURI&quot; : &quot;file:/C:/Users/ADMIN/Documents/repos/rest_assured-testng/target/classes/search_category.json#&quot;,&#10;    &quot;pointer&quot; : &quot;/properties/products/items/anyOf/2/properties/basePrice/properties/currencyIso&quot;&#10;  },&#10;  &quot;domain&quot; : &quot;syntax&quot;,&#10;  &quot;message&quot; : &quot;the following keywords are unknown and will be ignored: [examples]&quot;,&#10;  &quot;ignored&quot; : [ &quot;examples&quot; ]&#10;}, {&#10;  &quot;level&quot; : &quot;warning&quot;,&#10;  &quot;schema&quot; : {&#10;    &quot;loadingURI&quot; : &quot;file:/C:/Users/ADMIN/Documents/repos/rest_assured-testng/target/classes/search_category.json#&quot;,&#10;    &quot;pointer&quot; : &quot;/properties/products/items/anyOf/2/properties/basePrice/properties/formattedValue&quot;&#10;  },&#10;  &quot;domain&quot; : &quot;syntax&quot;,&#10;  &quot;message&quot; : &quot;the following keywords are unknown and will be ignored: [examples]&quot;,&#10;  &quot;ignored&quot; : [ &quot;examples&quot; ]&#10;}, {&#10;  &quot;level&quot; : &quot;warning&quot;,&#10;  &quot;schema&quot; : {&#10;    &quot;loadingURI&quot; : &quot;file:/C:/Users/ADMIN/Documents/repos/rest_assured-testng/target/classes/search_category.json#&quot;,&#10;    &quot;pointer&quot; : &quot;/properties/products/items/anyOf/2/properties/basePrice/properties/priceType&quot;&#10;  },&#10;  &quot;domain&quot; : &quot;syntax&quot;,&#10;  &quot;message&quot; : &quot;the following keywords are unknown and will be ignored: [examples]&quot;,&#10;  &quot;ignored&quot; : [ &quot;examples&quot; ]&#10;}, {&#10;  &quot;level&quot; : &quot;warning&quot;,&#10;  &quot;schema&quot; : {&#10;    &quot;loadingURI&quot; : &quot;file:/C:/Users/ADMIN/Documents/repos/rest_assured-testng/target/classes/search_category.json#&quot;,&#10;    &quot;pointer&quot; : &quot;/properties/products/items/anyOf/2/properties/basePrice/properties/value&quot;&#10;  },&#10;  &quot;domain&quot; : &quot;syntax&quot;,&#10;  &quot;message&quot; : &quot;the following keywords are unknown and will be ignored: [examples]&quot;,&#10;  &quot;ignored&quot; : [ &quot;examples&quot; ]&#10;}, {&#10;  &quot;level&quot; : &quot;warning&quot;,&#10;  &quot;schema&quot; : {&#10;    &quot;loadingURI&quot; : &quot;file:/C:/Users/ADMIN/Documents/repos/rest_assured-testng/target/classes/search_category.json#&quot;,&#10;    &quot;pointer&quot; : &quot;/properties/products/items/anyOf/2/properties/businessDelivery&quot;&#10;  },&#10;  &quot;domain&quot; : &quot;syntax&quot;,&#10;  &quot;message&quot; : &quot;the following keywords are unknown and will be ignored: [examples]&quot;,&#10;  &quot;ignored&quot; : [ &quot;examples&quot; ]&#10;}, {&#10;  &quot;level&quot; : &quot;warning&quot;,&#10;  &quot;schema&quot; : {&#10;    &quot;loadingURI&quot; : &quot;file:/C:/Users/ADMIN/Documents/repos/rest_assured-testng/target/classes/search_category.json#&quot;,&#10;    &quot;pointer&quot; : &quot;/properties/products/items/anyOf/2/properties/classifications&quot;&#10;  },&#10;  &quot;domain&quot; : &quot;syntax&quot;,&#10;  &quot;message&quot; : &quot;the following keywords are unknown and will be ignored: [examples]&quot;,&#10;  &quot;ignored&quot; : [ &quot;examples&quot; ]&#10;}, {&#10;  &quot;level&quot; : &quot;warning&quot;,&#10;  &quot;schema&quot; : {&#10;    &quot;loadingURI&quot; : &quot;file:/C:/Users/ADMIN/Documents/repos/rest_assured-testng/target/classes/search_category.json#&quot;,&#10;    &quot;pointer&quot; : &quot;/properties/products/items/anyOf/2/properties/classifications/items/anyOf/0&quot;&#10;  },&#10;  &quot;domain&quot; : &quot;syntax&quot;,&#10;  &quot;message&quot; : &quot;the following keywords are unknown and will be ignored: [examples]&quot;,&#10;  &quot;ignored&quot; : [ &quot;examples&quot; ]&#10;}, {&#10;  &quot;level&quot; : &quot;warning&quot;,&#10;  &quot;schema&quot; : {&#10;    &quot;loadingURI&quot; : &quot;file:/C:/Users/ADMIN/Documents/repos/rest_assured-testng/target/classes/search_category.json#&quot;,&#10;    &quot;pointer&quot; : &quot;/properties/products/items/anyOf/2/properties/classifications/items/anyOf/0/properties/code&quot;&#10;  },&#10;  &quot;domain&quot; : &quot;syntax&quot;,&#10;  &quot;message&quot; : &quot;the following keywords are unknown and will be ignored: [examples]&quot;,&#10;  &quot;ignored&quot; : [ &quot;examples&quot; ]&#10;}, {&#10;  &quot;level&quot; : &quot;warning&quot;,&#10;  &quot;schema&quot; : {&#10;    &quot;loadingURI&quot; : &quot;file:/C:/Users/ADMIN/Documents/repos/rest_assured-testng/target/classes/search_category.json#&quot;,&#10;    &quot;pointer&quot; : &quot;/properties/products/items/anyOf/2/properties/classifications/items/anyOf/0/properties/features&quot;&#10;  },&#10;  &quot;domain&quot; : &quot;syntax&quot;,&#10;  &quot;message&quot; : &quot;the following keywords are unknown and will be ignored: [examples]&quot;,&#10;  &quot;ignored&quot; : [ &quot;examples&quot; ]&#10;}, {&#10;  &quot;level&quot; : &quot;warning&quot;,&#10;  &quot;schema&quot; : {&#10;    &quot;loadingURI&quot; : &quot;file:/C:/Users/ADMIN/Documents/repos/rest_assured-testng/target/classes/search_category.json#&quot;,&#10;    &quot;pointer&quot; : &quot;/properties/products/items/anyOf/2/properties/classifications/items/anyOf/0/properties/features/items/anyOf/0&quot;&#10;  },&#10;  &quot;domain&quot; : &quot;syntax&quot;,&#10;  &quot;message&quot; : &quot;the following keywords are unknown and will be ignored: [examples]&quot;,&#10;  &quot;ignored&quot; : [ &quot;examples&quot; ]&#10;}, {&#10;  &quot;level&quot; : &quot;warning&quot;,&#10;  &quot;schema&quot; : {&#10;    &quot;loadingURI&quot; : &quot;file:/C:/Users/ADMIN/Documents/repos/rest_assured-testng/target/classes/search_category.json#&quot;,&#10;    &quot;pointer&quot; : &quot;/properties/products/items/anyOf/2/properties/classifications/items/anyOf/0/properties/features/items/anyOf/0/properties/code&quot;&#10;  },&#10;  &quot;domain&quot; : &quot;syntax&quot;,&#10;  &quot;message&quot; : &quot;the following keywords are unknown and will be ignored: [examples]&quot;,&#10;  &quot;ignored&quot; : [ &quot;examples&quot; ]&#10;}, {&#10;  &quot;level&quot; : &quot;warning&quot;,&#10;  &quot;schema&quot; : {&#10;    &quot;loadingURI&quot; : &quot;file:/C:/Users/ADMIN/Documents/repos/rest_assured-testng/target/classes/search_category.json#&quot;,&#10;    &quot;pointer&quot; : &quot;/properties/products/items/anyOf/2/properties/classifications/items/anyOf/0/properties/features/items/anyOf/0/properties/comparable&quot;&#10;  },&#10;  &quot;domain&quot; : &quot;syntax&quot;,&#10;  &quot;message&quot; : &quot;the following keywords are unknown and will be ignored: [examples]&quot;,&#10;  &quot;ignored&quot; : [ &quot;examples&quot; ]&#10;}, {&#10;  &quot;level&quot; : &quot;warning&quot;,&#10;  &quot;schema&quot; : {&#10;    &quot;loadingURI&quot; : &quot;file:/C:/Users/ADMIN/Documents/repos/rest_assured-testng/target/classes/search_category.json#&quot;,&#10;    &quot;pointer&quot; : &quot;/properties/products/items/anyOf/2/properties/classifications/items/anyOf/0/properties/features/items/anyOf/0/properties/featureValues&quot;&#10;  },&#10;  &quot;domain&quot; : &quot;syntax&quot;,&#10;  &quot;message&quot; : &quot;the following keywords are unknown and will be ignored: [examples]&quot;,&#10;  &quot;ignored&quot; : [ &quot;examples&quot; ]&#10;}, {&#10;  &quot;level&quot; : &quot;warning&quot;,&#10;  &quot;schema&quot; : {&#10;    &quot;loadingURI&quot; : &quot;file:/C:/Users/ADMIN/Documents/repos/rest_assured-testng/target/classes/search_category.json#&quot;,&#10;    &quot;pointer&quot; : &quot;/properties/products/items/anyOf/2/properties/classifications/items/anyOf/0/properties/features/items/anyOf/0/properties/featureValues/items/anyOf/0&quot;&#10;  },&#10;  &quot;domain&quot; : &quot;syntax&quot;,&#10;  &quot;message&quot; : &quot;the following keywords are unknown and will be ignored: [examples]&quot;,&#10;  &quot;ignored&quot; : [ &quot;examples&quot; ]&#10;}, {&#10;  &quot;level&quot; : &quot;warning&quot;,&#10;  &quot;schema&quot; : {&#10;    &quot;loadingURI&quot; : &quot;file:/C:/Users/ADMIN/Documents/repos/rest_assured-testng/target/classes/search_category.json#&quot;,&#10;    &quot;pointer&quot; : &quot;/properties/products/items/anyOf/2/properties/classifications/items/anyOf/0/properties/features/items/anyOf/0/properties/featureValues/items/anyOf/0/properties/value&quot;&#10;  },&#10;  &quot;domain&quot; : &quot;syntax&quot;,&#10;  &quot;message&quot; : &quot;the following keywords are unknown and will be ignored: [examples]&quot;,&#10;  &quot;ignored&quot; : [ &quot;examples&quot; ]&#10;}, {&#10;  &quot;level&quot; : &quot;warning&quot;,&#10;  &quot;schema&quot; : {&#10;    &quot;loadingURI&quot; : &quot;file:/C:/Users/ADMIN/Documents/repos/rest_assured-testng/target/classes/search_category.json#&quot;,&#10;    &quot;pointer&quot; : &quot;/properties/products/items/anyOf/2/properties/classifications/items/anyOf/0/properties/features/items/anyOf/0/properties/name&quot;&#10;  },&#10;  &quot;domain&quot; : &quot;syntax&quot;,&#10;  &quot;message&quot; : &quot;the following keywords are unknown and will be ignored: [examples]&quot;,&#10;  &quot;ignored&quot; : [ &quot;examples&quot; ]&#10;}, {&#10;  &quot;level&quot; : &quot;warning&quot;,&#10;  &quot;schema&quot; : {&#10;    &quot;loadingURI&quot; : &quot;file:/C:/Users/ADMIN/Documents/repos/rest_assured-testng/target/classes/search_category.json#&quot;,&#10;    &quot;pointer&quot; : &quot;/properties/products/items/anyOf/2/properties/classifications/items/anyOf/0/properties/features/items/anyOf/0/properties/range&quot;&#10;  },&#10;  &quot;domain&quot; : &quot;syntax&quot;,&#10;  &quot;message&quot; : &quot;the following keywords are unknown and will be ignored: [examples]&quot;,&#10;  &quot;ignored&quot; : [ &quot;examples&quot; ]&#10;}, {&#10;  &quot;level&quot; : &quot;warning&quot;,&#10;  &quot;schema&quot; : {&#10;    &quot;loadingURI&quot; : &quot;file:/C:/Users/ADMIN/Documents/repos/rest_assured-testng/target/classes/search_category.json#&quot;,&#10;    &quot;pointer&quot; : &quot;/properties/products/items/anyOf/2/properties/code&quot;&#10;  },&#10;  &quot;domain&quot; : &quot;syntax&quot;,&#10;  &quot;message&quot; : &quot;the following keywords are unknown and will be ignored: [examples]&quot;,&#10;  &quot;ignored&quot; : [ &quot;examples&quot; ]&#10;}, {&#10;  &quot;level&quot; : &quot;warning&quot;,&#10;  &quot;schema&quot; : {&#10;    &quot;loadingURI&quot; : &quot;file:/C:/Users/ADMIN/Documents/repos/rest_assured-testng/target/classes/search_category.json#&quot;,&#10;    &quot;pointer&quot; : &quot;/properties/products/items/anyOf/2/properties/decalData&quot;&#10;  },&#10;  &quot;domain&quot; : &quot;syntax&quot;,&#10;  &quot;message&quot; : &quot;the following keywords are unknown and will be ignored: [examples]&quot;,&#10;  &quot;ignored&quot; : [ &quot;examples&quot; ]&#10;}, {&#10;  &quot;level&quot; : &quot;warning&quot;,&#10;  &quot;schema&quot; : {&#10;    &quot;loadingURI&quot; : &quot;file:/C:/Users/ADMIN/Documents/repos/rest_as
[...]
            "englishName": "Dimplex Fullerton Optiflame Electric Stove in",
            "expeditedDelivery": false,
            "hasPricePerUnit": false,
            "hidePriceValue": false,
            "images": [
                {
                    "format": "thumbnail",
                    "imageType": "PRIMARY",
                    "url": "/medias/sys_master/images/he6/h49/12237608845342.jpg"
                },
                {
                    "format": "product",
                    "imageType": "PRIMARY",
                    "url": "/medias/sys_master/images/he1/h86/12237608452126.jpg"
                },
                {
                    "format": "results",
                    "imageType": "PRIMARY",
                    "url": "/medias/sys_master/images/hca/h7e/12237608615966.jpg"
                },
                {
                    "format": "carousel",
                    "imageType": "PRIMARY",
                    "url": "/medias/sys_master/images/hca/h7e/12237608615966.jpg"
                }
            ],
            "isBaseProduct": false,
            "isExternalVendorProduct": false,
            "isExternalVendorVariantProduct": false,
            "minOrderQuantity": 0,
            "modulusItemQuantity": 0,
            "name": "Dimplex Fullerton Optiflame Electric Stove in Dove White, 2KW",
            "price": {
                "currencyIso": "GBP",
                "formattedValue": "£279.99",
                "priceType": "BUY",
                "value": 279.99
            },
            "purchasable": true,
            "randomWeight": false,
            "shippingIncluded": true,
            "stock": {
                "contactDay": 0,
                "deliveryLeadTime": 0,
                "stockLevelStatus": "inStock"
            },
            "url": "/Appliances/Cooling-Air-Treatment-Heating/Fireplaces-Stoves/Dimplex-Fullerton-Optiflame-Electric-Stove-in-Dove-White-2KW/p/285098",
            "warehouseHidePriceValue": false
        },
        {
            "addToCartFromPLPCategories": [
                {
                    "key": "MVM7-Hotbuy",
                    "value": false
                },
                {
                    "key": "xmas-20th-12pm",
                    "value": false
                },
                {
                    "key": "cos_1.9.6",
                    "value": true
                },
                {
                    "key": "cos_8.2",
                    "value": true
                },
                {
                    "key": "cos_20",
                    "value": true
                },
                {
                    "key": "cos_10.7",
                    "value": false
                },
                {
                    "key": "costco",
                    "value": true
                },
                {
                    "key": "Hot-Buys",
                    "value": true
                },
                {
                    "key": "xmas-20th-12pm-campaign",
                    "value": false
                },
                {
                    "key": "cos_1",
                    "value": true
                },
                {
                    "key": "MVM7-Hotbuy-Campaign",
                    "value": false
                }
            ],
            "addableToCartFromListingPage": true,
            "availableForPreorder": false,
            "basePrice": {
                "currencyIso": "GBP",
                "formattedValue": "£249.99",
                "priceType": "BUY",
                "value": 249.99
            },
            "businessDelivery": false,
            "code": "314171",
            "description": "<p style=\"text-align: center\"><iframe allow=\"encrypted-media\" allowfullscreen=\"\" frameborder=\"0\" height=\"337\" src=\"https://www.youtube.com/embed/RpQladDwy4M\" width=\"600\"></iframe></p>\n\n<p>The Ring Alarms provide an affordable solution to whole-home security, with no long-term commitments. Easily set up your Alarm in minutes, without tools or professional installation, and connect up to Alexa devices to arm, disarm and check the status of your Ring Alarm security with your voice.&nbsp;</p>\n\n<p>This 7-piece kit includes everything you need to begin your whole-home security with Ring.</p>\n\n<p><strong>7pc Kit Includes:</strong></p>\n\n<p><strong>1 x Base Station</strong></p>\n\n<p>The BaseStation is the brains behind it all - keeping your Ring Alarm online and connected to your devices. If your power or WiFi goes out, you&#39;ll still have 24 hours protection with battery backup and the optional Cellular backups. Mains powered, with a rechargeable 24-hour backup battery included, the system connects to your internet through WiFi or Ethernet.&nbsp;</p>\n\n<p><strong>2&nbsp;x Contact Sensor</strong></p>\n\n<p>Mount the contact sensors to doors or window frames to know when they&#39;re open.&nbsp;Powered by a 3V Lithium Battery with 3-year battery life.</p>\n\n<p><strong>2 x Motion Detector</strong></p>\n\n<p>Mount to room corners or flat walls to detect motion inside your home. The system is smart enough and designed to ignore pets weighing under 50lb when mounted at seven ft. Powered by a 3V Lithium Battery with a 3-year battery life.</p>\n\n<p><strong>1 x Keypad</strong></p>\n\n<p>The Keypad allows you to control your home from inside, with battery-powered simplicity. Mount it to any flat wall, or keep it as a portable keypad. You can add more for easier access. Control security modes - &quot;Disarmed&quot; deactivates your sensors and allows you to move freely within the house. Set the mode to &quot;Away&quot; to activate all sensors to protect your home while you&#39;re at work or on holiday. Or, activate select senors with the &quot;Home&quot; setting, giving you the flexibility of protecting the downstairs, while you work upstairs.</p>\n\n<p><strong>1 x Range Extender</strong></p>\n\n<p>Extend the signal from your Ring Base Station to other Ring alarm components, ensuring your security coverage is strong and clear. The Range Extender plugs into a standard wall socket, with a rechargeable 24-hour backup battery included and utilises Z-Wave technology, providing coverage of 250-foot range to the Base Station.&nbsp;</p>\n\n<p><strong>Features of the Ring Alarm Security Kit</strong></p>\n\n<p><strong>Protect your home, your way</strong></p>\n\n<p>Welcome to your safer, smarter home. Ring Alarm easily expands to fit your needs, on your terms. Simply plug in the Ring Base Station, connect your components, get set up with your account in the Ring app and control your Ring Alarm with the keypad or from the Ring app. Everything you need to get started is in the box.&nbsp;</p>\n\n<p><strong>Complete Control with the Ring app</strong></p>\n\n<p>Get notifications when someone enters a room, opens a window or sets off the siren. Change your Alarm models with a simple tap. On your way out but forgot to set your alarm? Don&#39;t worry - with Ring, you can arm or disarm your Alarm no matter where you are.&nbsp;</p>\n\n<p><strong>Your Ring Alarm detects an issue</strong></p>\n\n<p>You&rsquo;ll receive notifications when a contact sensor, motion detector or any part of your Alarm system is triggered.</p>\n\n<p><strong>See what&rsquo;s happening</strong></p>\n\n<p>Check your Ring app to verify whether it&rsquo;s simply a family member coming home early or something more serious.</p>\n\n<p><strong>Do it all yourself</strong></p>\n\n<p>Everything you need to get started is in the box and works in any home. Never worry about service appointments or long-term commitments. It&#39;s that simple.</p>\n\n<p><strong>Add an extra layer of security&nbsp;with the optional Ring Protect Plus plan</strong></p>\n\n<p>With an optional Ring Protect Plus plan:</p>\n\n<ul>\n\t<li>Stay connected with cellular backup in case your internet goes down.</li>\n\t<li>Opt into Assisted Monitoring for automated calls to three emergency contacts during an Alarm event. So someone you trust can respond, even if you&#39;re uncontactable.</li>\n</ul>\n\n<p><a data-mce-href=\"http://ring.com/protect-plans\" href=\"http://ring.com/protect-plans\">Find out more</a>&nbsp;</p>\n\n<p><strong>Pack Includes</strong></p>\n\n<ul>\n\t<li>1 x Base Station</li>\n\t<li>2 x Contact Sensor</li>\n\t<li>2 x Motion Detector</li>\n\t<li>1 x Keypad</li>\n\t<li>1 x Range Extender</li>\n</ul>\n",
            "englishName": "Ring Alarm 7 Piece Starter Kit with Contact Sensor",
            "expeditedDelivery": false,
            "hasPricePerUnit": false,
            "hidePriceValue": false,
            "images": [
                {
                    "format": "thumbnail",
                    "imageType": "PRIMARY",
                    "url": "/medias/sys_master/images/h6b/hcb/16520289681438.jpg"
                },
                {
                    "format": "product",
                    "imageType": "PRIMARY",
                    "url": "/medias/sys_master/images/h4f/h52/16520289583134.jpg"
                },
                {
                    "format": "results",
                    "imageType": "PRIMARY",
                    "url": "/medias/sys_master/images/hf8/h5d/16520289615902.jpg"
                },
                {
                    "format": "carousel",
                    "imageType": "PRIMARY",
                    "url": "/medias/sys_master/images/hf8/h5d/16520289615902.jpg"
                }
            ],
            "isBaseProduct": false,
            "isExternalVendorProduct": false,
            "isExternalVendorVariantProduct": false,
            "minOrderQuantity": 0,
            "modulusItemQuantity": 1,
            "name": "Ring Alarm 7 Piece Starter Kit with x2 Contact Sensors and x 2 Motion Sensors",
            "price": {
                "currencyIso": "GBP",
                "formattedValue": "£249.99",
                "priceType": "BUY",
                "value": 249.99
            },
            "purchasable": true,
            "randomWeight": false,
            "shippingIncluded": true,
            "stock": {
                "contactDay": 0,
                "deliveryLeadTime": 0,
                "stockLevelStatus": "inStock"
            },
            "summary": "Includes 1x Base Station, 2x Contact Sensors, 2x Motion Detector, 1x Keypad, 1x Range Extender",
            "url": "/Home-Improvement/Home-Safety-Security/Ring-Alarm-7-Piece-Starter-Kit-with-x2-Contact-Sensors-and-x-2-Motion-Sensors/p/314171",
            "warehouseHidePriceValue": false
        },
        {
            "addToCartFromPLPCategories": [
                {
                    "key": "MVM7-Hotbuy",
                    "value": false
                },
                {
                    "key": "cos_2.5.7",
                    "value": true
                },
                {
                    "key": "cos_2.5.9",
                    "value": true
                },
                {
                    "key": "cos_10",
                    "value": true
                },
                {
                    "key": "costco",
                    "value": true
                },
                {
                    "key": "Hot-Buys",
                    "value": true
                },
                {
                    "key": "cos_18",
                    "value": false
                },
                {
                    "key": "MVM7-Hotbuy-Campaign",
                    "value": false
                }
            ],
            "addableToCartFromListingPage": true,
            "availableForPreorder": false,
            "basePrice": {
                "currencyIso": "GBP",
                "formattedValue": "£199.99",
                "priceType": "BUY",
                "value": 199.99
            },
            "businessDelivery": false,
            "code": "278895",
            "description": "<p>The Perfectcare aqua pro comes with a ultra-light iron and extra large 2.5L water tank. Ideal for long ironing sessions and perfect vertical steaming.</p>\n\n<p><strong>Extra-large water tank for longer continuous use</strong><br />\nThe water tank has an extra-large 2.5L&nbsp; capacity, so you get the convenience of up to 3&nbsp;hours of continuous use with no need to top up the tank. It&#39;s also transparent, so you can get a 360&deg; view of the tank to easily see how much water you have left to continue creating steam efficiently. When you do need to refill, your steam generator iron has a large filling hole that allows you to easily fill the water tank under the tap, or alternatively with a jug or bottle at any time during ironing</p>\n\n<p><strong>Easy and efficient descaling system</strong><br />\nRegular descaling protects your iron and ensures you&#39;ll continue to get the very best steam performance. The exclusively designed and ideally positioned Easy De-Calc Plus function provides the ideal way to get rid of lime scale and extend the lifespan of your steam generator iron. The iron will remind you with both light and sound when it&#39;s time to clean and descale.</p>\n\n<p><strong>Save energy with ECO mode</strong><br />\nECO mode allows you to save energy without compromising your ironing results. The ECO mode uses a reduced amount of steam, but still a sufficient amount to iron all your garments.</p>\n\n<p><strong>Go from ironing jeans to silk; no need to change temperature setting</strong><br />\nWith OptimalTEMP technology you&#39;ll no longer have to waste time changing temperature settings, waiting for the temperature to adjust or pre-sorting clothes. Iron all fabrics, from jeans to silk, with no burning guaranteed thanks to the perfect combination of temperature and continuous powerful steam.</p>\n\n<p><strong>Safe and secure carry lock</strong><br />\nYour steam generator iron includes a safe carry lock, which securely fastens your iron to its base without the risk of it slipping or someone touching the hot soleplate.&nbsp;</p>\n\n<p><strong>Safe to leave the hot soleplate on the ironing board</strong><br />\nInnovative OptimalTEMP technology guarantees no burning on any ironable fabric. As well as the reassurance this provides whilst ironing, it also means you can leave the hot iron soleplate directly on your cotton ironing board without causing any damage.&nbsp;</p>\n\n<p><strong>Automatic switch-off for safety and energy saving</strong><br />\nThe safety auto-off function automatically switches off your steam generator iron if it has not been used for a few minutes. This saves energy and gives you peace of mind about safety.</p>\n\n<p>The steam generator is fitted with silencing steam filters to minimise the noise of the steam and a sound-absorbing platform to reduce the noise of vibration in the base</p>\n\n<p><strong>Philips&#39; best gliding and most scratch-resistant soleplate</strong><br />\nThe T-ionic Glide is Philips&#39; most premium soleplate, promising superior gliding for faster, effortless ironing. It has a stainless steel base which is harder and more durable than aluminium, with an integrated titanium oxide layer for advanced scratch resistance. Plus the carefully designed shape and vents provide even better steam distribution for faster crease removal.</p>\n\n<p><strong>Powerful steam for ultimate crease removal</strong><br />\nAn ultra-fast ironing experience can be yours with revolutionary technology. The powerful and continuous steam tackles even tough creases, and thicker fabrics are smoothed out with ease and speed. Plus there&#39;s an extra steam boost if needed, perfect for vertical steaming or stubborn creases.</p>\n\n<p><strong>Lightweight and comfortable to handle</strong><br />\nYour steam generator iron is amazingly light and comfortable to handle.</p>\n\n<p><strong>Features</strong></p>\n\n<ul>\n\t<li>Super-powerful ironing with ultra-light iron</li>\n\t<li>Max 6.7 bar pressure</li>\n\t<li>Up to 450g steam boost</li>\n\t<li>2.5L&nbsp;water tank capacity</li>\n</ul>\n",
            "englishName": "PHILIPS GC9410/60 STEAM GEN IRON",
            "expeditedDelivery": false,
            "hasPricePerUnit": false,
            "hidePriceValue": false,
            "images": [
                {
                    "format": "thumbnail",
                    "imageType": "PRIMARY",
                    "url": "/medias/sys_master/images/hee/h8e/11481750011934.jpg"
                },
                {
                    "format": "product",
                    "imageType": "PRIMARY",
                    "url": "/medias/sys_master/images/hd3/h60/11481749225502.jpg"
                },
                {
                    "format": "results",
                    "imageType": "PRIMARY",
                    "url": "/medias/sys_master/images/h69/hc3/11481749487646.jpg"
                },
                {
                    "format": "carousel",
                    "imageType": "PRIMARY",
                    "url": "/medias/sys_master/images/h69/hc3/11481749487646.jpg"
                }
            ],
            "isBaseProduct": false,
            "isExternalVendorProduct": false,
            "isExternalVendorVariantProduct": false,
            "minOrderQuantity": 0,
            "modulusItemQuantity": 1,
            "name": "Philips PerfectCare Aqua Pro Steam Generator Iron GC9410/60 ",
            "price": {
                "currencyIso": "GBP",
                "formattedValue": "£199.99",
                "priceType": "BUY",
                "value": 199.99
            },
            "purchasable": true,
            "randomWeight": false,
            "shippingIncluded": true,
            "stock": {
                "contactDay": 0,
                "deliveryLeadTime": 0,
                "stockLevelStatus": "inStock"
            },
            "summary": "<p>Super-powerful ironing with Ultra-light iron<br />Extra-large water tank for longer continuous use<br />Powerful steam for ultimate crease removal<br />Automatic switch-off for safety and energy saving</p>",
            "url": "/Appliances/Sewing-Garment-Care/Irons-Garment-Care/Philips-PerfectCare-Aqua-Pro-Steam-Generator-Iron-GC941060/p/278895",
            "warehouseHidePriceValue": false
        }
    ],
    "sorts": [
        {
            "code": "relevance",
            "name": "Relevance",
            "selected": false
        },
        {
            "code": "name-asc",
            "name": "Name - A-Z",
            "selected": false
        },
        {
            "code": "name-desc",
            "name": "Name - Z-A",
            "selected": false
        },
        {
            "code": "price-asc",
            "name": "Price - Low to High",
            "selected": false
        },
        {
            "code": "price-desc",
            "name": "Price - High to Low",
            "selected": true
        },
        {
            "code": "ratings-desc",
            "name": "Customer Ratings - High to Low",
            "selected": false
        },
        {
            "code": "ratings-asc",
            "name": "Customer Ratings - Low to High",
            "selected": false
        }
    ],
    "category": {
        "code": "MVM7-Hotbuy",
        "name": "Savings"
    },
    "subCategories": [
        
    ]
}

 *******Schema request specification base uri https://uat2-sip.costco.co.uk
 base site id uk
 api path /rest/v2/uk/products/search
 Access Token query+keycategoryquery_valueMVM7-HotbuyBearer e00deb7c-0427-4c19-b5cc-e8cc5c9c91fc[TestNG-test=DemoTest-4] DEBUG io.restassured.internal.RequestSpecificationImpl$RestAssuredHttpBuilder  - Parsing response as: application/json;charset=UTF-8
[TestNG-test=DemoTest-4] DEBUG io.restassured.internal.RequestSpecificationImpl$RestAssuredHttpBuilder  - Parsed data to instance of: class org.apache.http.conn.EofSensorInputStream
]]></system-out>
  </testcase>
</testsuite>