<?xml version="1.0" encoding="UTF-8"?>
<!-- Generated by org.testng.reporters.JUnitXMLReporter -->
<testsuite hostname="DESKTOP-P6K0QEK" ignored="0" name="DemoTest" tests="5" failures="1" timestamp="12 Jul 2020 18:16:12 GMT" time="14.681" errors="0">
  <testcase name="validate_Category" time="0.07" classname="test.TestSearch"/>
  <testcase name="validate_AvailableSection" time="0.333" classname="test.TestSearch"/>
  <testcase name="validate_AvailableSection" time="0.05" classname="test.TestSearch"/>
  <testcase name="validate_AvailableSection_Schema" time="5.89" classname="test.TestSearch"/>
  <testcase name="validate_Category_Schema" time="14.599" classname="test.TestSearch">
    <failure type="io.restassured.module.jsv.JsonSchemaValidationException" message="com.github.fge.jsonschema.core.exceptions.InvalidSchemaException: fatal: invalid JSON Schema, cannot continue
Syntax errors:
[ {
  &amp;quot;level&amp;quot; : &amp;quot;warning&amp;quot;,
  &amp;quot;schema&amp;quot; : {
    &amp;quot;loadingURI&amp;quot; : &amp;quot;file:/C:/Users/ADMIN/Documents/repos/rest_assured-testng/target/classes/search_category.json#&amp;quot;,
    &amp;quot;pointer&amp;quot; : &amp;quot;&amp;quot;
  },
  &amp;quot;domain&amp;quot; : &amp;quot;syntax&amp;quot;,
  &amp;quot;message&amp;quot; : &amp;quot;the following keywords are unknown and will be ignored: [examples]&amp;quot;,
  &amp;quot;ignored&amp;quot; : [ &amp;quot;examples&amp;quot; ]
}, {
  &amp;quot;level&amp;quot; : &amp;quot;warning&amp;quot;,
  &amp;quot;schema&amp;quot; : {
    &amp;quot;loadingURI&amp;quot; : &amp;quot;file:/C:/Users/ADMIN/Documents/repos/rest_assured-testng/target/classes/search_category.json#&amp;quot;,
    &amp;quot;pointer&amp;quot; : &amp;quot;/properties/autoSpellCheck&amp;quot;
  },
  &amp;quot;domain&amp;quot; : &amp;quot;syntax&amp;quot;,
  &amp;quot;message&amp;quot; : &amp;quot;the following keywords are unknown and will be ignored: [examples]&amp;quot;,
  &amp;quot;ignored&amp;quot; : [ &amp;quot;examples&amp;quot; ]
}, {
  &amp;quot;level&amp;quot; : &amp;quot;warning&amp;quot;,
  &amp;quot;schema&amp;quot; : {
    &amp;quot;loadingURI&amp;quot; : &amp;quot;file:/C:/Users/ADMIN/Documents/repos/rest_assured-testng/target/classes/search_category.json#&amp;quot;,
    &amp;quot;pointer&amp;quot; : &amp;quot;/properties/category&amp;quot;
  },
  &amp;quot;domain&amp;quot; : &amp;quot;syntax&amp;quot;,
  &amp;quot;message&amp;quot; : &amp;quot;the following keywords are unknown and will be ignored: [examples]&amp;quot;,
  &amp;quot;ignored&amp;quot; : [ &amp;quot;examples&amp;quot; ]
}, {
  &amp;quot;level&amp;quot; : &amp;quot;warning&amp;quot;,
  &amp;quot;schema&amp;quot; : {
    &amp;quot;loadingURI&amp;quot; : &amp;quot;file:/C:/Users/ADMIN/Documents/repos/rest_assured-testng/target/classes/search_category.json#&amp;quot;,
    &amp;quot;pointer&amp;quot; : &amp;quot;/properties/category/properties/code&amp;quot;
  },
  &amp;quot;domain&amp;quot; : &amp;quot;syntax&amp;quot;,
  &amp;quot;message&amp;quot; : &amp;quot;the following keywords are unknown and will be ignored: [examples]&amp;quot;,
  &amp;quot;ignored&amp;quot; : [ &amp;quot;examples&amp;quot; ]
}, {
  &amp;quot;level&amp;quot; : &amp;quot;warning&amp;quot;,
  &amp;quot;schema&amp;quot; : {
    &amp;quot;loadingURI&amp;quot; : &amp;quot;file:/C:/Users/ADMIN/Documents/repos/rest_assured-testng/target/classes/search_category.json#&amp;quot;,
    &amp;quot;pointer&amp;quot; : &amp;quot;/properties/category/properties/name&amp;quot;
  },
  &amp;quot;domain&amp;quot; : &amp;quot;syntax&amp;quot;,
  &amp;quot;message&amp;quot; : &amp;quot;the following keywords are unknown and will be ignored: [examples]&amp;quot;,
  &amp;quot;ignored&amp;quot; : [ &amp;quot;examples&amp;quot; ]
}, {
  &amp;quot;level&amp;quot; : &amp;quot;warning&amp;quot;,
  &amp;quot;schema&amp;quot; : {
    &amp;quot;loadingURI&amp;quot; : &amp;quot;file:/C:/Users/ADMIN/Documents/repos/rest_assured-testng/target/classes/search_category.json#&amp;quot;,
    &amp;quot;pointer&amp;quot; : &amp;quot;/properties/categoryCode&amp;quot;
  },
  &amp;quot;domain&amp;quot; : &amp;quot;syntax&amp;quot;,
  &amp;quot;message&amp;quot; : &amp;quot;the following keywords are unknown and will be ignored: [examples]&amp;quot;,
  &amp;quot;ignored&amp;quot; : [ &amp;quot;examples&amp;quot; ]
}, {
  &amp;quot;level&amp;quot; : &amp;quot;warning&amp;quot;,
  &amp;quot;schema&amp;quot; : {
    &amp;quot;loadingURI&amp;quot; : &amp;quot;file:/C:/Users/ADMIN/Documents/repos/rest_assured-testng/target/classes/search_category.json#&amp;quot;,
    &amp;quot;pointer&amp;quot; : &amp;quot;/properties/currentQuery&amp;quot;
  },
  &amp;quot;domain&amp;quot; : &amp;quot;syntax&amp;quot;,
  &amp;quot;message&amp;quot; : &amp;quot;the following keywords are unknown and will be ignored: [examples]&amp;quot;,
  &amp;quot;ignored&amp;quot; : [ &amp;quot;examples&amp;quot; ]
}, {
  &amp;quot;level&amp;quot; : &amp;quot;warning&amp;quot;,
  &amp;quot;schema&amp;quot; : {
    &amp;quot;loadingURI&amp;quot; : &amp;quot;file:/C:/Users/ADMIN/Documents/repos/rest_assured-testng/target/classes/search_category.json#&amp;quot;,
    &amp;quot;pointer&amp;quot; : &amp;quot;/properties/currentQuery/properties/query&amp;quot;
  },
  &amp;quot;domain&amp;quot; : &amp;quot;syntax&amp;quot;,
  &amp;quot;message&amp;quot; : &amp;quot;the following keywords are unknown and will be ignored: [examples]&amp;quot;,
  &amp;quot;ignored&amp;quot; : [ &amp;quot;examples&amp;quot; ]
}, {
  &amp;quot;level&amp;quot; : &amp;quot;warning&amp;quot;,
  &amp;quot;schema&amp;quot; : {
    &amp;quot;loadingURI&amp;quot; : &amp;quot;file:/C:/Users/ADMIN/Documents/repos/rest_assured-testng/target/classes/search_category.json#&amp;quot;,
    &amp;quot;pointer&amp;quot; : &amp;quot;/properties/currentQuery/properties/query/properties/value&amp;quot;
  },
  &amp;quot;domain&amp;quot; : &amp;quot;syntax&amp;quot;,
  &amp;quot;message&amp;quot; : &amp;quot;the following keywords are unknown and will be ignored: [examples]&amp;quot;,
  &amp;quot;ignored&amp;quot; : [ &amp;quot;examples&amp;quot; ]
}, {
  &amp;quot;level&amp;quot; : &amp;quot;warning&amp;quot;,
  &amp;quot;schema&amp;quot; : {
    &amp;quot;loadingURI&amp;quot; : &amp;quot;file:/C:/Users/ADMIN/Documents/repos/rest_assured-testng/target/classes/search_category.json#&amp;quot;,
    &amp;quot;pointer&amp;quot; : &amp;quot;/properties/currentQuery/properties/url&amp;quot;
  },
  &amp;quot;domain&amp;quot; : &amp;quot;syntax&amp;quot;,
  &amp;quot;message&amp;quot; : &amp;quot;the following keywords are unknown and will be ignored: [examples]&amp;quot;,
  &amp;quot;ignored&amp;quot; : [ &amp;quot;examples&amp;quot; ]
}, {
  &amp;quot;level&amp;quot; : &amp;quot;warning&amp;quot;,
  &amp;quot;schema&amp;quot; : {
    &amp;quot;loadingURI&amp;quot; : &amp;quot;file:/C:/Users/ADMIN/Documents/repos/rest_assured-testng/target/classes/search_category.json#&amp;quot;,
    &amp;quot;pointer&amp;quot; : &amp;quot;/properties/didYouMean&amp;quot;
  },
  &amp;quot;domain&amp;quot; : &amp;quot;syntax&amp;quot;,
  &amp;quot;message&amp;quot; : &amp;quot;the following keywords are unknown and will be ignored: [examples]&amp;quot;,
  &amp;quot;ignored&amp;quot; : [ &amp;quot;examples&amp;quot; ]
}, {
  &amp;quot;level&amp;quot; : &amp;quot;warning&amp;quot;,
  &amp;quot;schema&amp;quot; : {
    &amp;quot;loadingURI&amp;quot; : &amp;quot;file:/C:/Users/ADMIN/Documents/repos/rest_assured-testng/target/classes/search_category.json#&amp;quot;,
    &amp;quot;pointer&amp;quot; : &amp;quot;/properties/freeTextSearch&amp;quot;
  },
  &amp;quot;domain&amp;quot; : &amp;quot;syntax&amp;quot;,
  &amp;quot;message&amp;quot; : &amp;quot;the following keywords are unknown and will be ignored: [examples]&amp;quot;,
  &amp;quot;ignored&amp;quot; : [ &amp;quot;examples&amp;quot; ]
}, {
  &amp;quot;level&amp;quot; : &amp;quot;warning&amp;quot;,
  &amp;quot;schema&amp;quot; : {
    &amp;quot;loadingURI&amp;quot; : &amp;quot;file:/C:/Users/ADMIN/Documents/repos/rest_assured-testng/target/classes/search_category.json#&amp;quot;,
    &amp;quot;pointer&amp;quot; : &amp;quot;/properties/pagination&amp;quot;
  },
  &amp;quot;domain&amp;quot; : &amp;quot;syntax&amp;quot;,
  &amp;quot;message&amp;quot; : &amp;quot;the following keywords are unknown and will be ignored: [examples]&amp;quot;,
  &amp;quot;ignored&amp;quot; : [ &amp;quot;examples&amp;quot; ]
}, {
  &amp;quot;level&amp;quot; : &amp;quot;warning&amp;quot;,
  &amp;quot;schema&amp;quot; : {
    &amp;quot;loadingURI&amp;quot; : &amp;quot;file:/C:/Users/ADMIN/Documents/repos/rest_assured-testng/target/classes/search_category.json#&amp;quot;,
    &amp;quot;pointer&amp;quot; : &amp;quot;/properties/pagination/properties/currentPage&amp;quot;
  },
  &amp;quot;domain&amp;quot; : &amp;quot;syntax&amp;quot;,
  &amp;quot;message&amp;quot; : &amp;quot;the following keywords are unknown and will be ignored: [examples]&amp;quot;,
  &amp;quot;ignored&amp;quot; : [ &amp;quot;examples&amp;quot; ]
}, {
  &amp;quot;level&amp;quot; : &amp;quot;warning&amp;quot;,
  &amp;quot;schema&amp;quot; : {
    &amp;quot;loadingURI&amp;quot; : &amp;quot;file:/C:/Users/ADMIN/Documents/repos/rest_assured-testng/target/classes/search_category.json#&amp;quot;,
    &amp;quot;pointer&amp;quot; : &amp;quot;/properties/pagination/properties/pageSize&amp;quot;
  },
  &amp;quot;domain&amp;quot; : &amp;quot;syntax&amp;quot;,
  &amp;quot;message&amp;quot; : &amp;quot;the following keywords are unknown and will be ignored: [examples]&amp;quot;,
  &amp;quot;ignored&amp;quot; : [ &amp;quot;examples&amp;quot; ]
}, {
  &amp;quot;level&amp;quot; : &amp;quot;warning&amp;quot;,
  &amp;quot;schema&amp;quot; : {
    &amp;quot;loadingURI&amp;quot; : &amp;quot;file:/C:/Users/ADMIN/Documents/repos/rest_assured-testng/target/classes/search_category.json#&amp;quot;,
    &amp;quot;pointer&amp;quot; : &amp;quot;/properties/pagination/properties/sort&amp;quot;
  },
  &amp;quot;domain&amp;quot; : &amp;quot;syntax&amp;quot;,
  &amp;quot;message&amp;quot; : &amp;quot;the following keywords are unknown and will be ignored: [examples]&amp;quot;,
  &amp;quot;ignored&amp;quot; : [ &amp;quot;examples&amp;quot; ]
}, {
  &amp;quot;level&amp;quot; : &amp;quot;warning&amp;quot;,
  &amp;quot;schema&amp;quot; : {
    &amp;quot;loadingURI&amp;quot; : &amp;quot;file:/C:/Users/ADMIN/Documents/repos/rest_assured-testng/target/classes/search_category.json#&amp;quot;,
    &amp;quot;pointer&amp;quot; : &amp;quot;/properties/pagination/properties/totalPages&amp;quot;
  },
  &amp;quot;domain&amp;quot; : &amp;quot;syntax&amp;quot;,
  &amp;quot;message&amp;quot; : &amp;quot;the following keywords are unknown and will be ignored: [examples]&amp;quot;,
  &amp;quot;ignored&amp;quot; : [ &amp;quot;examples&amp;quot; ]
}, {
  &amp;quot;level&amp;quot; : &amp;quot;warning&amp;quot;,
  &amp;quot;schema&amp;quot; : {
    &amp;quot;loadingURI&amp;quot; : &amp;quot;file:/C:/Users/ADMIN/Documents/repos/rest_assured-testng/target/classes/search_category.json#&amp;quot;,
    &amp;quot;pointer&amp;quot; : &amp;quot;/properties/pagination/properties/totalResults&amp;quot;
  },
  &amp;quot;domain&amp;quot; : &amp;quot;syntax&amp;quot;,
  &amp;quot;message&amp;quot; : &amp;quot;the following keywords are unknown and will be ignored: [examples]&amp;quot;,
  &amp;quot;ignored&amp;quot; : [ &amp;quot;examples&amp;quot; ]
}, {
  &amp;quot;level&amp;quot; : &amp;quot;warning&amp;quot;,
  &amp;quot;schema&amp;quot; : {
    &amp;quot;loadingURI&amp;quot; : &amp;quot;file:/C:/Users/ADMIN/Documents/repos/rest_assured-testng/target/classes/search_category.json#&amp;quot;,
    &amp;quot;pointer&amp;quot; : &amp;quot;/properties/products&amp;quot;
  },
  &amp;quot;domain&amp;quot; : &amp;quot;syntax&amp;quot;,
  &amp;quot;message&amp;quot; : &amp;quot;the following keywords are unknown and will be ignored: [examples]&amp;quot;,
  &amp;quot;ignored&amp;quot; : [ &amp;quot;examples&amp;quot; ]
}, {
  &amp;quot;level&amp;quot; : &amp;quot;warning&amp;quot;,
  &amp;quot;schema&amp;quot; : {
    &amp;quot;loadingURI&amp;quot; : &amp;quot;file:/C:/Users/ADMIN/Documents/repos/rest_assured-testng/target/classes/search_category.json#&amp;quot;,
    &amp;quot;pointer&amp;quot; : &amp;quot;/properties/products/items/anyOf/0&amp;quot;
  },
  &amp;quot;domain&amp;quot; : &amp;quot;syntax&amp;quot;,
  &amp;quot;message&amp;quot; : &amp;quot;the following keywords are unknown and will be ignored: [examples]&amp;quot;,
  &amp;quot;ignored&amp;quot; : [ &amp;quot;examples&amp;quot; ]
}, {
  &amp;quot;level&amp;quot; : &amp;quot;warning&amp;quot;,
  &amp;quot;schema&amp;quot; : {
    &amp;quot;loadingURI&amp;quot; : &amp;quot;file:/C:/Users/ADMIN/Documents/repos/rest_assured-testng/target/classes/search_category.json#&amp;quot;,
    &amp;quot;pointer&amp;quot; : &amp;quot;/properties/products/items/anyOf/0/properties/addToCartFromPLPCategories&amp;quot;
  },
  &amp;quot;domain&amp;quot; : &amp;quot;syntax&amp;quot;,
  &amp;quot;message&amp;quot; : &amp;quot;the following keywords are unknown and will be ignored: [examples]&amp;quot;,
  &amp;quot;ignored&amp;quot; : [ &amp;quot;examples&amp;quot; ]
}, {
  &amp;quot;level&amp;quot; : &amp;quot;warning&amp;quot;,
  &amp;quot;schema&amp;quot; : {
    &amp;quot;loadingURI&amp;quot; : &amp;quot;file:/C:/Users/ADMIN/Documents/repos/rest_assured-testng/target/classes/search_category.json#&amp;quot;,
    &amp;quot;pointer&amp;quot; : &amp;quot;/properties/products/items/anyOf/0/properties/addToCartFromPLPCategories/items/anyOf/0&amp;quot;
  },
  &amp;quot;domain&amp;quot; : &amp;quot;syntax&amp;quot;,
  &amp;quot;message&amp;quot; : &amp;quot;the following keywords are unknown and will be ignored: [examples]&amp;quot;,
  &amp;quot;ignored&amp;quot; : [ &amp;quot;examples&amp;quot; ]
}, {
  &amp;quot;level&amp;quot; : &amp;quot;warning&amp;quot;,
  &amp;quot;schema&amp;quot; : {
    &amp;quot;loadingURI&amp;quot; : &amp;quot;file:/C:/Users/ADMIN/Documents/repos/rest_assured-testng/target/classes/search_category.json#&amp;quot;,
    &amp;quot;pointer&amp;quot; : &amp;quot;/properties/products/items/anyOf/0/properties/addToCartFromPLPCategories/items/anyOf/0/properties/key&amp;quot;
  },
  &amp;quot;domain&amp;quot; : &amp;quot;syntax&amp;quot;,
  &amp;quot;message&amp;quot; : &amp;quot;the following keywords are unknown and will be ignored: [examples]&amp;quot;,
  &amp;quot;ignored&amp;quot; : [ &amp;quot;examples&amp;quot; ]
}, {
  &amp;quot;level&amp;quot; : &amp;quot;warning&amp;quot;,
  &amp;quot;schema&amp;quot; : {
    &amp;quot;loadingURI&amp;quot; : &amp;quot;file:/C:/Users/ADMIN/Documents/repos/rest_assured-testng/target/classes/search_category.json#&amp;quot;,
    &amp;quot;pointer&amp;quot; : &amp;quot;/properties/products/items/anyOf/0/properties/addToCartFromPLPCategories/items/anyOf/0/properties/value&amp;quot;
  },
  &amp;quot;domain&amp;quot; : &amp;quot;syntax&amp;quot;,
  &amp;quot;message&amp;quot; : &amp;quot;the following keywords are unknown and will be ignored: [examples]&amp;quot;,
  &amp;quot;ignored&amp;quot; : [ &amp;quot;examples&amp;quot; ]
}, {
  &amp;quot;level&amp;quot; : &amp;quot;warning&amp;quot;,
  &amp;quot;schema&amp;quot; : {
    &amp;quot;loadingURI&amp;quot; : &amp;quot;file:/C:/Users/ADMIN/Documents/repos/rest_assured-testng/target/classes/search_category.json#&amp;quot;,
    &amp;quot;pointer&amp;quot; : &amp;quot;/properties/products/items/anyOf/0/properties/addableToCartFromListingPage&amp;quot;
  },
  &amp;quot;domain&amp;quot; : &amp;quot;syntax&amp;quot;,
  &amp;quot;message&amp;quot; : &amp;quot;the following keywords are unknown and will be ignored: [examples]&amp;quot;,
  &amp;quot;ignored&amp;quot; : [ &amp;quot;examples&amp;quot; ]
}, {
  &amp;quot;level&amp;quot; : &amp;quot;warning&amp;quot;,
  &amp;quot;schema&amp;quot; : {
    &amp;quot;loadingURI&amp;quot; : &amp;quot;file:/C:/Users/ADMIN/Documents/repos/rest_assured-testng/target/classes/search_category.json#&amp;quot;,
    &amp;quot;pointer&amp;quot; : &amp;quot;/properties/products/items/anyOf/0/properties/availableForPreorder&amp;quot;
  },
  &amp;quot;domain&amp;quot; : &amp;quot;syntax&amp;quot;,
  &amp;quot;message&amp;quot; : &amp;quot;the following keywords are unknown and will be ignored: [examples]&amp;quot;,
  &amp;quot;ignored&amp;quot; : [ &amp;quot;examples&amp;quot; ]
}, {
  &amp;quot;level&amp;quot; : &amp;quot;warning&amp;quot;,
  &amp;quot;schema&amp;quot; : {
    &amp;quot;loadingURI&amp;quot; : &amp;quot;file:/C:/Users/ADMIN/Documents/repos/rest_assured-testng/target/classes/search_category.json#&amp;quot;,
    &amp;quot;pointer&amp;quot; : &amp;quot;/properties/products/items/anyOf/0/properties/basePrice&amp;quot;
  },
  &amp;quot;domain&amp;quot; : &amp;quot;syntax&amp;quot;,
  &amp;quot;message&amp;quot; : &amp;quot;the following keywords are unknown and will be ignored: [examples]&amp;quot;,
  &amp;quot;ignored&amp;quot; : [ &amp;quot;examples&amp;quot; ]
}, {
  &amp;quot;level&amp;quot; : &amp;quot;warning&amp;quot;,
  &amp;quot;schema&amp;quot; : {
    &amp;quot;loadingURI&amp;quot; : &amp;quot;file:/C:/Users/ADMIN/Documents/repos/rest_assured-testng/target/classes/search_category.json#&amp;quot;,
    &amp;quot;pointer&amp;quot; : &amp;quot;/properties/products/items/anyOf/0/properties/basePrice/properties/currencyIso&amp;quot;
  },
  &amp;quot;domain&amp;quot; : &amp;quot;syntax&amp;quot;,
  &amp;quot;message&amp;quot; : &amp;quot;the following keywords are unknown and will be ignored: [examples]&amp;quot;,
  &amp;quot;ignored&amp;quot; : [ &amp;quot;examples&amp;quot; ]
}, {
  &amp;quot;level&amp;quot; : &amp;quot;warning&amp;quot;,
  &amp;quot;schema&amp;quot; : {
    &amp;quot;loadingURI&amp;quot; : &amp;quot;file:/C:/Users/ADMIN/Documents/repos/rest_assured-testng/target/classes/search_category.json#&amp;quot;,
    &amp;quot;pointer&amp;quot; : &amp;quot;/properties/products/items/anyOf/0/properties/basePrice/properties/formattedValue&amp;quot;
  },
  &amp;quot;domain&amp;quot; : &amp;quot;syntax&amp;quot;,
  &amp;quot;message&amp;quot; : &amp;quot;the following keywords are unknown and will be ignored: [examples]&amp;quot;,
  &amp;quot;ignored&amp;quot; : [ &amp;quot;examples&amp;quot; ]
}, {
  &amp;quot;level&amp;quot; : &amp;quot;warning&amp;quot;,
  &amp;quot;schema&amp;quot; : {
    &amp;quot;loadingURI&amp;quot; : &amp;quot;file:/C:/Users/ADMIN/Documents/repos/rest_assured-testng/target/classes/search_category.json#&amp;quot;,
    &amp;quot;pointer&amp;quot; : &amp;quot;/properties/products/items/anyOf/0/properties/basePrice/properties/priceType&amp;quot;
  },
  &amp;quot;domain&amp;quot; : &amp;quot;syntax&amp;quot;,
  &amp;quot;message&amp;quot; : &amp;quot;the following keywords are unknown and will be ignored: [examples]&amp;quot;,
  &amp;quot;ignored&amp;quot; : [ &amp;quot;examples&amp;quot; ]
}, {
  &amp;quot;level&amp;quot; : &amp;quot;warning&amp;quot;,
  &amp;quot;schema&amp;quot; : {
    &amp;quot;loadingURI&amp;quot; : &amp;quot;file:/C:/Users/ADMIN/Documents/repos/rest_assured-testng/target/classes/search_category.json#&amp;quot;,
    &amp;quot;pointer&amp;quot; : &amp;quot;/properties/products/items/anyOf/0/properties/basePrice/properties/value&amp;quot;
  },
  &amp;quot;domain&amp;quot; : &amp;quot;syntax&amp;quot;,
  &amp;quot;message&amp;quot; : &amp;quot;the following keywords are unknown and will be ignored: [examples]&amp;quot;,
  &amp;quot;ignored&amp;quot; : [ &amp;quot;examples&amp;quot; ]
}, {
  &amp;quot;level&amp;quot; : &amp;quot;warning&amp;quot;,
  &amp;quot;schema&amp;quot; : {
    &amp;quot;loadingURI&amp;quot; : &amp;quot;file:/C:/Users/ADMIN/Documents/repos/rest_assured-testng/target/classes/search_category.json#&amp;quot;,
    &amp;quot;pointer&amp;quot; : &amp;quot;/properties/products/items/anyOf/0/properties/businessDelivery&amp;quot;
  },
  &amp;quot;domain&amp;quot; : &amp;quot;syntax&amp;quot;,
  &amp;quot;message&amp;quot; : &amp;quot;the following keywords are unknown and will be ignored: [examples]&amp;quot;,
  &amp;quot;ignored&amp;quot; : [ &amp;quot;examples&amp;quot; ]
}, {
  &amp;quot;level&amp;quot; : &amp;quot;warning&amp;quot;,
  &amp;quot;schema&amp;quot; : {
    &amp;quot;loadingURI&amp;quot; : &amp;quot;file:/C:/Users/ADMIN/Documents/repos/rest_assured-testng/target/classes/search_category.json#&amp;quot;,
    &amp;quot;pointer&amp;quot; : &amp;quot;/properties/products/items/anyOf/0/properties/code&amp;quot;
  },
  &amp;quot;domain&amp;quot; : &amp;quot;syntax&amp;quot;,
  &amp;quot;message&amp;quot; : &amp;quot;the following keywords are unknown and will be ignored: [examples]&amp;quot;,
  &amp;quot;ignored&amp;quot; : [ &amp;quot;examples&amp;quot; ]
}, {
  &amp;quot;level&amp;quot; : &amp;quot;warning&amp;quot;,
  &amp;quot;schema&amp;quot; : {
    &amp;quot;loadingURI&amp;quot; : &amp;quot;file:/C:/Users/ADMIN/Documents/repos/rest_assured-testng/target/classes/search_category.json#&amp;quot;,
    &amp;quot;pointer&amp;quot; : &amp;quot;/properties/products/items/anyOf/0/properties/decalData&amp;quot;
  },
  &amp;quot;domain&amp;quot; : &amp;quot;syntax&amp;quot;,
  &amp;quot;message&amp;quot; : &amp;quot;the following keywords are unknown and will be ignored: [examples]&amp;quot;,
  &amp;quot;ignored&amp;quot; : [ &amp;quot;examples&amp;quot; ]
}, {
  &amp;quot;level&amp;quot; : &amp;quot;warning&amp;quot;,
  &amp;quot;schema&amp;quot; : {
    &amp;quot;loadingURI&amp;quot; : &amp;quot;file:/C:/Users/ADMIN/Documents/repos/rest_assured-testng/target/classes/search_category.json#&amp;quot;,
    &amp;quot;pointer&amp;quot; : &amp;quot;/properties/products/items/anyOf/0/properties/decalData/items/anyOf/0&amp;quot;
  },
  &amp;quot;domain&amp;quot; : &amp;quot;syntax&amp;quot;,
  &amp;quot;message&amp;quot; : &amp;quot;the following keywords are unknown and will be ignored: [examples]&amp;quot;,
  &amp;quot;ignored&amp;quot; : [ &amp;quot;examples&amp;quot; ]
}, {
  &amp;quot;level&amp;quot; : &amp;quot;warning&amp;quot;,
  &amp;quot;schema&amp;quot; : {
    &amp;quot;loadingURI&amp;quot; : &amp;quot;file:/C:/Users/ADMIN/Documents/repos/rest_assured-testng/target/classes/search_category.json#&amp;quot;,
    &amp;quot;pointer&amp;quot; : &amp;quot;/properties/products/items/anyOf/0/properties/decalData/items/anyOf/0/properties/key&amp;quot;
  },
  &amp;quot;domain&amp;quot; : &amp;quot;syntax&amp;quot;,
  &amp;quot;message&amp;quot; : &amp;quot;the following keywords are unknown and will be ignored: [examples]&amp;quot;,
  &amp;quot;ignored&amp;quot; : [ &amp;quot;examples&amp;quot; ]
}, {
  &amp;quot;level&amp;quot; : &amp;quot;warning&amp;quot;,
  &amp;quot;schema&amp;quot; : {
    &amp;quot;loadingURI&amp;quot; : &amp;quot;file:/C:/Users/ADMIN/Documents/repos/rest_assured-testng/target/classes/search_category.json#&amp;quot;,
    &amp;quot;pointer&amp;quot; : &amp;quot;/properties/products/items/anyOf/0/properties/decalData/items/anyOf/0/properties/value&amp;quot;
  },
  &amp;quot;domain&amp;quot; : &amp;quot;syntax&amp;quot;,
  &amp;quot;message&amp;quot; : &amp;quot;the following keywords are unknown and will be ignored: [examples]&amp;quot;,
  &amp;quot;ignored&amp;quot; : [ &amp;quot;examples&amp;quot; ]
}, {
  &amp;quot;level&amp;quot; : &amp;quot;warning&amp;quot;,
  &amp;quot;schema&amp;quot; : {
    &amp;quot;loadingURI&amp;quot; : &amp;quot;file:/C:/Users/ADMIN/Documents/repos/rest_assured-testng/target/classes/search_category.json#&amp;quot;,
    &amp;quot;pointer&amp;quot; : &amp;quot;/properties/products/items/anyOf/0/properties/decalData/items/anyOf/0/properties/value/properties/altText&amp;quot;
  },
  &amp;quot;domain&amp;quot; : &amp;quot;syntax&amp;quot;,
  &amp;quot;message&amp;quot; : &amp;quot;the following keywords are unknown and will be ignored: [examples]&amp;quot;,
  &amp;quot;ignored&amp;quot; : [ &amp;quot;examples&amp;quot; ]
}, {
  &amp;quot;level&amp;quot; : &amp;quot;warning&amp;quot;,
  &amp;quot;schema&amp;quot; : {
    &amp;quot;loadingURI&amp;quot; : &amp;quot;file:/C:/Users/ADMIN/Documents/repos/rest_assured-testng/target/classes/search_category.json#&amp;quot;,
    &amp;quot;pointer&amp;quot; : &amp;quot;/properties/products/items/anyOf/0/properties/decalData/items/anyOf/0/properties/value/properties/position&amp;quot;
  },
  &amp;quot;domain&amp;quot; : &amp;quot;syntax&amp;quot;,
  &amp;quot;message&amp;quot; : &amp;quot;the following keywords are unknown and will be ignored: [examples]&amp;quot;,
  &amp;quot;ignored&amp;quot; : [ &amp;quot;examples&amp;quot; ]
}, {
  &amp;quot;level&amp;quot; : &amp;quot;warning&amp;quot;,
  &amp;quot;schema&amp;quot; : {
    &amp;quot;loadingURI&amp;quot; : &amp;quot;file:/C:/Users/ADMIN/Documents/repos/rest_assured-testng/target/classes/search_category.json#&amp;quot;,
    &amp;quot;pointer&amp;quot; : &amp;quot;/properties/products/items/anyOf/0/properties/decalData/items/anyOf/0/properties/value/properties/url&amp;quot;
  },
  &amp;quot;domain&amp;quot; : &amp;quot;syntax&amp;quot;,
  &amp;quot;message&amp;quot; : &amp;quot;the following keywords are unknown and will be ignored: [examples]&amp;quot;,
  &amp;quot;ignored&amp;quot; : [ &amp;quot;examples&amp;quot; ]
}, {
  &amp;quot;level&amp;quot; : &amp;quot;warning&amp;quot;,
  &amp;quot;schema&amp;quot; : {
    &amp;quot;loadingURI&amp;quot; : &amp;quot;file:/C:/Users/ADMIN/Documents/repos/rest_assured-testng/target/classes/search_category.json#&amp;quot;,
    &amp;quot;pointer&amp;quot; : &amp;quot;/properties/products/items/anyOf/0/properties/description&amp;quot;
  },
  &amp;quot;domain&amp;quot; : &amp;quot;syntax&amp;quot;,
  &amp;quot;message&amp;quot; : &amp;quot;the following keywords are unknown and will be ignored: [examples]&amp;quot;,
  &amp;quot;ignored&amp;quot; : [ &amp;quot;examples&amp;quot; ]
}, {
  &amp;quot;level&amp;quot; : &amp;quot;warning&amp;quot;,
  &amp;quot;schema&amp;quot; : {
    &amp;quot;loadingURI&amp;quot; : &amp;quot;file:/C:/Users/ADMIN/Documents/repos/rest_assured-testng/target/classes/search_category.json#&amp;quot;,
    &amp;quot;pointer&amp;quot; : &amp;quot;/properties/products/items/anyOf/0/properties/englishName&amp;quot;
  },
  &amp;quot;domain&amp;quot; : &amp;quot;syntax&amp;quot;,
  &amp;quot;message&amp;quot; : &amp;quot;the following keywords are unknown and will be ignored: [examples]&amp;quot;,
  &amp;quot;ignored&amp;quot; : [ &amp;quot;examples&amp;quot; ]
}, {
  &amp;quot;level&amp;quot; : &amp;quot;warning&amp;quot;,
  &amp;quot;schema&amp;quot; : {
    &amp;quot;loadingURI&amp;quot; : &amp;quot;file:/C:/Users/ADMIN/Documents/repos/rest_assured-testng/target/classes/search_category.json#&amp;quot;,
    &amp;quot;pointer&amp;quot; : &amp;quot;/properties/products/items/anyOf/0/properties/expeditedDelivery&amp;quot;
  },
  &amp;quot;domain&amp;quot; : &amp;quot;syntax&amp;quot;,
  &amp;quot;message&amp;quot; : &amp;quot;the following keywords are unknown and will be ignored: [examples]&amp;quot;,
  &amp;quot;ignored&amp;quot; : [ &amp;quot;examples&amp;quot; ]
}, {
  &amp;quot;level&amp;quot; : &amp;quot;warning&amp;quot;,
  &amp;quot;schema&amp;quot; : {
    &amp;quot;loadingURI&amp;quot; : &amp;quot;file:/C:/Users/ADMIN/Documents/repos/rest_assured-testng/target/classes/search_category.json#&amp;quot;,
    &amp;quot;pointer&amp;quot; : &amp;quot;/properties/products/items/anyOf/0/properties/hasPricePerUnit&amp;quot;
  },
  &amp;quot;domain&amp;quot; : &amp;quot;syntax&amp;quot;,
  &amp;quot;message&amp;quot; : &amp;quot;the following keywords are unknown and will be ignored: [examples]&amp;quot;,
  &amp;quot;ignored&amp;quot; : [ &amp;quot;examples&amp;quot; ]
}, {
  &amp;quot;level&amp;quot; : &amp;quot;warning&amp;quot;,
  &amp;quot;schema&amp;quot; : {
    &amp;quot;loadingURI&amp;quot; : &amp;quot;file:/C:/Users/ADMIN/Documents/repos/rest_assured-testng/target/classes/search_category.json#&amp;quot;,
    &amp;quot;pointer&amp;quot; : &amp;quot;/properties/products/items/anyOf/0/properties/hidePriceValue&amp;quot;
  },
  &amp;quot;domain&amp;quot; : &amp;quot;syntax&amp;quot;,
  &amp;quot;message&amp;quot; : &amp;quot;the following keywords are unknown and will be ignored: [examples]&amp;quot;,
  &amp;quot;ignored&amp;quot; : [ &amp;quot;examples&amp;quot; ]
}, {
  &amp;quot;level&amp;quot; : &amp;quot;warning&amp;quot;,
  &amp;quot;schema&amp;quot; : {
    &amp;quot;loadingURI&amp;quot; : &amp;quot;file:/C:/Users/ADMIN/Documents/repos/rest_assured-testng/target/classes/search_category.json#&amp;quot;,
    &amp;quot;pointer&amp;quot; : &amp;quot;/properties/products/items/anyOf/0/properties/images&amp;quot;
  },
  &amp;quot;domain&amp;quot; : &amp;quot;syntax&amp;quot;,
  &amp;quot;message&amp;quot; : &amp;quot;the following keywords are unknown and will be ignored: [examples]&amp;quot;,
  &amp;quot;ignored&amp;quot; : [ &amp;quot;examples&amp;quot; ]
}, {
  &amp;quot;level&amp;quot; : &amp;quot;warning&amp;quot;,
  &amp;quot;schema&amp;quot; : {
    &amp;quot;loadingURI&amp;quot; : &amp;quot;file:/C:/Users/ADMIN/Documents/repos/rest_assured-testng/target/classes/search_category.json#&amp;quot;,
    &amp;quot;pointer&amp;quot; : &amp;quot;/properties/products/items/anyOf/0/properties/images/items/anyOf/0&amp;quot;
  },
  &amp;quot;domain&amp;quot; : &amp;quot;syntax&amp;quot;,
  &amp;quot;message&amp;quot; : &amp;quot;the following keywords are unknown and will be ignored: [examples]&amp;quot;,
  &amp;quot;ignored&amp;quot; : [ &amp;quot;examples&amp;quot; ]
}, {
  &amp;quot;level&amp;quot; : &amp;quot;warning&amp;quot;,
  &amp;quot;schema&amp;quot; : {
    &amp;quot;loadingURI&amp;quot; : &amp;quot;file:/C:/Users/ADMIN/Documents/repos/rest_assured-testng/target/classes/search_category.json#&amp;quot;,
    &amp;quot;pointer&amp;quot; : &amp;quot;/properties/products/items/anyOf/0/properties/images/items/anyOf/0/properties/format&amp;quot;
  },
  &amp;quot;domain&amp;quot; : &amp;quot;syntax&amp;quot;,
  &amp;quot;message&amp;quot; : &amp;quot;the following keywords are unknown and will be ignored: [examples]&amp;quot;,
  &amp;quot;ignored&amp;quot; : [ &amp;quot;examples&amp;quot; ]
}, {
  &amp;quot;level&amp;quot; : &amp;quot;warning&amp;quot;,
  &amp;quot;schema&amp;quot; : {
    &amp;quot;loadingURI&amp;quot; : &amp;quot;file:/C:/Users/ADMIN/Documents/repos/rest_assured-testng/target/classes/search_category.json#&amp;quot;,
    &amp;quot;pointer&amp;quot; : &amp;quot;/properties/products/items/anyOf/0/properties/images/items/anyOf/0/properties/imageType&amp;quot;
  },
  &amp;quot;domain&amp;quot; : &amp;quot;syntax&amp;quot;,
  &amp;quot;message&amp;quot; : &amp;quot;the following keywords are unknown and will be ignored: [examples]&amp;quot;,
  &amp;quot;ignored&amp;quot; : [ &amp;quot;examples&amp;quot; ]
}, {
  &amp;quot;level&amp;quot; : &amp;quot;warning&amp;quot;,
  &amp;quot;schema&amp;quot; : {
    &amp;quot;loadingURI&amp;quot; : &amp;quot;file:/C:/Users/ADMIN/Documents/repos/rest_assured-testng/target/classes/search_category.json#&amp;quot;,
    &amp;quot;pointer&amp;quot; : &amp;quot;/properties/products/items/anyOf/0/properties/images/items/anyOf/0/properties/url&amp;quot;
  },
  &amp;quot;domain&amp;quot; : &amp;quot;syntax&amp;quot;,
  &amp;quot;message&amp;quot; : &amp;quot;the following keywords are unknown and will be ignored: [examples]&amp;quot;,
  &amp;quot;ignored&amp;quot; : [ &amp;quot;examples&amp;quot; ]
}, {
  &amp;quot;level&amp;quot; : &amp;quot;warning&amp;quot;,
  &amp;quot;schema&amp;quot; : {
    &amp;quot;loadingURI&amp;quot; : &amp;quot;file:/C:/Users/ADMIN/Documents/repos/rest_assured-testng/target/classes/search_category.json#&amp;quot;,
    &amp;quot;pointer&amp;quot; : &amp;quot;/properties/products/items/anyOf/0/properties/isBaseProduct&amp;quot;
  },
  &amp;quot;domain&amp;quot; : &amp;quot;syntax&amp;quot;,
  &amp;quot;message&amp;quot; : &amp;quot;the following keywords are unknown and will be ignored: [examples]&amp;quot;,
  &amp;quot;ignored&amp;quot; : [ &amp;quot;examples&amp;quot; ]
}, {
  &amp;quot;level&amp;quot; : &amp;quot;warning&amp;quot;,
  &amp;quot;schema&amp;quot; : {
    &amp;quot;loadingURI&amp;quot; : &amp;quot;file:/C:/Users/ADMIN/Documents/repos/rest_assured-testng/target/classes/search_category.json#&amp;quot;,
    &amp;quot;pointer&amp;quot; : &amp;quot;/properties/products/items/anyOf/0/properties/isExternalVendorProduct&amp;quot;
  },
  &amp;quot;domain&amp;quot; : &amp;quot;syntax&amp;quot;,
  &amp;quot;message&amp;quot; : &amp;quot;the following keywords are unknown and will be ignored: [examples]&amp;quot;,
  &amp;quot;ignored&amp;quot; : [ &amp;quot;examples&amp;quot; ]
}, {
  &amp;quot;level&amp;quot; : &amp;quot;warning&amp;quot;,
  &amp;quot;schema&amp;quot; : {
    &amp;quot;loadingURI&amp;quot; : &amp;quot;file:/C:/Users/ADMIN/Documents/repos/rest_assured-testng/target/classes/search_category.json#&amp;quot;,
    &amp;quot;pointer&amp;quot; : &amp;quot;/properties/products/items/anyOf/0/properties/isExternalVendorVariantProduct&amp;quot;
  },
  &amp;quot;domain&amp;quot; : &amp;quot;syntax&amp;quot;,
  &amp;quot;message&amp;quot; : &amp;quot;the following keywords are unknown and will be ignored: [examples]&amp;quot;,
  &amp;quot;ignored&amp;quot; : [ &amp;quot;examples&amp;quot; ]
}, {
  &amp;quot;level&amp;quot; : &amp;quot;warning&amp;quot;,
  &amp;quot;schema&amp;quot; : {
    &amp;quot;loadingURI&amp;quot; : &amp;quot;file:/C:/Users/ADMIN/Documents/repos/rest_assured-testng/target/classes/search_category.json#&amp;quot;,
    &amp;quot;pointer&amp;quot; : &amp;quot;/properties/products/items/anyOf/0/properties/minOrderQuantity&amp;quot;
  },
  &amp;quot;domain&amp;quot; : &amp;quot;syntax&amp;quot;,
  &amp;quot;message&amp;quot; : &amp;quot;the following keywords are unknown and will be ignored: [examples]&amp;quot;,
  &amp;quot;ignored&amp;quot; : [ &amp;quot;examples&amp;quot; ]
}, {
  &amp;quot;level&amp;quot; : &amp;quot;warning&amp;quot;,
  &amp;quot;schema&amp;quot; : {
    &amp;quot;loadingURI&amp;quot; : &amp;quot;file:/C:/Users/ADMIN/Documents/repos/rest_assured-testng/target/classes/search_category.json#&amp;quot;,
    &amp;quot;pointer&amp;quot; : &amp;quot;/properties/products/items/anyOf/0/properties/modulusItemQuantity&amp;quot;
  },
  &amp;quot;domain&amp;quot; : &amp;quot;syntax&amp;quot;,
  &amp;quot;message&amp;quot; : &amp;quot;the following keywords are unknown and will be ignored: [examples]&amp;quot;,
  &amp;quot;ignored&amp;quot; : [ &amp;quot;examples&amp;quot; ]
}, {
  &amp;quot;level&amp;quot; : &amp;quot;warning&amp;quot;,
  &amp;quot;schema&amp;quot; : {
    &amp;quot;loadingURI&amp;quot; : &amp;quot;file:/C:/Users/ADMIN/Documents/repos/rest_assured-testng/target/classes/search_category.json#&amp;quot;,
    &amp;quot;pointer&amp;quot; : &amp;quot;/properties/products/items/anyOf/0/properties/name&amp;quot;
  },
  &amp;quot;domain&amp;quot; : &amp;quot;syntax&amp;quot;,
  &amp;quot;message&amp;quot; : &amp;quot;the following keywords are unknown and will be ignored: [examples]&amp;quot;,
  &amp;quot;ignored&amp;quot; : [ &amp;quot;examples&amp;quot; ]
}, {
  &amp;quot;level&amp;quot; : &amp;quot;warning&amp;quot;,
  &amp;quot;schema&amp;quot; : {
    &amp;quot;loadingURI&amp;quot; : &amp;quot;file:/C:/Users/ADMIN/Documents/repos/rest_assured-testng/target/classes/search_category.json#&amp;quot;,
    &amp;quot;pointer&amp;quot; : &amp;quot;/properties/products/items/anyOf/0/properties/price&amp;quot;
  },
  &amp;quot;domain&amp;quot; : &amp;quot;syntax&amp;quot;,
  &amp;quot;message&amp;quot; : &amp;quot;the following keywords are unknown and will be ignored: [examples]&amp;quot;,
  &amp;quot;ignored&amp;quot; : [ &amp;quot;examples&amp;quot; ]
}, {
  &amp;quot;level&amp;quot; : &amp;quot;warning&amp;quot;,
  &amp;quot;schema&amp;quot; : {
    &amp;quot;loadingURI&amp;quot; : &amp;quot;file:/C:/Users/ADMIN/Documents/repos/rest_assured-testng/target/classes/search_category.json#&amp;quot;,
    &amp;quot;pointer&amp;quot; : &amp;quot;/properties/products/items/anyOf/0/properties/price/properties/currencyIso&amp;quot;
  },
  &amp;quot;domain&amp;quot; : &amp;quot;syntax&amp;quot;,
  &amp;quot;message&amp;quot; : &amp;quot;the following keywords are unknown and will be ignored: [examples]&amp;quot;,
  &amp;quot;ignored&amp;quot; : [ &amp;quot;examples&amp;quot; ]
}, {
  &amp;quot;level&amp;quot; : &amp;quot;warning&amp;quot;,
  &amp;quot;schema&amp;quot; : {
    &amp;quot;loadingURI&amp;quot; : &amp;quot;file:/C:/Users/ADMIN/Documents/repos/rest_assured-testng/target/classes/search_category.json#&amp;quot;,
    &amp;quot;pointer&amp;quot; : &amp;quot;/properties/products/items/anyOf/0/properties/price/properties/formattedValue&amp;quot;
  },
  &amp;quot;domain&amp;quot; : &amp;quot;syntax&amp;quot;,
  &amp;quot;message&amp;quot; : &amp;quot;the following keywords are unknown and will be ignored: [examples]&amp;quot;,
  &amp;quot;ignored&amp;quot; : [ &amp;quot;examples&amp;quot; ]
}, {
  &amp;quot;level&amp;quot; : &amp;quot;warning&amp;quot;,
  &amp;quot;schema&amp;quot; : {
    &amp;quot;loadingURI&amp;quot; : &amp;quot;file:/C:/Users/ADMIN/Documents/repos/rest_assured-testng/target/classes/search_category.json#&amp;quot;,
    &amp;quot;pointer&amp;quot; : &amp;quot;/properties/products/items/anyOf/0/properties/price/properties/priceType&amp;quot;
  },
  &amp;quot;domain&amp;quot; : &amp;quot;syntax&amp;quot;,
  &amp;quot;message&amp;quot; : &amp;quot;the following keywords are unknown and will be ignored: [examples]&amp;quot;,
  &amp;quot;ignored&amp;quot; : [ &amp;quot;examples&amp;quot; ]
}, {
  &amp;quot;level&amp;quot; : &amp;quot;warning&amp;quot;,
  &amp;quot;schema&amp;quot; : {
    &amp;quot;loadingURI&amp;quot; : &amp;quot;file:/C:/Users/ADMIN/Documents/repos/rest_assured-testng/target/classes/search_category.json#&amp;quot;,
    &amp;quot;pointer&amp;quot; : &amp;quot;/properties/products/items/anyOf/0/properties/price/properties/value&amp;quot;
  },
  &amp;quot;domain&amp;quot; : &amp;quot;syntax&amp;quot;,
  &amp;quot;message&amp;quot; : &amp;quot;the following keywords are unknown and will be ignored: [examples]&amp;quot;,
  &amp;quot;ignored&amp;quot; : [ &amp;quot;examples&amp;quot; ]
}, {
  &amp;quot;level&amp;quot; : &amp;quot;warning&amp;quot;,
  &amp;quot;schema&amp;quot; : {
    &amp;quot;loadingURI&amp;quot; : &amp;quot;file:/C:/Users/ADMIN/Documents/repos/rest_assured-testng/target/classes/search_category.json#&amp;quot;,
    &amp;quot;pointer&amp;quot; : &amp;quot;/properties/products/items/anyOf/0/properties/purchasable&amp;quot;
  },
  &amp;quot;domain&amp;quot; : &amp;quot;syntax&amp;quot;,
  &amp;quot;message&amp;quot; : &amp;quot;the following keywords are unknown and will be ignored: [examples]&amp;quot;,
  &amp;quot;ignored&amp;quot; : [ &amp;quot;examples&amp;quot; ]
}, {
  &amp;quot;level&amp;quot; : &amp;quot;warning&amp;quot;,
  &amp;quot;schema&amp;quot; : {
    &amp;quot;loadingURI&amp;quot; : &amp;quot;file:/C:/Users/ADMIN/Documents/repos/rest_assured-testng/target/classes/search_category.json#&amp;quot;,
    &amp;quot;pointer&amp;quot; : &amp;quot;/properties/products/items/anyOf/0/properties/randomWeight&amp;quot;
  },
  &amp;quot;domain&amp;quot; : &amp;quot;syntax&amp;quot;,
  &amp;quot;message&amp;quot; : &amp;quot;the following keywords are unknown and will be ignored: [examples]&amp;quot;,
  &amp;quot;ignored&amp;quot; : [ &amp;quot;examples&amp;quot; ]
}, {
  &amp;quot;level&amp;quot; : &amp;quot;warning&amp;quot;,
  &amp;quot;schema&amp;quot; : {
    &amp;quot;loadingURI&amp;quot; : &amp;quot;file:/C:/Users/ADMIN/Documents/repos/rest_assured-testng/target/classes/search_category.json#&amp;quot;,
    &amp;quot;pointer&amp;quot; : &amp;quot;/properties/products/items/anyOf/0/properties/shippingIncluded&amp;quot;
  },
  &amp;quot;domain&amp;quot; : &amp;quot;syntax&amp;quot;,
  &amp;quot;message&amp;quot; : &amp;quot;the following keywords are unknown and will be ignored: [examples]&amp;quot;,
  &amp;quot;ignored&amp;quot; : [ &amp;quot;examples&amp;quot; ]
}, {
  &amp;quot;level&amp;quot; : &amp;quot;warning&amp;quot;,
  &amp;quot;schema&amp;quot; : {
    &amp;quot;loadingURI&amp;quot; : &amp;quot;file:/C:/Users/ADMIN/Documents/repos/rest_assured-testng/target/classes/search_category.json#&amp;quot;,
    &amp;quot;pointer&amp;quot; : &amp;quot;/properties/products/items/anyOf/0/properties/stock&amp;quot;
  },
  &amp;quot;domain&amp;quot; : &amp;quot;syntax&amp;quot;,
  &amp;quot;message&amp;quot; : &amp;quot;the following keywords are unknown and will be ignored: [examples]&amp;quot;,
  &amp;quot;ignored&amp;quot; : [ &amp;quot;examples&amp;quot; ]
}, {
  &amp;quot;level&amp;quot; : &amp;quot;warning&amp;quot;,
  &amp;quot;schema&amp;quot; : {
    &amp;quot;loadingURI&amp;quot; : &amp;quot;file:/C:/Users/ADMIN/Documents/repos/rest_assured-testng/target/classes/search_category.json#&amp;quot;,
    &amp;quot;pointer&amp;quot; : &amp;quot;/properties/products/items/anyOf/0/properties/stock/properties/contactDay&amp;quot;
  },
  &amp;quot;domain&amp;quot; : &amp;quot;syntax&amp;quot;,
  &amp;quot;message&amp;quot; : &amp;quot;the following keywords are unknown and will be ignored: [examples]&amp;quot;,
  &amp;quot;ignored&amp;quot; : [ &amp;quot;examples&amp;quot; ]
}, {
  &amp;quot;level&amp;quot; : &amp;quot;warning&amp;quot;,
  &amp;quot;schema&amp;quot; : {
    &amp;quot;loadingURI&amp;quot; : &amp;quot;file:/C:/Users/ADMIN/Documents/repos/rest_assured-testng/target/classes/search_category.json#&amp;quot;,
    &amp;quot;pointer&amp;quot; : &amp;quot;/properties/products/items/anyOf/0/properties/stock/properties/deliveryLeadTime&amp;quot;
  },
  &amp;quot;domain&amp;quot; : &amp;quot;syntax&amp;quot;,
  &amp;quot;message&amp;quot; : &amp;quot;the following keywords are unknown and will be ignored: [examples]&amp;quot;,
  &amp;quot;ignored&amp;quot; : [ &amp;quot;examples&amp;quot; ]
}, {
  &amp;quot;level&amp;quot; : &amp;quot;warning&amp;quot;,
  &amp;quot;schema&amp;quot; : {
    &amp;quot;loadingURI&amp;quot; : &amp;quot;file:/C:/Users/ADMIN/Documents/repos/rest_assured-testng/target/classes/search_category.json#&amp;quot;,
    &amp;quot;pointer&amp;quot; : &amp;quot;/properties/products/items/anyOf/0/properties/stock/properties/stockLevelStatus&amp;quot;
  },
  &amp;quot;domain&amp;quot; : &amp;quot;syntax&amp;quot;,
  &amp;quot;message&amp;quot; : &amp;quot;the following keywords are unknown and will be ignored: [examples]&amp;quot;,
  &amp;quot;ignored&amp;quot; : [ &amp;quot;examples&amp;quot; ]
}, {
  &amp;quot;level&amp;quot; : &amp;quot;warning&amp;quot;,
  &amp;quot;schema&amp;quot; : {
    &amp;quot;loadingURI&amp;quot; : &amp;quot;file:/C:/Users/ADMIN/Documents/repos/rest_assured-testng/target/classes/search_category.json#&amp;quot;,
    &amp;quot;pointer&amp;quot; : &amp;quot;/properties/products/items/anyOf/0/properties/summary&amp;quot;
  },
  &amp;quot;domain&amp;quot; : &amp;quot;syntax&amp;quot;,
  &amp;quot;message&amp;quot; : &amp;quot;the following keywords are unknown and will be ignored: [examples]&amp;quot;,
  &amp;quot;ignored&amp;quot; : [ &amp;quot;examples&amp;quot; ]
}, {
  &amp;quot;level&amp;quot; : &amp;quot;warning&amp;quot;,
  &amp;quot;schema&amp;quot; : {
    &amp;quot;loadingURI&amp;quot; : &amp;quot;file:/C:/Users/ADMIN/Documents/repos/rest_assured-testng/target/classes/search_category.json#&amp;quot;,
    &amp;quot;pointer&amp;quot; : &amp;quot;/properties/products/items/anyOf/0/properties/url&amp;quot;
  },
  &amp;quot;domain&amp;quot; : &amp;quot;syntax&amp;quot;,
  &amp;quot;message&amp;quot; : &amp;quot;the following keywords are unknown and will be ignored: [examples]&amp;quot;,
  &amp;quot;ignored&amp;quot; : [ &amp;quot;examples&amp;quot; ]
}, {
  &amp;quot;level&amp;quot; : &amp;quot;warning&amp;quot;,
  &amp;quot;schema&amp;quot; : {
    &amp;quot;loadingURI&amp;quot; : &amp;quot;file:/C:/Users/ADMIN/Documents/repos/rest_assured-testng/target/classes/search_category.json#&amp;quot;,
    &amp;quot;pointer&amp;quot; : &amp;quot;/properties/products/items/anyOf/0/properties/warehouseHidePriceValue&amp;quot;
  },
  &amp;quot;domain&amp;quot; : &amp;quot;syntax&amp;quot;,
  &amp;quot;message&amp;quot; : &amp;quot;the following keywords are unknown and will be ignored: [examples]&amp;quot;,
  &amp;quot;ignored&amp;quot; : [ &amp;quot;examples&amp;quot; ]
}, {
  &amp;quot;level&amp;quot; : &amp;quot;warning&amp;quot;,
  &amp;quot;schema&amp;quot; : {
    &amp;quot;loadingURI&amp;quot; : &amp;quot;file:/C:/Users/ADMIN/Documents/repos/rest_assured-testng/target/classes/search_category.json#&amp;quot;,
    &amp;quot;pointer&amp;quot; : &amp;quot;/properties/products/items/anyOf/1&amp;quot;
  },
  &amp;quot;domain&amp;quot; : &amp;quot;syntax&amp;quot;,
  &amp;quot;message&amp;quot; : &amp;quot;the following keywords are unknown and will be ignored: [examples]&amp;quot;,
  &amp;quot;ignored&amp;quot; : [ &amp;quot;examples&amp;quot; ]
}, {
  &amp;quot;level&amp;quot; : &amp;quot;warning&amp;quot;,
  &amp;quot;schema&amp;quot; : {
    &amp;quot;loadingURI&amp;quot; : &amp;quot;file:/C:/Users/ADMIN/Documents/repos/rest_assured-testng/target/classes/search_category.json#&amp;quot;,
    &amp;quot;pointer&amp;quot; : &amp;quot;/properties/products/items/anyOf/1/properties/addToCartFromPLPCategories&amp;quot;
  },
  &amp;quot;domain&amp;quot; : &amp;quot;syntax&amp;quot;,
  &amp;quot;message&amp;quot; : &amp;quot;the following keywords are unknown and will be ignored: [examples]&amp;quot;,
  &amp;quot;ignored&amp;quot; : [ &amp;quot;examples&amp;quot; ]
}, {
  &amp;quot;level&amp;quot; : &amp;quot;warning&amp;quot;,
  &amp;quot;schema&amp;quot; : {
    &amp;quot;loadingURI&amp;quot; : &amp;quot;file:/C:/Users/ADMIN/Documents/repos/rest_assured-testng/target/classes/search_category.json#&amp;quot;,
    &amp;quot;pointer&amp;quot; : &amp;quot;/properties/products/items/anyOf/1/properties/addToCartFromPLPCategories/items/anyOf/0&amp;quot;
  },
  &amp;quot;domain&amp;quot; : &amp;quot;syntax&amp;quot;,
  &amp;quot;message&amp;quot; : &amp;quot;the following keywords are unknown and will be ignored: [examples]&amp;quot;,
  &amp;quot;ignored&amp;quot; : [ &amp;quot;examples&amp;quot; ]
}, {
  &amp;quot;level&amp;quot; : &amp;quot;warning&amp;quot;,
  &amp;quot;schema&amp;quot; : {
    &amp;quot;loadingURI&amp;quot; : &amp;quot;file:/C:/Users/ADMIN/Documents/repos/rest_assured-testng/target/classes/search_category.json#&amp;quot;,
    &amp;quot;pointer&amp;quot; : &amp;quot;/properties/products/items/anyOf/1/properties/addToCartFromPLPCategories/items/anyOf/0/properties/key&amp;quot;
  },
  &amp;quot;domain&amp;quot; : &amp;quot;syntax&amp;quot;,
  &amp;quot;message&amp;quot; : &amp;quot;the following keywords are unknown and will be ignored: [examples]&amp;quot;,
  &amp;quot;ignored&amp;quot; : [ &amp;quot;examples&amp;quot; ]
}, {
  &amp;quot;level&amp;quot; : &amp;quot;warning&amp;quot;,
  &amp;quot;schema&amp;quot; : {
    &amp;quot;loadingURI&amp;quot; : &amp;quot;file:/C:/Users/ADMIN/Documents/repos/rest_assured-testng/target/classes/search_category.json#&amp;quot;,
    &amp;quot;pointer&amp;quot; : &amp;quot;/properties/products/items/anyOf/1/properties/addToCartFromPLPCategories/items/anyOf/0/properties/value&amp;quot;
  },
  &amp;quot;domain&amp;quot; : &amp;quot;syntax&amp;quot;,
  &amp;quot;message&amp;quot; : &amp;quot;the following keywords are unknown and will be ignored: [examples]&amp;quot;,
  &amp;quot;ignored&amp;quot; : [ &amp;quot;examples&amp;quot; ]
}, {
  &amp;quot;level&amp;quot; : &amp;quot;warning&amp;quot;,
  &amp;quot;schema&amp;quot; : {
    &amp;quot;loadingURI&amp;quot; : &amp;quot;file:/C:/Users/ADMIN/Documents/repos/rest_assured-testng/target/classes/search_category.json#&amp;quot;,
    &amp;quot;pointer&amp;quot; : &amp;quot;/properties/products/items/anyOf/1/properties/addableToCartFromListingPage&amp;quot;
  },
  &amp;quot;domain&amp;quot; : &amp;quot;syntax&amp;quot;,
  &amp;quot;message&amp;quot; : &amp;quot;the following keywords are unknown and will be ignored: [examples]&amp;quot;,
  &amp;quot;ignored&amp;quot; : [ &amp;quot;examples&amp;quot; ]
}, {
  &amp;quot;level&amp;quot; : &amp;quot;warning&amp;quot;,
  &amp;quot;schema&amp;quot; : {
    &amp;quot;loadingURI&amp;quot; : &amp;quot;file:/C:/Users/ADMIN/Documents/repos/rest_assured-testng/target/classes/search_category.json#&amp;quot;,
    &amp;quot;pointer&amp;quot; : &amp;quot;/properties/products/items/anyOf/1/properties/availableForPreorder&amp;quot;
  },
  &amp;quot;domain&amp;quot; : &amp;quot;syntax&amp;quot;,
  &amp;quot;message&amp;quot; : &amp;quot;the following keywords are unknown and will be ignored: [examples]&amp;quot;,
  &amp;quot;ignored&amp;quot; : [ &amp;quot;examples&amp;quot; ]
}, {
  &amp;quot;level&amp;quot; : &amp;quot;warning&amp;quot;,
  &amp;quot;schema&amp;quot; : {
    &amp;quot;loadingURI&amp;quot; : &amp;quot;file:/C:/Users/ADMIN/Documents/repos/rest_assured-testng/target/classes/search_category.json#&amp;quot;,
    &amp;quot;pointer&amp;quot; : &amp;quot;/properties/products/items/anyOf/1/properties/basePrice&amp;quot;
  },
  &amp;quot;domain&amp;quot; : &amp;quot;syntax&amp;quot;,
  &amp;quot;message&amp;quot; : &amp;quot;the following keywords are unknown and will be ignored: [examples]&amp;quot;,
  &amp;quot;ignored&amp;quot; : [ &amp;quot;examples&amp;quot; ]
}, {
  &amp;quot;level&amp;quot; : &amp;quot;warning&amp;quot;,
  &amp;quot;schema&amp;quot; : {
    &amp;quot;loadingURI&amp;quot; : &amp;quot;file:/C:/Users/ADMIN/Documents/repos/rest_assured-testng/target/classes/search_category.json#&amp;quot;,
    &amp;quot;pointer&amp;quot; : &amp;quot;/properties/products/items/anyOf/1/properties/basePrice/properties/currencyIso&amp;quot;
  },
  &amp;quot;domain&amp;quot; : &amp;quot;syntax&amp;quot;,
  &amp;quot;message&amp;quot; : &amp;quot;the following keywords are unknown and will be ignored: [examples]&amp;quot;,
  &amp;quot;ignored&amp;quot; : [ &amp;quot;examples&amp;quot; ]
}, {
  &amp;quot;level&amp;quot; : &amp;quot;warning&amp;quot;,
  &amp;quot;schema&amp;quot; : {
    &amp;quot;loadingURI&amp;quot; : &amp;quot;file:/C:/Users/ADMIN/Documents/repos/rest_assured-testng/target/classes/search_category.json#&amp;quot;,
    &amp;quot;pointer&amp;quot; : &amp;quot;/properties/products/items/anyOf/1/properties/basePrice/properties/formattedValue&amp;quot;
  },
  &amp;quot;domain&amp;quot; : &amp;quot;syntax&amp;quot;,
  &amp;quot;message&amp;quot; : &amp;quot;the following keywords are unknown and will be ignored: [examples]&amp;quot;,
  &amp;quot;ignored&amp;quot; : [ &amp;quot;examples&amp;quot; ]
}, {
  &amp;quot;level&amp;quot; : &amp;quot;warning&amp;quot;,
  &amp;quot;schema&amp;quot; : {
    &amp;quot;loadingURI&amp;quot; : &amp;quot;file:/C:/Users/ADMIN/Documents/repos/rest_assured-testng/target/classes/search_category.json#&amp;quot;,
    &amp;quot;pointer&amp;quot; : &amp;quot;/properties/products/items/anyOf/1/properties/basePrice/properties/priceType&amp;quot;
  },
  &amp;quot;domain&amp;quot; : &amp;quot;syntax&amp;quot;,
  &amp;quot;message&amp;quot; : &amp;quot;the following keywords are unknown and will be ignored: [examples]&amp;quot;,
  &amp;quot;ignored&amp;quot; : [ &amp;quot;examples&amp;quot; ]
}, {
  &amp;quot;level&amp;quot; : &amp;quot;warning&amp;quot;,
  &amp;quot;schema&amp;quot; : {
    &amp;quot;loadingURI&amp;quot; : &amp;quot;file:/C:/Users/ADMIN/Documents/repos/rest_assured-testng/target/classes/search_category.json#&amp;quot;,
    &amp;quot;pointer&amp;quot; : &amp;quot;/properties/products/items/anyOf/1/properties/basePrice/properties/value&amp;quot;
  },
  &amp;quot;domain&amp;quot; : &amp;quot;syntax&amp;quot;,
  &amp;quot;message&amp;quot; : &amp;quot;the following keywords are unknown and will be ignored: [examples]&amp;quot;,
  &amp;quot;ignored&amp;quot; : [ &amp;quot;examples&amp;quot; ]
}, {
  &amp;quot;level&amp;quot; : &amp;quot;warning&amp;quot;,
  &amp;quot;schema&amp;quot; : {
    &amp;quot;loadingURI&amp;quot; : &amp;quot;file:/C:/Users/ADMIN/Documents/repos/rest_assured-testng/target/classes/search_category.json#&amp;quot;,
    &amp;quot;pointer&amp;quot; : &amp;quot;/properties/products/items/anyOf/1/properties/businessDelivery&amp;quot;
  },
  &amp;quot;domain&amp;quot; : &amp;quot;syntax&amp;quot;,
  &amp;quot;message&amp;quot; : &amp;quot;the following keywords are unknown and will be ignored: [examples]&amp;quot;,
  &amp;quot;ignored&amp;quot; : [ &amp;quot;examples&amp;quot; ]
}, {
  &amp;quot;level&amp;quot; : &amp;quot;warning&amp;quot;,
  &amp;quot;schema&amp;quot; : {
    &amp;quot;loadingURI&amp;quot; : &amp;quot;file:/C:/Users/ADMIN/Documents/repos/rest_assured-testng/target/classes/search_category.json#&amp;quot;,
    &amp;quot;pointer&amp;quot; : &amp;quot;/properties/products/items/anyOf/1/properties/code&amp;quot;
  },
  &amp;quot;domain&amp;quot; : &amp;quot;syntax&amp;quot;,
  &amp;quot;message&amp;quot; : &amp;quot;the following keywords are unknown and will be ignored: [examples]&amp;quot;,
  &amp;quot;ignored&amp;quot; : [ &amp;quot;examples&amp;quot; ]
}, {
  &amp;quot;level&amp;quot; : &amp;quot;warning&amp;quot;,
  &amp;quot;schema&amp;quot; : {
    &amp;quot;loadingURI&amp;quot; : &amp;quot;file:/C:/Users/ADMIN/Documents/repos/rest_assured-testng/target/classes/search_category.json#&amp;quot;,
    &amp;quot;pointer&amp;quot; : &amp;quot;/properties/products/items/anyOf/1/properties/description&amp;quot;
  },
  &amp;quot;domain&amp;quot; : &amp;quot;syntax&amp;quot;,
  &amp;quot;message&amp;quot; : &amp;quot;the following keywords are unknown and will be ignored: [examples]&amp;quot;,
  &amp;quot;ignored&amp;quot; : [ &amp;quot;examples&amp;quot; ]
}, {
  &amp;quot;level&amp;quot; : &amp;quot;warning&amp;quot;,
  &amp;quot;schema&amp;quot; : {
    &amp;quot;loadingURI&amp;quot; : &amp;quot;file:/C:/Users/ADMIN/Documents/repos/rest_assured-testng/target/classes/search_category.json#&amp;quot;,
    &amp;quot;pointer&amp;quot; : &amp;quot;/properties/products/items/anyOf/1/properties/englishName&amp;quot;
  },
  &amp;quot;domain&amp;quot; : &amp;quot;syntax&amp;quot;,
  &amp;quot;message&amp;quot; : &amp;quot;the following keywords are unknown and will be ignored: [examples]&amp;quot;,
  &amp;quot;ignored&amp;quot; : [ &amp;quot;examples&amp;quot; ]
}, {
  &amp;quot;level&amp;quot; : &amp;quot;warning&amp;quot;,
  &amp;quot;schema&amp;quot; : {
    &amp;quot;loadingURI&amp;quot; : &amp;quot;file:/C:/Users/ADMIN/Documents/repos/rest_assured-testng/target/classes/search_category.json#&amp;quot;,
    &amp;quot;pointer&amp;quot; : &amp;quot;/properties/products/items/anyOf/1/properties/expeditedDelivery&amp;quot;
  },
  &amp;quot;domain&amp;quot; : &amp;quot;syntax&amp;quot;,
  &amp;quot;message&amp;quot; : &amp;quot;the following keywords are unknown and will be ignored: [examples]&amp;quot;,
  &amp;quot;ignored&amp;quot; : [ &amp;quot;examples&amp;quot; ]
}, {
  &amp;quot;level&amp;quot; : &amp;quot;warning&amp;quot;,
  &amp;quot;schema&amp;quot; : {
    &amp;quot;loadingURI&amp;quot; : &amp;quot;file:/C:/Users/ADMIN/Documents/repos/rest_assured-testng/target/classes/search_category.json#&amp;quot;,
    &amp;quot;pointer&amp;quot; : &amp;quot;/properties/products/items/anyOf/1/properties/hasPricePerUnit&amp;quot;
  },
  &amp;quot;domain&amp;quot; : &amp;quot;syntax&amp;quot;,
  &amp;quot;message&amp;quot; : &amp;quot;the following keywords are unknown and will be ignored: [examples]&amp;quot;,
  &amp;quot;ignored&amp;quot; : [ &amp;quot;examples&amp;quot; ]
}, {
  &amp;quot;level&amp;quot; : &amp;quot;warning&amp;quot;,
  &amp;quot;schema&amp;quot; : {
    &amp;quot;loadingURI&amp;quot; : &amp;quot;file:/C:/Users/ADMIN/Documents/repos/rest_assured-testng/target/classes/search_category.json#&amp;quot;,
    &amp;quot;pointer&amp;quot; : &amp;quot;/properties/products/items/anyOf/1/properties/hidePriceValue&amp;quot;
  },
  &amp;quot;domain&amp;quot; : &amp;quot;syntax&amp;quot;,
  &amp;quot;message&amp;quot; : &amp;quot;the following keywords are unknown and will be ignored: [examples]&amp;quot;,
  &amp;quot;ignored&amp;quot; : [ &amp;quot;examples&amp;quot; ]
}, {
  &amp;quot;level&amp;quot; : &amp;quot;warning&amp;quot;,
  &amp;quot;schema&amp;quot; : {
    &amp;quot;loadingURI&amp;quot; : &amp;quot;file:/C:/Users/ADMIN/Documents/repos/rest_assured-testng/target/classes/search_category.json#&amp;quot;,
    &amp;quot;pointer&amp;quot; : &amp;quot;/properties/products/items/anyOf/1/properties/images&amp;quot;
  },
  &amp;quot;domain&amp;quot; : &amp;quot;syntax&amp;quot;,
  &amp;quot;message&amp;quot; : &amp;quot;the following keywords are unknown and will be ignored: [examples]&amp;quot;,
  &amp;quot;ignored&amp;quot; : [ &amp;quot;examples&amp;quot; ]
}, {
  &amp;quot;level&amp;quot; : &amp;quot;warning&amp;quot;,
  &amp;quot;schema&amp;quot; : {
    &amp;quot;loadingURI&amp;quot; : &amp;quot;file:/C:/Users/ADMIN/Documents/repos/rest_assured-testng/target/classes/search_category.json#&amp;quot;,
    &amp;quot;pointer&amp;quot; : &amp;quot;/properties/products/items/anyOf/1/properties/images/items/anyOf/0&amp;quot;
  },
  &amp;quot;domain&amp;quot; : &amp;quot;syntax&amp;quot;,
  &amp;quot;message&amp;quot; : &amp;quot;the following keywords are unknown and will be ignored: [examples]&amp;quot;,
  &amp;quot;ignored&amp;quot; : [ &amp;quot;examples&amp;quot; ]
}, {
  &amp;quot;level&amp;quot; : &amp;quot;warning&amp;quot;,
  &amp;quot;schema&amp;quot; : {
    &amp;quot;loadingURI&amp;quot; : &amp;quot;file:/C:/Users/ADMIN/Documents/repos/rest_assured-testng/target/classes/search_category.json#&amp;quot;,
    &amp;quot;pointer&amp;quot; : &amp;quot;/properties/products/items/anyOf/1/properties/images/items/anyOf/0/properties/format&amp;quot;
  },
  &amp;quot;domain&amp;quot; : &amp;quot;syntax&amp;quot;,
  &amp;quot;message&amp;quot; : &amp;quot;the following keywords are unknown and will be ignored: [examples]&amp;quot;,
  &amp;quot;ignored&amp;quot; : [ &amp;quot;examples&amp;quot; ]
}, {
  &amp;quot;level&amp;quot; : &amp;quot;warning&amp;quot;,
  &amp;quot;schema&amp;quot; : {
    &amp;quot;loadingURI&amp;quot; : &amp;quot;file:/C:/Users/ADMIN/Documents/repos/rest_assured-testng/target/classes/search_category.json#&amp;quot;,
    &amp;quot;pointer&amp;quot; : &amp;quot;/properties/products/items/anyOf/1/properties/images/items/anyOf/0/properties/imageType&amp;quot;
  },
  &amp;quot;domain&amp;quot; : &amp;quot;syntax&amp;quot;,
  &amp;quot;message&amp;quot; : &amp;quot;the following keywords are unknown and will be ignored: [examples]&amp;quot;,
  &amp;quot;ignored&amp;quot; : [ &amp;quot;examples&amp;quot; ]
}, {
  &amp;quot;level&amp;quot; : &amp;quot;warning&amp;quot;,
  &amp;quot;schema&amp;quot; : {
    &amp;quot;loadingURI&amp;quot; : &amp;quot;file:/C:/Users/ADMIN/Documents/repos/rest_assured-testng/target/classes/search_category.json#&amp;quot;,
    &amp;quot;pointer&amp;quot; : &amp;quot;/properties/products/items/anyOf/1/properties/images/items/anyOf/0/properties/url&amp;quot;
  },
  &amp;quot;domain&amp;quot; : &amp;quot;syntax&amp;quot;,
  &amp;quot;message&amp;quot; : &amp;quot;the following keywords are unknown and will be ignored: [examples]&amp;quot;,
  &amp;quot;ignored&amp;quot; : [ &amp;quot;examples&amp;quot; ]
}, {
  &amp;quot;level&amp;quot; : &amp;quot;warning&amp;quot;,
  &amp;quot;schema&amp;quot; : {
    &amp;quot;loadingURI&amp;quot; : &amp;quot;file:/C:/Users/ADMIN/Documents/repos/rest_assured-testng/target/classes/search_category.json#&amp;quot;,
    &amp;quot;pointer&amp;quot; : &amp;quot;/properties/products/items/anyOf/1/properties/isBaseProduct&amp;quot;
  },
  &amp;quot;domain&amp;quot; : &amp;quot;syntax&amp;quot;,
  &amp;quot;message&amp;quot; : &amp;quot;the following keywords are unknown and will be ignored: [examples]&amp;quot;,
  &amp;quot;ignored&amp;quot; : [ &amp;quot;examples&amp;quot; ]
}, {
  &amp;quot;level&amp;quot; : &amp;quot;warning&amp;quot;,
  &amp;quot;schema&amp;quot; : {
    &amp;quot;loadingURI&amp;quot; : &amp;quot;file:/C:/Users/ADMIN/Documents/repos/rest_assured-testng/target/classes/search_category.json#&amp;quot;,
    &amp;quot;pointer&amp;quot; : &amp;quot;/properties/products/items/anyOf/1/properties/isExternalVendorProduct&amp;quot;
  },
  &amp;quot;domain&amp;quot; : &amp;quot;syntax&amp;quot;,
  &amp;quot;message&amp;quot; : &amp;quot;the following keywords are unknown and will be ignored: [examples]&amp;quot;,
  &amp;quot;ignored&amp;quot; : [ &amp;quot;examples&amp;quot; ]
}, {
  &amp;quot;level&amp;quot; : &amp;quot;warning&amp;quot;,
  &amp;quot;schema&amp;quot; : {
    &amp;quot;loadingURI&amp;quot; : &amp;quot;file:/C:/Users/ADMIN/Documents/repos/rest_assured-testng/target/classes/search_category.json#&amp;quot;,
    &amp;quot;pointer&amp;quot; : &amp;quot;/properties/products/items/anyOf/1/properties/isExternalVendorVariantProduct&amp;quot;
  },
  &amp;quot;domain&amp;quot; : &amp;quot;syntax&amp;quot;,
  &amp;quot;message&amp;quot; : &amp;quot;the following keywords are unknown and will be ignored: [examples]&amp;quot;,
  &amp;quot;ignored&amp;quot; : [ &amp;quot;examples&amp;quot; ]
}, {
  &amp;quot;level&amp;quot; : &amp;quot;warning&amp;quot;,
  &amp;quot;schema&amp;quot; : {
    &amp;quot;loadingURI&amp;quot; : &amp;quot;file:/C:/Users/ADMIN/Documents/repos/rest_assured-testng/target/classes/search_category.json#&amp;quot;,
    &amp;quot;pointer&amp;quot; : &amp;quot;/properties/products/items/anyOf/1/properties/minOrderQuantity&amp;quot;
  },
  &amp;quot;domain&amp;quot; : &amp;quot;syntax&amp;quot;,
  &amp;quot;message&amp;quot; : &amp;quot;the following keywords are unknown and will be ignored: [examples]&amp;quot;,
  &amp;quot;ignored&amp;quot; : [ &amp;quot;examples&amp;quot; ]
}, {
  &amp;quot;level&amp;quot; : &amp;quot;warning&amp;quot;,
  &amp;quot;schema&amp;quot; : {
    &amp;quot;loadingURI&amp;quot; : &amp;quot;file:/C:/Users/ADMIN/Documents/repos/rest_assured-testng/target/classes/search_category.json#&amp;quot;,
    &amp;quot;pointer&amp;quot; : &amp;quot;/properties/products/items/anyOf/1/properties/modulusItemQuantity&amp;quot;
  },
  &amp;quot;domain&amp;quot; : &amp;quot;syntax&amp;quot;,
  &amp;quot;message&amp;quot; : &amp;quot;the following keywords are unknown and will be ignored: [examples]&amp;quot;,
  &amp;quot;ignored&amp;quot; : [ &amp;quot;examples&amp;quot; ]
}, {
  &amp;quot;level&amp;quot; : &amp;quot;warning&amp;quot;,
  &amp;quot;schema&amp;quot; : {
    &amp;quot;loadingURI&amp;quot; : &amp;quot;file:/C:/Users/ADMIN/Documents/repos/rest_assured-testng/target/classes/search_category.json#&amp;quot;,
    &amp;quot;pointer&amp;quot; : &amp;quot;/properties/products/items/anyOf/1/properties/name&amp;quot;
  },
  &amp;quot;domain&amp;quot; : &amp;quot;syntax&amp;quot;,
  &amp;quot;message&amp;quot; : &amp;quot;the following keywords are unknown and will be ignored: [examples]&amp;quot;,
  &amp;quot;ignored&amp;quot; : [ &amp;quot;examples&amp;quot; ]
}, {
  &amp;quot;level&amp;quot; : &amp;quot;warning&amp;quot;,
  &amp;quot;schema&amp;quot; : {
    &amp;quot;loadingURI&amp;quot; : &amp;quot;file:/C:/Users/ADMIN/Documents/repos/rest_assured-testng/target/classes/search_category.json#&amp;quot;,
    &amp;quot;pointer&amp;quot; : &amp;quot;/properties/products/items/anyOf/1/properties/price&amp;quot;
  },
  &amp;quot;domain&amp;quot; : &amp;quot;syntax&amp;quot;,
  &amp;quot;message&amp;quot; : &amp;quot;the following keywords are unknown and will be ignored: [examples]&amp;quot;,
  &amp;quot;ignored&amp;quot; : [ &amp;quot;examples&amp;quot; ]
}, {
  &amp;quot;level&amp;quot; : &amp;quot;warning&amp;quot;,
  &amp;quot;schema&amp;quot; : {
    &amp;quot;loadingURI&amp;quot; : &amp;quot;file:/C:/Users/ADMIN/Documents/repos/rest_assured-testng/target/classes/search_category.json#&amp;quot;,
    &amp;quot;pointer&amp;quot; : &amp;quot;/properties/products/items/anyOf/1/properties/price/properties/currencyIso&amp;quot;
  },
  &amp;quot;domain&amp;quot; : &amp;quot;syntax&amp;quot;,
  &amp;quot;message&amp;quot; : &amp;quot;the following keywords are unknown and will be ignored: [examples]&amp;quot;,
  &amp;quot;ignored&amp;quot; : [ &amp;quot;examples&amp;quot; ]
}, {
  &amp;quot;level&amp;quot; : &amp;quot;warning&amp;quot;,
  &amp;quot;schema&amp;quot; : {
    &amp;quot;loadingURI&amp;quot; : &amp;quot;file:/C:/Users/ADMIN/Documents/repos/rest_assured-testng/target/classes/search_category.json#&amp;quot;,
    &amp;quot;pointer&amp;quot; : &amp;quot;/properties/products/items/anyOf/1/properties/price/properties/formattedValue&amp;quot;
  },
  &amp;quot;domain&amp;quot; : &amp;quot;syntax&amp;quot;,
  &amp;quot;message&amp;quot; : &amp;quot;the following keywords are unknown and will be ignored: [examples]&amp;quot;,
  &amp;quot;ignored&amp;quot; : [ &amp;quot;examples&amp;quot; ]
}, {
  &amp;quot;level&amp;quot; : &amp;quot;warning&amp;quot;,
  &amp;quot;schema&amp;quot; : {
    &amp;quot;loadingURI&amp;quot; : &amp;quot;file:/C:/Users/ADMIN/Documents/repos/rest_assured-testng/target/classes/search_category.json#&amp;quot;,
    &amp;quot;pointer&amp;quot; : &amp;quot;/properties/products/items/anyOf/1/properties/price/properties/priceType&amp;quot;
  },
  &amp;quot;domain&amp;quot; : &amp;quot;syntax&amp;quot;,
  &amp;quot;message&amp;quot; : &amp;quot;the following keywords are unknown and will be ignored: [examples]&amp;quot;,
  &amp;quot;ignored&amp;quot; : [ &amp;quot;examples&amp;quot; ]
}, {
  &amp;quot;level&amp;quot; : &amp;quot;warning&amp;quot;,
  &amp;quot;schema&amp;quot; : {
    &amp;quot;loadingURI&amp;quot; : &amp;quot;file:/C:/Users/ADMIN/Documents/repos/rest_assured-testng/target/classes/search_category.json#&amp;quot;,
    &amp;quot;pointer&amp;quot; : &amp;quot;/properties/products/items/anyOf/1/properties/price/properties/value&amp;quot;
  },
  &amp;quot;domain&amp;quot; : &amp;quot;syntax&amp;quot;,
  &amp;quot;message&amp;quot; : &amp;quot;the following keywords are unknown and will be ignored: [examples]&amp;quot;,
  &amp;quot;ignored&amp;quot; : [ &amp;quot;examples&amp;quot; ]
}, {
  &amp;quot;level&amp;quot; : &amp;quot;warning&amp;quot;,
  &amp;quot;schema&amp;quot; : {
    &amp;quot;loadingURI&amp;quot; : &amp;quot;file:/C:/Users/ADMIN/Documents/repos/rest_assured-testng/target/classes/search_category.json#&amp;quot;,
    &amp;quot;pointer&amp;quot; : &amp;quot;/properties/products/items/anyOf/1/properties/purchasable&amp;quot;
  },
  &amp;quot;domain&amp;quot; : &amp;quot;syntax&amp;quot;,
  &amp;quot;message&amp;quot; : &amp;quot;the following keywords are unknown and will be ignored: [examples]&amp;quot;,
  &amp;quot;ignored&amp;quot; : [ &amp;quot;examples&amp;quot; ]
}, {
  &amp;quot;level&amp;quot; : &amp;quot;warning&amp;quot;,
  &amp;quot;schema&amp;quot; : {
    &amp;quot;loadingURI&amp;quot; : &amp;quot;file:/C:/Users/ADMIN/Documents/repos/rest_assured-testng/target/classes/search_category.json#&amp;quot;,
    &amp;quot;pointer&amp;quot; : &amp;quot;/properties/products/items/anyOf/1/properties/randomWeight&amp;quot;
  },
  &amp;quot;domain&amp;quot; : &amp;quot;syntax&amp;quot;,
  &amp;quot;message&amp;quot; : &amp;quot;the following keywords are unknown and will be ignored: [examples]&amp;quot;,
  &amp;quot;ignored&amp;quot; : [ &amp;quot;examples&amp;quot; ]
}, {
  &amp;quot;level&amp;quot; : &amp;quot;warning&amp;quot;,
  &amp;quot;schema&amp;quot; : {
    &amp;quot;loadingURI&amp;quot; : &amp;quot;file:/C:/Users/ADMIN/Documents/repos/rest_assured-testng/target/classes/search_category.json#&amp;quot;,
    &amp;quot;pointer&amp;quot; : &amp;quot;/properties/products/items/anyOf/1/properties/shippingIncluded&amp;quot;
  },
  &amp;quot;domain&amp;quot; : &amp;quot;syntax&amp;quot;,
  &amp;quot;message&amp;quot; : &amp;quot;the following keywords are unknown and will be ignored: [examples]&amp;quot;,
  &amp;quot;ignored&amp;quot; : [ &amp;quot;examples&amp;quot; ]
}, {
  &amp;quot;level&amp;quot; : &amp;quot;warning&amp;quot;,
  &amp;quot;schema&amp;quot; : {
    &amp;quot;loadingURI&amp;quot; : &amp;quot;file:/C:/Users/ADMIN/Documents/repos/rest_assured-testng/target/classes/search_category.json#&amp;quot;,
    &amp;quot;pointer&amp;quot; : &amp;quot;/properties/products/items/anyOf/1/properties/stock&amp;quot;
  },
  &amp;quot;domain&amp;quot; : &amp;quot;syntax&amp;quot;,
  &amp;quot;message&amp;quot; : &amp;quot;the following keywords are unknown and will be ignored: [examples]&amp;quot;,
  &amp;quot;ignored&amp;quot; : [ &amp;quot;examples&amp;quot; ]
}, {
  &amp;quot;level&amp;quot; : &amp;quot;warning&amp;quot;,
  &amp;quot;schema&amp;quot; : {
    &amp;quot;loadingURI&amp;quot; : &amp;quot;file:/C:/Users/ADMIN/Documents/repos/rest_assured-testng/target/classes/search_category.json#&amp;quot;,
    &amp;quot;pointer&amp;quot; : &amp;quot;/properties/products/items/anyOf/1/properties/stock/properties/contactDay&amp;quot;
  },
  &amp;quot;domain&amp;quot; : &amp;quot;syntax&amp;quot;,
  &amp;quot;message&amp;quot; : &amp;quot;the following keywords are unknown and will be ignored: [examples]&amp;quot;,
  &amp;quot;ignored&amp;quot; : [ &amp;quot;examples&amp;quot; ]
}, {
  &amp;quot;level&amp;quot; : &amp;quot;warning&amp;quot;,
  &amp;quot;schema&amp;quot; : {
    &amp;quot;loadingURI&amp;quot; : &amp;quot;file:/C:/Users/ADMIN/Documents/repos/rest_assured-testng/target/classes/search_category.json#&amp;quot;,
    &amp;quot;pointer&amp;quot; : &amp;quot;/properties/products/items/anyOf/1/properties/stock/properties/deliveryLeadTime&amp;quot;
  },
  &amp;quot;domain&amp;quot; : &amp;quot;syntax&amp;quot;,
  &amp;quot;message&amp;quot; : &amp;quot;the following keywords are unknown and will be ignored: [examples]&amp;quot;,
  &amp;quot;ignored&amp;quot; : [ &amp;quot;examples&amp;quot; ]
}, {
  &amp;quot;level&amp;quot; : &amp;quot;warning&amp;quot;,
  &amp;quot;schema&amp;quot; : {
    &amp;quot;loadingURI&amp;quot; : &amp;quot;file:/C:/Users/ADMIN/Documents/repos/rest_assured-testng/target/classes/search_category.json#&amp;quot;,
    &amp;quot;pointer&amp;quot; : &amp;quot;/properties/products/items/anyOf/1/properties/stock/properties/stockLevelStatus&amp;quot;
  },
  &amp;quot;domain&amp;quot; : &amp;quot;syntax&amp;quot;,
  &amp;quot;message&amp;quot; : &amp;quot;the following keywords are unknown and will be ignored: [examples]&amp;quot;,
  &amp;quot;ignored&amp;quot; : [ &amp;quot;examples&amp;quot; ]
}, {
  &amp;quot;level&amp;quot; : &amp;quot;warning&amp;quot;,
  &amp;quot;schema&amp;quot; : {
    &amp;quot;loadingURI&amp;quot; : &amp;quot;file:/C:/Users/ADMIN/Documents/repos/rest_assured-testng/target/classes/search_category.json#&amp;quot;,
    &amp;quot;pointer&amp;quot; : &amp;quot;/properties/products/items/anyOf/1/properties/summary&amp;quot;
  },
  &amp;quot;domain&amp;quot; : &amp;quot;syntax&amp;quot;,
  &amp;quot;message&amp;quot; : &amp;quot;the following keywords are unknown and will be ignored: [examples]&amp;quot;,
  &amp;quot;ignored&amp;quot; : [ &amp;quot;examples&amp;quot; ]
}, {
  &amp;quot;level&amp;quot; : &amp;quot;warning&amp;quot;,
  &amp;quot;schema&amp;quot; : {
    &amp;quot;loadingURI&amp;quot; : &amp;quot;file:/C:/Users/ADMIN/Documents/repos/rest_assured-testng/target/classes/search_category.json#&amp;quot;,
    &amp;quot;pointer&amp;quot; : &amp;quot;/properties/products/items/anyOf/1/properties/url&amp;quot;
  },
  &amp;quot;domain&amp;quot; : &amp;quot;syntax&amp;quot;,
  &amp;quot;message&amp;quot; : &amp;quot;the following keywords are unknown and will be ignored: [examples]&amp;quot;,
  &amp;quot;ignored&amp;quot; : [ &amp;quot;examples&amp;quot; ]
}, {
  &amp;quot;level&amp;quot; : &amp;quot;warning&amp;quot;,
  &amp;quot;schema&amp;quot; : {
    &amp;quot;loadingURI&amp;quot; : &amp;quot;file:/C:/Users/ADMIN/Documents/repos/rest_assured-testng/target/classes/search_category.json#&amp;quot;,
    &amp;quot;pointer&amp;quot; : &amp;quot;/properties/products/items/anyOf/1/properties/warehouseHidePriceValue&amp;quot;
  },
  &amp;quot;domain&amp;quot; : &amp;quot;syntax&amp;quot;,
  &amp;quot;message&amp;quot; : &amp;quot;the following keywords are unknown and will be ignored: [examples]&amp;quot;,
  &amp;quot;ignored&amp;quot; : [ &amp;quot;examples&amp;quot; ]
}, {
  &amp;quot;level&amp;quot; : &amp;quot;warning&amp;quot;,
  &amp;quot;schema&amp;quot; : {
    &amp;quot;loadingURI&amp;quot; : &amp;quot;file:/C:/Users/ADMIN/Documents/repos/rest_assured-testng/target/classes/search_category.json#&amp;quot;,
    &amp;quot;pointer&amp;quot; : &amp;quot;/properties/products/items/anyOf/2&amp;quot;
  },
  &amp;quot;domain&amp;quot; : &amp;quot;syntax&amp;quot;,
  &amp;quot;message&amp;quot; : &amp;quot;the following keywords are unknown and will be ignored: [examples]&amp;quot;,
  &amp;quot;ignored&amp;quot; : [ &amp;quot;examples&amp;quot; ]
}, {
  &amp;quot;level&amp;quot; : &amp;quot;warning&amp;quot;,
  &amp;quot;schema&amp;quot; : {
    &amp;quot;loadingURI&amp;quot; : &amp;quot;file:/C:/Users/ADMIN/Documents/repos/rest_assured-testng/target/classes/search_category.json#&amp;quot;,
    &amp;quot;pointer&amp;quot; : &amp;quot;/properties/products/items/anyOf/2/properties/addToCartFromPLPCategories&amp;quot;
  },
  &amp;quot;domain&amp;quot; : &amp;quot;syntax&amp;quot;,
  &amp;quot;message&amp;quot; : &amp;quot;the following keywords are unknown and will be ignored: [examples]&amp;quot;,
  &amp;quot;ignored&amp;quot; : [ &amp;quot;examples&amp;quot; ]
}, {
  &amp;quot;level&amp;quot; : &amp;quot;warning&amp;quot;,
  &amp;quot;schema&amp;quot; : {
    &amp;quot;loadingURI&amp;quot; : &amp;quot;file:/C:/Users/ADMIN/Documents/repos/rest_assured-testng/target/classes/search_category.json#&amp;quot;,
    &amp;quot;pointer&amp;quot; : &amp;quot;/properties/products/items/anyOf/2/properties/addToCartFromPLPCategories/items/anyOf/0&amp;quot;
  },
  &amp;quot;domain&amp;quot; : &amp;quot;syntax&amp;quot;,
  &amp;quot;message&amp;quot; : &amp;quot;the following keywords are unknown and will be ignored: [examples]&amp;quot;,
  &amp;quot;ignored&amp;quot; : [ &amp;quot;examples&amp;quot; ]
}, {
  &amp;quot;level&amp;quot; : &amp;quot;warning&amp;quot;,
  &amp;quot;schema&amp;quot; : {
    &amp;quot;loadingURI&amp;quot; : &amp;quot;file:/C:/Users/ADMIN/Documents/repos/rest_assured-testng/target/classes/search_category.json#&amp;quot;,
    &amp;quot;pointer&amp;quot; : &amp;quot;/properties/products/items/anyOf/2/properties/addToCartFromPLPCategories/items/anyOf/0/properties/key&amp;quot;
  },
  &amp;quot;domain&amp;quot; : &amp;quot;syntax&amp;quot;,
  &amp;quot;message&amp;quot; : &amp;quot;the following keywords are unknown and will be ignored: [examples]&amp;quot;,
  &amp;quot;ignored&amp;quot; : [ &amp;quot;examples&amp;quot; ]
}, {
  &amp;quot;level&amp;quot; : &amp;quot;warning&amp;quot;,
  &amp;quot;schema&amp;quot; : {
    &amp;quot;loadingURI&amp;quot; : &amp;quot;file:/C:/Users/ADMIN/Documents/repos/rest_assured-testng/target/classes/search_category.json#&amp;quot;,
    &amp;quot;pointer&amp;quot; : &amp;quot;/properties/products/items/anyOf/2/properties/addToCartFromPLPCategories/items/anyOf/0/properties/value&amp;quot;
  },
  &amp;quot;domain&amp;quot; : &amp;quot;syntax&amp;quot;,
  &amp;quot;message&amp;quot; : &amp;quot;the following keywords are unknown and will be ignored: [examples]&amp;quot;,
  &amp;quot;ignored&amp;quot; : [ &amp;quot;examples&amp;quot; ]
}, {
  &amp;quot;level&amp;quot; : &amp;quot;warning&amp;quot;,
  &amp;quot;schema&amp;quot; : {
    &amp;quot;loadingURI&amp;quot; : &amp;quot;file:/C:/Users/ADMIN/Documents/repos/rest_assured-testng/target/classes/search_category.json#&amp;quot;,
    &amp;quot;pointer&amp;quot; : &amp;quot;/properties/products/items/anyOf/2/properties/addableToCartFromListingPage&amp;quot;
  },
  &amp;quot;domain&amp;quot; : &amp;quot;syntax&amp;quot;,
  &amp;quot;message&amp;quot; : &amp;quot;the following keywords are unknown and will be ignored: [examples]&amp;quot;,
  &amp;quot;ignored&amp;quot; : [ &amp;quot;examples&amp;quot; ]
}, {
  &amp;quot;level&amp;quot; : &amp;quot;warning&amp;quot;,
  &amp;quot;schema&amp;quot; : {
    &amp;quot;loadingURI&amp;quot; : &amp;quot;file:/C:/Users/ADMIN/Documents/repos/rest_assured-testng/target/classes/search_category.json#&amp;quot;,
    &amp;quot;pointer&amp;quot; : &amp;quot;/properties/products/items/anyOf/2/properties/availableForPreorder&amp;quot;
  },
  &amp;quot;domain&amp;quot; : &amp;quot;syntax&amp;quot;,
  &amp;quot;message&amp;quot; : &amp;quot;the following keywords are unknown and will be ignored: [examples]&amp;quot;,
  &amp;quot;ignored&amp;quot; : [ &amp;quot;examples&amp;quot; ]
}, {
  &amp;quot;level&amp;quot; : &amp;quot;warning&amp;quot;,
  &amp;quot;schema&amp;quot; : {
    &amp;quot;loadingURI&amp;quot; : &amp;quot;file:/C:/Users/ADMIN/Documents/repos/rest_assured-testng/target/classes/search_category.json#&amp;quot;,
    &amp;quot;pointer&amp;quot; : &amp;quot;/properties/products/items/anyOf/2/properties/basePrice&amp;quot;
  },
  &amp;quot;domain&amp;quot; : &amp;quot;syntax&amp;quot;,
  &amp;quot;message&amp;quot; : &amp;quot;the following keywords are unknown and will be ignored: [examples]&amp;quot;,
  &amp;quot;ignored&amp;quot; : [ &amp;quot;examples&amp;quot; ]
}, {
  &amp;quot;level&amp;quot; : &amp;quot;warning&amp;quot;,
  &amp;quot;schema&amp;quot; : {
    &amp;quot;loadingURI&amp;quot; : &amp;quot;file:/C:/Users/ADMIN/Documents/repos/rest_assured-testng/target/classes/search_category.json#&amp;quot;,
    &amp;quot;pointer&amp;quot; : &amp;quot;/properties/products/items/anyOf/2/properties/basePrice/properties/currencyIso&amp;quot;
  },
  &amp;quot;domain&amp;quot; : &amp;quot;syntax&amp;quot;,
  &amp;quot;message&amp;quot; : &amp;quot;the following keywords are unknown and will be ignored: [examples]&amp;quot;,
  &amp;quot;ignored&amp;quot; : [ &amp;quot;examples&amp;quot; ]
}, {
  &amp;quot;level&amp;quot; : &amp;quot;warning&amp;quot;,
  &amp;quot;schema&amp;quot; : {
    &amp;quot;loadingURI&amp;quot; : &amp;quot;file:/C:/Users/ADMIN/Documents/repos/rest_assured-testng/target/classes/search_category.json#&amp;quot;,
    &amp;quot;pointer&amp;quot; : &amp;quot;/properties/products/items/anyOf/2/properties/basePrice/properties/formattedValue&amp;quot;
  },
  &amp;quot;domain&amp;quot; : &amp;quot;syntax&amp;quot;,
  &amp;quot;message&amp;quot; : &amp;quot;the following keywords are unknown and will be ignored: [examples]&amp;quot;,
  &amp;quot;ignored&amp;quot; : [ &amp;quot;examples&amp;quot; ]
}, {
  &amp;quot;level&amp;quot; : &amp;quot;warning&amp;quot;,
  &amp;quot;schema&amp;quot; : {
    &amp;quot;loadingURI&amp;quot; : &amp;quot;file:/C:/Users/ADMIN/Documents/repos/rest_assured-testng/target/classes/search_category.json#&amp;quot;,
    &amp;quot;pointer&amp;quot; : &amp;quot;/properties/products/items/anyOf/2/properties/basePrice/properties/priceType&amp;quot;
  },
  &amp;quot;domain&amp;quot; : &amp;quot;syntax&amp;quot;,
  &amp;quot;message&amp;quot; : &amp;quot;the following keywords are unknown and will be ignored: [examples]&amp;quot;,
  &amp;quot;ignored&amp;quot; : [ &amp;quot;examples&amp;quot; ]
}, {
  &amp;quot;level&amp;quot; : &amp;quot;warning&amp;quot;,
  &amp;quot;schema&amp;quot; : {
    &amp;quot;loadingURI&amp;quot; : &amp;quot;file:/C:/Users/ADMIN/Documents/repos/rest_assured-testng/target/classes/search_category.json#&amp;quot;,
    &amp;quot;pointer&amp;quot; : &amp;quot;/properties/products/items/anyOf/2/properties/basePrice/properties/value&amp;quot;
  },
  &amp;quot;domain&amp;quot; : &amp;quot;syntax&amp;quot;,
  &amp;quot;message&amp;quot; : &amp;quot;the following keywords are unknown and will be ignored: [examples]&amp;quot;,
  &amp;quot;ignored&amp;quot; : [ &amp;quot;examples&amp;quot; ]
}, {
  &amp;quot;level&amp;quot; : &amp;quot;warning&amp;quot;,
  &amp;quot;schema&amp;quot; : {
[...]
}, {
  "level" : "warning",
  "schema" : {
    "loadingURI" : "file:/C:/Users/ADMIN/Documents/repos/rest_assured-testng/target/classes/search_category.json#",
    "pointer" : "/properties/products/items/anyOf/4/properties/addToCartFromPLPCategories/items/anyOf/0"
  },
  "domain" : "syntax",
  "message" : "the following keywords are unknown and will be ignored: [examples]",
  "ignored" : [ "examples" ]
}, {
  "level" : "warning",
  "schema" : {
    "loadingURI" : "file:/C:/Users/ADMIN/Documents/repos/rest_assured-testng/target/classes/search_category.json#",
    "pointer" : "/properties/products/items/anyOf/4/properties/addToCartFromPLPCategories/items/anyOf/0/properties/key"
  },
  "domain" : "syntax",
  "message" : "the following keywords are unknown and will be ignored: [examples]",
  "ignored" : [ "examples" ]
}, {
  "level" : "warning",
  "schema" : {
    "loadingURI" : "file:/C:/Users/ADMIN/Documents/repos/rest_assured-testng/target/classes/search_category.json#",
    "pointer" : "/properties/products/items/anyOf/4/properties/addToCartFromPLPCategories/items/anyOf/0/properties/value"
  },
  "domain" : "syntax",
  "message" : "the following keywords are unknown and will be ignored: [examples]",
  "ignored" : [ "examples" ]
}, {
  "level" : "warning",
  "schema" : {
    "loadingURI" : "file:/C:/Users/ADMIN/Documents/repos/rest_assured-testng/target/classes/search_category.json#",
    "pointer" : "/properties/products/items/anyOf/4/properties/addableToCartFromListingPage"
  },
  "domain" : "syntax",
  "message" : "the following keywords are unknown and will be ignored: [examples]",
  "ignored" : [ "examples" ]
}, {
  "level" : "warning",
  "schema" : {
    "loadingURI" : "file:/C:/Users/ADMIN/Documents/repos/rest_assured-testng/target/classes/search_category.json#",
    "pointer" : "/properties/products/items/anyOf/4/properties/availableForPreorder"
  },
  "domain" : "syntax",
  "message" : "the following keywords are unknown and will be ignored: [examples]",
  "ignored" : [ "examples" ]
}, {
  "level" : "warning",
  "schema" : {
    "loadingURI" : "file:/C:/Users/ADMIN/Documents/repos/rest_assured-testng/target/classes/search_category.json#",
    "pointer" : "/properties/products/items/anyOf/4/properties/basePrice"
  },
  "domain" : "syntax",
  "message" : "the following keywords are unknown and will be ignored: [examples]",
  "ignored" : [ "examples" ]
}, {
  "level" : "warning",
  "schema" : {
    "loadingURI" : "file:/C:/Users/ADMIN/Documents/repos/rest_assured-testng/target/classes/search_category.json#",
    "pointer" : "/properties/products/items/anyOf/4/properties/basePrice/properties/currencyIso"
  },
  "domain" : "syntax",
  "message" : "the following keywords are unknown and will be ignored: [examples]",
  "ignored" : [ "examples" ]
}, {
  "level" : "warning",
  "schema" : {
    "loadingURI" : "file:/C:/Users/ADMIN/Documents/repos/rest_assured-testng/target/classes/search_category.json#",
    "pointer" : "/properties/products/items/anyOf/4/properties/basePrice/properties/formattedValue"
  },
  "domain" : "syntax",
  "message" : "the following keywords are unknown and will be ignored: [examples]",
  "ignored" : [ "examples" ]
}, {
  "level" : "warning",
  "schema" : {
    "loadingURI" : "file:/C:/Users/ADMIN/Documents/repos/rest_assured-testng/target/classes/search_category.json#",
    "pointer" : "/properties/products/items/anyOf/4/properties/basePrice/properties/priceType"
  },
  "domain" : "syntax",
  "message" : "the following keywords are unknown and will be ignored: [examples]",
  "ignored" : [ "examples" ]
}, {
  "level" : "warning",
  "schema" : {
    "loadingURI" : "file:/C:/Users/ADMIN/Documents/repos/rest_assured-testng/target/classes/search_category.json#",
    "pointer" : "/properties/products/items/anyOf/4/properties/basePrice/properties/value"
  },
  "domain" : "syntax",
  "message" : "the following keywords are unknown and will be ignored: [examples]",
  "ignored" : [ "examples" ]
}, {
  "level" : "warning",
  "schema" : {
    "loadingURI" : "file:/C:/Users/ADMIN/Documents/repos/rest_assured-testng/target/classes/search_category.json#",
    "pointer" : "/properties/products/items/anyOf/4/properties/businessDelivery"
  },
  "domain" : "syntax",
  "message" : "the following keywords are unknown and will be ignored: [examples]",
  "ignored" : [ "examples" ]
}, {
  "level" : "warning",
  "schema" : {
    "loadingURI" : "file:/C:/Users/ADMIN/Documents/repos/rest_assured-testng/target/classes/search_category.json#",
    "pointer" : "/properties/products/items/anyOf/4/properties/code"
  },
  "domain" : "syntax",
  "message" : "the following keywords are unknown and will be ignored: [examples]",
  "ignored" : [ "examples" ]
}, {
  "level" : "warning",
  "schema" : {
    "loadingURI" : "file:/C:/Users/ADMIN/Documents/repos/rest_assured-testng/target/classes/search_category.json#",
    "pointer" : "/properties/products/items/anyOf/4/properties/description"
  },
  "domain" : "syntax",
  "message" : "the following keywords are unknown and will be ignored: [examples]",
  "ignored" : [ "examples" ]
}, {
  "level" : "warning",
  "schema" : {
    "loadingURI" : "file:/C:/Users/ADMIN/Documents/repos/rest_assured-testng/target/classes/search_category.json#",
    "pointer" : "/properties/products/items/anyOf/4/properties/englishName"
  },
  "domain" : "syntax",
  "message" : "the following keywords are unknown and will be ignored: [examples]",
  "ignored" : [ "examples" ]
}, {
  "level" : "warning",
  "schema" : {
    "loadingURI" : "file:/C:/Users/ADMIN/Documents/repos/rest_assured-testng/target/classes/search_category.json#",
    "pointer" : "/properties/products/items/anyOf/4/properties/expeditedDelivery"
  },
  "domain" : "syntax",
  "message" : "the following keywords are unknown and will be ignored: [examples]",
  "ignored" : [ "examples" ]
}, {
  "level" : "warning",
  "schema" : {
    "loadingURI" : "file:/C:/Users/ADMIN/Documents/repos/rest_assured-testng/target/classes/search_category.json#",
    "pointer" : "/properties/products/items/anyOf/4/properties/hasPricePerUnit"
  },
  "domain" : "syntax",
  "message" : "the following keywords are unknown and will be ignored: [examples]",
  "ignored" : [ "examples" ]
}, {
  "level" : "warning",
  "schema" : {
    "loadingURI" : "file:/C:/Users/ADMIN/Documents/repos/rest_assured-testng/target/classes/search_category.json#",
    "pointer" : "/properties/products/items/anyOf/4/properties/hidePriceValue"
  },
  "domain" : "syntax",
  "message" : "the following keywords are unknown and will be ignored: [examples]",
  "ignored" : [ "examples" ]
}, {
  "level" : "warning",
  "schema" : {
    "loadingURI" : "file:/C:/Users/ADMIN/Documents/repos/rest_assured-testng/target/classes/search_category.json#",
    "pointer" : "/properties/products/items/anyOf/4/properties/images"
  },
  "domain" : "syntax",
  "message" : "the following keywords are unknown and will be ignored: [examples]",
  "ignored" : [ "examples" ]
}, {
  "level" : "warning",
  "schema" : {
    "loadingURI" : "file:/C:/Users/ADMIN/Documents/repos/rest_assured-testng/target/classes/search_category.json#",
    "pointer" : "/properties/products/items/anyOf/4/properties/images/items/anyOf/0"
  },
  "domain" : "syntax",
  "message" : "the following keywords are unknown and will be ignored: [examples]",
  "ignored" : [ "examples" ]
}, {
  "level" : "warning",
  "schema" : {
    "loadingURI" : "file:/C:/Users/ADMIN/Documents/repos/rest_assured-testng/target/classes/search_category.json#",
    "pointer" : "/properties/products/items/anyOf/4/properties/images/items/anyOf/0/properties/format"
  },
  "domain" : "syntax",
  "message" : "the following keywords are unknown and will be ignored: [examples]",
  "ignored" : [ "examples" ]
}, {
  "level" : "warning",
  "schema" : {
    "loadingURI" : "file:/C:/Users/ADMIN/Documents/repos/rest_assured-testng/target/classes/search_category.json#",
    "pointer" : "/properties/products/items/anyOf/4/properties/images/items/anyOf/0/properties/imageType"
  },
  "domain" : "syntax",
  "message" : "the following keywords are unknown and will be ignored: [examples]",
  "ignored" : [ "examples" ]
}, {
  "level" : "warning",
  "schema" : {
    "loadingURI" : "file:/C:/Users/ADMIN/Documents/repos/rest_assured-testng/target/classes/search_category.json#",
    "pointer" : "/properties/products/items/anyOf/4/properties/images/items/anyOf/0/properties/url"
  },
  "domain" : "syntax",
  "message" : "the following keywords are unknown and will be ignored: [examples]",
  "ignored" : [ "examples" ]
}, {
  "level" : "warning",
  "schema" : {
    "loadingURI" : "file:/C:/Users/ADMIN/Documents/repos/rest_assured-testng/target/classes/search_category.json#",
    "pointer" : "/properties/products/items/anyOf/4/properties/isBaseProduct"
  },
  "domain" : "syntax",
  "message" : "the following keywords are unknown and will be ignored: [examples]",
  "ignored" : [ "examples" ]
}, {
  "level" : "warning",
  "schema" : {
    "loadingURI" : "file:/C:/Users/ADMIN/Documents/repos/rest_assured-testng/target/classes/search_category.json#",
    "pointer" : "/properties/products/items/anyOf/4/properties/isExternalVendorProduct"
  },
  "domain" : "syntax",
  "message" : "the following keywords are unknown and will be ignored: [examples]",
  "ignored" : [ "examples" ]
}, {
  "level" : "warning",
  "schema" : {
    "loadingURI" : "file:/C:/Users/ADMIN/Documents/repos/rest_assured-testng/target/classes/search_category.json#",
    "pointer" : "/properties/products/items/anyOf/4/properties/isExternalVendorVariantProduct"
  },
  "domain" : "syntax",
  "message" : "the following keywords are unknown and will be ignored: [examples]",
  "ignored" : [ "examples" ]
}, {
  "level" : "warning",
  "schema" : {
    "loadingURI" : "file:/C:/Users/ADMIN/Documents/repos/rest_assured-testng/target/classes/search_category.json#",
    "pointer" : "/properties/products/items/anyOf/4/properties/minOrderQuantity"
  },
  "domain" : "syntax",
  "message" : "the following keywords are unknown and will be ignored: [examples]",
  "ignored" : [ "examples" ]
}, {
  "level" : "warning",
  "schema" : {
    "loadingURI" : "file:/C:/Users/ADMIN/Documents/repos/rest_assured-testng/target/classes/search_category.json#",
    "pointer" : "/properties/products/items/anyOf/4/properties/modulusItemQuantity"
  },
  "domain" : "syntax",
  "message" : "the following keywords are unknown and will be ignored: [examples]",
  "ignored" : [ "examples" ]
}, {
  "level" : "warning",
  "schema" : {
    "loadingURI" : "file:/C:/Users/ADMIN/Documents/repos/rest_assured-testng/target/classes/search_category.json#",
    "pointer" : "/properties/products/items/anyOf/4/properties/name"
  },
  "domain" : "syntax",
  "message" : "the following keywords are unknown and will be ignored: [examples]",
  "ignored" : [ "examples" ]
}, {
  "level" : "warning",
  "schema" : {
    "loadingURI" : "file:/C:/Users/ADMIN/Documents/repos/rest_assured-testng/target/classes/search_category.json#",
    "pointer" : "/properties/products/items/anyOf/4/properties/price"
  },
  "domain" : "syntax",
  "message" : "the following keywords are unknown and will be ignored: [examples]",
  "ignored" : [ "examples" ]
}, {
  "level" : "warning",
  "schema" : {
    "loadingURI" : "file:/C:/Users/ADMIN/Documents/repos/rest_assured-testng/target/classes/search_category.json#",
    "pointer" : "/properties/products/items/anyOf/4/properties/price/properties/currencyIso"
  },
  "domain" : "syntax",
  "message" : "the following keywords are unknown and will be ignored: [examples]",
  "ignored" : [ "examples" ]
}, {
  "level" : "warning",
  "schema" : {
    "loadingURI" : "file:/C:/Users/ADMIN/Documents/repos/rest_assured-testng/target/classes/search_category.json#",
    "pointer" : "/properties/products/items/anyOf/4/properties/price/properties/formattedValue"
  },
  "domain" : "syntax",
  "message" : "the following keywords are unknown and will be ignored: [examples]",
  "ignored" : [ "examples" ]
}, {
  "level" : "warning",
  "schema" : {
    "loadingURI" : "file:/C:/Users/ADMIN/Documents/repos/rest_assured-testng/target/classes/search_category.json#",
    "pointer" : "/properties/products/items/anyOf/4/properties/price/properties/priceType"
  },
  "domain" : "syntax",
  "message" : "the following keywords are unknown and will be ignored: [examples]",
  "ignored" : [ "examples" ]
}, {
  "level" : "warning",
  "schema" : {
    "loadingURI" : "file:/C:/Users/ADMIN/Documents/repos/rest_assured-testng/target/classes/search_category.json#",
    "pointer" : "/properties/products/items/anyOf/4/properties/price/properties/value"
  },
  "domain" : "syntax",
  "message" : "the following keywords are unknown and will be ignored: [examples]",
  "ignored" : [ "examples" ]
}, {
  "level" : "warning",
  "schema" : {
    "loadingURI" : "file:/C:/Users/ADMIN/Documents/repos/rest_assured-testng/target/classes/search_category.json#",
    "pointer" : "/properties/products/items/anyOf/4/properties/purchasable"
  },
  "domain" : "syntax",
  "message" : "the following keywords are unknown and will be ignored: [examples]",
  "ignored" : [ "examples" ]
}, {
  "level" : "warning",
  "schema" : {
    "loadingURI" : "file:/C:/Users/ADMIN/Documents/repos/rest_assured-testng/target/classes/search_category.json#",
    "pointer" : "/properties/products/items/anyOf/4/properties/randomWeight"
  },
  "domain" : "syntax",
  "message" : "the following keywords are unknown and will be ignored: [examples]",
  "ignored" : [ "examples" ]
}, {
  "level" : "warning",
  "schema" : {
    "loadingURI" : "file:/C:/Users/ADMIN/Documents/repos/rest_assured-testng/target/classes/search_category.json#",
    "pointer" : "/properties/products/items/anyOf/4/properties/shippingIncluded"
  },
  "domain" : "syntax",
  "message" : "the following keywords are unknown and will be ignored: [examples]",
  "ignored" : [ "examples" ]
}, {
  "level" : "warning",
  "schema" : {
    "loadingURI" : "file:/C:/Users/ADMIN/Documents/repos/rest_assured-testng/target/classes/search_category.json#",
    "pointer" : "/properties/products/items/anyOf/4/properties/stock"
  },
  "domain" : "syntax",
  "message" : "the following keywords are unknown and will be ignored: [examples]",
  "ignored" : [ "examples" ]
}, {
  "level" : "warning",
  "schema" : {
    "loadingURI" : "file:/C:/Users/ADMIN/Documents/repos/rest_assured-testng/target/classes/search_category.json#",
    "pointer" : "/properties/products/items/anyOf/4/properties/stock/properties/contactDay"
  },
  "domain" : "syntax",
  "message" : "the following keywords are unknown and will be ignored: [examples]",
  "ignored" : [ "examples" ]
}, {
  "level" : "warning",
  "schema" : {
    "loadingURI" : "file:/C:/Users/ADMIN/Documents/repos/rest_assured-testng/target/classes/search_category.json#",
    "pointer" : "/properties/products/items/anyOf/4/properties/stock/properties/deliveryLeadTime"
  },
  "domain" : "syntax",
  "message" : "the following keywords are unknown and will be ignored: [examples]",
  "ignored" : [ "examples" ]
}, {
  "level" : "warning",
  "schema" : {
    "loadingURI" : "file:/C:/Users/ADMIN/Documents/repos/rest_assured-testng/target/classes/search_category.json#",
    "pointer" : "/properties/products/items/anyOf/4/properties/stock/properties/stockLevelStatus"
  },
  "domain" : "syntax",
  "message" : "the following keywords are unknown and will be ignored: [examples]",
  "ignored" : [ "examples" ]
}, {
  "level" : "warning",
  "schema" : {
    "loadingURI" : "file:/C:/Users/ADMIN/Documents/repos/rest_assured-testng/target/classes/search_category.json#",
    "pointer" : "/properties/products/items/anyOf/4/properties/url"
  },
  "domain" : "syntax",
  "message" : "the following keywords are unknown and will be ignored: [examples]",
  "ignored" : [ "examples" ]
}, {
  "level" : "warning",
  "schema" : {
    "loadingURI" : "file:/C:/Users/ADMIN/Documents/repos/rest_assured-testng/target/classes/search_category.json#",
    "pointer" : "/properties/products/items/anyOf/4/properties/warehouseHidePriceValue"
  },
  "domain" : "syntax",
  "message" : "the following keywords are unknown and will be ignored: [examples]",
  "ignored" : [ "examples" ]
}, {
  "level" : "warning",
  "schema" : {
    "loadingURI" : "file:/C:/Users/ADMIN/Documents/repos/rest_assured-testng/target/classes/search_category.json#",
    "pointer" : "/properties/sorts"
  },
  "domain" : "syntax",
  "message" : "the following keywords are unknown and will be ignored: [examples]",
  "ignored" : [ "examples" ]
}, {
  "level" : "warning",
  "schema" : {
    "loadingURI" : "file:/C:/Users/ADMIN/Documents/repos/rest_assured-testng/target/classes/search_category.json#",
    "pointer" : "/properties/sorts/items/anyOf/0"
  },
  "domain" : "syntax",
  "message" : "the following keywords are unknown and will be ignored: [examples]",
  "ignored" : [ "examples" ]
}, {
  "level" : "warning",
  "schema" : {
    "loadingURI" : "file:/C:/Users/ADMIN/Documents/repos/rest_assured-testng/target/classes/search_category.json#",
    "pointer" : "/properties/sorts/items/anyOf/0/properties/code"
  },
  "domain" : "syntax",
  "message" : "the following keywords are unknown and will be ignored: [examples]",
  "ignored" : [ "examples" ]
}, {
  "level" : "warning",
  "schema" : {
    "loadingURI" : "file:/C:/Users/ADMIN/Documents/repos/rest_assured-testng/target/classes/search_category.json#",
    "pointer" : "/properties/sorts/items/anyOf/0/properties/name"
  },
  "domain" : "syntax",
  "message" : "the following keywords are unknown and will be ignored: [examples]",
  "ignored" : [ "examples" ]
}, {
  "level" : "warning",
  "schema" : {
    "loadingURI" : "file:/C:/Users/ADMIN/Documents/repos/rest_assured-testng/target/classes/search_category.json#",
    "pointer" : "/properties/sorts/items/anyOf/0/properties/selected"
  },
  "domain" : "syntax",
  "message" : "the following keywords are unknown and will be ignored: [examples]",
  "ignored" : [ "examples" ]
}, {
  "level" : "warning",
  "schema" : {
    "loadingURI" : "file:/C:/Users/ADMIN/Documents/repos/rest_assured-testng/target/classes/search_category.json#",
    "pointer" : "/properties/subCategories"
  },
  "domain" : "syntax",
  "message" : "the following keywords are unknown and will be ignored: [examples]",
  "ignored" : [ "examples" ]
}, {
  "level" : "error",
  "message" : "array must have at least one element",
  "domain" : "syntax",
  "schema" : {
    "loadingURI" : "file:/C:/Users/ADMIN/Documents/repos/rest_assured-testng/target/classes/search_category.json#",
    "pointer" : "/properties/subCategories/items"
  },
  "keyword" : "anyOf"
}, {
  "level" : "warning",
  "schema" : {
    "loadingURI" : "file:/C:/Users/ADMIN/Documents/repos/rest_assured-testng/target/classes/search_category.json#",
    "pointer" : "/properties/type"
  },
  "domain" : "syntax",
  "message" : "the following keywords are unknown and will be ignored: [examples]",
  "ignored" : [ "examples" ]
} ]
    level: "fatal"

	at com.github.fge.jsonschema.processors.validation.InstanceValidator.process(InstanceValidator.java:114)
	at com.github.fge.jsonschema.processors.validation.ValidationProcessor.process(ValidationProcessor.java:56)
	at com.github.fge.jsonschema.processors.validation.ValidationProcessor.process(ValidationProcessor.java:34)
	at com.github.fge.jsonschema.core.processing.ProcessingResult.of(ProcessingResult.java:79)
	at com.github.fge.jsonschema.main.JsonSchemaImpl.doValidate(JsonSchemaImpl.java:77)
	at com.github.fge.jsonschema.main.JsonSchemaImpl.validate(JsonSchemaImpl.java:100)
	at com.github.fge.jsonschema.main.JsonSchemaImpl.validate(JsonSchemaImpl.java:110)
	at io.restassured.module.jsv.JsonSchemaValidator.matchesSafely(JsonSchemaValidator.java:227)
	... 53 more
... Removed 19 stack frames]]>
    </failure>
  </testcase> <!-- validate_Category_Schema -->
</testsuite> <!-- DemoTest -->
