<?xml version="1.0" encoding="UTF-8"?>
<!-- Generated by org.testng.reporters.JUnitReportReporter -->
<testsuite skipped="0" hostname="DESKTOP-P6K0QEK" name="test.TestSearch" tests="5" failures="0" timestamp="12 Jul 2020 18:16:13 GMT" time="20.942" errors="1">
  <testcase name="validate_Category" time="0.070" classname="test.TestSearch"/>
  <testcase name="validate_AvailableSection_Schema" time="5.890" classname="test.TestSearch"/>
  <testcase name="validate_AvailableSection" time="0.333" classname="test.TestSearch"/>
  <testcase name="validate_Category_Schema" time="14.599" classname="test.TestSearch">
    <error type="io.restassured.module.jsv.JsonSchemaValidationException" message="com.github.fge.jsonschema.core.exceptions.InvalidSchemaException: fatal: invalid JSON Schema, cannot continue
Syntax errors:
[ {
  &quot;level&quot; : &quot;warning&quot;,
  &quot;schema&quot; : {
    &quot;loadingURI&quot; : &quot;file:/C:/Users/ADMIN/Documents/repos/rest_assured-testng/target/classes/search_category.json#&quot;,
    &quot;pointer&quot; : &quot;&quot;
  },
  &quot;domain&quot; : &quot;syntax&quot;,
  &quot;message&quot; : &quot;the following keywords are unknown and will be ignored: [examples]&quot;,
  &quot;ignored&quot; : [ &quot;examples&quot; ]
}, {
  &quot;level&quot; : &quot;warning&quot;,
  &quot;schema&quot; : {
    &quot;loadingURI&quot; : &quot;file:/C:/Users/ADMIN/Documents/repos/rest_assured-testng/target/classes/search_category.json#&quot;,
    &quot;pointer&quot; : &quot;/properties/autoSpellCheck&quot;
  },
  &quot;domain&quot; : &quot;syntax&quot;,
  &quot;message&quot; : &quot;the following keywords are unknown and will be ignored: [examples]&quot;,
  &quot;ignored&quot; : [ &quot;examples&quot; ]
}, {
  &quot;level&quot; : &quot;warning&quot;,
  &quot;schema&quot; : {
    &quot;loadingURI&quot; : &quot;file:/C:/Users/ADMIN/Documents/repos/rest_assured-testng/target/classes/search_category.json#&quot;,
    &quot;pointer&quot; : &quot;/properties/category&quot;
  },
  &quot;domain&quot; : &quot;syntax&quot;,
  &quot;message&quot; : &quot;the following keywords are unknown and will be ignored: [examples]&quot;,
  &quot;ignored&quot; : [ &quot;examples&quot; ]
}, {
  &quot;level&quot; : &quot;warning&quot;,
  &quot;schema&quot; : {
    &quot;loadingURI&quot; : &quot;file:/C:/Users/ADMIN/Documents/repos/rest_assured-testng/target/classes/search_category.json#&quot;,
    &quot;pointer&quot; : &quot;/properties/category/properties/code&quot;
  },
  &quot;domain&quot; : &quot;syntax&quot;,
  &quot;message&quot; : &quot;the following keywords are unknown and will be ignored: [examples]&quot;,
  &quot;ignored&quot; : [ &quot;examples&quot; ]
}, {
  &quot;level&quot; : &quot;warning&quot;,
  &quot;schema&quot; : {
    &quot;loadingURI&quot; : &quot;file:/C:/Users/ADMIN/Documents/repos/rest_assured-testng/target/classes/search_category.json#&quot;,
    &quot;pointer&quot; : &quot;/properties/category/properties/name&quot;
  },
  &quot;domain&quot; : &quot;syntax&quot;,
  &quot;message&quot; : &quot;the following keywords are unknown and will be ignored: [examples]&quot;,
  &quot;ignored&quot; : [ &quot;examples&quot; ]
}, {
  &quot;level&quot; : &quot;warning&quot;,
  &quot;schema&quot; : {
    &quot;loadingURI&quot; : &quot;file:/C:/Users/ADMIN/Documents/repos/rest_assured-testng/target/classes/search_category.json#&quot;,
    &quot;pointer&quot; : &quot;/properties/categoryCode&quot;
  },
  &quot;domain&quot; : &quot;syntax&quot;,
  &quot;message&quot; : &quot;the following keywords are unknown and will be ignored: [examples]&quot;,
  &quot;ignored&quot; : [ &quot;examples&quot; ]
}, {
  &quot;level&quot; : &quot;warning&quot;,
  &quot;schema&quot; : {
    &quot;loadingURI&quot; : &quot;file:/C:/Users/ADMIN/Documents/repos/rest_assured-testng/target/classes/search_category.json#&quot;,
    &quot;pointer&quot; : &quot;/properties/currentQuery&quot;
  },
  &quot;domain&quot; : &quot;syntax&quot;,
  &quot;message&quot; : &quot;the following keywords are unknown and will be ignored: [examples]&quot;,
  &quot;ignored&quot; : [ &quot;examples&quot; ]
}, {
  &quot;level&quot; : &quot;warning&quot;,
  &quot;schema&quot; : {
    &quot;loadingURI&quot; : &quot;file:/C:/Users/ADMIN/Documents/repos/rest_assured-testng/target/classes/search_category.json#&quot;,
    &quot;pointer&quot; : &quot;/properties/currentQuery/properties/query&quot;
  },
  &quot;domain&quot; : &quot;syntax&quot;,
  &quot;message&quot; : &quot;the following keywords are unknown and will be ignored: [examples]&quot;,
  &quot;ignored&quot; : [ &quot;examples&quot; ]
}, {
  &quot;level&quot; : &quot;warning&quot;,
  &quot;schema&quot; : {
    &quot;loadingURI&quot; : &quot;file:/C:/Users/ADMIN/Documents/repos/rest_assured-testng/target/classes/search_category.json#&quot;,
    &quot;pointer&quot; : &quot;/properties/currentQuery/properties/query/properties/value&quot;
  },
  &quot;domain&quot; : &quot;syntax&quot;,
  &quot;message&quot; : &quot;the following keywords are unknown and will be ignored: [examples]&quot;,
  &quot;ignored&quot; : [ &quot;examples&quot; ]
}, {
  &quot;level&quot; : &quot;warning&quot;,
  &quot;schema&quot; : {
    &quot;loadingURI&quot; : &quot;file:/C:/Users/ADMIN/Documents/repos/rest_assured-testng/target/classes/search_category.json#&quot;,
    &quot;pointer&quot; : &quot;/properties/currentQuery/properties/url&quot;
  },
  &quot;domain&quot; : &quot;syntax&quot;,
  &quot;message&quot; : &quot;the following keywords are unknown and will be ignored: [examples]&quot;,
  &quot;ignored&quot; : [ &quot;examples&quot; ]
}, {
  &quot;level&quot; : &quot;warning&quot;,
  &quot;schema&quot; : {
    &quot;loadingURI&quot; : &quot;file:/C:/Users/ADMIN/Documents/repos/rest_assured-testng/target/classes/search_category.json#&quot;,
    &quot;pointer&quot; : &quot;/properties/didYouMean&quot;
  },
  &quot;domain&quot; : &quot;syntax&quot;,
  &quot;message&quot; : &quot;the following keywords are unknown and will be ignored: [examples]&quot;,
  &quot;ignored&quot; : [ &quot;examples&quot; ]
}, {
  &quot;level&quot; : &quot;warning&quot;,
  &quot;schema&quot; : {
    &quot;loadingURI&quot; : &quot;file:/C:/Users/ADMIN/Documents/repos/rest_assured-testng/target/classes/search_category.json#&quot;,
    &quot;pointer&quot; : &quot;/properties/freeTextSearch&quot;
  },
  &quot;domain&quot; : &quot;syntax&quot;,
  &quot;message&quot; : &quot;the following keywords are unknown and will be ignored: [examples]&quot;,
  &quot;ignored&quot; : [ &quot;examples&quot; ]
}, {
  &quot;level&quot; : &quot;warning&quot;,
  &quot;schema&quot; : {
    &quot;loadingURI&quot; : &quot;file:/C:/Users/ADMIN/Documents/repos/rest_assured-testng/target/classes/search_category.json#&quot;,
    &quot;pointer&quot; : &quot;/properties/pagination&quot;
  },
  &quot;domain&quot; : &quot;syntax&quot;,
  &quot;message&quot; : &quot;the following keywords are unknown and will be ignored: [examples]&quot;,
  &quot;ignored&quot; : [ &quot;examples&quot; ]
}, {
  &quot;level&quot; : &quot;warning&quot;,
  &quot;schema&quot; : {
    &quot;loadingURI&quot; : &quot;file:/C:/Users/ADMIN/Documents/repos/rest_assured-testng/target/classes/search_category.json#&quot;,
    &quot;pointer&quot; : &quot;/properties/pagination/properties/currentPage&quot;
  },
  &quot;domain&quot; : &quot;syntax&quot;,
  &quot;message&quot; : &quot;the following keywords are unknown and will be ignored: [examples]&quot;,
  &quot;ignored&quot; : [ &quot;examples&quot; ]
}, {
  &quot;level&quot; : &quot;warning&quot;,
  &quot;schema&quot; : {
    &quot;loadingURI&quot; : &quot;file:/C:/Users/ADMIN/Documents/repos/rest_assured-testng/target/classes/search_category.json#&quot;,
    &quot;pointer&quot; : &quot;/properties/pagination/properties/pageSize&quot;
  },
  &quot;domain&quot; : &quot;syntax&quot;,
  &quot;message&quot; : &quot;the following keywords are unknown and will be ignored: [examples]&quot;,
  &quot;ignored&quot; : [ &quot;examples&quot; ]
}, {
  &quot;level&quot; : &quot;warning&quot;,
  &quot;schema&quot; : {
    &quot;loadingURI&quot; : &quot;file:/C:/Users/ADMIN/Documents/repos/rest_assured-testng/target/classes/search_category.json#&quot;,
    &quot;pointer&quot; : &quot;/properties/pagination/properties/sort&quot;
  },
  &quot;domain&quot; : &quot;syntax&quot;,
  &quot;message&quot; : &quot;the following keywords are unknown and will be ignored: [examples]&quot;,
  &quot;ignored&quot; : [ &quot;examples&quot; ]
}, {
  &quot;level&quot; : &quot;warning&quot;,
  &quot;schema&quot; : {
    &quot;loadingURI&quot; : &quot;file:/C:/Users/ADMIN/Documents/repos/rest_assured-testng/target/classes/search_category.json#&quot;,
    &quot;pointer&quot; : &quot;/properties/pagination/properties/totalPages&quot;
  },
  &quot;domain&quot; : &quot;syntax&quot;,
  &quot;message&quot; : &quot;the following keywords are unknown and will be ignored: [examples]&quot;,
  &quot;ignored&quot; : [ &quot;examples&quot; ]
}, {
  &quot;level&quot; : &quot;warning&quot;,
  &quot;schema&quot; : {
    &quot;loadingURI&quot; : &quot;file:/C:/Users/ADMIN/Documents/repos/rest_assured-testng/target/classes/search_category.json#&quot;,
    &quot;pointer&quot; : &quot;/properties/pagination/properties/totalResults&quot;
  },
  &quot;domain&quot; : &quot;syntax&quot;,
  &quot;message&quot; : &quot;the following keywords are unknown and will be ignored: [examples]&quot;,
  &quot;ignored&quot; : [ &quot;examples&quot; ]
}, {
  &quot;level&quot; : &quot;warning&quot;,
  &quot;schema&quot; : {
    &quot;loadingURI&quot; : &quot;file:/C:/Users/ADMIN/Documents/repos/rest_assured-testng/target/classes/search_category.json#&quot;,
    &quot;pointer&quot; : &quot;/properties/products&quot;
  },
  &quot;domain&quot; : &quot;syntax&quot;,
  &quot;message&quot; : &quot;the following keywords are unknown and will be ignored: [examples]&quot;,
  &quot;ignored&quot; : [ &quot;examples&quot; ]
}, {
  &quot;level&quot; : &quot;warning&quot;,
  &quot;schema&quot; : {
    &quot;loadingURI&quot; : &quot;file:/C:/Users/ADMIN/Documents/repos/rest_assured-testng/target/classes/search_category.json#&quot;,
    &quot;pointer&quot; : &quot;/properties/products/items/anyOf/0&quot;
  },
  &quot;domain&quot; : &quot;syntax&quot;,
  &quot;message&quot; : &quot;the following keywords are unknown and will be ignored: [examples]&quot;,
  &quot;ignored&quot; : [ &quot;examples&quot; ]
}, {
  &quot;level&quot; : &quot;warning&quot;,
  &quot;schema&quot; : {
    &quot;loadingURI&quot; : &quot;file:/C:/Users/ADMIN/Documents/repos/rest_assured-testng/target/classes/search_category.json#&quot;,
    &quot;pointer&quot; : &quot;/properties/products/items/anyOf/0/properties/addToCartFromPLPCategories&quot;
  },
  &quot;domain&quot; : &quot;syntax&quot;,
  &quot;message&quot; : &quot;the following keywords are unknown and will be ignored: [examples]&quot;,
  &quot;ignored&quot; : [ &quot;examples&quot; ]
}, {
  &quot;level&quot; : &quot;warning&quot;,
  &quot;schema&quot; : {
    &quot;loadingURI&quot; : &quot;file:/C:/Users/ADMIN/Documents/repos/rest_assured-testng/target/classes/search_category.json#&quot;,
    &quot;pointer&quot; : &quot;/properties/products/items/anyOf/0/properties/addToCartFromPLPCategories/items/anyOf/0&quot;
  },
  &quot;domain&quot; : &quot;syntax&quot;,
  &quot;message&quot; : &quot;the following keywords are unknown and will be ignored: [examples]&quot;,
  &quot;ignored&quot; : [ &quot;examples&quot; ]
}, {
  &quot;level&quot; : &quot;warning&quot;,
  &quot;schema&quot; : {
    &quot;loadingURI&quot; : &quot;file:/C:/Users/ADMIN/Documents/repos/rest_assured-testng/target/classes/search_category.json#&quot;,
    &quot;pointer&quot; : &quot;/properties/products/items/anyOf/0/properties/addToCartFromPLPCategories/items/anyOf/0/properties/key&quot;
  },
  &quot;domain&quot; : &quot;syntax&quot;,
  &quot;message&quot; : &quot;the following keywords are unknown and will be ignored: [examples]&quot;,
  &quot;ignored&quot; : [ &quot;examples&quot; ]
}, {
  &quot;level&quot; : &quot;warning&quot;,
  &quot;schema&quot; : {
    &quot;loadingURI&quot; : &quot;file:/C:/Users/ADMIN/Documents/repos/rest_assured-testng/target/classes/search_category.json#&quot;,
    &quot;pointer&quot; : &quot;/properties/products/items/anyOf/0/properties/addToCartFromPLPCategories/items/anyOf/0/properties/value&quot;
  },
  &quot;domain&quot; : &quot;syntax&quot;,
  &quot;message&quot; : &quot;the following keywords are unknown and will be ignored: [examples]&quot;,
  &quot;ignored&quot; : [ &quot;examples&quot; ]
}, {
  &quot;level&quot; : &quot;warning&quot;,
  &quot;schema&quot; : {
    &quot;loadingURI&quot; : &quot;file:/C:/Users/ADMIN/Documents/repos/rest_assured-testng/target/classes/search_category.json#&quot;,
    &quot;pointer&quot; : &quot;/properties/products/items/anyOf/0/properties/addableToCartFromListingPage&quot;
  },
  &quot;domain&quot; : &quot;syntax&quot;,
  &quot;message&quot; : &quot;the following keywords are unknown and will be ignored: [examples]&quot;,
  &quot;ignored&quot; : [ &quot;examples&quot; ]
}, {
  &quot;level&quot; : &quot;warning&quot;,
  &quot;schema&quot; : {
    &quot;loadingURI&quot; : &quot;file:/C:/Users/ADMIN/Documents/repos/rest_assured-testng/target/classes/search_category.json#&quot;,
    &quot;pointer&quot; : &quot;/properties/products/items/anyOf/0/properties/availableForPreorder&quot;
  },
  &quot;domain&quot; : &quot;syntax&quot;,
  &quot;message&quot; : &quot;the following keywords are unknown and will be ignored: [examples]&quot;,
  &quot;ignored&quot; : [ &quot;examples&quot; ]
}, {
  &quot;level&quot; : &quot;warning&quot;,
  &quot;schema&quot; : {
    &quot;loadingURI&quot; : &quot;file:/C:/Users/ADMIN/Documents/repos/rest_assured-testng/target/classes/search_category.json#&quot;,
    &quot;pointer&quot; : &quot;/properties/products/items/anyOf/0/properties/basePrice&quot;
  },
  &quot;domain&quot; : &quot;syntax&quot;,
  &quot;message&quot; : &quot;the following keywords are unknown and will be ignored: [examples]&quot;,
  &quot;ignored&quot; : [ &quot;examples&quot; ]
}, {
  &quot;level&quot; : &quot;warning&quot;,
  &quot;schema&quot; : {
    &quot;loadingURI&quot; : &quot;file:/C:/Users/ADMIN/Documents/repos/rest_assured-testng/target/classes/search_category.json#&quot;,
    &quot;pointer&quot; : &quot;/properties/products/items/anyOf/0/properties/basePrice/properties/currencyIso&quot;
  },
  &quot;domain&quot; : &quot;syntax&quot;,
  &quot;message&quot; : &quot;the following keywords are unknown and will be ignored: [examples]&quot;,
  &quot;ignored&quot; : [ &quot;examples&quot; ]
}, {
  &quot;level&quot; : &quot;warning&quot;,
  &quot;schema&quot; : {
    &quot;loadingURI&quot; : &quot;file:/C:/Users/ADMIN/Documents/repos/rest_assured-testng/target/classes/search_category.json#&quot;,
    &quot;pointer&quot; : &quot;/properties/products/items/anyOf/0/properties/basePrice/properties/formattedValue&quot;
  },
  &quot;domain&quot; : &quot;syntax&quot;,
  &quot;message&quot; : &quot;the following keywords are unknown and will be ignored: [examples]&quot;,
  &quot;ignored&quot; : [ &quot;examples&quot; ]
}, {
  &quot;level&quot; : &quot;warning&quot;,
  &quot;schema&quot; : {
    &quot;loadingURI&quot; : &quot;file:/C:/Users/ADMIN/Documents/repos/rest_assured-testng/target/classes/search_category.json#&quot;,
    &quot;pointer&quot; : &quot;/properties/products/items/anyOf/0/properties/basePrice/properties/priceType&quot;
  },
  &quot;domain&quot; : &quot;syntax&quot;,
  &quot;message&quot; : &quot;the following keywords are unknown and will be ignored: [examples]&quot;,
  &quot;ignored&quot; : [ &quot;examples&quot; ]
}, {
  &quot;level&quot; : &quot;warning&quot;,
  &quot;schema&quot; : {
    &quot;loadingURI&quot; : &quot;file:/C:/Users/ADMIN/Documents/repos/rest_assured-testng/target/classes/search_category.json#&quot;,
    &quot;pointer&quot; : &quot;/properties/products/items/anyOf/0/properties/basePrice/properties/value&quot;
  },
  &quot;domain&quot; : &quot;syntax&quot;,
  &quot;message&quot; : &quot;the following keywords are unknown and will be ignored: [examples]&quot;,
  &quot;ignored&quot; : [ &quot;examples&quot; ]
}, {
  &quot;level&quot; : &quot;warning&quot;,
  &quot;schema&quot; : {
    &quot;loadingURI&quot; : &quot;file:/C:/Users/ADMIN/Documents/repos/rest_assured-testng/target/classes/search_category.json#&quot;,
    &quot;pointer&quot; : &quot;/properties/products/items/anyOf/0/properties/businessDelivery&quot;
  },
  &quot;domain&quot; : &quot;syntax&quot;,
  &quot;message&quot; : &quot;the following keywords are unknown and will be ignored: [examples]&quot;,
  &quot;ignored&quot; : [ &quot;examples&quot; ]
}, {
  &quot;level&quot; : &quot;warning&quot;,
  &quot;schema&quot; : {
    &quot;loadingURI&quot; : &quot;file:/C:/Users/ADMIN/Documents/repos/rest_assured-testng/target/classes/search_category.json#&quot;,
    &quot;pointer&quot; : &quot;/properties/products/items/anyOf/0/properties/code&quot;
  },
  &quot;domain&quot; : &quot;syntax&quot;,
  &quot;message&quot; : &quot;the following keywords are unknown and will be ignored: [examples]&quot;,
  &quot;ignored&quot; : [ &quot;examples&quot; ]
}, {
  &quot;level&quot; : &quot;warning&quot;,
  &quot;schema&quot; : {
    &quot;loadingURI&quot; : &quot;file:/C:/Users/ADMIN/Documents/repos/rest_assured-testng/target/classes/search_category.json#&quot;,
    &quot;pointer&quot; : &quot;/properties/products/items/anyOf/0/properties/decalData&quot;
  },
  &quot;domain&quot; : &quot;syntax&quot;,
  &quot;message&quot; : &quot;the following keywords are unknown and will be ignored: [examples]&quot;,
  &quot;ignored&quot; : [ &quot;examples&quot; ]
}, {
  &quot;level&quot; : &quot;warning&quot;,
  &quot;schema&quot; : {
    &quot;loadingURI&quot; : &quot;file:/C:/Users/ADMIN/Documents/repos/rest_assured-testng/target/classes/search_category.json#&quot;,
    &quot;pointer&quot; : &quot;/properties/products/items/anyOf/0/properties/decalData/items/anyOf/0&quot;
  },
  &quot;domain&quot; : &quot;syntax&quot;,
  &quot;message&quot; : &quot;the following keywords are unknown and will be ignored: [examples]&quot;,
  &quot;ignored&quot; : [ &quot;examples&quot; ]
}, {
  &quot;level&quot; : &quot;warning&quot;,
  &quot;schema&quot; : {
    &quot;loadingURI&quot; : &quot;file:/C:/Users/ADMIN/Documents/repos/rest_assured-testng/target/classes/search_category.json#&quot;,
    &quot;pointer&quot; : &quot;/properties/products/items/anyOf/0/properties/decalData/items/anyOf/0/properties/key&quot;
  },
  &quot;domain&quot; : &quot;syntax&quot;,
  &quot;message&quot; : &quot;the following keywords are unknown and will be ignored: [examples]&quot;,
  &quot;ignored&quot; : [ &quot;examples&quot; ]
}, {
  &quot;level&quot; : &quot;warning&quot;,
  &quot;schema&quot; : {
    &quot;loadingURI&quot; : &quot;file:/C:/Users/ADMIN/Documents/repos/rest_assured-testng/target/classes/search_category.json#&quot;,
    &quot;pointer&quot; : &quot;/properties/products/items/anyOf/0/properties/decalData/items/anyOf/0/properties/value&quot;
  },
  &quot;domain&quot; : &quot;syntax&quot;,
  &quot;message&quot; : &quot;the following keywords are unknown and will be ignored: [examples]&quot;,
  &quot;ignored&quot; : [ &quot;examples&quot; ]
}, {
  &quot;level&quot; : &quot;warning&quot;,
  &quot;schema&quot; : {
    &quot;loadingURI&quot; : &quot;file:/C:/Users/ADMIN/Documents/repos/rest_assured-testng/target/classes/search_category.json#&quot;,
    &quot;pointer&quot; : &quot;/properties/products/items/anyOf/0/properties/decalData/items/anyOf/0/properties/value/properties/altText&quot;
  },
  &quot;domain&quot; : &quot;syntax&quot;,
  &quot;message&quot; : &quot;the following keywords are unknown and will be ignored: [examples]&quot;,
  &quot;ignored&quot; : [ &quot;examples&quot; ]
}, {
  &quot;level&quot; : &quot;warning&quot;,
  &quot;schema&quot; : {
    &quot;loadingURI&quot; : &quot;file:/C:/Users/ADMIN/Documents/repos/rest_assured-testng/target/classes/search_category.json#&quot;,
    &quot;pointer&quot; : &quot;/properties/products/items/anyOf/0/properties/decalData/items/anyOf/0/properties/value/properties/position&quot;
  },
  &quot;domain&quot; : &quot;syntax&quot;,
  &quot;message&quot; : &quot;the following keywords are unknown and will be ignored: [examples]&quot;,
  &quot;ignored&quot; : [ &quot;examples&quot; ]
}, {
  &quot;level&quot; : &quot;warning&quot;,
  &quot;schema&quot; : {
    &quot;loadingURI&quot; : &quot;file:/C:/Users/ADMIN/Documents/repos/rest_assured-testng/target/classes/search_category.json#&quot;,
    &quot;pointer&quot; : &quot;/properties/products/items/anyOf/0/properties/decalData/items/anyOf/0/properties/value/properties/url&quot;
  },
  &quot;domain&quot; : &quot;syntax&quot;,
  &quot;message&quot; : &quot;the following keywords are unknown and will be ignored: [examples]&quot;,
  &quot;ignored&quot; : [ &quot;examples&quot; ]
}, {
  &quot;level&quot; : &quot;warning&quot;,
  &quot;schema&quot; : {
    &quot;loadingURI&quot; : &quot;file:/C:/Users/ADMIN/Documents/repos/rest_assured-testng/target/classes/search_category.json#&quot;,
    &quot;pointer&quot; : &quot;/properties/products/items/anyOf/0/properties/description&quot;
  },
  &quot;domain&quot; : &quot;syntax&quot;,
  &quot;message&quot; : &quot;the following keywords are unknown and will be ignored: [examples]&quot;,
  &quot;ignored&quot; : [ &quot;examples&quot; ]
}, {
  &quot;level&quot; : &quot;warning&quot;,
  &quot;schema&quot; : {
    &quot;loadingURI&quot; : &quot;file:/C:/Users/ADMIN/Documents/repos/rest_assured-testng/target/classes/search_category.json#&quot;,
    &quot;pointer&quot; : &quot;/properties/products/items/anyOf/0/properties/englishName&quot;
  },
  &quot;domain&quot; : &quot;syntax&quot;,
  &quot;message&quot; : &quot;the following keywords are unknown and will be ignored: [examples]&quot;,
  &quot;ignored&quot; : [ &quot;examples&quot; ]
}, {
  &quot;level&quot; : &quot;warning&quot;,
  &quot;schema&quot; : {
    &quot;loadingURI&quot; : &quot;file:/C:/Users/ADMIN/Documents/repos/rest_assured-testng/target/classes/search_category.json#&quot;,
    &quot;pointer&quot; : &quot;/properties/products/items/anyOf/0/properties/expeditedDelivery&quot;
  },
  &quot;domain&quot; : &quot;syntax&quot;,
  &quot;message&quot; : &quot;the following keywords are unknown and will be ignored: [examples]&quot;,
  &quot;ignored&quot; : [ &quot;examples&quot; ]
}, {
  &quot;level&quot; : &quot;warning&quot;,
  &quot;schema&quot; : {
    &quot;loadingURI&quot; : &quot;file:/C:/Users/ADMIN/Documents/repos/rest_assured-testng/target/classes/search_category.json#&quot;,
    &quot;pointer&quot; : &quot;/properties/products/items/anyOf/0/properties/hasPricePerUnit&quot;
  },
  &quot;domain&quot; : &quot;syntax&quot;,
  &quot;message&quot; : &quot;the following keywords are unknown and will be ignored: [examples]&quot;,
  &quot;ignored&quot; : [ &quot;examples&quot; ]
}, {
  &quot;level&quot; : &quot;warning&quot;,
  &quot;schema&quot; : {
    &quot;loadingURI&quot; : &quot;file:/C:/Users/ADMIN/Documents/repos/rest_assured-testng/target/classes/search_category.json#&quot;,
    &quot;pointer&quot; : &quot;/properties/products/items/anyOf/0/properties/hidePriceValue&quot;
  },
  &quot;domain&quot; : &quot;syntax&quot;,
  &quot;message&quot; : &quot;the following keywords are unknown and will be ignored: [examples]&quot;,
  &quot;ignored&quot; : [ &quot;examples&quot; ]
}, {
  &quot;level&quot; : &quot;warning&quot;,
  &quot;schema&quot; : {
    &quot;loadingURI&quot; : &quot;file:/C:/Users/ADMIN/Documents/repos/rest_assured-testng/target/classes/search_category.json#&quot;,
    &quot;pointer&quot; : &quot;/properties/products/items/anyOf/0/properties/images&quot;
  },
  &quot;domain&quot; : &quot;syntax&quot;,
  &quot;message&quot; : &quot;the following keywords are unknown and will be ignored: [examples]&quot;,
  &quot;ignored&quot; : [ &quot;examples&quot; ]
}, {
  &quot;level&quot; : &quot;warning&quot;,
  &quot;schema&quot; : {
    &quot;loadingURI&quot; : &quot;file:/C:/Users/ADMIN/Documents/repos/rest_assured-testng/target/classes/search_category.json#&quot;,
    &quot;pointer&quot; : &quot;/properties/products/items/anyOf/0/properties/images/items/anyOf/0&quot;
  },
  &quot;domain&quot; : &quot;syntax&quot;,
  &quot;message&quot; : &quot;the following keywords are unknown and will be ignored: [examples]&quot;,
  &quot;ignored&quot; : [ &quot;examples&quot; ]
}, {
  &quot;level&quot; : &quot;warning&quot;,
  &quot;schema&quot; : {
    &quot;loadingURI&quot; : &quot;file:/C:/Users/ADMIN/Documents/repos/rest_assured-testng/target/classes/search_category.json#&quot;,
    &quot;pointer&quot; : &quot;/properties/products/items/anyOf/0/properties/images/items/anyOf/0/properties/format&quot;
  },
  &quot;domain&quot; : &quot;syntax&quot;,
  &quot;message&quot; : &quot;the following keywords are unknown and will be ignored: [examples]&quot;,
  &quot;ignored&quot; : [ &quot;examples&quot; ]
}, {
  &quot;level&quot; : &quot;warning&quot;,
  &quot;schema&quot; : {
    &quot;loadingURI&quot; : &quot;file:/C:/Users/ADMIN/Documents/repos/rest_assured-testng/target/classes/search_category.json#&quot;,
    &quot;pointer&quot; : &quot;/properties/products/items/anyOf/0/properties/images/items/anyOf/0/properties/imageType&quot;
  },
  &quot;domain&quot; : &quot;syntax&quot;,
  &quot;message&quot; : &quot;the following keywords are unknown and will be ignored: [examples]&quot;,
  &quot;ignored&quot; : [ &quot;examples&quot; ]
}, {
  &quot;level&quot; : &quot;warning&quot;,
  &quot;schema&quot; : {
    &quot;loadingURI&quot; : &quot;file:/C:/Users/ADMIN/Documents/repos/rest_assured-testng/target/classes/search_category.json#&quot;,
    &quot;pointer&quot; : &quot;/properties/products/items/anyOf/0/properties/images/items/anyOf/0/properties/url&quot;
  },
  &quot;domain&quot; : &quot;syntax&quot;,
  &quot;message&quot; : &quot;the following keywords are unknown and will be ignored: [examples]&quot;,
  &quot;ignored&quot; : [ &quot;examples&quot; ]
}, {
  &quot;level&quot; : &quot;warning&quot;,
  &quot;schema&quot; : {
    &quot;loadingURI&quot; : &quot;file:/C:/Users/ADMIN/Documents/repos/rest_assured-testng/target/classes/search_category.json#&quot;,
    &quot;pointer&quot; : &quot;/properties/products/items/anyOf/0/properties/isBaseProduct&quot;
  },
  &quot;domain&quot; : &quot;syntax&quot;,
  &quot;message&quot; : &quot;the following keywords are unknown and will be ignored: [examples]&quot;,
  &quot;ignored&quot; : [ &quot;examples&quot; ]
}, {
  &quot;level&quot; : &quot;warning&quot;,
  &quot;schema&quot; : {
    &quot;loadingURI&quot; : &quot;file:/C:/Users/ADMIN/Documents/repos/rest_assured-testng/target/classes/search_category.json#&quot;,
    &quot;pointer&quot; : &quot;/properties/products/items/anyOf/0/properties/isExternalVendorProduct&quot;
  },
  &quot;domain&quot; : &quot;syntax&quot;,
  &quot;message&quot; : &quot;the following keywords are unknown and will be ignored: [examples]&quot;,
  &quot;ignored&quot; : [ &quot;examples&quot; ]
}, {
  &quot;level&quot; : &quot;warning&quot;,
  &quot;schema&quot; : {
    &quot;loadingURI&quot; : &quot;file:/C:/Users/ADMIN/Documents/repos/rest_assured-testng/target/classes/search_category.json#&quot;,
    &quot;pointer&quot; : &quot;/properties/products/items/anyOf/0/properties/isExternalVendorVariantProduct&quot;
  },
  &quot;domain&quot; : &quot;syntax&quot;,
  &quot;message&quot; : &quot;the following keywords are unknown and will be ignored: [examples]&quot;,
  &quot;ignored&quot; : [ &quot;examples&quot; ]
}, {
  &quot;level&quot; : &quot;warning&quot;,
  &quot;schema&quot; : {
    &quot;loadingURI&quot; : &quot;file:/C:/Users/ADMIN/Documents/repos/rest_assured-testng/target/classes/search_category.json#&quot;,
    &quot;pointer&quot; : &quot;/properties/products/items/anyOf/0/properties/minOrderQuantity&quot;
  },
  &quot;domain&quot; : &quot;syntax&quot;,
  &quot;message&quot; : &quot;the following keywords are unknown and will be ignored: [examples]&quot;,
  &quot;ignored&quot; : [ &quot;examples&quot; ]
}, {
  &quot;level&quot; : &quot;warning&quot;,
  &quot;schema&quot; : {
    &quot;loadingURI&quot; : &quot;file:/C:/Users/ADMIN/Documents/repos/rest_assured-testng/target/classes/search_category.json#&quot;,
    &quot;pointer&quot; : &quot;/properties/products/items/anyOf/0/properties/modulusItemQuantity&quot;
  },
  &quot;domain&quot; : &quot;syntax&quot;,
  &quot;message&quot; : &quot;the following keywords are unknown and will be ignored: [examples]&quot;,
  &quot;ignored&quot; : [ &quot;examples&quot; ]
}, {
  &quot;level&quot; : &quot;warning&quot;,
  &quot;schema&quot; : {
    &quot;loadingURI&quot; : &quot;file:/C:/Users/ADMIN/Documents/repos/rest_assured-testng/target/classes/search_category.json#&quot;,
    &quot;pointer&quot; : &quot;/properties/products/items/anyOf/0/properties/name&quot;
  },
  &quot;domain&quot; : &quot;syntax&quot;,
  &quot;message&quot; : &quot;the following keywords are unknown and will be ignored: [examples]&quot;,
  &quot;ignored&quot; : [ &quot;examples&quot; ]
}, {
  &quot;level&quot; : &quot;warning&quot;,
  &quot;schema&quot; : {
    &quot;loadingURI&quot; : &quot;file:/C:/Users/ADMIN/Documents/repos/rest_assured-testng/target/classes/search_category.json#&quot;,
    &quot;pointer&quot; : &quot;/properties/products/items/anyOf/0/properties/price&quot;
  },
  &quot;domain&quot; : &quot;syntax&quot;,
  &quot;message&quot; : &quot;the following keywords are unknown and will be ignored: [examples]&quot;,
  &quot;ignored&quot; : [ &quot;examples&quot; ]
}, {
  &quot;level&quot; : &quot;warning&quot;,
  &quot;schema&quot; : {
    &quot;loadingURI&quot; : &quot;file:/C:/Users/ADMIN/Documents/repos/rest_assured-testng/target/classes/search_category.json#&quot;,
    &quot;pointer&quot; : &quot;/properties/products/items/anyOf/0/properties/price/properties/currencyIso&quot;
  },
  &quot;domain&quot; : &quot;syntax&quot;,
  &quot;message&quot; : &quot;the following keywords are unknown and will be ignored: [examples]&quot;,
  &quot;ignored&quot; : [ &quot;examples&quot; ]
}, {
  &quot;level&quot; : &quot;warning&quot;,
  &quot;schema&quot; : {
    &quot;loadingURI&quot; : &quot;file:/C:/Users/ADMIN/Documents/repos/rest_assured-testng/target/classes/search_category.json#&quot;,
    &quot;pointer&quot; : &quot;/properties/products/items/anyOf/0/properties/price/properties/formattedValue&quot;
  },
  &quot;domain&quot; : &quot;syntax&quot;,
  &quot;message&quot; : &quot;the following keywords are unknown and will be ignored: [examples]&quot;,
  &quot;ignored&quot; : [ &quot;examples&quot; ]
}, {
  &quot;level&quot; : &quot;warning&quot;,
  &quot;schema&quot; : {
    &quot;loadingURI&quot; : &quot;file:/C:/Users/ADMIN/Documents/repos/rest_assured-testng/target/classes/search_category.json#&quot;,
    &quot;pointer&quot; : &quot;/properties/products/items/anyOf/0/properties/price/properties/priceType&quot;
  },
  &quot;domain&quot; : &quot;syntax&quot;,
  &quot;message&quot; : &quot;the following keywords are unknown and will be ignored: [examples]&quot;,
  &quot;ignored&quot; : [ &quot;examples&quot; ]
}, {
  &quot;level&quot; : &quot;warning&quot;,
  &quot;schema&quot; : {
    &quot;loadingURI&quot; : &quot;file:/C:/Users/ADMIN/Documents/repos/rest_assured-testng/target/classes/search_category.json#&quot;,
    &quot;pointer&quot; : &quot;/properties/products/items/anyOf/0/properties/price/properties/value&quot;
  },
  &quot;domain&quot; : &quot;syntax&quot;,
  &quot;message&quot; : &quot;the following keywords are unknown and will be ignored: [examples]&quot;,
  &quot;ignored&quot; : [ &quot;examples&quot; ]
}, {
  &quot;level&quot; : &quot;warning&quot;,
  &quot;schema&quot; : {
    &quot;loadingURI&quot; : &quot;file:/C:/Users/ADMIN/Documents/repos/rest_assured-testng/target/classes/search_category.json#&quot;,
    &quot;pointer&quot; : &quot;/properties/products/items/anyOf/0/properties/purchasable&quot;
  },
  &quot;domain&quot; : &quot;syntax&quot;,
  &quot;message&quot; : &quot;the following keywords are unknown and will be ignored: [examples]&quot;,
  &quot;ignored&quot; : [ &quot;examples&quot; ]
}, {
  &quot;level&quot; : &quot;warning&quot;,
  &quot;schema&quot; : {
    &quot;loadingURI&quot; : &quot;file:/C:/Users/ADMIN/Documents/repos/rest_assured-testng/target/classes/search_category.json#&quot;,
    &quot;pointer&quot; : &quot;/properties/products/items/anyOf/0/properties/randomWeight&quot;
  },
  &quot;domain&quot; : &quot;syntax&quot;,
  &quot;message&quot; : &quot;the following keywords are unknown and will be ignored: [examples]&quot;,
  &quot;ignored&quot; : [ &quot;examples&quot; ]
}, {
  &quot;level&quot; : &quot;warning&quot;,
  &quot;schema&quot; : {
    &quot;loadingURI&quot; : &quot;file:/C:/Users/ADMIN/Documents/repos/rest_assured-testng/target/classes/search_category.json#&quot;,
    &quot;pointer&quot; : &quot;/properties/products/items/anyOf/0/properties/shippingIncluded&quot;
  },
  &quot;domain&quot; : &quot;syntax&quot;,
  &quot;message&quot; : &quot;the following keywords are unknown and will be ignored: [examples]&quot;,
  &quot;ignored&quot; : [ &quot;examples&quot; ]
}, {
  &quot;level&quot; : &quot;warning&quot;,
  &quot;schema&quot; : {
    &quot;loadingURI&quot; : &quot;file:/C:/Users/ADMIN/Documents/repos/rest_assured-testng/target/classes/search_category.json#&quot;,
    &quot;pointer&quot; : &quot;/properties/products/items/anyOf/0/properties/stock&quot;
  },
  &quot;domain&quot; : &quot;syntax&quot;,
  &quot;message&quot; : &quot;the following keywords are unknown and will be ignored: [examples]&quot;,
  &quot;ignored&quot; : [ &quot;examples&quot; ]
}, {
  &quot;level&quot; : &quot;warning&quot;,
  &quot;schema&quot; : {
    &quot;loadingURI&quot; : &quot;file:/C:/Users/ADMIN/Documents/repos/rest_assured-testng/target/classes/search_category.json#&quot;,
    &quot;pointer&quot; : &quot;/properties/products/items/anyOf/0/properties/stock/properties/contactDay&quot;
  },
  &quot;domain&quot; : &quot;syntax&quot;,
  &quot;message&quot; : &quot;the following keywords are unknown and will be ignored: [examples]&quot;,
  &quot;ignored&quot; : [ &quot;examples&quot; ]
}, {
  &quot;level&quot; : &quot;warning&quot;,
  &quot;schema&quot; : {
    &quot;loadingURI&quot; : &quot;file:/C:/Users/ADMIN/Documents/repos/rest_assured-testng/target/classes/search_category.json#&quot;,
    &quot;pointer&quot; : &quot;/properties/products/items/anyOf/0/properties/stock/properties/deliveryLeadTime&quot;
  },
  &quot;domain&quot; : &quot;syntax&quot;,
  &quot;message&quot; : &quot;the following keywords are unknown and will be ignored: [examples]&quot;,
  &quot;ignored&quot; : [ &quot;examples&quot; ]
}, {
  &quot;level&quot; : &quot;warning&quot;,
  &quot;schema&quot; : {
    &quot;loadingURI&quot; : &quot;file:/C:/Users/ADMIN/Documents/repos/rest_assured-testng/target/classes/search_category.json#&quot;,
    &quot;pointer&quot; : &quot;/properties/products/items/anyOf/0/properties/stock/properties/stockLevelStatus&quot;
  },
  &quot;domain&quot; : &quot;syntax&quot;,
  &quot;message&quot; : &quot;the following keywords are unknown and will be ignored: [examples]&quot;,
  &quot;ignored&quot; : [ &quot;examples&quot; ]
}, {
  &quot;level&quot; : &quot;warning&quot;,
  &quot;schema&quot; : {
    &quot;loadingURI&quot; : &quot;file:/C:/Users/ADMIN/Documents/repos/rest_assured-testng/target/classes/search_category.json#&quot;,
    &quot;pointer&quot; : &quot;/properties/products/items/anyOf/0/properties/summary&quot;
  },
  &quot;domain&quot; : &quot;syntax&quot;,
  &quot;message&quot; : &quot;the following keywords are unknown and will be ignored: [examples]&quot;,
  &quot;ignored&quot; : [ &quot;examples&quot; ]
}, {
  &quot;level&quot; : &quot;warning&quot;,
  &quot;schema&quot; : {
    &quot;loadingURI&quot; : &quot;file:/C:/Users/ADMIN/Documents/repos/rest_assured-testng/target/classes/search_category.json#&quot;,
    &quot;pointer&quot; : &quot;/properties/products/items/anyOf/0/properties/url&quot;
  },
  &quot;domain&quot; : &quot;syntax&quot;,
  &quot;message&quot; : &quot;the following keywords are unknown and will be ignored: [examples]&quot;,
  &quot;ignored&quot; : [ &quot;examples&quot; ]
}, {
  &quot;level&quot; : &quot;warning&quot;,
  &quot;schema&quot; : {
    &quot;loadingURI&quot; : &quot;file:/C:/Users/ADMIN/Documents/repos/rest_assured-testng/target/classes/search_category.json#&quot;,
    &quot;pointer&quot; : &quot;/properties/products/items/anyOf/0/properties/warehouseHidePriceValue&quot;
  },
  &quot;domain&quot; : &quot;syntax&quot;,
  &quot;message&quot; : &quot;the following keywords are unknown and will be ignored: [examples]&quot;,
  &quot;ignored&quot; : [ &quot;examples&quot; ]
}, {
  &quot;level&quot; : &quot;warning&quot;,
  &quot;schema&quot; : {
    &quot;loadingURI&quot; : &quot;file:/C:/Users/ADMIN/Documents/repos/rest_assured-testng/target/classes/search_category.json#&quot;,
    &quot;pointer&quot; : &quot;/properties/products/items/anyOf/1&quot;
  },
  &quot;domain&quot; : &quot;syntax&quot;,
  &quot;message&quot; : &quot;the following keywords are unknown and will be ignored: [examples]&quot;,
  &quot;ignored&quot; : [ &quot;examples&quot; ]
}, {
  &quot;level&quot; : &quot;warning&quot;,
  &quot;schema&quot; : {
    &quot;loadingURI&quot; : &quot;file:/C:/Users/ADMIN/Documents/repos/rest_assured-testng/target/classes/search_category.json#&quot;,
    &quot;pointer&quot; : &quot;/properties/products/items/anyOf/1/properties/addToCartFromPLPCategories&quot;
  },
  &quot;domain&quot; : &quot;syntax&quot;,
  &quot;message&quot; : &quot;the following keywords are unknown and will be ignored: [examples]&quot;,
  &quot;ignored&quot; : [ &quot;examples&quot; ]
}, {
  &quot;level&quot; : &quot;warning&quot;,
  &quot;schema&quot; : {
    &quot;loadingURI&quot; : &quot;file:/C:/Users/ADMIN/Documents/repos/rest_assured-testng/target/classes/search_category.json#&quot;,
    &quot;pointer&quot; : &quot;/properties/products/items/anyOf/1/properties/addToCartFromPLPCategories/items/anyOf/0&quot;
  },
  &quot;domain&quot; : &quot;syntax&quot;,
  &quot;message&quot; : &quot;the following keywords are unknown and will be ignored: [examples]&quot;,
  &quot;ignored&quot; : [ &quot;examples&quot; ]
}, {
  &quot;level&quot; : &quot;warning&quot;,
  &quot;schema&quot; : {
    &quot;loadingURI&quot; : &quot;file:/C:/Users/ADMIN/Documents/repos/rest_assured-testng/target/classes/search_category.json#&quot;,
    &quot;pointer&quot; : &quot;/properties/products/items/anyOf/1/properties/addToCartFromPLPCategories/items/anyOf/0/properties/key&quot;
  },
  &quot;domain&quot; : &quot;syntax&quot;,
  &quot;message&quot; : &quot;the following keywords are unknown and will be ignored: [examples]&quot;,
  &quot;ignored&quot; : [ &quot;examples&quot; ]
}, {
  &quot;level&quot; : &quot;warning&quot;,
  &quot;schema&quot; : {
    &quot;loadingURI&quot; : &quot;file:/C:/Users/ADMIN/Documents/repos/rest_assured-testng/target/classes/search_category.json#&quot;,
    &quot;pointer&quot; : &quot;/properties/products/items/anyOf/1/properties/addToCartFromPLPCategories/items/anyOf/0/properties/value&quot;
  },
  &quot;domain&quot; : &quot;syntax&quot;,
  &quot;message&quot; : &quot;the following keywords are unknown and will be ignored: [examples]&quot;,
  &quot;ignored&quot; : [ &quot;examples&quot; ]
}, {
  &quot;level&quot; : &quot;warning&quot;,
  &quot;schema&quot; : {
    &quot;loadingURI&quot; : &quot;file:/C:/Users/ADMIN/Documents/repos/rest_assured-testng/target/classes/search_category.json#&quot;,
    &quot;pointer&quot; : &quot;/properties/products/items/anyOf/1/properties/addableToCartFromListingPage&quot;
  },
  &quot;domain&quot; : &quot;syntax&quot;,
  &quot;message&quot; : &quot;the following keywords are unknown and will be ignored: [examples]&quot;,
  &quot;ignored&quot; : [ &quot;examples&quot; ]
}, {
  &quot;level&quot; : &quot;warning&quot;,
  &quot;schema&quot; : {
    &quot;loadingURI&quot; : &quot;file:/C:/Users/ADMIN/Documents/repos/rest_assured-testng/target/classes/search_category.json#&quot;,
    &quot;pointer&quot; : &quot;/properties/products/items/anyOf/1/properties/availableForPreorder&quot;
  },
  &quot;domain&quot; : &quot;syntax&quot;,
  &quot;message&quot; : &quot;the following keywords are unknown and will be ignored: [examples]&quot;,
  &quot;ignored&quot; : [ &quot;examples&quot; ]
}, {
  &quot;level&quot; : &quot;warning&quot;,
  &quot;schema&quot; : {
    &quot;loadingURI&quot; : &quot;file:/C:/Users/ADMIN/Documents/repos/rest_assured-testng/target/classes/search_category.json#&quot;,
    &quot;pointer&quot; : &quot;/properties/products/items/anyOf/1/properties/basePrice&quot;
  },
  &quot;domain&quot; : &quot;syntax&quot;,
  &quot;message&quot; : &quot;the following keywords are unknown and will be ignored: [examples]&quot;,
  &quot;ignored&quot; : [ &quot;examples&quot; ]
}, {
  &quot;level&quot; : &quot;warning&quot;,
  &quot;schema&quot; : {
    &quot;loadingURI&quot; : &quot;file:/C:/Users/ADMIN/Documents/repos/rest_assured-testng/target/classes/search_category.json#&quot;,
    &quot;pointer&quot; : &quot;/properties/products/items/anyOf/1/properties/basePrice/properties/currencyIso&quot;
  },
  &quot;domain&quot; : &quot;syntax&quot;,
  &quot;message&quot; : &quot;the following keywords are unknown and will be ignored: [examples]&quot;,
  &quot;ignored&quot; : [ &quot;examples&quot; ]
}, {
  &quot;level&quot; : &quot;warning&quot;,
  &quot;schema&quot; : {
    &quot;loadingURI&quot; : &quot;file:/C:/Users/ADMIN/Documents/repos/rest_assured-testng/target/classes/search_category.json#&quot;,
    &quot;pointer&quot; : &quot;/properties/products/items/anyOf/1/properties/basePrice/properties/formattedValue&quot;
  },
  &quot;domain&quot; : &quot;syntax&quot;,
  &quot;message&quot; : &quot;the following keywords are unknown and will be ignored: [examples]&quot;,
  &quot;ignored&quot; : [ &quot;examples&quot; ]
}, {
  &quot;level&quot; : &quot;warning&quot;,
  &quot;schema&quot; : {
    &quot;loadingURI&quot; : &quot;file:/C:/Users/ADMIN/Documents/repos/rest_assured-testng/target/classes/search_category.json#&quot;,
    &quot;pointer&quot; : &quot;/properties/products/items/anyOf/1/properties/basePrice/properties/priceType&quot;
  },
  &quot;domain&quot; : &quot;syntax&quot;,
  &quot;message&quot; : &quot;the following keywords are unknown and will be ignored: [examples]&quot;,
  &quot;ignored&quot; : [ &quot;examples&quot; ]
}, {
  &quot;level&quot; : &quot;warning&quot;,
  &quot;schema&quot; : {
    &quot;loadingURI&quot; : &quot;file:/C:/Users/ADMIN/Documents/repos/rest_assured-testng/target/classes/search_category.json#&quot;,
    &quot;pointer&quot; : &quot;/properties/products/items/anyOf/1/properties/basePrice/properties/value&quot;
  },
  &quot;domain&quot; : &quot;syntax&quot;,
  &quot;message&quot; : &quot;the following keywords are unknown and will be ignored: [examples]&quot;,
  &quot;ignored&quot; : [ &quot;examples&quot; ]
}, {
  &quot;level&quot; : &quot;warning&quot;,
  &quot;schema&quot; : {
    &quot;loadingURI&quot; : &quot;file:/C:/Users/ADMIN/Documents/repos/rest_assured-testng/target/classes/search_category.json#&quot;,
    &quot;pointer&quot; : &quot;/properties/products/items/anyOf/1/properties/businessDelivery&quot;
  },
  &quot;domain&quot; : &quot;syntax&quot;,
  &quot;message&quot; : &quot;the following keywords are unknown and will be ignored: [examples]&quot;,
  &quot;ignored&quot; : [ &quot;examples&quot; ]
}, {
  &quot;level&quot; : &quot;warning&quot;,
  &quot;schema&quot; : {
    &quot;loadingURI&quot; : &quot;file:/C:/Users/ADMIN/Documents/repos/rest_assured-testng/target/classes/search_category.json#&quot;,
    &quot;pointer&quot; : &quot;/properties/products/items/anyOf/1/properties/code&quot;
  },
  &quot;domain&quot; : &quot;syntax&quot;,
  &quot;message&quot; : &quot;the following keywords are unknown and will be ignored: [examples]&quot;,
  &quot;ignored&quot; : [ &quot;examples&quot; ]
}, {
  &quot;level&quot; : &quot;warning&quot;,
  &quot;schema&quot; : {
    &quot;loadingURI&quot; : &quot;file:/C:/Users/ADMIN/Documents/repos/rest_assured-testng/target/classes/search_category.json#&quot;,
    &quot;pointer&quot; : &quot;/properties/products/items/anyOf/1/properties/description&quot;
  },
  &quot;domain&quot; : &quot;syntax&quot;,
  &quot;message&quot; : &quot;the following keywords are unknown and will be ignored: [examples]&quot;,
  &quot;ignored&quot; : [ &quot;examples&quot; ]
}, {
  &quot;level&quot; : &quot;warning&quot;,
  &quot;schema&quot; : {
    &quot;loadingURI&quot; : &quot;file:/C:/Users/ADMIN/Documents/repos/rest_assured-testng/target/classes/search_category.json#&quot;,
    &quot;pointer&quot; : &quot;/properties/products/items/anyOf/1/properties/englishName&quot;
  },
  &quot;domain&quot; : &quot;syntax&quot;,
  &quot;message&quot; : &quot;the following keywords are unknown and will be ignored: [examples]&quot;,
  &quot;ignored&quot; : [ &quot;examples&quot; ]
}, {
  &quot;level&quot; : &quot;warning&quot;,
  &quot;schema&quot; : {
    &quot;loadingURI&quot; : &quot;file:/C:/Users/ADMIN/Documents/repos/rest_assured-testng/target/classes/search_category.json#&quot;,
    &quot;pointer&quot; : &quot;/properties/products/items/anyOf/1/properties/expeditedDelivery&quot;
  },
  &quot;domain&quot; : &quot;syntax&quot;,
  &quot;message&quot; : &quot;the following keywords are unknown and will be ignored: [examples]&quot;,
  &quot;ignored&quot; : [ &quot;examples&quot; ]
}, {
  &quot;level&quot; : &quot;warning&quot;,
  &quot;schema&quot; : {
    &quot;loadingURI&quot; : &quot;file:/C:/Users/ADMIN/Documents/repos/rest_assured-testng/target/classes/search_category.json#&quot;,
    &quot;pointer&quot; : &quot;/properties/products/items/anyOf/1/properties/hasPricePerUnit&quot;
  },
  &quot;domain&quot; : &quot;syntax&quot;,
  &quot;message&quot; : &quot;the following keywords are unknown and will be ignored: [examples]&quot;,
  &quot;ignored&quot; : [ &quot;examples&quot; ]
}, {
  &quot;level&quot; : &quot;warning&quot;,
  &quot;schema&quot; : {
    &quot;loadingURI&quot; : &quot;file:/C:/Users/ADMIN/Documents/repos/rest_assured-testng/target/classes/search_category.json#&quot;,
    &quot;pointer&quot; : &quot;/properties/products/items/anyOf/1/properties/hidePriceValue&quot;
  },
  &quot;domain&quot; : &quot;syntax&quot;,
  &quot;message&quot; : &quot;the following keywords are unknown and will be ignored: [examples]&quot;,
  &quot;ignored&quot; : [ &quot;examples&quot; ]
}, {
  &quot;level&quot; : &quot;warning&quot;,
  &quot;schema&quot; : {
    &quot;loadingURI&quot; : &quot;file:/C:/Users/ADMIN/Documents/repos/rest_assured-testng/target/classes/search_category.json#&quot;,
    &quot;pointer&quot; : &quot;/properties/products/items/anyOf/1/properties/images&quot;
  },
  &quot;domain&quot; : &quot;syntax&quot;,
  &quot;message&quot; : &quot;the following keywords are unknown and will be ignored: [examples]&quot;,
  &quot;ignored&quot; : [ &quot;examples&quot; ]
}, {
  &quot;level&quot; : &quot;warning&quot;,
  &quot;schema&quot; : {
    &quot;loadingURI&quot; : &quot;file:/C:/Users/ADMIN/Documents/repos/rest_assured-testng/target/classes/search_category.json#&quot;,
    &quot;pointer&quot; : &quot;/properties/products/items/anyOf/1/properties/images/items/anyOf/0&quot;
  },
  &quot;domain&quot; : &quot;syntax&quot;,
  &quot;message&quot; : &quot;the following keywords are unknown and will be ignored: [examples]&quot;,
  &quot;ignored&quot; : [ &quot;examples&quot; ]
}, {
  &quot;level&quot; : &quot;warning&quot;,
  &quot;schema&quot; : {
    &quot;loadingURI&quot; : &quot;file:/C:/Users/ADMIN/Documents/repos/rest_assured-testng/target/classes/search_category.json#&quot;,
    &quot;pointer&quot; : &quot;/properties/products/items/anyOf/1/properties/images/items/anyOf/0/properties/format&quot;
  },
  &quot;domain&quot; : &quot;syntax&quot;,
  &quot;message&quot; : &quot;the following keywords are unknown and will be ignored: [examples]&quot;,
  &quot;ignored&quot; : [ &quot;examples&quot; ]
}, {
  &quot;level&quot; : &quot;warning&quot;,
  &quot;schema&quot; : {
    &quot;loadingURI&quot; : &quot;file:/C:/Users/ADMIN/Documents/repos/rest_assured-testng/target/classes/search_category.json#&quot;,
    &quot;pointer&quot; : &quot;/properties/products/items/anyOf/1/properties/images/items/anyOf/0/properties/imageType&quot;
  },
  &quot;domain&quot; : &quot;syntax&quot;,
  &quot;message&quot; : &quot;the following keywords are unknown and will be ignored: [examples]&quot;,
  &quot;ignored&quot; : [ &quot;examples&quot; ]
}, {
  &quot;level&quot; : &quot;warning&quot;,
  &quot;schema&quot; : {
    &quot;loadingURI&quot; : &quot;file:/C:/Users/ADMIN/Documents/repos/rest_assured-testng/target/classes/search_category.json#&quot;,
    &quot;pointer&quot; : &quot;/properties/products/items/anyOf/1/properties/images/items/anyOf/0/properties/url&quot;
  },
  &quot;domain&quot; : &quot;syntax&quot;,
  &quot;message&quot; : &quot;the following keywords are unknown and will be ignored: [examples]&quot;,
  &quot;ignored&quot; : [ &quot;examples&quot; ]
}, {
  &quot;level&quot; : &quot;warning&quot;,
  &quot;schema&quot; : {
    &quot;loadingURI&quot; : &quot;file:/C:/Users/ADMIN/Documents/repos/rest_assured-testng/target/classes/search_category.json#&quot;,
    &quot;pointer&quot; : &quot;/properties/products/items/anyOf/1/properties/isBaseProduct&quot;
  },
  &quot;domain&quot; : &quot;syntax&quot;,
  &quot;message&quot; : &quot;the following keywords are unknown and will be ignored: [examples]&quot;,
  &quot;ignored&quot; : [ &quot;examples&quot; ]
}, {
  &quot;level&quot; : &quot;warning&quot;,
  &quot;schema&quot; : {
    &quot;loadingURI&quot; : &quot;file:/C:/Users/ADMIN/Documents/repos/rest_assured-testng/target/classes/search_category.json#&quot;,
    &quot;pointer&quot; : &quot;/properties/products/items/anyOf/1/properties/isExternalVendorProduct&quot;
  },
  &quot;domain&quot; : &quot;syntax&quot;,
  &quot;message&quot; : &quot;the following keywords are unknown and will be ignored: [examples]&quot;,
  &quot;ignored&quot; : [ &quot;examples&quot; ]
}, {
  &quot;level&quot; : &quot;warning&quot;,
  &quot;schema&quot; : {
    &quot;loadingURI&quot; : &quot;file:/C:/Users/ADMIN/Documents/repos/rest_assured-testng/target/classes/search_category.json#&quot;,
    &quot;pointer&quot; : &quot;/properties/products/items/anyOf/1/properties/isExternalVendorVariantProduct&quot;
  },
  &quot;domain&quot; : &quot;syntax&quot;,
  &quot;message&quot; : &quot;the following keywords are unknown and will be ignored: [examples]&quot;,
  &quot;ignored&quot; : [ &quot;examples&quot; ]
}, {
  &quot;level&quot; : &quot;warning&quot;,
  &quot;schema&quot; : {
    &quot;loadingURI&quot; : &quot;file:/C:/Users/ADMIN/Documents/repos/rest_assured-testng/target/classes/search_category.json#&quot;,
    &quot;pointer&quot; : &quot;/properties/products/items/anyOf/1/properties/minOrderQuantity&quot;
  },
  &quot;domain&quot; : &quot;syntax&quot;,
  &quot;message&quot; : &quot;the following keywords are unknown and will be ignored: [examples]&quot;,
  &quot;ignored&quot; : [ &quot;examples&quot; ]
}, {
  &quot;level&quot; : &quot;warning&quot;,
  &quot;schema&quot; : {
    &quot;loadingURI&quot; : &quot;file:/C:/Users/ADMIN/Documents/repos/rest_assured-testng/target/classes/search_category.json#&quot;,
    &quot;pointer&quot; : &quot;/properties/products/items/anyOf/1/properties/modulusItemQuantity&quot;
  },
  &quot;domain&quot; : &quot;syntax&quot;,
  &quot;message&quot; : &quot;the following keywords are unknown and will be ignored: [examples]&quot;,
  &quot;ignored&quot; : [ &quot;examples&quot; ]
}, {
  &quot;level&quot; : &quot;warning&quot;,
  &quot;schema&quot; : {
    &quot;loadingURI&quot; : &quot;file:/C:/Users/ADMIN/Documents/repos/rest_assured-testng/target/classes/search_category.json#&quot;,
    &quot;pointer&quot; : &quot;/properties/products/items/anyOf/1/properties/name&quot;
  },
  &quot;domain&quot; : &quot;syntax&quot;,
  &quot;message&quot; : &quot;the following keywords are unknown and will be ignored: [examples]&quot;,
  &quot;ignored&quot; : [ &quot;examples&quot; ]
}, {
  &quot;level&quot; : &quot;warning&quot;,
  &quot;schema&quot; : {
    &quot;loadingURI&quot; : &quot;file:/C:/Users/ADMIN/Documents/repos/rest_assured-testng/target/classes/search_category.json#&quot;,
    &quot;pointer&quot; : &quot;/properties/products/items/anyOf/1/properties/price&quot;
  },
  &quot;domain&quot; : &quot;syntax&quot;,
  &quot;message&quot; : &quot;the following keywords are unknown and will be ignored: [examples]&quot;,
  &quot;ignored&quot; : [ &quot;examples&quot; ]
}, {
  &quot;level&quot; : &quot;warning&quot;,
  &quot;schema&quot; : {
    &quot;loadingURI&quot; : &quot;file:/C:/Users/ADMIN/Documents/repos/rest_assured-testng/target/classes/search_category.json#&quot;,
    &quot;pointer&quot; : &quot;/properties/products/items/anyOf/1/properties/price/properties/currencyIso&quot;
  },
  &quot;domain&quot; : &quot;syntax&quot;,
  &quot;message&quot; : &quot;the following keywords are unknown and will be ignored: [examples]&quot;,
  &quot;ignored&quot; : [ &quot;examples&quot; ]
}, {
  &quot;level&quot; : &quot;warning&quot;,
  &quot;schema&quot; : {
    &quot;loadingURI&quot; : &quot;file:/C:/Users/ADMIN/Documents/repos/rest_assured-testng/target/classes/search_category.json#&quot;,
    &quot;pointer&quot; : &quot;/properties/products/items/anyOf/1/properties/price/properties/formattedValue&quot;
  },
  &quot;domain&quot; : &quot;syntax&quot;,
  &quot;message&quot; : &quot;the following keywords are unknown and will be ignored: [examples]&quot;,
  &quot;ignored&quot; : [ &quot;examples&quot; ]
}, {
  &quot;level&quot; : &quot;warning&quot;,
  &quot;schema&quot; : {
    &quot;loadingURI&quot; : &quot;file:/C:/Users/ADMIN/Documents/repos/rest_assured-testng/target/classes/search_category.json#&quot;,
    &quot;pointer&quot; : &quot;/properties/products/items/anyOf/1/properties/price/properties/priceType&quot;
  },
  &quot;domain&quot; : &quot;syntax&quot;,
  &quot;message&quot; : &quot;the following keywords are unknown and will be ignored: [examples]&quot;,
  &quot;ignored&quot; : [ &quot;examples&quot; ]
}, {
  &quot;level&quot; : &quot;warning&quot;,
  &quot;schema&quot; : {
    &quot;loadingURI&quot; : &quot;file:/C:/Users/ADMIN/Documents/repos/rest_assured-testng/target/classes/search_category.json#&quot;,
    &quot;pointer&quot; : &quot;/properties/products/items/anyOf/1/properties/price/properties/value&quot;
  },
  &quot;domain&quot; : &quot;syntax&quot;,
  &quot;message&quot; : &quot;the following keywords are unknown and will be ignored: [examples]&quot;,
  &quot;ignored&quot; : [ &quot;examples&quot; ]
}, {
  &quot;level&quot; : &quot;warning&quot;,
  &quot;schema&quot; : {
    &quot;loadingURI&quot; : &quot;file:/C:/Users/ADMIN/Documents/repos/rest_assured-testng/target/classes/search_category.json#&quot;,
    &quot;pointer&quot; : &quot;/properties/products/items/anyOf/1/properties/purchasable&quot;
  },
  &quot;domain&quot; : &quot;syntax&quot;,
  &quot;message&quot; : &quot;the following keywords are unknown and will be ignored: [examples]&quot;,
  &quot;ignored&quot; : [ &quot;examples&quot; ]
}, {
  &quot;level&quot; : &quot;warning&quot;,
  &quot;schema&quot; : {
    &quot;loadingURI&quot; : &quot;file:/C:/Users/ADMIN/Documents/repos/rest_assured-testng/target/classes/search_category.json#&quot;,
    &quot;pointer&quot; : &quot;/properties/products/items/anyOf/1/properties/randomWeight&quot;
  },
  &quot;domain&quot; : &quot;syntax&quot;,
  &quot;message&quot; : &quot;the following keywords are unknown and will be ignored: [examples]&quot;,
  &quot;ignored&quot; : [ &quot;examples&quot; ]
}, {
  &quot;level&quot; : &quot;warning&quot;,
  &quot;schema&quot; : {
    &quot;loadingURI&quot; : &quot;file:/C:/Users/ADMIN/Documents/repos/rest_assured-testng/target/classes/search_category.json#&quot;,
    &quot;pointer&quot; : &quot;/properties/products/items/anyOf/1/properties/shippingIncluded&quot;
  },
  &quot;domain&quot; : &quot;syntax&quot;,
  &quot;message&quot; : &quot;the following keywords are unknown and will be ignored: [examples]&quot;,
  &quot;ignored&quot; : [ &quot;examples&quot; ]
}, {
  &quot;level&quot; : &quot;warning&quot;,
  &quot;schema&quot; : {
    &quot;loadingURI&quot; : &quot;file:/C:/Users/ADMIN/Documents/repos/rest_assured-testng/target/classes/search_category.json#&quot;,
    &quot;pointer&quot; : &quot;/properties/products/items/anyOf/1/properties/stock&quot;
  },
  &quot;domain&quot; : &quot;syntax&quot;,
  &quot;message&quot; : &quot;the following keywords are unknown and will be ignored: [examples]&quot;,
  &quot;ignored&quot; : [ &quot;examples&quot; ]
}, {
  &quot;level&quot; : &quot;warning&quot;,
  &quot;schema&quot; : {
    &quot;loadingURI&quot; : &quot;file:/C:/Users/ADMIN/Documents/repos/rest_assured-testng/target/classes/search_category.json#&quot;,
    &quot;pointer&quot; : &quot;/properties/products/items/anyOf/1/properties/stock/properties/contactDay&quot;
  },
  &quot;domain&quot; : &quot;syntax&quot;,
  &quot;message&quot; : &quot;the following keywords are unknown and will be ignored: [examples]&quot;,
  &quot;ignored&quot; : [ &quot;examples&quot; ]
}, {
  &quot;level&quot; : &quot;warning&quot;,
  &quot;schema&quot; : {
    &quot;loadingURI&quot; : &quot;file:/C:/Users/ADMIN/Documents/repos/rest_assured-testng/target/classes/search_category.json#&quot;,
    &quot;pointer&quot; : &quot;/properties/products/items/anyOf/1/properties/stock/properties/deliveryLeadTime&quot;
  },
  &quot;domain&quot; : &quot;syntax&quot;,
  &quot;message&quot; : &quot;the following keywords are unknown and will be ignored: [examples]&quot;,
  &quot;ignored&quot; : [ &quot;examples&quot; ]
}, {
  &quot;level&quot; : &quot;warning&quot;,
  &quot;schema&quot; : {
    &quot;loadingURI&quot; : &quot;file:/C:/Users/ADMIN/Documents/repos/rest_assured-testng/target/classes/search_category.json#&quot;,
    &quot;pointer&quot; : &quot;/properties/products/items/anyOf/1/properties/stock/properties/stockLevelStatus&quot;
  },
  &quot;domain&quot; : &quot;syntax&quot;,
  &quot;message&quot; : &quot;the following keywords are unknown and will be ignored: [examples]&quot;,
  &quot;ignored&quot; : [ &quot;examples&quot; ]
}, {
  &quot;level&quot; : &quot;warning&quot;,
  &quot;schema&quot; : {
    &quot;loadingURI&quot; : &quot;file:/C:/Users/ADMIN/Documents/repos/rest_assured-testng/target/classes/search_category.json#&quot;,
    &quot;pointer&quot; : &quot;/properties/products/items/anyOf/1/properties/summary&quot;
  },
  &quot;domain&quot; : &quot;syntax&quot;,
  &quot;message&quot; : &quot;the following keywords are unknown and will be ignored: [examples]&quot;,
  &quot;ignored&quot; : [ &quot;examples&quot; ]
}, {
  &quot;level&quot; : &quot;warning&quot;,
  &quot;schema&quot; : {
    &quot;loadingURI&quot; : &quot;file:/C:/Users/ADMIN/Documents/repos/rest_assured-testng/target/classes/search_category.json#&quot;,
    &quot;pointer&quot; : &quot;/properties/products/items/anyOf/1/properties/url&quot;
  },
  &quot;domain&quot; : &quot;syntax&quot;,
  &quot;message&quot; : &quot;the following keywords are unknown and will be ignored: [examples]&quot;,
  &quot;ignored&quot; : [ &quot;examples&quot; ]
}, {
  &quot;level&quot; : &quot;warning&quot;,
  &quot;schema&quot; : {
    &quot;loadingURI&quot; : &quot;file:/C:/Users/ADMIN/Documents/repos/rest_assured-testng/target/classes/search_category.json#&quot;,
    &quot;pointer&quot; : &quot;/properties/products/items/anyOf/1/properties/warehouseHidePriceValue&quot;
  },
  &quot;domain&quot; : &quot;syntax&quot;,
  &quot;message&quot; : &quot;the following keywords are unknown and will be ignored: [examples]&quot;,
  &quot;ignored&quot; : [ &quot;examples&quot; ]
}, {
  &quot;level&quot; : &quot;warning&quot;,
  &quot;schema&quot; : {
    &quot;loadingURI&quot; : &quot;file:/C:/Users/ADMIN/Documents/repos/rest_assured-testng/target/classes/search_category.json#&quot;,
    &quot;pointer&quot; : &quot;/properties/products/items/anyOf/2&quot;
  },
  &quot;domain&quot; : &quot;syntax&quot;,
  &quot;message&quot; : &quot;the following keywords are unknown and will be ignored: [examples]&quot;,
  &quot;ignored&quot; : [ &quot;examples&quot; ]
}, {
  &quot;level&quot; : &quot;warning&quot;,
  &quot;schema&quot; : {
    &quot;loadingURI&quot; : &quot;file:/C:/Users/ADMIN/Documents/repos/rest_assured-testng/target/classes/search_category.json#&quot;,
    &quot;pointer&quot; : &quot;/properties/products/items/anyOf/2/properties/addToCartFromPLPCategories&quot;
  },
  &quot;domain&quot; : &quot;syntax&quot;,
  &quot;message&quot; : &quot;the following keywords are unknown and will be ignored: [examples]&quot;,
  &quot;ignored&quot; : [ &quot;examples&quot; ]
}, {
  &quot;level&quot; : &quot;warning&quot;,
  &quot;schema&quot; : {
    &quot;loadingURI&quot; : &quot;file:/C:/Users/ADMIN/Documents/repos/rest_assured-testng/target/classes/search_category.json#&quot;,
    &quot;pointer&quot; : &quot;/properties/products/items/anyOf/2/properties/addToCartFromPLPCategories/items/anyOf/0&quot;
  },
  &quot;domain&quot; : &quot;syntax&quot;,
  &quot;message&quot; : &quot;the following keywords are unknown and will be ignored: [examples]&quot;,
  &quot;ignored&quot; : [ &quot;examples&quot; ]
}, {
  &quot;level&quot; : &quot;warning&quot;,
  &quot;schema&quot; : {
    &quot;loadingURI&quot; : &quot;file:/C:/Users/ADMIN/Documents/repos/rest_assured-testng/target/classes/search_category.json#&quot;,
    &quot;pointer&quot; : &quot;/properties/products/items/anyOf/2/properties/addToCartFromPLPCategories/items/anyOf/0/properties/key&quot;
  },
  &quot;domain&quot; : &quot;syntax&quot;,
  &quot;message&quot; : &quot;the following keywords are unknown and will be ignored: [examples]&quot;,
  &quot;ignored&quot; : [ &quot;examples&quot; ]
}, {
  &quot;level&quot; : &quot;warning&quot;,
  &quot;schema&quot; : {
    &quot;loadingURI&quot; : &quot;file:/C:/Users/ADMIN/Documents/repos/rest_assured-testng/target/classes/search_category.json#&quot;,
    &quot;pointer&quot; : &quot;/properties/products/items/anyOf/2/properties/addToCartFromPLPCategories/items/anyOf/0/properties/value&quot;
  },
  &quot;domain&quot; : &quot;syntax&quot;,
  &quot;message&quot; : &quot;the following keywords are unknown and will be ignored: [examples]&quot;,
  &quot;ignored&quot; : [ &quot;examples&quot; ]
}, {
  &quot;level&quot; : &quot;warning&quot;,
  &quot;schema&quot; : {
    &quot;loadingURI&quot; : &quot;file:/C:/Users/ADMIN/Documents/repos/rest_assured-testng/target/classes/search_category.json#&quot;,
    &quot;pointer&quot; : &quot;/properties/products/items/anyOf/2/properties/addableToCartFromListingPage&quot;
  },
  &quot;domain&quot; : &quot;syntax&quot;,
  &quot;message&quot; : &quot;the following keywords are unknown and will be ignored: [examples]&quot;,
  &quot;ignored&quot; : [ &quot;examples&quot; ]
}, {
  &quot;level&quot; : &quot;warning&quot;,
  &quot;schema&quot; : {
    &quot;loadingURI&quot; : &quot;file:/C:/Users/ADMIN/Documents/repos/rest_assured-testng/target/classes/search_category.json#&quot;,
    &quot;pointer&quot; : &quot;/properties/products/items/anyOf/2/properties/availableForPreorder&quot;
  },
  &quot;domain&quot; : &quot;syntax&quot;,
  &quot;message&quot; : &quot;the following keywords are unknown and will be ignored: [examples]&quot;,
  &quot;ignored&quot; : [ &quot;examples&quot; ]
}, {
  &quot;level&quot; : &quot;warning&quot;,
  &quot;schema&quot; : {
    &quot;loadingURI&quot; : &quot;file:/C:/Users/ADMIN/Documents/repos/rest_assured-testng/target/classes/search_category.json#&quot;,
    &quot;pointer&quot; : &quot;/properties/products/items/anyOf/2/properties/basePrice&quot;
  },
  &quot;domain&quot; : &quot;syntax&quot;,
  &quot;message&quot; : &quot;the following keywords are unknown and will be ignored: [examples]&quot;,
  &quot;ignored&quot; : [ &quot;examples&quot; ]
}, {
  &quot;level&quot; : &quot;warning&quot;,
  &quot;schema&quot; : {
    &quot;loadingURI&quot; : &quot;file:/C:/Users/ADMIN/Documents/repos/rest_assured-testng/target/classes/search_category.json#&quot;,
    &quot;pointer&quot; : &quot;/properties/products/items/anyOf/2/properties/basePrice/properties/currencyIso&quot;
  },
  &quot;domain&quot; : &quot;syntax&quot;,
  &quot;message&quot; : &quot;the following keywords are unknown and will be ignored: [examples]&quot;,
  &quot;ignored&quot; : [ &quot;examples&quot; ]
}, {
  &quot;level&quot; : &quot;warning&quot;,
  &quot;schema&quot; : {
    &quot;loadingURI&quot; : &quot;file:/C:/Users/ADMIN/Documents/repos/rest_assured-testng/target/classes/search_category.json#&quot;,
    &quot;pointer&quot; : &quot;/properties/products/items/anyOf/2/properties/basePrice/properties/formattedValue&quot;
  },
  &quot;domain&quot; : &quot;syntax&quot;,
  &quot;message&quot; : &quot;the following keywords are unknown and will be ignored: [examples]&quot;,
  &quot;ignored&quot; : [ &quot;examples&quot; ]
}, {
  &quot;level&quot; : &quot;warning&quot;,
  &quot;schema&quot; : {
    &quot;loadingURI&quot; : &quot;file:/C:/Users/ADMIN/Documents/repos/rest_assured-testng/target/classes/search_category.json#&quot;,
    &quot;pointer&quot; : &quot;/properties/products/items/anyOf/2/properties/basePrice/properties/priceType&quot;
  },
  &quot;domain&quot; : &quot;syntax&quot;,
  &quot;message&quot; : &quot;the following keywords are unknown and will be ignored: [examples]&quot;,
  &quot;ignored&quot; : [ &quot;examples&quot; ]
}, {
  &quot;level&quot; : &quot;warning&quot;,
  &quot;schema&quot; : {
    &quot;loadingURI&quot; : &quot;file:/C:/Users/ADMIN/Documents/repos/rest_assured-testng/target/classes/search_category.json#&quot;,
    &quot;pointer&quot; : &quot;/properties/products/items/anyOf/2/properties/basePrice/properties/value&quot;
  },
  &quot;domain&quot; : &quot;syntax&quot;,
  &quot;message&quot; : &quot;the following keywords are unknown and will be ignored: [examples]&quot;,
  &quot;ignored&quot; : [ &quot;examples&quot; ]
}, {
  &quot;level&quot; : &quot;warning&quot;,
  &quot;schema&quot; : {
    &quot;loadingURI&quot; : &quot;file:/C:/Users/ADMIN/Documents/repos/rest_assured-testng/target/classes/search_category.json#&quot;,
    &quot;pointer&quot; : &quot;/properties/products/items/anyOf/2/properties/businessDelivery&quot;
  },
  &quot;domain&quot; : &quot;syntax&quot;,
  &quot;message&quot; : &quot;the following keywords are unknown and will be ignored: [examples]&quot;,
  &quot;ignored&quot; : [ &quot;examples&quot; ]
}, {
  &quot;level&quot; : &quot;warning&quot;,
  &quot;schema&quot; : {
    &quot;loadingURI&quot; : &quot;file:/C:/Users/ADMIN/Documents/repos/rest_assured-testng/target/classes/search_category.json#&quot;,
    &quot;pointer&quot; : &quot;/properties/products/items/anyOf/2/properties/classifications&quot;
  },
  &quot;domain&quot; : &quot;syntax&quot;,
  &quot;message&quot; : &quot;the following keywords are unknown and will be ignored: [examples]&quot;,
  &quot;ignored&quot; : [ &quot;examples&quot; ]
}, {
  &quot;level&quot; : &quot;warning&quot;,
  &quot;schema&quot; : {
    &quot;loadingURI&quot; : &quot;file:/C:/Users/ADMIN/Documents/repos/rest_assured-testng/target/classes/search_category.json#&quot;,
    &quot;pointer&quot; : &quot;/properties/products/items/anyOf/2/properties/classifications/items/anyOf/0&quot;
  },
  &quot;domain&quot; : &quot;syntax&quot;,
  &quot;message&quot; : &quot;the following keywords are unknown and will be ignored: [examples]&quot;,
  &quot;ignored&quot; : [ &quot;examples&quot; ]
}, {
  &quot;level&quot; : &quot;warning&quot;,
  &quot;schema&quot; : {
    &quot;loadingURI&quot; : &quot;file:/C:/Users/ADMIN/Documents/repos/rest_assured-testng/target/classes/search_category.json#&quot;,
    &quot;pointer&quot; : &quot;/properties/products/items/anyOf/2/properties/classifications/items/anyOf/0/properties/code&quot;
  },
  &quot;domain&quot; : &quot;syntax&quot;,
  &quot;message&quot; : &quot;the following keywords are unknown and will be ignored: [examples]&quot;,
  &quot;ignored&quot; : [ &quot;examples&quot; ]
}, {
  &quot;level&quot; : &quot;warning&quot;,
  &quot;schema&quot; : {
    &quot;loadingURI&quot; : &quot;file:/C:/Users/ADMIN/Documents/repos/rest_assured-testng/target/classes/search_category.json#&quot;,
    &quot;pointer&quot; : &quot;/properties/products/items/anyOf/2/properties/classifications/items/anyOf/0/properties/features&quot;
  },
  &quot;domain&quot; : &quot;syntax&quot;,
  &quot;message&quot; : &quot;the following keywords are unknown and will be ignored: [examples]&quot;,
  &quot;ignored&quot; : [ &quot;examples&quot; ]
}, {
  &quot;level&quot; : &quot;warning&quot;,
  &quot;schema&quot; : {
    &quot;loadingURI&quot; : &quot;file:/C:/Users/ADMIN/Documents/repos/rest_assured-testng/target/classes/search_category.json#&quot;,
    &quot;pointer&quot; : &quot;/properties/products/items/anyOf/2/properties/classifications/items/anyOf/0/properties/features/items/anyOf/0&quot;
  },
  &quot;domain&quot; : &quot;syntax&quot;,
  &quot;message&quot; : &quot;the following keywords are unknown and will be ignored: [examples]&quot;,
  &quot;ignored&quot; : [ &quot;examples&quot; ]
}, {
  &quot;level&quot; : &quot;warning&quot;,
  &quot;schema&quot; : {
    &quot;loadingURI&quot; : &quot;file:/C:/Users/ADMIN/Documents/repos/rest_assured-testng/target/classes/search_category.json#&quot;,
    &quot;pointer&quot; : &quot;/properties/products/items/anyOf/2/properties/classifications/items/anyOf/0/properties/features/items/anyOf/0/properties/code&quot;
  },
  &quot;domain&quot; : &quot;syntax&quot;,
  &quot;message&quot; : &quot;the following keywords are unknown and will be ignored: [examples]&quot;,
  &quot;ignored&quot; : [ &quot;examples&quot; ]
}, {
  &quot;level&quot; : &quot;warning&quot;,
  &quot;schema&quot; : {
    &quot;loadingURI&quot; : &quot;file:/C:/Users/ADMIN/Documents/repos/rest_assured-testng/target/classes/search_category.json#&quot;,
    &quot;pointer&quot; : &quot;/properties/products/items/anyOf/2/properties/classifications/items/anyOf/0/properties/features/items/anyOf/0/properties/comparable&quot;
  },
  &quot;domain&quot; : &quot;syntax&quot;,
  &quot;message&quot; : &quot;the following keywords are unknown and will be ignored: [examples]&quot;,
  &quot;ignored&quot; : [ &quot;examples&quot; ]
}, {
  &quot;level&quot; : &quot;warning&quot;,
  &quot;schema&quot; : {
    &quot;loadingURI&quot; : &quot;file:/C:/Users/ADMIN/Documents/repos/rest_assured-testng/target/classes/search_category.json#&quot;,
    &quot;pointer&quot; : &quot;/properties/products/items/anyOf/2/properties/classifications/items/anyOf/0/properties/features/items/anyOf/0/properties/featureValues&quot;
  },
  &quot;domain&quot; : &quot;syntax&quot;,
  &quot;message&quot; : &quot;the following keywords are unknown and will be ignored: [examples]&quot;,
  &quot;ignored&quot; : [ &quot;examples&quot; ]
}, {
  &quot;level&quot; : &quot;warning&quot;,
  &quot;schema&quot; : {
    &quot;loadingURI&quot; : &quot;file:/C:/Users/ADMIN/Documents/repos/rest_assured-testng/target/classes/search_category.json#&quot;,
    &quot;pointer&quot; : &quot;/properties/products/items/anyOf/2/properties/classifications/items/anyOf/0/properties/features/items/anyOf/0/properties/featureValues/items/anyOf/0&quot;
  },
  &quot;domain&quot; : &quot;syntax&quot;,
  &quot;message&quot; : &quot;the following keywords are unknown and will be ignored: [examples]&quot;,
  &quot;ignored&quot; : [ &quot;examples&quot; ]
}, {
  &quot;level&quot; : &quot;warning&quot;,
  &quot;schema&quot; : {
    &quot;loadingURI&quot; : &quot;file:/C:/Users/ADMIN/Documents/repos/rest_assured-testng/target/classes/search_category.json#&quot;,
    &quot;pointer&quot; : &quot;/properties/products/items/anyOf/2/properties/classifications/items/anyOf/0/properties/features/items/anyOf/0/properties/featureValues/items/anyOf/0/properties/value&quot;
  },
  &quot;domain&quot; : &quot;syntax&quot;,
  &quot;message&quot; : &quot;the following keywords are unknown and will be ignored: [examples]&quot;,
  &quot;ignored&quot; : [ &quot;examples&quot; ]
}, {
  &quot;level&quot; : &quot;warning&quot;,
  &quot;schema&quot; : {
    &quot;loadingURI&quot; : &quot;file:/C:/Users/ADMIN/Documents/repos/rest_assured-testng/target/classes/search_category.json#&quot;,
    &quot;pointer&quot; : &quot;/properties/products/items/anyOf/2/properties/classifications/items/anyOf/0/properties/features/items/anyOf/0/properties/name&quot;
  },
  &quot;domain&quot; : &quot;syntax&quot;,
  &quot;message&quot; : &quot;the following keywords are unknown and will be ignored: [examples]&quot;,
  &quot;ignored&quot; : [ &quot;examples&quot; ]
}, {
  &quot;level&quot; : &quot;warning&quot;,
  &quot;schema&quot; : {
    &quot;loadingURI&quot; : &quot;file:/C:/Users/ADMIN/Documents/repos/rest_assured-testng/target/classes/search_category.json#&quot;,
    &quot;pointer&quot; : &quot;/properties/products/items/anyOf/2/properties/classifications/items/anyOf/0/properties/features/items/anyOf/0/properties/range&quot;
  },
  &quot;domain&quot; : &quot;syntax&quot;,
  &quot;message&quot; : &quot;the following keywords are unknown and will be ignored: [examples]&quot;,
  &quot;ignored&quot; : [ &quot;examples&quot; ]
}, {
  &quot;level&quot; : &quot;warning&quot;,
  &quot;schema&quot; : {
    &quot;loadingURI&quot; : &quot;file:/C:/Users/ADMIN/Documents/repos/rest_assured-testng/target/classes/search_category.json#&quot;,
    &quot;pointer&quot; : &quot;/properties/products/items/anyOf/2/properties/code&quot;
  },
  &quot;domain&quot; : &quot;syntax&quot;,
  &quot;message&quot; : &quot;the following keywords are unknown and will be ignored: [examples]&quot;,
  &quot;ignored&quot; : [ &quot;examples&quot; ]
}, {
  &quot;level&quot; : &quot;warning&quot;,
  &quot;schema&quot; : {
    &quot;loadingURI&quot; : &quot;file:/C:/Users/ADMIN/Documents/repos/rest_assured-testng/target/classes/search_category.json#&quot;,
    &quot;pointer&quot; : &quot;/properties/products/items/anyOf/2/properties/decalData&quot;
  },
  &quot;domain&quot; : &quot;syntax&quot;,
  &quot;message&quot; : &quot;the following keywords are unknown and will be ignored: [examples]&quot;,
  &quot;ignored&quot; : [ &quot;examples&quot; ]
}, {
  &quot;level&quot; : &quot;warning&quot;,
  &quot;schema&quot; : {
    &quot;loadingURI&quot; : &quot;file:/C:/Users/ADMIN/Documents/repos/rest_assured-testng/target/classes/search_category.json#&quot;,
    &quot;pointer&quot; : &quot;/properties/products/items/anyOf/2/properties/decalData/items/anyOf/0&quot;
  },
  &quot;domain&quot; : &quot;syntax&quot;,
  &quot;message&quot; : &quot;the following keywords are unknown and will be ignored: [examples]&quot;,
  &quot;ignored&quot; : [ &quot;examples&quot; ]
}, {
  &quot;level&quot; : &quot;warning&quot;,
  &quot;schema&quot; : {
    &quot;loadingURI&quot; : &quot;file:/C:/Users/ADMIN/Documents/repos/rest_assured-testng/target/classes/search_category.json#&quot;,
    &quot;pointer&quot; : &quot;/properties/products/items/anyOf/2/properties/decalData/items/anyOf/0/properties/key&quot;
  },
  &quot;domain&quot; : &quot;syntax&quot;,
  &quot;message&quot; : &quot;the following keywords are unknown and will be ignored: [examples]&quot;,
  &quot;ignored&quot; : [ &quot;examples&quot; ]
}, {
  &quot;level&quot; : &quot;warning&quot;,
  &quot;schema&quot; : {
    &quot;loadingURI&quot; : &quot;file:/C:/Users/ADMIN/Documents/repos/rest_assured-testng/target/classes/search_category.json#&quot;,
    &quot;pointer&quot; : &quot;/properties/products/items/anyOf/2/properties/decalData/items/anyOf/0/properties/value&quot;
  },
  &quot;domain&quot; : &quot;syntax&quot;,
  &quot;message&quot; : &quot;the following keywords are unknown and will be ignored: [examples]&quot;,
  &quot;ignored&quot; : [ &quot;examples&quot; ]
}, {
  &quot;level&quot; : &quot;warning&quot;,
  &quot;schema&quot; : {
    &quot;loadingURI&quot; : &quot;file:/C:/Users/ADMIN/Documents/repos/rest_assured-testng/target/classes/search_category.json#&quot;,
    &quot;pointer&quot; : &quot;/properties/products/items/anyOf/2/properties/decalData/items/anyOf/0/properties/value/properties/altText&quot;
  },
  &quot;domain&quot; : &quot;syntax&quot;,
  &quot;message&quot; : &quot;the following keywords are unknown and will be ignored: [examples]&quot;,
  &quot;ignored&quot; : [ &quot;examples&quot; ]
}, {
  &quot;level&quot; : &quot;warning&quot;,
  &quot;schema&quot; : {
    &quot;loadingURI&quot; : &quot;file:/C:/Users/ADMIN/Documents/repos/rest_assured-testng/target/classes/search_category.json#&quot;,
    &quot;pointer&quot; : &quot;/properties/products/items/anyOf/2/properties/decalData/items/anyOf/0/properties/value/properties/position&quot;
  },
  &quot;domain&quot; : &quot;syntax&quot;,
  &quot;message&quot; : &quot;the following keywords are unknown and will be ignored: [examples]&quot;,
  &quot;ignored&quot; : [ &quot;examples&quot; ]
}, {
  &quot;level&quot; : &quot;warning&quot;,
  &quot;schema&quot; : {
    &quot;loadingURI&quot; : &quot;file:/C:/Users/ADMIN/Documents/repos/rest_assured-testng/target/classes/search_category.json#&quot;,
    &quot;pointer&quot; : &quot;/properties/products/items/anyOf/2/properties/decalData/items/anyOf/0/properties/value/properties/url&quot;
  },
  &quot;domain&quot; : &quot;syntax&quot;,
  &quot;message&quot; : &quot;the following keywords are unknown and will be ignored: [examples]&quot;,
  &quot;ignored&quot; : [ &quot;examples&quot; ]
}, {
  &quot;level&quot; : &quot;warning&quot;,
  &quot;schema&quot; : {
    &quot;loadingURI&quot; : &quot;file:/C:/Users/ADMIN/Documents/repos/rest_assured-testng/target/classes/search_category.json#&quot;,
    &quot;pointer&quot; : &quot;/properties/products/items/anyOf/2/properties/description&quot;
  },
  &quot;domain&quot; : &quot;syntax&quot;,
  &quot;message&quot; : &quot;the following keywords are unknown and will be ignored: [examples]&quot;,
  &quot;ignored&quot; : [ &quot;examples&quot; ]
}, {
  &quot;level&quot; : &quot;warning&quot;,
  &quot;schema&quot; : {
    &quot;loadingURI&quot; : &quot;file:/C:/Users/ADMIN/Documents/repos/rest_assured-testng/target/classes/search_category.json#&quot;,
    &quot;pointer&quot; : &quot;/properties/products/items/anyOf/2/properties/englishName&quot;
  },
  &quot;domain&quot; : &quot;syntax&quot;,
  &quot;message&quot; : &quot;the following keywords are unknown and will be ignored: [examples]&quot;,
  &quot;ignored&quot; : [ &quot;examples&quot; ]
}, {
  &quot;level&quot; : &quot;warning&quot;,
  &quot;schema&quot; : {
    &quot;loadingURI&quot; : &quot;file:/C:/Users/ADMIN/Documents/repos/rest_assured-testng/target/classes/search_category.json#&quot;,
    &quot;pointer&quot; : &quot;/properties/products/items/anyOf/2/properties/expeditedDelivery&quot;
  },
  &quot;domain&quot; : &quot;syntax&quot;,
  &quot;message&quot; : &quot;the following keywords are unknown and will be ignored: [examples]&quot;,
  &quot;ignored&quot; : [ &quot;examples&quot; ]
}, {
  &quot;level&quot; : &quot;warning&quot;,
  &quot;schema&quot; : {
    &quot;loadingURI&quot; : &quot;file:/C:/Users/ADMIN/Documents/repos/rest_assured-testng/target/classes/search_category.json#&quot;,
    &quot;pointer&quot; : &quot;/properties/products/items/anyOf/2/properties/hasPricePerUnit&quot;
  },
  &quot;domain&quot; : &quot;syntax&quot;,
  &quot;message&quot; : &quot;the following keywords are unknown and will be ignored: [examples]&quot;,
[...]
    "loadingURI" : "file:/C:/Users/ADMIN/Documents/repos/rest_assured-testng/target/classes/search_category.json#",
    "pointer" : "/properties/products/items/anyOf/4/properties/addToCartFromPLPCategories/items/anyOf/0"
  },
  "domain" : "syntax",
  "message" : "the following keywords are unknown and will be ignored: [examples]",
  "ignored" : [ "examples" ]
}, {
  "level" : "warning",
  "schema" : {
    "loadingURI" : "file:/C:/Users/ADMIN/Documents/repos/rest_assured-testng/target/classes/search_category.json#",
    "pointer" : "/properties/products/items/anyOf/4/properties/addToCartFromPLPCategories/items/anyOf/0/properties/key"
  },
  "domain" : "syntax",
  "message" : "the following keywords are unknown and will be ignored: [examples]",
  "ignored" : [ "examples" ]
}, {
  "level" : "warning",
  "schema" : {
    "loadingURI" : "file:/C:/Users/ADMIN/Documents/repos/rest_assured-testng/target/classes/search_category.json#",
    "pointer" : "/properties/products/items/anyOf/4/properties/addToCartFromPLPCategories/items/anyOf/0/properties/value"
  },
  "domain" : "syntax",
  "message" : "the following keywords are unknown and will be ignored: [examples]",
  "ignored" : [ "examples" ]
}, {
  "level" : "warning",
  "schema" : {
    "loadingURI" : "file:/C:/Users/ADMIN/Documents/repos/rest_assured-testng/target/classes/search_category.json#",
    "pointer" : "/properties/products/items/anyOf/4/properties/addableToCartFromListingPage"
  },
  "domain" : "syntax",
  "message" : "the following keywords are unknown and will be ignored: [examples]",
  "ignored" : [ "examples" ]
}, {
  "level" : "warning",
  "schema" : {
    "loadingURI" : "file:/C:/Users/ADMIN/Documents/repos/rest_assured-testng/target/classes/search_category.json#",
    "pointer" : "/properties/products/items/anyOf/4/properties/availableForPreorder"
  },
  "domain" : "syntax",
  "message" : "the following keywords are unknown and will be ignored: [examples]",
  "ignored" : [ "examples" ]
}, {
  "level" : "warning",
  "schema" : {
    "loadingURI" : "file:/C:/Users/ADMIN/Documents/repos/rest_assured-testng/target/classes/search_category.json#",
    "pointer" : "/properties/products/items/anyOf/4/properties/basePrice"
  },
  "domain" : "syntax",
  "message" : "the following keywords are unknown and will be ignored: [examples]",
  "ignored" : [ "examples" ]
}, {
  "level" : "warning",
  "schema" : {
    "loadingURI" : "file:/C:/Users/ADMIN/Documents/repos/rest_assured-testng/target/classes/search_category.json#",
    "pointer" : "/properties/products/items/anyOf/4/properties/basePrice/properties/currencyIso"
  },
  "domain" : "syntax",
  "message" : "the following keywords are unknown and will be ignored: [examples]",
  "ignored" : [ "examples" ]
}, {
  "level" : "warning",
  "schema" : {
    "loadingURI" : "file:/C:/Users/ADMIN/Documents/repos/rest_assured-testng/target/classes/search_category.json#",
    "pointer" : "/properties/products/items/anyOf/4/properties/basePrice/properties/formattedValue"
  },
  "domain" : "syntax",
  "message" : "the following keywords are unknown and will be ignored: [examples]",
  "ignored" : [ "examples" ]
}, {
  "level" : "warning",
  "schema" : {
    "loadingURI" : "file:/C:/Users/ADMIN/Documents/repos/rest_assured-testng/target/classes/search_category.json#",
    "pointer" : "/properties/products/items/anyOf/4/properties/basePrice/properties/priceType"
  },
  "domain" : "syntax",
  "message" : "the following keywords are unknown and will be ignored: [examples]",
  "ignored" : [ "examples" ]
}, {
  "level" : "warning",
  "schema" : {
    "loadingURI" : "file:/C:/Users/ADMIN/Documents/repos/rest_assured-testng/target/classes/search_category.json#",
    "pointer" : "/properties/products/items/anyOf/4/properties/basePrice/properties/value"
  },
  "domain" : "syntax",
  "message" : "the following keywords are unknown and will be ignored: [examples]",
  "ignored" : [ "examples" ]
}, {
  "level" : "warning",
  "schema" : {
    "loadingURI" : "file:/C:/Users/ADMIN/Documents/repos/rest_assured-testng/target/classes/search_category.json#",
    "pointer" : "/properties/products/items/anyOf/4/properties/businessDelivery"
  },
  "domain" : "syntax",
  "message" : "the following keywords are unknown and will be ignored: [examples]",
  "ignored" : [ "examples" ]
}, {
  "level" : "warning",
  "schema" : {
    "loadingURI" : "file:/C:/Users/ADMIN/Documents/repos/rest_assured-testng/target/classes/search_category.json#",
    "pointer" : "/properties/products/items/anyOf/4/properties/code"
  },
  "domain" : "syntax",
  "message" : "the following keywords are unknown and will be ignored: [examples]",
  "ignored" : [ "examples" ]
}, {
  "level" : "warning",
  "schema" : {
    "loadingURI" : "file:/C:/Users/ADMIN/Documents/repos/rest_assured-testng/target/classes/search_category.json#",
    "pointer" : "/properties/products/items/anyOf/4/properties/description"
  },
  "domain" : "syntax",
  "message" : "the following keywords are unknown and will be ignored: [examples]",
  "ignored" : [ "examples" ]
}, {
  "level" : "warning",
  "schema" : {
    "loadingURI" : "file:/C:/Users/ADMIN/Documents/repos/rest_assured-testng/target/classes/search_category.json#",
    "pointer" : "/properties/products/items/anyOf/4/properties/englishName"
  },
  "domain" : "syntax",
  "message" : "the following keywords are unknown and will be ignored: [examples]",
  "ignored" : [ "examples" ]
}, {
  "level" : "warning",
  "schema" : {
    "loadingURI" : "file:/C:/Users/ADMIN/Documents/repos/rest_assured-testng/target/classes/search_category.json#",
    "pointer" : "/properties/products/items/anyOf/4/properties/expeditedDelivery"
  },
  "domain" : "syntax",
  "message" : "the following keywords are unknown and will be ignored: [examples]",
  "ignored" : [ "examples" ]
}, {
  "level" : "warning",
  "schema" : {
    "loadingURI" : "file:/C:/Users/ADMIN/Documents/repos/rest_assured-testng/target/classes/search_category.json#",
    "pointer" : "/properties/products/items/anyOf/4/properties/hasPricePerUnit"
  },
  "domain" : "syntax",
  "message" : "the following keywords are unknown and will be ignored: [examples]",
  "ignored" : [ "examples" ]
}, {
  "level" : "warning",
  "schema" : {
    "loadingURI" : "file:/C:/Users/ADMIN/Documents/repos/rest_assured-testng/target/classes/search_category.json#",
    "pointer" : "/properties/products/items/anyOf/4/properties/hidePriceValue"
  },
  "domain" : "syntax",
  "message" : "the following keywords are unknown and will be ignored: [examples]",
  "ignored" : [ "examples" ]
}, {
  "level" : "warning",
  "schema" : {
    "loadingURI" : "file:/C:/Users/ADMIN/Documents/repos/rest_assured-testng/target/classes/search_category.json#",
    "pointer" : "/properties/products/items/anyOf/4/properties/images"
  },
  "domain" : "syntax",
  "message" : "the following keywords are unknown and will be ignored: [examples]",
  "ignored" : [ "examples" ]
}, {
  "level" : "warning",
  "schema" : {
    "loadingURI" : "file:/C:/Users/ADMIN/Documents/repos/rest_assured-testng/target/classes/search_category.json#",
    "pointer" : "/properties/products/items/anyOf/4/properties/images/items/anyOf/0"
  },
  "domain" : "syntax",
  "message" : "the following keywords are unknown and will be ignored: [examples]",
  "ignored" : [ "examples" ]
}, {
  "level" : "warning",
  "schema" : {
    "loadingURI" : "file:/C:/Users/ADMIN/Documents/repos/rest_assured-testng/target/classes/search_category.json#",
    "pointer" : "/properties/products/items/anyOf/4/properties/images/items/anyOf/0/properties/format"
  },
  "domain" : "syntax",
  "message" : "the following keywords are unknown and will be ignored: [examples]",
  "ignored" : [ "examples" ]
}, {
  "level" : "warning",
  "schema" : {
    "loadingURI" : "file:/C:/Users/ADMIN/Documents/repos/rest_assured-testng/target/classes/search_category.json#",
    "pointer" : "/properties/products/items/anyOf/4/properties/images/items/anyOf/0/properties/imageType"
  },
  "domain" : "syntax",
  "message" : "the following keywords are unknown and will be ignored: [examples]",
  "ignored" : [ "examples" ]
}, {
  "level" : "warning",
  "schema" : {
    "loadingURI" : "file:/C:/Users/ADMIN/Documents/repos/rest_assured-testng/target/classes/search_category.json#",
    "pointer" : "/properties/products/items/anyOf/4/properties/images/items/anyOf/0/properties/url"
  },
  "domain" : "syntax",
  "message" : "the following keywords are unknown and will be ignored: [examples]",
  "ignored" : [ "examples" ]
}, {
  "level" : "warning",
  "schema" : {
    "loadingURI" : "file:/C:/Users/ADMIN/Documents/repos/rest_assured-testng/target/classes/search_category.json#",
    "pointer" : "/properties/products/items/anyOf/4/properties/isBaseProduct"
  },
  "domain" : "syntax",
  "message" : "the following keywords are unknown and will be ignored: [examples]",
  "ignored" : [ "examples" ]
}, {
  "level" : "warning",
  "schema" : {
    "loadingURI" : "file:/C:/Users/ADMIN/Documents/repos/rest_assured-testng/target/classes/search_category.json#",
    "pointer" : "/properties/products/items/anyOf/4/properties/isExternalVendorProduct"
  },
  "domain" : "syntax",
  "message" : "the following keywords are unknown and will be ignored: [examples]",
  "ignored" : [ "examples" ]
}, {
  "level" : "warning",
  "schema" : {
    "loadingURI" : "file:/C:/Users/ADMIN/Documents/repos/rest_assured-testng/target/classes/search_category.json#",
    "pointer" : "/properties/products/items/anyOf/4/properties/isExternalVendorVariantProduct"
  },
  "domain" : "syntax",
  "message" : "the following keywords are unknown and will be ignored: [examples]",
  "ignored" : [ "examples" ]
}, {
  "level" : "warning",
  "schema" : {
    "loadingURI" : "file:/C:/Users/ADMIN/Documents/repos/rest_assured-testng/target/classes/search_category.json#",
    "pointer" : "/properties/products/items/anyOf/4/properties/minOrderQuantity"
  },
  "domain" : "syntax",
  "message" : "the following keywords are unknown and will be ignored: [examples]",
  "ignored" : [ "examples" ]
}, {
  "level" : "warning",
  "schema" : {
    "loadingURI" : "file:/C:/Users/ADMIN/Documents/repos/rest_assured-testng/target/classes/search_category.json#",
    "pointer" : "/properties/products/items/anyOf/4/properties/modulusItemQuantity"
  },
  "domain" : "syntax",
  "message" : "the following keywords are unknown and will be ignored: [examples]",
  "ignored" : [ "examples" ]
}, {
  "level" : "warning",
  "schema" : {
    "loadingURI" : "file:/C:/Users/ADMIN/Documents/repos/rest_assured-testng/target/classes/search_category.json#",
    "pointer" : "/properties/products/items/anyOf/4/properties/name"
  },
  "domain" : "syntax",
  "message" : "the following keywords are unknown and will be ignored: [examples]",
  "ignored" : [ "examples" ]
}, {
  "level" : "warning",
  "schema" : {
    "loadingURI" : "file:/C:/Users/ADMIN/Documents/repos/rest_assured-testng/target/classes/search_category.json#",
    "pointer" : "/properties/products/items/anyOf/4/properties/price"
  },
  "domain" : "syntax",
  "message" : "the following keywords are unknown and will be ignored: [examples]",
  "ignored" : [ "examples" ]
}, {
  "level" : "warning",
  "schema" : {
    "loadingURI" : "file:/C:/Users/ADMIN/Documents/repos/rest_assured-testng/target/classes/search_category.json#",
    "pointer" : "/properties/products/items/anyOf/4/properties/price/properties/currencyIso"
  },
  "domain" : "syntax",
  "message" : "the following keywords are unknown and will be ignored: [examples]",
  "ignored" : [ "examples" ]
}, {
  "level" : "warning",
  "schema" : {
    "loadingURI" : "file:/C:/Users/ADMIN/Documents/repos/rest_assured-testng/target/classes/search_category.json#",
    "pointer" : "/properties/products/items/anyOf/4/properties/price/properties/formattedValue"
  },
  "domain" : "syntax",
  "message" : "the following keywords are unknown and will be ignored: [examples]",
  "ignored" : [ "examples" ]
}, {
  "level" : "warning",
  "schema" : {
    "loadingURI" : "file:/C:/Users/ADMIN/Documents/repos/rest_assured-testng/target/classes/search_category.json#",
    "pointer" : "/properties/products/items/anyOf/4/properties/price/properties/priceType"
  },
  "domain" : "syntax",
  "message" : "the following keywords are unknown and will be ignored: [examples]",
  "ignored" : [ "examples" ]
}, {
  "level" : "warning",
  "schema" : {
    "loadingURI" : "file:/C:/Users/ADMIN/Documents/repos/rest_assured-testng/target/classes/search_category.json#",
    "pointer" : "/properties/products/items/anyOf/4/properties/price/properties/value"
  },
  "domain" : "syntax",
  "message" : "the following keywords are unknown and will be ignored: [examples]",
  "ignored" : [ "examples" ]
}, {
  "level" : "warning",
  "schema" : {
    "loadingURI" : "file:/C:/Users/ADMIN/Documents/repos/rest_assured-testng/target/classes/search_category.json#",
    "pointer" : "/properties/products/items/anyOf/4/properties/purchasable"
  },
  "domain" : "syntax",
  "message" : "the following keywords are unknown and will be ignored: [examples]",
  "ignored" : [ "examples" ]
}, {
  "level" : "warning",
  "schema" : {
    "loadingURI" : "file:/C:/Users/ADMIN/Documents/repos/rest_assured-testng/target/classes/search_category.json#",
    "pointer" : "/properties/products/items/anyOf/4/properties/randomWeight"
  },
  "domain" : "syntax",
  "message" : "the following keywords are unknown and will be ignored: [examples]",
  "ignored" : [ "examples" ]
}, {
  "level" : "warning",
  "schema" : {
    "loadingURI" : "file:/C:/Users/ADMIN/Documents/repos/rest_assured-testng/target/classes/search_category.json#",
    "pointer" : "/properties/products/items/anyOf/4/properties/shippingIncluded"
  },
  "domain" : "syntax",
  "message" : "the following keywords are unknown and will be ignored: [examples]",
  "ignored" : [ "examples" ]
}, {
  "level" : "warning",
  "schema" : {
    "loadingURI" : "file:/C:/Users/ADMIN/Documents/repos/rest_assured-testng/target/classes/search_category.json#",
    "pointer" : "/properties/products/items/anyOf/4/properties/stock"
  },
  "domain" : "syntax",
  "message" : "the following keywords are unknown and will be ignored: [examples]",
  "ignored" : [ "examples" ]
}, {
  "level" : "warning",
  "schema" : {
    "loadingURI" : "file:/C:/Users/ADMIN/Documents/repos/rest_assured-testng/target/classes/search_category.json#",
    "pointer" : "/properties/products/items/anyOf/4/properties/stock/properties/contactDay"
  },
  "domain" : "syntax",
  "message" : "the following keywords are unknown and will be ignored: [examples]",
  "ignored" : [ "examples" ]
}, {
  "level" : "warning",
  "schema" : {
    "loadingURI" : "file:/C:/Users/ADMIN/Documents/repos/rest_assured-testng/target/classes/search_category.json#",
    "pointer" : "/properties/products/items/anyOf/4/properties/stock/properties/deliveryLeadTime"
  },
  "domain" : "syntax",
  "message" : "the following keywords are unknown and will be ignored: [examples]",
  "ignored" : [ "examples" ]
}, {
  "level" : "warning",
  "schema" : {
    "loadingURI" : "file:/C:/Users/ADMIN/Documents/repos/rest_assured-testng/target/classes/search_category.json#",
    "pointer" : "/properties/products/items/anyOf/4/properties/stock/properties/stockLevelStatus"
  },
  "domain" : "syntax",
  "message" : "the following keywords are unknown and will be ignored: [examples]",
  "ignored" : [ "examples" ]
}, {
  "level" : "warning",
  "schema" : {
    "loadingURI" : "file:/C:/Users/ADMIN/Documents/repos/rest_assured-testng/target/classes/search_category.json#",
    "pointer" : "/properties/products/items/anyOf/4/properties/url"
  },
  "domain" : "syntax",
  "message" : "the following keywords are unknown and will be ignored: [examples]",
  "ignored" : [ "examples" ]
}, {
  "level" : "warning",
  "schema" : {
    "loadingURI" : "file:/C:/Users/ADMIN/Documents/repos/rest_assured-testng/target/classes/search_category.json#",
    "pointer" : "/properties/products/items/anyOf/4/properties/warehouseHidePriceValue"
  },
  "domain" : "syntax",
  "message" : "the following keywords are unknown and will be ignored: [examples]",
  "ignored" : [ "examples" ]
}, {
  "level" : "warning",
  "schema" : {
    "loadingURI" : "file:/C:/Users/ADMIN/Documents/repos/rest_assured-testng/target/classes/search_category.json#",
    "pointer" : "/properties/sorts"
  },
  "domain" : "syntax",
  "message" : "the following keywords are unknown and will be ignored: [examples]",
  "ignored" : [ "examples" ]
}, {
  "level" : "warning",
  "schema" : {
    "loadingURI" : "file:/C:/Users/ADMIN/Documents/repos/rest_assured-testng/target/classes/search_category.json#",
    "pointer" : "/properties/sorts/items/anyOf/0"
  },
  "domain" : "syntax",
  "message" : "the following keywords are unknown and will be ignored: [examples]",
  "ignored" : [ "examples" ]
}, {
  "level" : "warning",
  "schema" : {
    "loadingURI" : "file:/C:/Users/ADMIN/Documents/repos/rest_assured-testng/target/classes/search_category.json#",
    "pointer" : "/properties/sorts/items/anyOf/0/properties/code"
  },
  "domain" : "syntax",
  "message" : "the following keywords are unknown and will be ignored: [examples]",
  "ignored" : [ "examples" ]
}, {
  "level" : "warning",
  "schema" : {
    "loadingURI" : "file:/C:/Users/ADMIN/Documents/repos/rest_assured-testng/target/classes/search_category.json#",
    "pointer" : "/properties/sorts/items/anyOf/0/properties/name"
  },
  "domain" : "syntax",
  "message" : "the following keywords are unknown and will be ignored: [examples]",
  "ignored" : [ "examples" ]
}, {
  "level" : "warning",
  "schema" : {
    "loadingURI" : "file:/C:/Users/ADMIN/Documents/repos/rest_assured-testng/target/classes/search_category.json#",
    "pointer" : "/properties/sorts/items/anyOf/0/properties/selected"
  },
  "domain" : "syntax",
  "message" : "the following keywords are unknown and will be ignored: [examples]",
  "ignored" : [ "examples" ]
}, {
  "level" : "warning",
  "schema" : {
    "loadingURI" : "file:/C:/Users/ADMIN/Documents/repos/rest_assured-testng/target/classes/search_category.json#",
    "pointer" : "/properties/subCategories"
  },
  "domain" : "syntax",
  "message" : "the following keywords are unknown and will be ignored: [examples]",
  "ignored" : [ "examples" ]
}, {
  "level" : "error",
  "message" : "array must have at least one element",
  "domain" : "syntax",
  "schema" : {
    "loadingURI" : "file:/C:/Users/ADMIN/Documents/repos/rest_assured-testng/target/classes/search_category.json#",
    "pointer" : "/properties/subCategories/items"
  },
  "keyword" : "anyOf"
}, {
  "level" : "warning",
  "schema" : {
    "loadingURI" : "file:/C:/Users/ADMIN/Documents/repos/rest_assured-testng/target/classes/search_category.json#",
    "pointer" : "/properties/type"
  },
  "domain" : "syntax",
  "message" : "the following keywords are unknown and will be ignored: [examples]",
  "ignored" : [ "examples" ]
} ]
    level: "fatal"

	at com.github.fge.jsonschema.processors.validation.InstanceValidator.process(InstanceValidator.java:114)
	at com.github.fge.jsonschema.processors.validation.ValidationProcessor.process(ValidationProcessor.java:56)
	at com.github.fge.jsonschema.processors.validation.ValidationProcessor.process(ValidationProcessor.java:34)
	at com.github.fge.jsonschema.core.processing.ProcessingResult.of(ProcessingResult.java:79)
	at com.github.fge.jsonschema.main.JsonSchemaImpl.doValidate(JsonSchemaImpl.java:77)
	at com.github.fge.jsonschema.main.JsonSchemaImpl.validate(JsonSchemaImpl.java:100)
	at com.github.fge.jsonschema.main.JsonSchemaImpl.validate(JsonSchemaImpl.java:110)
	at io.restassured.module.jsv.JsonSchemaValidator.matchesSafely(JsonSchemaValidator.java:227)
	... 53 more
]]>
    </error>
  </testcase> <!-- validate_Category_Schema -->
  <testcase name="validate_AvailableSection" time="0.050" classname="test.TestSearch"/>
</testsuite> <!-- test.TestSearch -->
